[\\DESKTOPPC]
2  0.00000000  ntvdm.exe  IRP_MJ_CREATE  Serial0  Options: Open 
2  0.00004850  SUCCESS  
3  0.00000000  ntvdm.exe  IOCTL_SERIAL_SET_QUEUE_SIZE  Serial0  InSize: 12288 OutSize: 512
3  0.00000475  SUCCESS  
4  0.00000000  ntvdm.exe  IOCTL_SERIAL_SET_TIMEOUTS  Serial0  RI:-1 RM:0 RC:0 WM:0 WC:65000
4  0.00000112  SUCCESS  
5  0.00000000  ntvdm.exe  IOCTL_SERIAL_GET_BAUD_RATE  Serial0  
5  0.00000109  SUCCESS  
6  0.00000000  ntvdm.exe  IOCTL_SERIAL_GET_LINE_CONTROL  Serial0  
6  0.00000109  SUCCESS  
7  0.00000000  ntvdm.exe  IOCTL_SERIAL_GET_CHARS  Serial0  
7  0.00000091  SUCCESS  
8  0.00000000  ntvdm.exe  IOCTL_SERIAL_GET_HANDFLOW  Serial0  
8  0.00000090  SUCCESS  
9  0.00000000  ntvdm.exe  IOCTL_SERIAL_SET_BAUD_RATE  Serial0  Rate: 9600
9  0.00000685  SUCCESS  
10  0.00000000  ntvdm.exe  IOCTL_SERIAL_SET_RTS  Serial0  
10  0.00000088  INVALID PARAMETER  
11  0.00000000  ntvdm.exe  IOCTL_SERIAL_SET_DTR  Serial0  
11  0.00000356  SUCCESS  
12  0.00000000  ntvdm.exe  IOCTL_SERIAL_SET_LINE_CONTROL  Serial0  StopBits: 1 Parity: EVEN WordLength: 7
12  0.00000274  SUCCESS  
13  0.00000000  ntvdm.exe  IOCTL_SERIAL_SET_CHAR  Serial0  EOF:0 ERR:0 BRK:0 EVT:0 XON:11 XOFF:13
13  0.00000111  SUCCESS  
14  0.00000000  ntvdm.exe  IOCTL_SERIAL_SET_HANDFLOW  Serial0  Shake:1 Replace:40 XonLimit:10 XoffLimit:10
14  0.00000484  SUCCESS  
15  0.00000000  ntvdm.exe  IOCTL_SERIAL_PURGE  Serial0  Purge: TXCLEAR 
15  0.00000119  SUCCESS  
16  0.00000000  ntvdm.exe  IOCTL_SERIAL_PURGE  Serial0  Purge: RXCLEAR
16  0.00000174  SUCCESS  
17  0.00000000  ntvdm.exe  IOCTL_SERIAL_GET_BAUD_RATE  Serial0  
17  0.00000163  SUCCESS  
18  0.00000000  ntvdm.exe  IOCTL_SERIAL_GET_LINE_CONTROL  Serial0  
18  0.00000130  SUCCESS  
19  0.00000000  ntvdm.exe  IOCTL_SERIAL_GET_CHARS  Serial0  
19  0.00000082  SUCCESS  
20  0.00000000  ntvdm.exe  IOCTL_SERIAL_GET_HANDFLOW  Serial0  
20  0.00000081  SUCCESS  
21  0.00000000  ntvdm.exe  IOCTL_SERIAL_SET_BAUD_RATE  Serial0  Rate: 1200
21  0.00000732  SUCCESS  
22  0.00000000  ntvdm.exe  IOCTL_SERIAL_SET_DTR  Serial0  
22  0.00000358  SUCCESS  
23  0.00000000  ntvdm.exe  IOCTL_SERIAL_SET_LINE_CONTROL  Serial0  StopBits: 1 Parity: NONE WordLength: 8
23  0.00000257  SUCCESS  
24  0.00000000  ntvdm.exe  IOCTL_SERIAL_SET_CHAR  Serial0  EOF:1a ERR:ff BRK:ff EVT:0 XON:11 XOFF:13
24  0.00000105  SUCCESS  
25  0.00000000  ntvdm.exe  IOCTL_SERIAL_SET_HANDFLOW  Serial0  Shake:1 Replace:80 XonLimit:0 XoffLimit:9216
25  0.00000501  SUCCESS  
26  0.00000000  ntvdm.exe  IOCTL_SERIAL_GET_MODEMSTATUS  Serial0  
26  0.00000240  SUCCESS  
27  0.00000000  ntvdm.exe  IOCTL_SERIAL_SET_WAIT_MASK  Serial0  Mask: RXCHAR RXFLAG TXEMPTY CTS DSR RLSD BRK ERR RING 
27  0.00000180  SUCCESS  
28  0.00000000  ntvdm.exe  IOCTL_SERIAL_GET_MODEMSTATUS  Serial0  
28  0.00000273  SUCCESS  
29  0.00000000  ntvdm.exe  IOCTL_SERIAL_WAIT_ON_MASK  Serial0  
30  0.00000000  ntvdm.exe  IOCTL_SERIAL_PURGE  Serial0  Purge: RXCLEAR
30  0.00000546  SUCCESS  
31  0.00000000  ntvdm.exe  IOCTL_SERIAL_GET_COMMSTATUS  Serial0  
31  0.00000231  SUCCESS  


32  0.00000000  ntvdm.exe  IRP_MJ_WRITE  Serial0  Length 1: .
33  0.00000000  ntvdm.exe  IOCTL_SERIAL_GET_COMMSTATUS  Serial0  

<cr>

32  0.00002587  SUCCESS  
33  0.00000164  SUCCESS  
29  0.25028515  SUCCESS  
34  0.00000000  ntvdm.exe  IOCTL_SERIAL_GET_MODEMSTATUS  Serial0  
34  0.00000354  SUCCESS  
35  0.00000000  ntvdm.exe  IOCTL_SERIAL_GET_COMMSTATUS  Serial0  
35  0.00000149  SUCCESS  
36  0.00000000  ntvdm.exe  IOCTL_SERIAL_WAIT_ON_MASK  Serial0  
37  0.00000000  ntvdm.exe  IOCTL_SERIAL_GET_COMMSTATUS  Serial0  
37  0.00000220  SUCCESS  
38  0.00000000  ntvdm.exe  IOCTL_SERIAL_GET_COMMSTATUS  Serial0  
38  0.00000172  SUCCESS  
36  0.11168720  SUCCESS  
39  0.00000000  ntvdm.exe  IOCTL_SERIAL_GET_MODEMSTATUS  Serial0  
39  0.00000538  SUCCESS  
40  0.00000000  ntvdm.exe  IOCTL_SERIAL_GET_COMMSTATUS  Serial0  
40  0.00000196  SUCCESS  
41  0.00000000  ntvdm.exe  IOCTL_SERIAL_WAIT_ON_MASK  Serial0  
41  0.00000453  SUCCESS  
42  0.00000000  ntvdm.exe  IOCTL_SERIAL_GET_MODEMSTATUS  Serial0  
42  0.00000290  SUCCESS  
43  0.00000000  ntvdm.exe  IOCTL_SERIAL_GET_COMMSTATUS  Serial0  
43  0.00000163  SUCCESS  
44  0.00000000  ntvdm.exe  IOCTL_SERIAL_WAIT_ON_MASK  Serial0  
45  0.00000000  ntvdm.exe  IOCTL_SERIAL_GET_COMMSTATUS  Serial0  
45  0.00000167  SUCCESS  
46  0.00000000  ntvdm.exe  IOCTL_SERIAL_GET_COMMSTATUS  Serial0  
46  0.00000143  SUCCESS  
47  0.00000000  ntvdm.exe  IOCTL_SERIAL_GET_COMMSTATUS  Serial0  
47  0.00000489  SUCCESS  
48  0.00000000  ntvdm.exe  IOCTL_SERIAL_PURGE  Serial0  Purge: RXCLEAR
48  0.00001100  SUCCESS  
49  0.00000000  ntvdm.exe  IOCTL_SERIAL_GET_COMMSTATUS  Serial0  
49  0.00000193  SUCCESS  
50  0.00000000  ntvdm.exe  IOCTL_SERIAL_GET_COMMSTATUS  Serial0  
50  0.00000159  SUCCESS  
51  0.00000000  ntvdm.exe  IOCTL_SERIAL_PURGE  Serial0  Purge: TXABORT TXCLEAR 
51  0.00000284  SUCCESS  
52  0.00000000  ntvdm.exe  IOCTL_SERIAL_GET_COMMSTATUS  Serial0  
52  0.00000162  SUCCESS  
53  0.00000000  ntvdm.exe  IRP_MJ_WRITE  Serial0  Length 1: .
53  0.00002048  SUCCESS  
44  0.13629745  SUCCESS  

<cr>


54  0.00000000  ntvdm.exe  IOCTL_SERIAL_GET_MODEMSTATUS  Serial0  
54  0.00000358  SUCCESS  
55  0.00000000  ntvdm.exe  IOCTL_SERIAL_GET_COMMSTATUS  Serial0  
55  0.00000188  SUCCESS  
56  0.00000000  ntvdm.exe  IOCTL_SERIAL_GET_COMMSTATUS  Serial0  
56  0.00000153  SUCCESS  
57  0.00000000  ntvdm.exe  IOCTL_SERIAL_WAIT_ON_MASK  Serial0  
58  0.00000000  ntvdm.exe  IOCTL_SERIAL_GET_COMMSTATUS  Serial0  
58  0.00000200  SUCCESS  
59  0.00000000  ntvdm.exe  IOCTL_SERIAL_GET_COMMSTATUS  Serial0  
59  0.00000172  SUCCESS  
57  0.07431275  SUCCESS  
60  0.00000000  ntvdm.exe  IOCTL_SERIAL_GET_MODEMSTATUS  Serial0  
60  0.00000484  SUCCESS  
61  0.00000000  ntvdm.exe  IOCTL_SERIAL_GET_COMMSTATUS  Serial0  
61  0.00000192  SUCCESS  
62  0.00000000  ntvdm.exe  IOCTL_SERIAL_WAIT_ON_MASK  Serial0  
62  0.00000467  SUCCESS  
63  0.00000000  ntvdm.exe  IOCTL_SERIAL_GET_MODEMSTATUS  Serial0  
63  0.00000325  SUCCESS  
64  0.00000000  ntvdm.exe  IOCTL_SERIAL_GET_COMMSTATUS  Serial0  
64  0.00000146  SUCCESS  
65  0.00000000  ntvdm.exe  IOCTL_SERIAL_WAIT_ON_MASK  Serial0  
66  0.00000000  ntvdm.exe  IOCTL_SERIAL_GET_COMMSTATUS  Serial0  
66  0.00000171  SUCCESS  
67  0.00000000  ntvdm.exe  IOCTL_SERIAL_GET_COMMSTATUS  Serial0  
67  0.00000131  SUCCESS  

68  0.00000000  ntvdm.exe  IRP_MJ_READ  Serial0  Length 2
68  0.00000326  SUCCESS  Length 2: 0.

resp 
 0<cr>  (ack)


69  0.00000000  ntvdm.exe  IOCTL_SERIAL_GET_COMMSTATUS  Serial0  
69  0.00000115  SUCCESS  
70  0.00000000  ntvdm.exe  IOCTL_SERIAL_GET_COMMSTATUS  Serial0  
70  0.00000111  SUCCESS  
71  0.00000000  ntvdm.exe  IOCTL_SERIAL_GET_COMMSTATUS  Serial0  
71  0.00000139  SUCCESS  
72  0.00000000  ntvdm.exe  IOCTL_SERIAL_GET_COMMSTATUS  Serial0  
72  0.00000118  SUCCESS  
73  0.00000000  ntvdm.exe  IOCTL_SERIAL_GET_COMMSTATUS  Serial0  
73  0.00000117  SUCCESS  
74  0.00000000  ntvdm.exe  IOCTL_SERIAL_PURGE  Serial0  Purge: TXABORT TXCLEAR 
74  0.00000198  SUCCESS  
75  0.00000000  ntvdm.exe  IOCTL_SERIAL_GET_COMMSTATUS  Serial0  
75  0.00000110  SUCCESS  


76  0.00000000  ntvdm.exe  IRP_MJ_WRITE  Serial0  Length 3: ID.


 ID


76  0.00002047  SUCCESS  
65  0.00065978  SUCCESS  
77  0.00000000  ntvdm.exe  IOCTL_SERIAL_GET_COMMSTATUS  Serial0  
78  0.00000000  ntvdm.exe  IOCTL_SERIAL_GET_MODEMSTATUS  Serial0  
77  0.00000157  SUCCESS  
78  0.00000316  SUCCESS  
79  0.00000000  ntvdm.exe  IOCTL_SERIAL_GET_COMMSTATUS  Serial0  
79  0.00000159  SUCCESS  
80  0.00000000  ntvdm.exe  IOCTL_SERIAL_GET_COMMSTATUS  Serial0  
80  0.00000277  SUCCESS  
81  0.00000000  ntvdm.exe  IOCTL_SERIAL_GET_COMMSTATUS  Serial0  
81  0.00000153  SUCCESS  
82  0.00000000  ntvdm.exe  IOCTL_SERIAL_WAIT_ON_MASK  Serial0  
82  0.09389935  SUCCESS  
83  0.00000000  ntvdm.exe  IOCTL_SERIAL_GET_MODEMSTATUS  Serial0  
83  0.00000489  SUCCESS  
84  0.00000000  ntvdm.exe  IOCTL_SERIAL_GET_COMMSTATUS  Serial0  
84  0.00000205  SUCCESS  
85  0.00000000  ntvdm.exe  IOCTL_SERIAL_WAIT_ON_MASK  Serial0  
85  0.00000444  SUCCESS  
86  0.00000000  ntvdm.exe  IOCTL_SERIAL_GET_MODEMSTATUS  Serial0  
86  0.00000299  SUCCESS  
87  0.00000000  ntvdm.exe  IOCTL_SERIAL_GET_COMMSTATUS  Serial0  
87  0.00000163  SUCCESS  
88  0.00000000  ntvdm.exe  IOCTL_SERIAL_WAIT_ON_MASK  Serial0  
89  0.00000000  ntvdm.exe  IOCTL_SERIAL_GET_COMMSTATUS  Serial0  
89  0.00000134  SUCCESS  
90  0.00000000  ntvdm.exe  IOCTL_SERIAL_GET_COMMSTATUS  Serial0  
90  0.00000119  SUCCESS  


91  0.00000000  ntvdm.exe  IRP_MJ_READ  Serial0  Length 2
91  0.00000331  SUCCESS  Length 2: 0.

  0  (ack)

92  0.00000000  ntvdm.exe  IOCTL_SERIAL_GET_COMMSTATUS  Serial0  
92  0.00000114  SUCCESS  
93  0.00000000  ntvdm.exe  IOCTL_SERIAL_GET_COMMSTATUS  Serial0  
93  0.00000108  SUCCESS  
94  0.00000000  ntvdm.exe  IOCTL_SERIAL_GET_COMMSTATUS  Serial0  
94  0.00000129  SUCCESS  
95  0.00000000  ntvdm.exe  IOCTL_SERIAL_GET_COMMSTATUS  Serial0  
95  0.00000110  SUCCESS  
88  0.06606041  SUCCESS  
96  0.00000000  ntvdm.exe  IOCTL_SERIAL_GET_MODEMSTATUS  Serial0  
96  0.00000498  SUCCESS  
97  0.00000000  ntvdm.exe  IOCTL_SERIAL_GET_COMMSTATUS  Serial0  
97  0.00000193  SUCCESS  
98  0.00000000  ntvdm.exe  IOCTL_SERIAL_WAIT_ON_MASK  Serial0  
98  0.00000485  SUCCESS  
99  0.00000000  ntvdm.exe  IOCTL_SERIAL_GET_MODEMSTATUS  Serial0  
99  0.00000284  SUCCESS  
100  0.00000000  ntvdm.exe  IOCTL_SERIAL_GET_COMMSTATUS  Serial0  
100  0.00000156  SUCCESS  
101  0.00000000  ntvdm.exe  IOCTL_SERIAL_WAIT_ON_MASK  Serial0  
102  0.00000000  ntvdm.exe  IOCTL_SERIAL_GET_COMMSTATUS  Serial0  
102  0.00000164  SUCCESS  
103  0.00000000  ntvdm.exe  IOCTL_SERIAL_GET_COMMSTATUS  Serial0  
103  0.00000132  SUCCESS  
104  0.00000000  ntvdm.exe  IOCTL_SERIAL_GET_COMMSTATUS  Serial0  
104  0.00000111  SUCCESS  
105  0.00000000  ntvdm.exe  IRP_MJ_READ  Serial0  Length 1
105  0.00000352  SUCCESS  Length 1: S
106  0.00000000  ntvdm.exe  IOCTL_SERIAL_GET_COMMSTATUS  Serial0  
106  0.00000116  SUCCESS  
107  0.00000000  ntvdm.exe  IOCTL_SERIAL_GET_COMMSTATUS  Serial0  
107  0.00000113  SUCCESS  
108  0.00000000  ntvdm.exe  IOCTL_SERIAL_GET_COMMSTATUS  Serial0  
108  0.00000110  SUCCESS  
109  0.00000000  ntvdm.exe  IOCTL_SERIAL_GET_COMMSTATUS  Serial0  
109  0.00000116  SUCCESS  
110  0.00000000  ntvdm.exe  IRP_MJ_READ  Serial0  Length 1
110  0.00000251  SUCCESS  Length 1: c
111  0.00000000  ntvdm.exe  IOCTL_SERIAL_GET_COMMSTATUS  Serial0  
111  0.00000115  SUCCESS  
112  0.00000000  ntvdm.exe  IOCTL_SERIAL_GET_COMMSTATUS  Serial0  
112  0.00000112  SUCCESS  
113  0.00000000  ntvdm.exe  IOCTL_SERIAL_GET_COMMSTATUS  Serial0  
113  0.00000111  SUCCESS  
114  0.00000000  ntvdm.exe  IOCTL_SERIAL_GET_COMMSTATUS  Serial0  
114  0.00000108  SUCCESS  
115  0.00000000  ntvdm.exe  IRP_MJ_READ  Serial0  Length 1
115  0.00000239  SUCCESS  Length 1: o
116  0.00000000  ntvdm.exe  IOCTL_SERIAL_GET_COMMSTATUS  Serial0  
116  0.00000111  SUCCESS  
117  0.00000000  ntvdm.exe  IOCTL_SERIAL_GET_COMMSTATUS  Serial0  
117  0.00000110  SUCCESS  
118  0.00000000  ntvdm.exe  IOCTL_SERIAL_GET_COMMSTATUS  Serial0  
118  0.00000113  SUCCESS  
119  0.00000000  ntvdm.exe  IOCTL_SERIAL_GET_COMMSTATUS  Serial0  
119  0.00000112  SUCCESS  
120  0.00000000  ntvdm.exe  IRP_MJ_READ  Serial0  Length 1
120  0.00000239  SUCCESS  Length 1: p
121  0.00000000  ntvdm.exe  IOCTL_SERIAL_GET_COMMSTATUS  Serial0  
121  0.00000114  SUCCESS  
122  0.00000000  ntvdm.exe  IOCTL_SERIAL_GET_COMMSTATUS  Serial0  
122  0.00000109  SUCCESS  
123  0.00000000  ntvdm.exe  IOCTL_SERIAL_GET_COMMSTATUS  Serial0  
123  0.00000113  SUCCESS  
124  0.00000000  ntvdm.exe  IOCTL_SERIAL_GET_COMMSTATUS  Serial0  
124  0.00000109  SUCCESS  
125  0.00000000  ntvdm.exe  IRP_MJ_READ  Serial0  Length 1
125  0.00000237  SUCCESS  Length 1: e
126  0.00000000  ntvdm.exe  IOCTL_SERIAL_GET_COMMSTATUS  Serial0  
126  0.00000112  SUCCESS  
127  0.00000000  ntvdm.exe  IOCTL_SERIAL_GET_COMMSTATUS  Serial0  
127  0.00000110  SUCCESS  
128  0.00000000  ntvdm.exe  IOCTL_SERIAL_GET_COMMSTATUS  Serial0  
128  0.00000109  SUCCESS  
129  0.00000000  ntvdm.exe  IOCTL_SERIAL_GET_COMMSTATUS  Serial0  
129  0.00000109  SUCCESS  
130  0.00000000  ntvdm.exe  IRP_MJ_READ  Serial0  Length 1
130  0.00000240  SUCCESS  Length 1: M
131  0.00000000  ntvdm.exe  IOCTL_SERIAL_GET_COMMSTATUS  Serial0  
131  0.00000111  SUCCESS  
132  0.00000000  ntvdm.exe  IOCTL_SERIAL_GET_COMMSTATUS  Serial0  
132  0.00000110  SUCCESS  
133  0.00000000  ntvdm.exe  IOCTL_SERIAL_GET_COMMSTATUS  Serial0  
133  0.00000110  SUCCESS  
134  0.00000000  ntvdm.exe  IOCTL_SERIAL_GET_COMMSTATUS  Serial0  
134  0.00000109  SUCCESS  
135  0.00000000  ntvdm.exe  IRP_MJ_READ  Serial0  Length 1
135  0.00000240  SUCCESS  Length 1: e
136  0.00000000  ntvdm.exe  IOCTL_SERIAL_GET_COMMSTATUS  Serial0  
136  0.00000112  SUCCESS  
137  0.00000000  ntvdm.exe  IOCTL_SERIAL_GET_COMMSTATUS  Serial0  
137  0.00000110  SUCCESS  
138  0.00000000  ntvdm.exe  IOCTL_SERIAL_GET_COMMSTATUS  Serial0  
138  0.00000110  SUCCESS  
139  0.00000000  ntvdm.exe  IOCTL_SERIAL_GET_COMMSTATUS  Serial0  
139  0.00000108  SUCCESS  
140  0.00000000  ntvdm.exe  IRP_MJ_READ  Serial0  Length 1
140  0.00000241  SUCCESS  Length 1: t
141  0.00000000  ntvdm.exe  IOCTL_SERIAL_GET_COMMSTATUS  Serial0  
141  0.00000112  SUCCESS  
142  0.00000000  ntvdm.exe  IOCTL_SERIAL_GET_COMMSTATUS  Serial0  
142  0.00000107  SUCCESS  
143  0.00000000  ntvdm.exe  IOCTL_SERIAL_GET_COMMSTATUS  Serial0  
143  0.00000109  SUCCESS  
144  0.00000000  ntvdm.exe  IOCTL_SERIAL_GET_COMMSTATUS  Serial0  
144  0.00000111  SUCCESS  
145  0.00000000  ntvdm.exe  IRP_MJ_READ  Serial0  Length 1
145  0.00000238  SUCCESS  Length 1: e
146  0.00000000  ntvdm.exe  IOCTL_SERIAL_GET_COMMSTATUS  Serial0  
146  0.00000112  SUCCESS  
147  0.00000000  ntvdm.exe  IOCTL_SERIAL_GET_COMMSTATUS  Serial0  
147  0.00000109  SUCCESS  
148  0.00000000  ntvdm.exe  IOCTL_SERIAL_GET_COMMSTATUS  Serial0  
148  0.00000111  SUCCESS  
149  0.00000000  ntvdm.exe  IOCTL_SERIAL_GET_COMMSTATUS  Serial0  
149  0.00000111  SUCCESS  
150  0.00000000  ntvdm.exe  IRP_MJ_READ  Serial0  Length 1
150  0.00000239  SUCCESS  Length 1: r
151  0.00000000  ntvdm.exe  IOCTL_SERIAL_GET_COMMSTATUS  Serial0  
151  0.00000110  SUCCESS  
152  0.00000000  ntvdm.exe  IOCTL_SERIAL_GET_COMMSTATUS  Serial0  
152  0.00000112  SUCCESS  
153  0.00000000  ntvdm.exe  IOCTL_SERIAL_GET_COMMSTATUS  Serial0  
153  0.00000113  SUCCESS  
154  0.00000000  ntvdm.exe  IOCTL_SERIAL_GET_COMMSTATUS  Serial0  
154  0.00000108  SUCCESS  
155  0.00000000  ntvdm.exe  IRP_MJ_READ  Serial0  Length 1
155  0.00000242  SUCCESS  Length 1:  
156  0.00000000  ntvdm.exe  IOCTL_SERIAL_GET_COMMSTATUS  Serial0  
156  0.00000113  SUCCESS  
157  0.00000000  ntvdm.exe  IOCTL_SERIAL_GET_COMMSTATUS  Serial0  
157  0.00000108  SUCCESS  
158  0.00000000  ntvdm.exe  IOCTL_SERIAL_GET_COMMSTATUS  Serial0  
158  0.00000117  SUCCESS  
159  0.00000000  ntvdm.exe  IOCTL_SERIAL_GET_COMMSTATUS  Serial0  
159  0.00000110  SUCCESS  


  ScopeMeter

160  0.00000000  ntvdm.exe  IRP_MJ_READ  Serial0  Length 1
160  0.00000239  SUCCESS  Length 1: 9
161  0.00000000  ntvdm.exe  IOCTL_SERIAL_GET_COMMSTATUS  Serial0  
161  0.00000111  SUCCESS  
162  0.00000000  ntvdm.exe  IOCTL_SERIAL_GET_COMMSTATUS  Serial0  
162  0.00000111  SUCCESS  
163  0.00000000  ntvdm.exe  IOCTL_SERIAL_GET_COMMSTATUS  Serial0  
163  0.00000110  SUCCESS  
164  0.00000000  ntvdm.exe  IOCTL_SERIAL_GET_COMMSTATUS  Serial0  
164  0.00000110  SUCCESS  
165  0.00000000  ntvdm.exe  IRP_MJ_READ  Serial0  Length 1
165  0.00000233  SUCCESS  Length 1: 9
166  0.00000000  ntvdm.exe  IOCTL_SERIAL_GET_COMMSTATUS  Serial0  
166  0.00000111  SUCCESS  
167  0.00000000  ntvdm.exe  IOCTL_SERIAL_GET_COMMSTATUS  Serial0  
167  0.00000112  SUCCESS  
168  0.00000000  ntvdm.exe  IOCTL_SERIAL_GET_COMMSTATUS  Serial0  
168  0.00000113  SUCCESS  
169  0.00000000  ntvdm.exe  IOCTL_SERIAL_GET_COMMSTATUS  Serial0  
169  0.00000110  SUCCESS  

  99 

170  0.00000000  ntvdm.exe  IRP_MJ_READ  Serial0  Length 1
170  0.00000243  SUCCESS  Length 1:  
171  0.00000000  ntvdm.exe  IOCTL_SERIAL_GET_COMMSTATUS  Serial0  
171  0.00000113  SUCCESS  
172  0.00000000  ntvdm.exe  IOCTL_SERIAL_GET_COMMSTATUS  Serial0  
172  0.00000111  SUCCESS  
173  0.00000000  ntvdm.exe  IOCTL_SERIAL_GET_COMMSTATUS  Serial0  
173  0.00000111  SUCCESS  
174  0.00000000  ntvdm.exe  IOCTL_SERIAL_GET_COMMSTATUS  Serial0  
174  0.00000137  SUCCESS  
175  0.00000000  ntvdm.exe  IOCTL_SERIAL_GET_COMMSTATUS  Serial0  
175  0.00000109  SUCCESS  
101  0.06626343  SUCCESS  
176  0.00000000  ntvdm.exe  IOCTL_SERIAL_GET_MODEMSTATUS  Serial0  
176  0.00000484  SUCCESS  
177  0.00000000  ntvdm.exe  IOCTL_SERIAL_GET_COMMSTATUS  Serial0  
177  0.00000192  SUCCESS  
178  0.00000000  ntvdm.exe  IOCTL_SERIAL_WAIT_ON_MASK  Serial0  
178  0.00000463  SUCCESS  
179  0.00000000  ntvdm.exe  IOCTL_SERIAL_GET_MODEMSTATUS  Serial0  
179  0.00000295  SUCCESS  
180  0.00000000  ntvdm.exe  IOCTL_SERIAL_GET_COMMSTATUS  Serial0  
180  0.00000169  SUCCESS  
181  0.00000000  ntvdm.exe  IOCTL_SERIAL_WAIT_ON_MASK  Serial0  
182  0.00000000  ntvdm.exe  IOCTL_SERIAL_GET_COMMSTATUS  Serial0  
182  0.00000169  SUCCESS  
183  0.00000000  ntvdm.exe  IOCTL_SERIAL_GET_COMMSTATUS  Serial0  
183  0.00000123  SUCCESS  
184  0.00000000  ntvdm.exe  IOCTL_SERIAL_GET_COMMSTATUS  Serial0  
184  0.00000110  SUCCESS  
185  0.00000000  ntvdm.exe  IRP_MJ_READ  Serial0  Length 1
185  0.00000323  SUCCESS  Length 1: S
186  0.00000000  ntvdm.exe  IOCTL_SERIAL_GET_COMMSTATUS  Serial0  
186  0.00000117  SUCCESS  
187  0.00000000  ntvdm.exe  IOCTL_SERIAL_GET_COMMSTATUS  Serial0  
187  0.00000110  SUCCESS  
188  0.00000000  ntvdm.exe  IOCTL_SERIAL_GET_COMMSTATUS  Serial0  
188  0.00000114  SUCCESS  
189  0.00000000  ntvdm.exe  IOCTL_SERIAL_GET_COMMSTATUS  Serial0  
189  0.00000111  SUCCESS  
190  0.00000000  ntvdm.exe  IRP_MJ_READ  Serial0  Length 1
190  0.00000248  SUCCESS  Length 1: e
191  0.00000000  ntvdm.exe  IOCTL_SERIAL_GET_COMMSTATUS  Serial0  
191  0.00000112  SUCCESS  
192  0.00000000  ntvdm.exe  IOCTL_SERIAL_GET_COMMSTATUS  Serial0  
192  0.00000108  SUCCESS  
193  0.00000000  ntvdm.exe  IOCTL_SERIAL_GET_COMMSTATUS  Serial0  
193  0.00000112  SUCCESS  
194  0.00000000  ntvdm.exe  IOCTL_SERIAL_GET_COMMSTATUS  Serial0  
194  0.00000110  SUCCESS  
195  0.00000000  ntvdm.exe  IRP_MJ_READ  Serial0  Length 1
195  0.00000245  SUCCESS  Length 1: r
196  0.00000000  ntvdm.exe  IOCTL_SERIAL_GET_COMMSTATUS  Serial0  
196  0.00000114  SUCCESS  
197  0.00000000  ntvdm.exe  IOCTL_SERIAL_GET_COMMSTATUS  Serial0  
197  0.00000111  SUCCESS  
198  0.00000000  ntvdm.exe  IOCTL_SERIAL_GET_COMMSTATUS  Serial0  
198  0.00000110  SUCCESS  
199  0.00000000  ntvdm.exe  IOCTL_SERIAL_GET_COMMSTATUS  Serial0  
199  0.00000111  SUCCESS  
200  0.00000000  ntvdm.exe  IRP_MJ_READ  Serial0  Length 1
200  0.00000241  SUCCESS  Length 1: i
201  0.00000000  ntvdm.exe  IOCTL_SERIAL_GET_COMMSTATUS  Serial0  
201  0.00000115  SUCCESS  
202  0.00000000  ntvdm.exe  IOCTL_SERIAL_GET_COMMSTATUS  Serial0  
202  0.00000111  SUCCESS  
203  0.00000000  ntvdm.exe  IOCTL_SERIAL_GET_COMMSTATUS  Serial0  
203  0.00000108  SUCCESS  
204  0.00000000  ntvdm.exe  IOCTL_SERIAL_GET_COMMSTATUS  Serial0  
204  0.00000109  SUCCESS  
205  0.00000000  ntvdm.exe  IRP_MJ_READ  Serial0  Length 1
205  0.00000239  SUCCESS  Length 1: e
206  0.00000000  ntvdm.exe  IOCTL_SERIAL_GET_COMMSTATUS  Serial0  
206  0.00000112  SUCCESS  
207  0.00000000  ntvdm.exe  IOCTL_SERIAL_GET_COMMSTATUS  Serial0  
207  0.00000109  SUCCESS  
208  0.00000000  ntvdm.exe  IOCTL_SERIAL_GET_COMMSTATUS  Serial0  
208  0.00000109  SUCCESS  
209  0.00000000  ntvdm.exe  IOCTL_SERIAL_GET_COMMSTATUS  Serial0  
209  0.00000112  SUCCESS  
210  0.00000000  ntvdm.exe  IRP_MJ_READ  Serial0  Length 1
210  0.00000240  SUCCESS  Length 1: s
211  0.00000000  ntvdm.exe  IOCTL_SERIAL_GET_COMMSTATUS  Serial0  
211  0.00000114  SUCCESS  
212  0.00000000  ntvdm.exe  IOCTL_SERIAL_GET_COMMSTATUS  Serial0  
212  0.00000111  SUCCESS  
213  0.00000000  ntvdm.exe  IOCTL_SERIAL_GET_COMMSTATUS  Serial0  
213  0.00000109  SUCCESS  
214  0.00000000  ntvdm.exe  IOCTL_SERIAL_GET_COMMSTATUS  Serial0  
214  0.00000111  SUCCESS  
215  0.00000000  ntvdm.exe  IRP_MJ_READ  Serial0  Length 1
215  0.00000238  SUCCESS  Length 1:  
216  0.00000000  ntvdm.exe  IOCTL_SERIAL_GET_COMMSTATUS  Serial0  
216  0.00000112  SUCCESS  
217  0.00000000  ntvdm.exe  IOCTL_SERIAL_GET_COMMSTATUS  Serial0  
217  0.00000111  SUCCESS  
218  0.00000000  ntvdm.exe  IOCTL_SERIAL_GET_COMMSTATUS  Serial0  
218  0.00000109  SUCCESS  
219  0.00000000  ntvdm.exe  IOCTL_SERIAL_GET_COMMSTATUS  Serial0  
219  0.00000110  SUCCESS  
220  0.00000000  ntvdm.exe  IRP_MJ_READ  Serial0  Length 1
220  0.00000246  SUCCESS  Length 1: I
221  0.00000000  ntvdm.exe  IOCTL_SERIAL_GET_COMMSTATUS  Serial0  
221  0.00000113  SUCCESS  
222  0.00000000  ntvdm.exe  IOCTL_SERIAL_GET_COMMSTATUS  Serial0  
222  0.00000149  SUCCESS  
223  0.00000000  ntvdm.exe  IOCTL_SERIAL_GET_COMMSTATUS  Serial0  
223  0.00000205  SUCCESS  
224  0.00000000  ntvdm.exe  IOCTL_SERIAL_GET_COMMSTATUS  Serial0  
224  0.00000206  SUCCESS  
225  0.00000000  ntvdm.exe  IOCTL_SERIAL_GET_COMMSTATUS  Serial0  
225  0.00000121  SUCCESS  
181  0.06626435  SUCCESS  
226  0.00000000  ntvdm.exe  IOCTL_SERIAL_GET_MODEMSTATUS  Serial0  
226  0.00000480  SUCCESS  
227  0.00000000  ntvdm.exe  IOCTL_SERIAL_GET_COMMSTATUS  Serial0  
227  0.00000192  SUCCESS  
228  0.00000000  ntvdm.exe  IOCTL_SERIAL_WAIT_ON_MASK  Serial0  
228  0.00000473  SUCCESS  
229  0.00000000  ntvdm.exe  IOCTL_SERIAL_GET_MODEMSTATUS  Serial0  
229  0.00000305  SUCCESS  
230  0.00000000  ntvdm.exe  IOCTL_SERIAL_GET_COMMSTATUS  Serial0  
230  0.00000155  SUCCESS  
231  0.00000000  ntvdm.exe  IOCTL_SERIAL_WAIT_ON_MASK  Serial0  
232  0.00000000  ntvdm.exe  IOCTL_SERIAL_GET_COMMSTATUS  Serial0  
232  0.00000172  SUCCESS  
233  0.00000000  ntvdm.exe  IOCTL_SERIAL_GET_COMMSTATUS  Serial0  
233  0.00000123  SUCCESS  
234  0.00000000  ntvdm.exe  IOCTL_SERIAL_GET_COMMSTATUS  Serial0  
234  0.00000108  SUCCESS  
235  0.00000000  ntvdm.exe  IRP_MJ_READ  Serial0  Length 1
235  0.00000329  SUCCESS  Length 1: I
236  0.00000000  ntvdm.exe  IOCTL_SERIAL_GET_COMMSTATUS  Serial0  
236  0.00000114  SUCCESS  
237  0.00000000  ntvdm.exe  IOCTL_SERIAL_GET_COMMSTATUS  Serial0  
237  0.00000108  SUCCESS  
238  0.00000000  ntvdm.exe  IOCTL_SERIAL_GET_COMMSTATUS  Serial0  
238  0.00000114  SUCCESS  
239  0.00000000  ntvdm.exe  IOCTL_SERIAL_GET_COMMSTATUS  Serial0  
239  0.00000111  SUCCESS  

  Series II
 
240  0.00000000  ntvdm.exe  IRP_MJ_READ  Serial0  Length 1
240  0.00000253  SUCCESS  Length 1: ;
241  0.00000000  ntvdm.exe  IOCTL_SERIAL_GET_COMMSTATUS  Serial0  
241  0.00000116  SUCCESS  
242  0.00000000  ntvdm.exe  IOCTL_SERIAL_GET_COMMSTATUS  Serial0  
242  0.00000111  SUCCESS  
243  0.00000000  ntvdm.exe  IOCTL_SERIAL_GET_COMMSTATUS  Serial0  
243  0.00000112  SUCCESS  
244  0.00000000  ntvdm.exe  IOCTL_SERIAL_GET_COMMSTATUS  Serial0  
244  0.00000108  SUCCESS  
245  0.00000000  ntvdm.exe  IRP_MJ_READ  Serial0  Length 1
245  0.00000236  SUCCESS  Length 1:  
246  0.00000000  ntvdm.exe  IOCTL_SERIAL_GET_COMMSTATUS  Serial0  
246  0.00000113  SUCCESS  
247  0.00000000  ntvdm.exe  IOCTL_SERIAL_GET_COMMSTATUS  Serial0  
247  0.00000109  SUCCESS  
248  0.00000000  ntvdm.exe  IOCTL_SERIAL_GET_COMMSTATUS  Serial0  
248  0.00000111  SUCCESS  
249  0.00000000  ntvdm.exe  IOCTL_SERIAL_GET_COMMSTATUS  Serial0  
249  0.00000111  SUCCESS  
250  0.00000000  ntvdm.exe  IRP_MJ_READ  Serial0  Length 1
250  0.00000237  SUCCESS  Length 1: V
251  0.00000000  ntvdm.exe  IOCTL_SERIAL_GET_COMMSTATUS  Serial0  
251  0.00000113  SUCCESS  
252  0.00000000  ntvdm.exe  IOCTL_SERIAL_GET_COMMSTATUS  Serial0  
252  0.00000108  SUCCESS  
253  0.00000000  ntvdm.exe  IOCTL_SERIAL_GET_COMMSTATUS  Serial0  
253  0.00000111  SUCCESS  
254  0.00000000  ntvdm.exe  IOCTL_SERIAL_GET_COMMSTATUS  Serial0  
254  0.00000109  SUCCESS  
255  0.00000000  ntvdm.exe  IRP_MJ_READ  Serial0  Length 1
255  0.00000239  SUCCESS  Length 1: 6
256  0.00000000  ntvdm.exe  IOCTL_SERIAL_GET_COMMSTATUS  Serial0  
256  0.00000113  SUCCESS  
257  0.00000000  ntvdm.exe  IOCTL_SERIAL_GET_COMMSTATUS  Serial0  
257  0.00000110  SUCCESS  
258  0.00000000  ntvdm.exe  IOCTL_SERIAL_GET_COMMSTATUS  Serial0  
258  0.00000110  SUCCESS  
259  0.00000000  ntvdm.exe  IOCTL_SERIAL_GET_COMMSTATUS  Serial0  
259  0.00000109  SUCCESS  
260  0.00000000  ntvdm.exe  IRP_MJ_READ  Serial0  Length 1
260  0.00000236  SUCCESS  Length 1: .
261  0.00000000  ntvdm.exe  IOCTL_SERIAL_GET_COMMSTATUS  Serial0  
261  0.00000113  SUCCESS  
262  0.00000000  ntvdm.exe  IOCTL_SERIAL_GET_COMMSTATUS  Serial0  
262  0.00000111  SUCCESS  
263  0.00000000  ntvdm.exe  IOCTL_SERIAL_GET_COMMSTATUS  Serial0  
263  0.00000110  SUCCESS  
264  0.00000000  ntvdm.exe  IOCTL_SERIAL_GET_COMMSTATUS  Serial0  
264  0.00000110  SUCCESS  
265  0.00000000  ntvdm.exe  IRP_MJ_READ  Serial0  Length 1
265  0.00000235  SUCCESS  Length 1: 3
266  0.00000000  ntvdm.exe  IOCTL_SERIAL_GET_COMMSTATUS  Serial0  
266  0.00000112  SUCCESS  
267  0.00000000  ntvdm.exe  IOCTL_SERIAL_GET_COMMSTATUS  Serial0  
267  0.00000109  SUCCESS  
268  0.00000000  ntvdm.exe  IOCTL_SERIAL_GET_COMMSTATUS  Serial0  
268  0.00000109  SUCCESS  
269  0.00000000  ntvdm.exe  IOCTL_SERIAL_GET_COMMSTATUS  Serial0  
269  0.00000111  SUCCESS  
270  0.00000000  ntvdm.exe  IRP_MJ_READ  Serial0  Length 1
270  0.00000251  SUCCESS  Length 1: 5
271  0.00000000  ntvdm.exe  IOCTL_SERIAL_GET_COMMSTATUS  Serial0  
271  0.00000114  SUCCESS  
272  0.00000000  ntvdm.exe  IOCTL_SERIAL_GET_COMMSTATUS  Serial0  
272  0.00000110  SUCCESS  
273  0.00000000  ntvdm.exe  IOCTL_SERIAL_GET_COMMSTATUS  Serial0  
273  0.00000109  SUCCESS  
274  0.00000000  ntvdm.exe  IOCTL_SERIAL_GET_COMMSTATUS  Serial0  
274  0.00000121  SUCCESS  
275  0.00000000  ntvdm.exe  IOCTL_SERIAL_GET_COMMSTATUS  Serial0  
275  0.00000122  SUCCESS  
231  0.06626131  SUCCESS  
276  0.00000000  ntvdm.exe  IOCTL_SERIAL_GET_MODEMSTATUS  Serial0  
276  0.00000485  SUCCESS  
277  0.00000000  ntvdm.exe  IOCTL_SERIAL_GET_COMMSTATUS  Serial0  
277  0.00000184  SUCCESS  
278  0.00000000  ntvdm.exe  IOCTL_SERIAL_WAIT_ON_MASK  Serial0  
278  0.00000497  SUCCESS  
279  0.00000000  ntvdm.exe  IOCTL_SERIAL_GET_MODEMSTATUS  Serial0  
279  0.00000308  SUCCESS  
280  0.00000000  ntvdm.exe  IOCTL_SERIAL_GET_COMMSTATUS  Serial0  
280  0.00000153  SUCCESS  
281  0.00000000  ntvdm.exe  IOCTL_SERIAL_WAIT_ON_MASK  Serial0  
282  0.00000000  ntvdm.exe  IOCTL_SERIAL_GET_COMMSTATUS  Serial0  
282  0.00000171  SUCCESS  
283  0.00000000  ntvdm.exe  IOCTL_SERIAL_GET_COMMSTATUS  Serial0  
283  0.00000121  SUCCESS  
284  0.00000000  ntvdm.exe  IOCTL_SERIAL_GET_COMMSTATUS  Serial0  
284  0.00000111  SUCCESS  
285  0.00000000  ntvdm.exe  IRP_MJ_READ  Serial0  Length 1
285  0.00000313  SUCCESS  Length 1: ;
286  0.00000000  ntvdm.exe  IOCTL_SERIAL_GET_COMMSTATUS  Serial0  
286  0.00000114  SUCCESS  
287  0.00000000  ntvdm.exe  IOCTL_SERIAL_GET_COMMSTATUS  Serial0  
287  0.00000110  SUCCESS  
288  0.00000000  ntvdm.exe  IOCTL_SERIAL_GET_COMMSTATUS  Serial0  
288  0.00000110  SUCCESS  
289  0.00000000  ntvdm.exe  IOCTL_SERIAL_GET_COMMSTATUS  Serial0  
289  0.00000109  SUCCESS  
290  0.00000000  ntvdm.exe  IRP_MJ_READ  Serial0  Length 1
290  0.00000250  SUCCESS  Length 1:  
291  0.00000000  ntvdm.exe  IOCTL_SERIAL_GET_COMMSTATUS  Serial0  
291  0.00000112  SUCCESS  
292  0.00000000  ntvdm.exe  IOCTL_SERIAL_GET_COMMSTATUS  Serial0  
292  0.00000112  SUCCESS  
293  0.00000000  ntvdm.exe  IOCTL_SERIAL_GET_COMMSTATUS  Serial0  
293  0.00000111  SUCCESS  
294  0.00000000  ntvdm.exe  IOCTL_SERIAL_GET_COMMSTATUS  Serial0  
294  0.00000111  SUCCESS  
295  0.00000000  ntvdm.exe  IRP_MJ_READ  Serial0  Length 1
295  0.00000238  SUCCESS  Length 1: 9
296  0.00000000  ntvdm.exe  IOCTL_SERIAL_GET_COMMSTATUS  Serial0  
296  0.00000113  SUCCESS  
297  0.00000000  ntvdm.exe  IOCTL_SERIAL_GET_COMMSTATUS  Serial0  
297  0.00000107  SUCCESS  
298  0.00000000  ntvdm.exe  IOCTL_SERIAL_GET_COMMSTATUS  Serial0  
298  0.00000112  SUCCESS  
299  0.00000000  ntvdm.exe  IOCTL_SERIAL_GET_COMMSTATUS  Serial0  
299  0.00000111  SUCCESS  
300  0.00000000  ntvdm.exe  IRP_MJ_READ  Serial0  Length 1
300  0.00000235  SUCCESS  Length 1: 5
301  0.00000000  ntvdm.exe  IOCTL_SERIAL_GET_COMMSTATUS  Serial0  
301  0.00000110  SUCCESS  
302  0.00000000  ntvdm.exe  IOCTL_SERIAL_GET_COMMSTATUS  Serial0  
302  0.00000109  SUCCESS  
303  0.00000000  ntvdm.exe  IOCTL_SERIAL_GET_COMMSTATUS  Serial0  
303  0.00000111  SUCCESS  
304  0.00000000  ntvdm.exe  IOCTL_SERIAL_GET_COMMSTATUS  Serial0  
304  0.00000110  SUCCESS  
305  0.00000000  ntvdm.exe  IRP_MJ_READ  Serial0  Length 1
305  0.00000238  SUCCESS  Length 1: -
306  0.00000000  ntvdm.exe  IOCTL_SERIAL_GET_COMMSTATUS  Serial0  
306  0.00000110  SUCCESS  
307  0.00000000  ntvdm.exe  IOCTL_SERIAL_GET_COMMSTATUS  Serial0  
307  0.00000109  SUCCESS  
308  0.00000000  ntvdm.exe  IOCTL_SERIAL_GET_COMMSTATUS  Serial0  
308  0.00000110  SUCCESS  
309  0.00000000  ntvdm.exe  IOCTL_SERIAL_GET_COMMSTATUS  Serial0  
309  0.00000110  SUCCESS  
310  0.00000000  ntvdm.exe  IRP_MJ_READ  Serial0  Length 1
310  0.00000238  SUCCESS  Length 1: 0
311  0.00000000  ntvdm.exe  IOCTL_SERIAL_GET_COMMSTATUS  Serial0  
311  0.00000114  SUCCESS  
312  0.00000000  ntvdm.exe  IOCTL_SERIAL_GET_COMMSTATUS  Serial0  
312  0.00000110  SUCCESS  
313  0.00000000  ntvdm.exe  IOCTL_SERIAL_GET_COMMSTATUS  Serial0  
313  0.00000110  SUCCESS  
314  0.00000000  ntvdm.exe  IOCTL_SERIAL_GET_COMMSTATUS  Serial0  
314  0.00000108  SUCCESS  
315  0.00000000  ntvdm.exe  IRP_MJ_READ  Serial0  Length 1
315  0.00000239  SUCCESS  Length 1: 2
316  0.00000000  ntvdm.exe  IOCTL_SERIAL_GET_COMMSTATUS  Serial0  
316  0.00000115  SUCCESS  
317  0.00000000  ntvdm.exe  IOCTL_SERIAL_GET_COMMSTATUS  Serial0  
317  0.00000107  SUCCESS  
318  0.00000000  ntvdm.exe  IOCTL_SERIAL_GET_COMMSTATUS  Serial0  
318  0.00000111  SUCCESS  
319  0.00000000  ntvdm.exe  IOCTL_SERIAL_GET_COMMSTATUS  Serial0  
319  0.00000177  SUCCESS  
320  0.00000000  ntvdm.exe  IRP_MJ_READ  Serial0  Length 1
320  0.00000381  SUCCESS  Length 1: -
321  0.00000000  ntvdm.exe  IOCTL_SERIAL_GET_COMMSTATUS  Serial0  
321  0.00000169  SUCCESS  
322  0.00000000  ntvdm.exe  IOCTL_SERIAL_GET_COMMSTATUS  Serial0  
322  0.00000137  SUCCESS  
323  0.00000000  ntvdm.exe  IOCTL_SERIAL_GET_COMMSTATUS  Serial0  
323  0.00000110  SUCCESS  
324  0.00000000  ntvdm.exe  IOCTL_SERIAL_GET_COMMSTATUS  Serial0  
324  0.00000118  SUCCESS  
325  0.00000000  ntvdm.exe  IOCTL_SERIAL_GET_COMMSTATUS  Serial0  
325  0.00000110  SUCCESS  
281  0.06626472  SUCCESS  
326  0.00000000  ntvdm.exe  IOCTL_SERIAL_GET_MODEMSTATUS  Serial0  
326  0.00000497  SUCCESS  
327  0.00000000  ntvdm.exe  IOCTL_SERIAL_GET_COMMSTATUS  Serial0  
327  0.00000200  SUCCESS  
328  0.00000000  ntvdm.exe  IOCTL_SERIAL_WAIT_ON_MASK  Serial0  
328  0.00000447  SUCCESS  
329  0.00000000  ntvdm.exe  IOCTL_SERIAL_GET_MODEMSTATUS  Serial0  
329  0.00000295  SUCCESS  
330  0.00000000  ntvdm.exe  IOCTL_SERIAL_GET_COMMSTATUS  Serial0  
330  0.00000170  SUCCESS  
331  0.00000000  ntvdm.exe  IOCTL_SERIAL_WAIT_ON_MASK  Serial0  
332  0.00000000  ntvdm.exe  IOCTL_SERIAL_GET_COMMSTATUS  Serial0  
332  0.00000171  SUCCESS  
333  0.00000000  ntvdm.exe  IOCTL_SERIAL_GET_COMMSTATUS  Serial0  
333  0.00000126  SUCCESS  
334  0.00000000  ntvdm.exe  IOCTL_SERIAL_GET_COMMSTATUS  Serial0  
334  0.00000110  SUCCESS  
335  0.00000000  ntvdm.exe  IRP_MJ_READ  Serial0  Length 1
335  0.00000326  SUCCESS  Length 1: 0
336  0.00000000  ntvdm.exe  IOCTL_SERIAL_GET_COMMSTATUS  Serial0  
336  0.00000115  SUCCESS  
337  0.00000000  ntvdm.exe  IOCTL_SERIAL_GET_COMMSTATUS  Serial0  
337  0.00000111  SUCCESS  
338  0.00000000  ntvdm.exe  IOCTL_SERIAL_GET_COMMSTATUS  Serial0  
338  0.00000111  SUCCESS  
339  0.00000000  ntvdm.exe  IOCTL_SERIAL_GET_COMMSTATUS  Serial0  
339  0.00000111  SUCCESS  
340  0.00000000  ntvdm.exe  IRP_MJ_READ  Serial0  Length 1
340  0.00000255  SUCCESS  Length 1: 2
341  0.00000000  ntvdm.exe  IOCTL_SERIAL_GET_COMMSTATUS  Serial0  
341  0.00000113  SUCCESS  
342  0.00000000  ntvdm.exe  IOCTL_SERIAL_GET_COMMSTATUS  Serial0  
342  0.00000112  SUCCESS  
343  0.00000000  ntvdm.exe  IOCTL_SERIAL_GET_COMMSTATUS  Serial0  
343  0.00000110  SUCCESS  
344  0.00000000  ntvdm.exe  IOCTL_SERIAL_GET_COMMSTATUS  Serial0  
344  0.00000109  SUCCESS  
345  0.00000000  ntvdm.exe  IRP_MJ_READ  Serial0  Length 1
345  0.00000238  SUCCESS  Length 1: ;
346  0.00000000  ntvdm.exe  IOCTL_SERIAL_GET_COMMSTATUS  Serial0  
346  0.00000115  SUCCESS  
347  0.00000000  ntvdm.exe  IOCTL_SERIAL_GET_COMMSTATUS  Serial0  
347  0.00000108  SUCCESS  
348  0.00000000  ntvdm.exe  IOCTL_SERIAL_GET_COMMSTATUS  Serial0  
348  0.00000110  SUCCESS  
349  0.00000000  ntvdm.exe  IOCTL_SERIAL_GET_COMMSTATUS  Serial0  
349  0.00000110  SUCCESS  
350  0.00000000  ntvdm.exe  IRP_MJ_READ  Serial0  Length 1
350  0.00000237  SUCCESS  Length 1:  
351  0.00000000  ntvdm.exe  IOCTL_SERIAL_GET_COMMSTATUS  Serial0  
351  0.00000111  SUCCESS  
352  0.00000000  ntvdm.exe  IOCTL_SERIAL_GET_COMMSTATUS  Serial0  
352  0.00000112  SUCCESS  
353  0.00000000  ntvdm.exe  IOCTL_SERIAL_GET_COMMSTATUS  Serial0  
353  0.00000110  SUCCESS  
354  0.00000000  ntvdm.exe  IOCTL_SERIAL_GET_COMMSTATUS  Serial0  
354  0.00000112  SUCCESS  
355  0.00000000  ntvdm.exe  IRP_MJ_READ  Serial0  Length 1
355  0.00000239  SUCCESS  Length 1: U
356  0.00000000  ntvdm.exe  IOCTL_SERIAL_GET_COMMSTATUS  Serial0  
356  0.00000112  SUCCESS  
357  0.00000000  ntvdm.exe  IOCTL_SERIAL_GET_COMMSTATUS  Serial0  
357  0.00000110  SUCCESS  
358  0.00000000  ntvdm.exe  IOCTL_SERIAL_GET_COMMSTATUS  Serial0  
358  0.00000111  SUCCESS  
359  0.00000000  ntvdm.exe  IOCTL_SERIAL_GET_COMMSTATUS  Serial0  
359  0.00000109  SUCCESS  
360  0.00000000  ntvdm.exe  IRP_MJ_READ  Serial0  Length 1
360  0.00000238  SUCCESS  Length 1: H
361  0.00000000  ntvdm.exe  IOCTL_SERIAL_GET_COMMSTATUS  Serial0  
361  0.00000119  SUCCESS  
362  0.00000000  ntvdm.exe  IOCTL_SERIAL_GET_COMMSTATUS  Serial0  
362  0.00000115  SUCCESS  
363  0.00000000  ntvdm.exe  IOCTL_SERIAL_GET_COMMSTATUS  Serial0  
363  0.00000109  SUCCESS  
364  0.00000000  ntvdm.exe  IOCTL_SERIAL_GET_COMMSTATUS  Serial0  
364  0.00000114  SUCCESS  
365  0.00000000  ntvdm.exe  IRP_MJ_READ  Serial0  Length 1
365  0.00000237  SUCCESS  Length 1: M
366  0.00000000  ntvdm.exe  IOCTL_SERIAL_GET_COMMSTATUS  Serial0  
366  0.00000112  SUCCESS  
367  0.00000000  ntvdm.exe  IOCTL_SERIAL_GET_COMMSTATUS  Serial0  
367  0.00001761  SUCCESS  
368  0.00000000  ntvdm.exe  IOCTL_SERIAL_GET_COMMSTATUS  Serial0  
368  0.00000133  SUCCESS  
369  0.00000000  ntvdm.exe  IOCTL_SERIAL_GET_COMMSTATUS  Serial0  
369  0.00000115  SUCCESS  
370  0.00000000  ntvdm.exe  IRP_MJ_READ  Serial0  Length 1
370  0.00000282  SUCCESS  Length 1:  
371  0.00000000  ntvdm.exe  IOCTL_SERIAL_GET_COMMSTATUS  Serial0  
371  0.00000115  SUCCESS  
372  0.00000000  ntvdm.exe  IOCTL_SERIAL_GET_COMMSTATUS  Serial0  
372  0.00000109  SUCCESS  
373  0.00000000  ntvdm.exe  IOCTL_SERIAL_GET_COMMSTATUS  Serial0  
373  0.00000131  SUCCESS  
374  0.00000000  ntvdm.exe  IOCTL_SERIAL_GET_COMMSTATUS  Serial0  
374  0.00000127  SUCCESS  
375  0.00000000  ntvdm.exe  IOCTL_SERIAL_GET_COMMSTATUS  Serial0  
375  0.00000120  SUCCESS  
331  0.07504128  SUCCESS  
376  0.00000000  ntvdm.exe  IOCTL_SERIAL_GET_MODEMSTATUS  Serial0  
376  0.00000464  SUCCESS  
377  0.00000000  ntvdm.exe  IOCTL_SERIAL_GET_COMMSTATUS  Serial0  
377  0.00000185  SUCCESS  
378  0.00000000  ntvdm.exe  IOCTL_SERIAL_WAIT_ON_MASK  Serial0  
378  0.00000516  SUCCESS  
379  0.00000000  ntvdm.exe  IOCTL_SERIAL_GET_MODEMSTATUS  Serial0  
379  0.00000325  SUCCESS  
380  0.00000000  ntvdm.exe  IOCTL_SERIAL_GET_COMMSTATUS  Serial0  
380  0.00000171  SUCCESS  
381  0.00000000  ntvdm.exe  IOCTL_SERIAL_WAIT_ON_MASK  Serial0  
382  0.00000000  ntvdm.exe  IOCTL_SERIAL_GET_COMMSTATUS  Serial0  
382  0.00000166  SUCCESS  
383  0.00000000  ntvdm.exe  IOCTL_SERIAL_GET_COMMSTATUS  Serial0  
383  0.00000130  SUCCESS  
384  0.00000000  ntvdm.exe  IOCTL_SERIAL_GET_COMMSTATUS  Serial0  
384  0.00000113  SUCCESS  
385  0.00000000  ntvdm.exe  IRP_MJ_READ  Serial0  Length 1
385  0.00000330  SUCCESS  Length 1: V
386  0.00000000  ntvdm.exe  IOCTL_SERIAL_GET_COMMSTATUS  Serial0  
386  0.00000110  SUCCESS  
387  0.00000000  ntvdm.exe  IOCTL_SERIAL_GET_COMMSTATUS  Serial0  
387  0.00000112  SUCCESS  
388  0.00000000  ntvdm.exe  IOCTL_SERIAL_GET_COMMSTATUS  Serial0  
388  0.00000112  SUCCESS  
389  0.00000000  ntvdm.exe  IOCTL_SERIAL_GET_COMMSTATUS  Serial0  
389  0.00000109  SUCCESS  
390  0.00000000  ntvdm.exe  IRP_MJ_READ  Serial0  Length 1
390  0.00000253  SUCCESS  Length 1: 1
391  0.00000000  ntvdm.exe  IOCTL_SERIAL_GET_COMMSTATUS  Serial0  
391  0.00000112  SUCCESS  
392  0.00000000  ntvdm.exe  IOCTL_SERIAL_GET_COMMSTATUS  Serial0  
392  0.00000111  SUCCESS  
393  0.00000000  ntvdm.exe  IOCTL_SERIAL_GET_COMMSTATUS  Serial0  
393  0.00000108  SUCCESS  
394  0.00000000  ntvdm.exe  IOCTL_SERIAL_GET_COMMSTATUS  Serial0  
394  0.00000112  SUCCESS  
395  0.00000000  ntvdm.exe  IRP_MJ_READ  Serial0  Length 1
395  0.00000239  SUCCESS  Length 1: .
396  0.00000000  ntvdm.exe  IOCTL_SERIAL_GET_COMMSTATUS  Serial0  
396  0.00000110  SUCCESS  
397  0.00000000  ntvdm.exe  IOCTL_SERIAL_GET_COMMSTATUS  Serial0  
397  0.00000109  SUCCESS  
398  0.00000000  ntvdm.exe  IOCTL_SERIAL_GET_COMMSTATUS  Serial0  
398  0.00000110  SUCCESS  
399  0.00000000  ntvdm.exe  IOCTL_SERIAL_GET_COMMSTATUS  Serial0  
399  0.00000111  SUCCESS  
400  0.00000000  ntvdm.exe  IRP_MJ_READ  Serial0  Length 1
400  0.00000235  SUCCESS  Length 1: 0
401  0.00000000  ntvdm.exe  IOCTL_SERIAL_GET_COMMSTATUS  Serial0  
401  0.00000112  SUCCESS  
402  0.00000000  ntvdm.exe  IOCTL_SERIAL_GET_COMMSTATUS  Serial0  
402  0.00000110  SUCCESS  
403  0.00000000  ntvdm.exe  IOCTL_SERIAL_GET_COMMSTATUS  Serial0  
403  0.00000110  SUCCESS  
404  0.00000000  ntvdm.exe  IOCTL_SERIAL_GET_COMMSTATUS  Serial0  
404  0.00000106  SUCCESS  
405  0.00000000  ntvdm.exe  IRP_MJ_READ  Serial0  Length 1
405  0.00000245  SUCCESS  Length 1: .
406  0.00000000  ntvdm.exe  IOCTL_SERIAL_GET_COMMSTATUS  Serial0  
406  0.00000113  SUCCESS  
407  0.00000000  ntvdm.exe  IOCTL_SERIAL_GET_COMMSTATUS  Serial0  
407  0.00000108  SUCCESS  
408  0.00000000  ntvdm.exe  IOCTL_SERIAL_GET_COMMSTATUS  Serial0  
408  0.00000109  SUCCESS  
409  0.00000000  ntvdm.exe  IOCTL_SERIAL_GET_COMMSTATUS  Serial0  
409  0.00000135  SUCCESS  
410  0.00000000  ntvdm.exe  IOCTL_SERIAL_GET_COMMSTATUS  Serial0  
410  0.00000120  SUCCESS  
411  0.00000000  ntvdm.exe  IOCTL_SERIAL_GET_COMMSTATUS  Serial0  
411  0.00000484  SUCCESS  
412  0.00000000  ntvdm.exe  IOCTL_SERIAL_PURGE  Serial0  Purge: TXABORT TXCLEAR 
412  0.00000323  SUCCESS  
413  0.00000000  ntvdm.exe  IOCTL_SERIAL_GET_COMMSTATUS  Serial0  
413  0.00000175  SUCCESS  

...version info string..


PC 19200,N,8,1,XONXOFF

414  0.00000000  ntvdm.exe  IRP_MJ_WRITE  Serial0  Length 23: PC 19200,N,8,1,XONXOFF.
415  0.00000000  ntvdm.exe  IOCTL_SERIAL_GET_COMMSTATUS  Serial0  
415  0.00000187  SUCCESS  
414  0.10932333  SUCCESS  
381  0.14249988  SUCCESS  
416  0.00000000  ntvdm.exe  IOCTL_SERIAL_GET_MODEMSTATUS  Serial0  
416  0.00000498  SUCCESS  
417  0.00000000  ntvdm.exe  IOCTL_SERIAL_GET_COMMSTATUS  Serial0  
417  0.00000203  SUCCESS  
418  0.00000000  ntvdm.exe  IOCTL_SERIAL_WAIT_ON_MASK  Serial0  
419  0.00000000  ntvdm.exe  IOCTL_SERIAL_GET_COMMSTATUS  Serial0  
419  0.00000251  SUCCESS  
420  0.00000000  ntvdm.exe  IOCTL_SERIAL_GET_COMMSTATUS  Serial0  
420  0.00000168  SUCCESS  
418  0.18777888  SUCCESS  
421  0.00000000  ntvdm.exe  IOCTL_SERIAL_GET_MODEMSTATUS  Serial0  
421  0.00000491  SUCCESS  
422  0.00000000  ntvdm.exe  IOCTL_SERIAL_GET_COMMSTATUS  Serial0  
422  0.00000198  SUCCESS  
423  0.00000000  ntvdm.exe  IOCTL_SERIAL_WAIT_ON_MASK  Serial0  
423  0.00000455  SUCCESS  
424  0.00000000  ntvdm.exe  IOCTL_SERIAL_GET_MODEMSTATUS  Serial0  
424  0.00000287  SUCCESS  
425  0.00000000  ntvdm.exe  IOCTL_SERIAL_GET_COMMSTATUS  Serial0  
425  0.00000170  SUCCESS  
426  0.00000000  ntvdm.exe  IOCTL_SERIAL_WAIT_ON_MASK  Serial0  
427  0.00000000  ntvdm.exe  IOCTL_SERIAL_GET_COMMSTATUS  Serial0  
427  0.00000165  SUCCESS  
428  0.00000000  ntvdm.exe  IOCTL_SERIAL_GET_COMMSTATUS  Serial0  
428  0.00000131  SUCCESS  
429  0.00000000  ntvdm.exe  IRP_MJ_READ  Serial0  Length 2
429  0.00000342  SUCCESS  Length 2: 0.
430  0.00000000  ntvdm.exe  IOCTL_SERIAL_GET_COMMSTATUS  Serial0  
430  0.00000113  SUCCESS  
431  0.00000000  ntvdm.exe  IOCTL_SERIAL_GET_COMMSTATUS  Serial0  
431  0.00000109  SUCCESS  
432  0.00000000  ntvdm.exe  IOCTL_SERIAL_GET_COMMSTATUS  Serial0  
432  0.00000147  SUCCESS  
433  0.00000000  ntvdm.exe  IOCTL_SERIAL_GET_COMMSTATUS  Serial0  
433  0.00000113  SUCCESS  
434  0.00000000  ntvdm.exe  IOCTL_SERIAL_GET_BAUD_RATE  Serial0  
434  0.00000088  SUCCESS  
435  0.00000000  ntvdm.exe  IOCTL_SERIAL_GET_LINE_CONTROL  Serial0  
435  0.00000103  SUCCESS  
436  0.00000000  ntvdm.exe  IOCTL_SERIAL_GET_CHARS  Serial0  
436  0.00000082  SUCCESS  
437  0.00000000  ntvdm.exe  IOCTL_SERIAL_GET_HANDFLOW  Serial0  
437  0.00000081  SUCCESS  
438  0.00000000  ntvdm.exe  IOCTL_SERIAL_SET_BAUD_RATE  Serial0  Rate: 19200
438  0.00000752  SUCCESS  
439  0.00000000  ntvdm.exe  IOCTL_SERIAL_SET_DTR  Serial0  
439  0.00000353  SUCCESS  
440  0.00000000  ntvdm.exe  IOCTL_SERIAL_SET_LINE_CONTROL  Serial0  StopBits: 1 Parity: NONE WordLength: 8
440  0.00000244  SUCCESS  
441  0.00000000  ntvdm.exe  IOCTL_SERIAL_SET_CHAR  Serial0  EOF:1a ERR:ff BRK:ff EVT:0 XON:11 XOFF:13
441  0.00000108  SUCCESS  
442  0.00000000  ntvdm.exe  IOCTL_SERIAL_SET_HANDFLOW  Serial0  Shake:1 Replace:80 XonLimit:0 XoffLimit:9216
442  0.00000292  SUCCESS  
443  0.00000000  ntvdm.exe  IOCTL_SERIAL_GET_MODEMSTATUS  Serial0  
443  0.00000233  SUCCESS  
