[\\DESKTOPPC]
6  0.00000000  ntvdm.exe  IRP_MJ_WRITE  Serial0  Length 7: 51 57 20 31 30 31 0D 
6  0.00002905  SUCCESS  
21  0.00000000  ntvdm.exe  IRP_MJ_READ  Serial0  Length 2
21  0.00000333  SUCCESS  Length 2: 30 0D 
28  0.00000000  ntvdm.exe  IRP_MJ_READ  Serial0  Length 1
28  0.00000274  SUCCESS  Length 1: 43 
33  0.00000000  ntvdm.exe  IRP_MJ_READ  Serial0  Length 1
33  0.00000251  SUCCESS  Length 1: 68 
38  0.00000000  ntvdm.exe  IRP_MJ_READ  Serial0  Length 1
38  0.00000248  SUCCESS  Length 1: 61 
43  0.00000000  ntvdm.exe  IRP_MJ_READ  Serial0  Length 1
43  0.00000248  SUCCESS  Length 1: 6E 
48  0.00000000  ntvdm.exe  IRP_MJ_READ  Serial0  Length 1
48  0.00000248  SUCCESS  Length 1: 6E 
53  0.00000000  ntvdm.exe  IRP_MJ_READ  Serial0  Length 1
53  0.00000255  SUCCESS  Length 1: 65 
137  0.00000000  ntvdm.exe  IRP_MJ_READ  Serial0  Length 1
137  0.00000340  SUCCESS  Length 1: 6C 
147  0.00000000  ntvdm.exe  IRP_MJ_READ  Serial0  Length 1
147  0.00000248  SUCCESS  Length 1: 20 
152  0.00000000  ntvdm.exe  IRP_MJ_READ  Serial0  Length 1
152  0.00001115  SUCCESS  Length 1: 41 
157  0.00000000  ntvdm.exe  IRP_MJ_READ  Serial0  Length 1
157  0.00000348  SUCCESS  Length 1: 2C 
162  0.00000000  ntvdm.exe  IRP_MJ_READ  Serial0  Length 1
162  0.00000256  SUCCESS  Length 1: 56 
167  0.00000000  ntvdm.exe  IRP_MJ_READ  Serial0  Length 1
167  0.00000242  SUCCESS  Length 1: 2C 
172  0.00000000  ntvdm.exe  IRP_MJ_READ  Serial0  Length 1
172  0.00000240  SUCCESS  Length 1: 73 
177  0.00000000  ntvdm.exe  IRP_MJ_READ  Serial0  Length 1
177  0.00000248  SUCCESS  Length 1: 2C 
260  0.00000000  ntvdm.exe  IRP_MJ_READ  Serial0  Length 1
260  0.00000335  SUCCESS  Length 1: 30 
270  0.00000000  ntvdm.exe  IRP_MJ_READ  Serial0  Length 1
270  0.00000402  SUCCESS  Length 1: 30 
275  0.00000000  ntvdm.exe  IRP_MJ_READ  Serial0  Length 1
275  0.00000264  SUCCESS  Length 1: 30 
280  0.00000000  ntvdm.exe  IRP_MJ_READ  Serial0  Length 1
280  0.00000252  SUCCESS  Length 1: 30 
285  0.00000000  ntvdm.exe  IRP_MJ_READ  Serial0  Length 1
285  0.00000249  SUCCESS  Length 1: 30 
290  0.00000000  ntvdm.exe  IRP_MJ_READ  Serial0  Length 1
290  0.00000249  SUCCESS  Length 1: 45 
295  0.00000000  ntvdm.exe  IRP_MJ_READ  Serial0  Length 1
295  0.00000243  SUCCESS  Length 1: 2B 
300  0.00000000  ntvdm.exe  IRP_MJ_READ  Serial0  Length 1
300  0.00000255  SUCCESS  Length 1: 30 
352  0.00000000  ntvdm.exe  IRP_MJ_READ  Serial0  Length 1
352  0.00000317  SUCCESS  Length 1: 30 
362  0.00000000  ntvdm.exe  IRP_MJ_READ  Serial0  Length 1
362  0.00000254  SUCCESS  Length 1: 2C 
489  0.00000000  ntvdm.exe  IRP_MJ_READ  Serial0  Length 1
489  0.00000367  SUCCESS  Length 1: 2D 
499  0.00000000  ntvdm.exe  IRP_MJ_READ  Serial0  Length 1
499  0.00000264  SUCCESS  Length 1: 30 
504  0.00000000  ntvdm.exe  IRP_MJ_READ  Serial0  Length 1
504  0.00000246  SUCCESS  Length 1: 34 
509  0.00000000  ntvdm.exe  IRP_MJ_READ  Serial0  Length 1
509  0.00000248  SUCCESS  Length 1: 30 
514  0.00000000  ntvdm.exe  IRP_MJ_READ  Serial0  Length 1
514  0.00000247  SUCCESS  Length 1: 30 
519  0.00000000  ntvdm.exe  IRP_MJ_READ  Serial0  Length 1
519  0.00000250  SUCCESS  Length 1: 45 
524  0.00000000  ntvdm.exe  IRP_MJ_READ  Serial0  Length 1
524  0.00000248  SUCCESS  Length 1: 2D 
529  0.00000000  ntvdm.exe  IRP_MJ_READ  Serial0  Length 1
529  0.00000253  SUCCESS  Length 1: 30 
619  0.00000000  ntvdm.exe  IRP_MJ_READ  Serial0  Length 1
619  0.00000309  SUCCESS  Length 1: 36 
628  0.00000000  ntvdm.exe  IRP_MJ_READ  Serial0  Length 1
628  0.00000260  SUCCESS  Length 1: 2C 
633  0.00000000  ntvdm.exe  IRP_MJ_READ  Serial0  Length 1
633  0.00000246  SUCCESS  Length 1: 30 
638  0.00000000  ntvdm.exe  IRP_MJ_READ  Serial0  Length 1
638  0.00000250  SUCCESS  Length 1: 30 
643  0.00000000  ntvdm.exe  IRP_MJ_READ  Serial0  Length 1
643  0.00000244  SUCCESS  Length 1: 32 
648  0.00000000  ntvdm.exe  IRP_MJ_READ  Serial0  Length 1
648  0.00000247  SUCCESS  Length 1: 30 
653  0.00000000  ntvdm.exe  IRP_MJ_READ  Serial0  Length 1
653  0.00000247  SUCCESS  Length 1: 30 
658  0.00000000  ntvdm.exe  IRP_MJ_READ  Serial0  Length 1
658  0.00000246  SUCCESS  Length 1: 45 
746  0.00000000  ntvdm.exe  IRP_MJ_READ  Serial0  Length 1
746  0.00000344  SUCCESS  Length 1: 2D 
756  0.00000000  ntvdm.exe  IRP_MJ_READ  Serial0  Length 1
756  0.00000253  SUCCESS  Length 1: 30 
761  0.00000000  ntvdm.exe  IRP_MJ_READ  Serial0  Length 1
761  0.00000246  SUCCESS  Length 1: 35 
766  0.00000000  ntvdm.exe  IRP_MJ_READ  Serial0  Length 1
766  0.00000246  SUCCESS  Length 1: 2C 
771  0.00000000  ntvdm.exe  IRP_MJ_READ  Serial0  Length 1
771  0.00000250  SUCCESS  Length 1: 30 
776  0.00000000  ntvdm.exe  IRP_MJ_READ  Serial0  Length 1
776  0.00000247  SUCCESS  Length 1: 30 
781  0.00000000  ntvdm.exe  IRP_MJ_READ  Serial0  Length 1
781  0.00000238  SUCCESS  Length 1: 38 
786  0.00000000  ntvdm.exe  IRP_MJ_READ  Serial0  Length 1
786  0.00000252  SUCCESS  Length 1: 30 
872  0.00000000  ntvdm.exe  IRP_MJ_READ  Serial0  Length 1
872  0.00000378  SUCCESS  Length 1: 30 
882  0.00000000  ntvdm.exe  IRP_MJ_READ  Serial0  Length 1
882  0.00000266  SUCCESS  Length 1: 45 
887  0.00000000  ntvdm.exe  IRP_MJ_READ  Serial0  Length 1
887  0.00000248  SUCCESS  Length 1: 2D 
892  0.00000000  ntvdm.exe  IRP_MJ_READ  Serial0  Length 1
892  0.00000247  SUCCESS  Length 1: 30 
897  0.00000000  ntvdm.exe  IRP_MJ_READ  Serial0  Length 1
897  0.00000245  SUCCESS  Length 1: 38 
902  0.00000000  ntvdm.exe  IRP_MJ_READ  Serial0  Length 1
902  0.00000391  SUCCESS  Length 1: 2C 
907  0.00000000  ntvdm.exe  IRP_MJ_READ  Serial0  Length 1
907  0.00000333  SUCCESS  Length 1: 32 
912  0.00000000  ntvdm.exe  IRP_MJ_READ  Serial0  Length 1
912  0.00000330  SUCCESS  Length 1: 35 
982  0.00000000  ntvdm.exe  IRP_MJ_READ  Serial0  Length 1
982  0.00000341  SUCCESS  Length 1: 35 
992  0.00000000  ntvdm.exe  IRP_MJ_READ  Serial0  Length 1
992  0.00000251  SUCCESS  Length 1: 2C 
997  0.00000000  ntvdm.exe  IRP_MJ_READ  Serial0  Length 1
997  0.00000237  SUCCESS  Length 1: 35 
1002  0.00000000  ntvdm.exe  IRP_MJ_READ  Serial0  Length 1
1002  0.00000241  SUCCESS  Length 1: 31 
1007  0.00000000  ntvdm.exe  IRP_MJ_READ  Serial0  Length 1
1007  0.00000240  SUCCESS  Length 1: 32 
1012  0.00000000  ntvdm.exe  IRP_MJ_READ  Serial0  Length 1
1012  0.00000238  SUCCESS  Length 1: 2C 
8962  0.00000000  ntvdm.exe  IRP_MJ_READ  Serial0  Length 513
8962  0.00000425  SUCCESS  Length 513: 

82 83 81 81   80 80 80 81   7F 80 82 80   7F 81 81 80   
82 82 80 82   80 7F 81 80   80 81 81 80   82 82 7F 81   
83 7F 82 81   81 83 83 80   80 82 82 82   81 81 80 82 
81 80 84 80   80 80 81 80   81 80 80 81   81 80 82 80 
81 83 80 80   82 81 7F 83   81 80 81 83   81 81 82 81

80 81 82 82   82 87 83 84   85 83 83 83   7E 81 81 82 
83 82 80 82 81 80 83 80 80 81 82 82 81 83 82 80 
82 81 80 82 81 7F 81 80 80 80 81 81 83 80 80 81
80 80 82 81 81 7F 80 7F 83 80 80 81 7F 80 80 80
83 7F 82 81 80 82 81 81 82 81 7E 82 80 80 83 80

80 82 82 82 82 81 81 82 81 7F 83 81 80 80 83 80
83 80 82 81 81 81 80 82 81 80 82 82 81 81 7C 7D
80 7F 81 80 80 80 84 81 82 83 80 80 80 81 80 82
83 80 80 81 80 80 82 80 7F 82 80 82 82 82 80 81
82 80 81 82 81 81 82 81 83 82 81 81 82 80 82 83 

80 81 81 7F 80 80 80 80 82 81 80 82 82 82 83 80
80 82 82 80 82 80 81 80 82 81 82 83 81 80 82 82
7F 83 81 81 82 81 7E 82 81 80 82 81 80 81 81 80
82 81 80 82 80 7F 83 87 84 82 84 83 83 83 81 80
81 80 81 82 81 7F 81 82 81 83 81 80 82 81 81 81

81 82 83 83 80 83 81 81 81 81 81 80 81 80 80 81
81 80 82 80 82 81 81 81 81 80 80 82 80 81 82 80
80 82 81 81 81 80 81 80 83 81 80 82 80 82 83 81
81 81 81 80 80 81 82 81 81 80 82 82 80 83 81 81
83 80 80 82 81 81 81 82 81 81 83 82 80 80 82 80

7D 7D 7E 7F 80 7F 82 80 81 83 81 80 82 80 82 82
83 80 81 82 80 82 81 80 80 81 82 80 81 80 82 82
80 80 82 7F 7F 82 82 81 82 80 80 82 81 81 81 80
80 80 81 81 83 81 80 80 82 80 80 81 7F 7F 81 80
81 81 81 81 81 81 82 83 81 80 83 81 83 83 82 80

82 83 82 82 82 81 82 80 81 80 82 80 81 82 82 80
83 80 81 82 83 7F 83 83 82 87 85 82 83 82 81 80
27 
