[\\DESKTOPPC]
3  0.00000000  ntvdm.exe  IRP_MJ_WRITE  Serial0  Length 3: 51 53 0D 
3  0.00002491  SUCCESS  
14  0.00000000  ntvdm.exe  IRP_MJ_READ  Serial0  Length 2
14  0.00000407  SUCCESS  Length 2: 30 0D 
25  0.00000000  ntvdm.exe  IRP_MJ_READ  Serial0  Length 1
25  0.00000364  SUCCESS  Length 1: 31 
30  0.00000000  ntvdm.exe  IRP_MJ_READ  Serial0  Length 1
30  0.00000302  SUCCESS  Length 1: 2C 
35  0.00000000  ntvdm.exe  IRP_MJ_READ  Serial0  Length 1
35  0.00000319  SUCCESS  Length 1: 31 
41  0.00000000  ntvdm.exe  IRP_MJ_READ  Serial0  Length 1
41  0.00000381  SUCCESS  Length 1: 30 
46  0.00000000  ntvdm.exe  IRP_MJ_READ  Serial0  Length 1
46  0.00000314  SUCCESS  Length 1: 41 
51  0.00000000  ntvdm.exe  IRP_MJ_READ  Serial0  Length 1
51  0.00000326  SUCCESS  Length 1: 34 
56  0.00000000  ntvdm.exe  IRP_MJ_READ  Serial0  Length 1
56  0.00000316  SUCCESS  Length 1: 30 
61  0.00000000  ntvdm.exe  IRP_MJ_READ  Serial0  Length 1
61  0.00000317  SUCCESS  Length 1: 30 
73  0.00000000  ntvdm.exe  IRP_MJ_READ  Serial0  Length 1
73  0.00000409  SUCCESS  Length 1: 30 
78  0.00000000  ntvdm.exe  IRP_MJ_READ  Serial0  Length 1
78  0.00000355  SUCCESS  Length 1: 43 
83  0.00000000  ntvdm.exe  IRP_MJ_READ  Serial0  Length 1
83  0.00000312  SUCCESS  Length 1: 30 
88  0.00000000  ntvdm.exe  IRP_MJ_READ  Serial0  Length 1
88  0.00000358  SUCCESS  Length 1: 36 
93  0.00000000  ntvdm.exe  IRP_MJ_READ  Serial0  Length 1
93  0.00000326  SUCCESS  Length 1: 38 
100  0.00000000  ntvdm.exe  IRP_MJ_READ  Serial0  Length 1
100  0.00000349  SUCCESS  Length 1: 39 
106  0.00000000  ntvdm.exe  IRP_MJ_READ  Serial0  Length 1
106  0.00000348  SUCCESS  Length 1: 30 
111  0.00000000  ntvdm.exe  IRP_MJ_READ  Serial0  Length 1
111  0.00000975  SUCCESS  Length 1: 31 
126  0.00000000  ntvdm.exe  IRP_MJ_READ  Serial0  Length 1
126  0.00000352  SUCCESS  Length 1: 30 
131  0.00000000  ntvdm.exe  IRP_MJ_READ  Serial0  Length 1
131  0.00000441  SUCCESS  Length 1: 30 
136  0.00000000  ntvdm.exe  IRP_MJ_READ  Serial0  Length 1
136  0.00000344  SUCCESS  Length 1: 33 
141  0.00000000  ntvdm.exe  IRP_MJ_READ  Serial0  Length 1
141  0.00000500  SUCCESS  Length 1: 30 
146  0.00000000  ntvdm.exe  IRP_MJ_READ  Serial0  Length 1
146  0.00000374  SUCCESS  Length 1: 32 
151  0.00000000  ntvdm.exe  IRP_MJ_READ  Serial0  Length 1
151  0.00000346  SUCCESS  Length 1: 32 
156  0.00000000  ntvdm.exe  IRP_MJ_READ  Serial0  Length 1
156  0.00000364  SUCCESS  Length 1: 30 
161  0.00000000  ntvdm.exe  IRP_MJ_READ  Serial0  Length 1
161  0.00000390  SUCCESS  Length 1: 31 
176  0.00000000  ntvdm.exe  IRP_MJ_READ  Serial0  Length 1
176  0.00000378  SUCCESS  Length 1: 30 
181  0.00000000  ntvdm.exe  IRP_MJ_READ  Serial0  Length 1
181  0.00000372  SUCCESS  Length 1: 30 
186  0.00000000  ntvdm.exe  IRP_MJ_READ  Serial0  Length 1
186  0.00000338  SUCCESS  Length 1: 31 
191  0.00000000  ntvdm.exe  IRP_MJ_READ  Serial0  Length 1
191  0.00000730  SUCCESS  Length 1: 46 
196  0.00000000  ntvdm.exe  IRP_MJ_READ  Serial0  Length 1
196  0.00000385  SUCCESS  Length 1: 43 
201  0.00000000  ntvdm.exe  IRP_MJ_READ  Serial0  Length 1
201  0.00000333  SUCCESS  Length 1: 46 
206  0.00000000  ntvdm.exe  IRP_MJ_READ  Serial0  Length 1
206  0.00000336  SUCCESS  Length 1: 42 
211  0.00000000  ntvdm.exe  IRP_MJ_READ  Serial0  Length 1
211  0.00000376  SUCCESS  Length 1: 45 
226  0.00000000  ntvdm.exe  IRP_MJ_READ  Serial0  Length 1
226  0.00000408  SUCCESS  Length 1: 30 
231  0.00000000  ntvdm.exe  IRP_MJ_READ  Serial0  Length 1
231  0.00000358  SUCCESS  Length 1: 37 
236  0.00000000  ntvdm.exe  IRP_MJ_READ  Serial0  Length 1
236  0.00000368  SUCCESS  Length 1: 30 
241  0.00000000  ntvdm.exe  IRP_MJ_READ  Serial0  Length 1
241  0.00000352  SUCCESS  Length 1: 38 
246  0.00000000  ntvdm.exe  IRP_MJ_READ  Serial0  Length 1
246  0.00000357  SUCCESS  Length 1: 32 
251  0.00000000  ntvdm.exe  IRP_MJ_READ  Serial0  Length 1
251  0.00000371  SUCCESS  Length 1: 44 
256  0.00000000  ntvdm.exe  IRP_MJ_READ  Serial0  Length 1
256  0.00000321  SUCCESS  Length 1: 30 
261  0.00000000  ntvdm.exe  IRP_MJ_READ  Serial0  Length 1
261  0.00000348  SUCCESS  Length 1: 30 
276  0.00000000  ntvdm.exe  IRP_MJ_READ  Serial0  Length 1
276  0.00000396  SUCCESS  Length 1: 30 
281  0.00000000  ntvdm.exe  IRP_MJ_READ  Serial0  Length 1
281  0.00000373  SUCCESS  Length 1: 30 
286  0.00000000  ntvdm.exe  IRP_MJ_READ  Serial0  Length 1
286  0.00000357  SUCCESS  Length 1: 46 
291  0.00000000  ntvdm.exe  IRP_MJ_READ  Serial0  Length 1
291  0.00000362  SUCCESS  Length 1: 45 
296  0.00000000  ntvdm.exe  IRP_MJ_READ  Serial0  Length 1
296  0.00000374  SUCCESS  Length 1: 46 
301  0.00000000  ntvdm.exe  IRP_MJ_READ  Serial0  Length 1
301  0.00000358  SUCCESS  Length 1: 46 
306  0.00000000  ntvdm.exe  IRP_MJ_READ  Serial0  Length 1
306  0.00000354  SUCCESS  Length 1: 30 
311  0.00000000  ntvdm.exe  IRP_MJ_READ  Serial0  Length 1
311  0.00000420  SUCCESS  Length 1: 30 
326  0.00000000  ntvdm.exe  IRP_MJ_READ  Serial0  Length 1
326  0.00000432  SUCCESS  Length 1: 30 
331  0.00000000  ntvdm.exe  IRP_MJ_READ  Serial0  Length 1
331  0.00000352  SUCCESS  Length 1: 30 
336  0.00000000  ntvdm.exe  IRP_MJ_READ  Serial0  Length 1
336  0.00000779  SUCCESS  Length 1: 30 
341  0.00000000  ntvdm.exe  IRP_MJ_READ  Serial0  Length 1
341  0.00000380  SUCCESS  Length 1: 31 
346  0.00000000  ntvdm.exe  IRP_MJ_READ  Serial0  Length 1
346  0.00000333  SUCCESS  Length 1: 30 
351  0.00000000  ntvdm.exe  IRP_MJ_READ  Serial0  Length 1
351  0.00000428  SUCCESS  Length 1: 30 
356  0.00000000  ntvdm.exe  IRP_MJ_READ  Serial0  Length 1
356  0.00000353  SUCCESS  Length 1: 30 
361  0.00000000  ntvdm.exe  IRP_MJ_READ  Serial0  Length 1
361  0.00000375  SUCCESS  Length 1: 30 
376  0.00000000  ntvdm.exe  IRP_MJ_READ  Serial0  Length 1
376  0.00000393  SUCCESS  Length 1: 30 
381  0.00000000  ntvdm.exe  IRP_MJ_READ  Serial0  Length 1
381  0.00000327  SUCCESS  Length 1: 32 
386  0.00000000  ntvdm.exe  IRP_MJ_READ  Serial0  Length 1
386  0.00000394  SUCCESS  Length 1: 30 
391  0.00000000  ntvdm.exe  IRP_MJ_READ  Serial0  Length 1
391  0.00000361  SUCCESS  Length 1: 30 
396  0.00000000  ntvdm.exe  IRP_MJ_READ  Serial0  Length 1
396  0.00000349  SUCCESS  Length 1: 30 
401  0.00000000  ntvdm.exe  IRP_MJ_READ  Serial0  Length 1
401  0.00000351  SUCCESS  Length 1: 32 
406  0.00000000  ntvdm.exe  IRP_MJ_READ  Serial0  Length 1
406  0.00000356  SUCCESS  Length 1: 36 
411  0.00000000  ntvdm.exe  IRP_MJ_READ  Serial0  Length 1
411  0.00000341  SUCCESS  Length 1: 35 
426  0.00000000  ntvdm.exe  IRP_MJ_READ  Serial0  Length 1
426  0.00000389  SUCCESS  Length 1: 30 
431  0.00000000  ntvdm.exe  IRP_MJ_READ  Serial0  Length 1
431  0.00000921  SUCCESS  Length 1: 30 
436  0.00000000  ntvdm.exe  IRP_MJ_READ  Serial0  Length 1
436  0.00000347  SUCCESS  Length 1: 30 
441  0.00000000  ntvdm.exe  IRP_MJ_READ  Serial0  Length 1
441  0.00000365  SUCCESS  Length 1: 30 
446  0.00000000  ntvdm.exe  IRP_MJ_READ  Serial0  Length 1
446  0.00000343  SUCCESS  Length 1: 30 
451  0.00000000  ntvdm.exe  IRP_MJ_READ  Serial0  Length 1
451  0.00000365  SUCCESS  Length 1: 30 
456  0.00000000  ntvdm.exe  IRP_MJ_READ  Serial0  Length 1
456  0.00000328  SUCCESS  Length 1: 38 
461  0.00000000  ntvdm.exe  IRP_MJ_READ  Serial0  Length 1
461  0.00000345  SUCCESS  Length 1: 30 
476  0.00000000  ntvdm.exe  IRP_MJ_READ  Serial0  Length 1
476  0.00000374  SUCCESS  Length 1: 38 
481  0.00000000  ntvdm.exe  IRP_MJ_READ  Serial0  Length 1
481  0.00000408  SUCCESS  Length 1: 30 
486  0.00000000  ntvdm.exe  IRP_MJ_READ  Serial0  Length 1
486  0.00000342  SUCCESS  Length 1: 38 
491  0.00000000  ntvdm.exe  IRP_MJ_READ  Serial0  Length 1
491  0.00000385  SUCCESS  Length 1: 30 
496  0.00000000  ntvdm.exe  IRP_MJ_READ  Serial0  Length 1
496  0.00000348  SUCCESS  Length 1: 38 
501  0.00000000  ntvdm.exe  IRP_MJ_READ  Serial0  Length 1
501  0.00000344  SUCCESS  Length 1: 30 
506  0.00000000  ntvdm.exe  IRP_MJ_READ  Serial0  Length 1
506  0.00000356  SUCCESS  Length 1: 38 
511  0.00000000  ntvdm.exe  IRP_MJ_READ  Serial0  Length 1
511  0.00000353  SUCCESS  Length 1: 30 
526  0.00000000  ntvdm.exe  IRP_MJ_READ  Serial0  Length 1
526  0.00000346  SUCCESS  Length 1: 38 
531  0.00000000  ntvdm.exe  IRP_MJ_READ  Serial0  Length 1
531  0.00000349  SUCCESS  Length 1: 30 
536  0.00000000  ntvdm.exe  IRP_MJ_READ  Serial0  Length 1
536  0.00000362  SUCCESS  Length 1: 31 
541  0.00000000  ntvdm.exe  IRP_MJ_READ  Serial0  Length 1
541  0.00000464  SUCCESS  Length 1: 42 
546  0.00000000  ntvdm.exe  IRP_MJ_READ  Serial0  Length 1
546  0.00000329  SUCCESS  Length 1: 30 
551  0.00000000  ntvdm.exe  IRP_MJ_READ  Serial0  Length 1
551  0.00000333  SUCCESS  Length 1: 32 
556  0.00000000  ntvdm.exe  IRP_MJ_READ  Serial0  Length 1
556  0.00000347  SUCCESS  Length 1: 38 
561  0.00000000  ntvdm.exe  IRP_MJ_READ  Serial0  Length 1
561  0.00000348  SUCCESS  Length 1: 30 
576  0.00000000  ntvdm.exe  IRP_MJ_READ  Serial0  Length 1
576  0.00000401  SUCCESS  Length 1: 38 
581  0.00000000  ntvdm.exe  IRP_MJ_READ  Serial0  Length 1
581  0.00000359  SUCCESS  Length 1: 31 
586  0.00000000  ntvdm.exe  IRP_MJ_READ  Serial0  Length 1
586  0.00000349  SUCCESS  Length 1: 43 
603  0.00000000  ntvdm.exe  IRP_MJ_READ  Serial0  Length 1
603  0.00000384  SUCCESS  Length 1: 39 
608  0.00000000  ntvdm.exe  IRP_MJ_READ  Serial0  Length 1
608  0.00000373  SUCCESS  Length 1: 30 
613  0.00000000  ntvdm.exe  IRP_MJ_READ  Serial0  Length 1
613  0.00000346  SUCCESS  Length 1: 46 
618  0.00000000  ntvdm.exe  IRP_MJ_READ  Serial0  Length 1
618  0.00000387  SUCCESS  Length 1: 41 
623  0.00000000  ntvdm.exe  IRP_MJ_READ  Serial0  Length 1
623  0.00000339  SUCCESS  Length 1: 41 
628  0.00000000  ntvdm.exe  IRP_MJ_READ  Serial0  Length 1
628  0.00000369  SUCCESS  Length 1: 30 
633  0.00000000  ntvdm.exe  IRP_MJ_READ  Serial0  Length 1
633  0.00000359  SUCCESS  Length 1: 31 
638  0.00000000  ntvdm.exe  IRP_MJ_READ  Serial0  Length 1
638  0.00000369  SUCCESS  Length 1: 30 
653  0.00000000  ntvdm.exe  IRP_MJ_READ  Serial0  Length 1
653  0.00000369  SUCCESS  Length 1: 32 
658  0.00000000  ntvdm.exe  IRP_MJ_READ  Serial0  Length 1
658  0.00000327  SUCCESS  Length 1: 30 
663  0.00000000  ntvdm.exe  IRP_MJ_READ  Serial0  Length 1
663  0.00000374  SUCCESS  Length 1: 44 
668  0.00000000  ntvdm.exe  IRP_MJ_READ  Serial0  Length 1
668  0.00000366  SUCCESS  Length 1: 30 
673  0.00000000  ntvdm.exe  IRP_MJ_READ  Serial0  Length 1
673  0.00000365  SUCCESS  Length 1: 38 
678  0.00000000  ntvdm.exe  IRP_MJ_READ  Serial0  Length 1
678  0.00000351  SUCCESS  Length 1: 30 
683  0.00000000  ntvdm.exe  IRP_MJ_READ  Serial0  Length 1
683  0.00001101  SUCCESS  Length 1: 39 
688  0.00000000  ntvdm.exe  IRP_MJ_READ  Serial0  Length 1
688  0.00000324  SUCCESS  Length 1: 30 
703  0.00000000  ntvdm.exe  IRP_MJ_READ  Serial0  Length 1
703  0.00000370  SUCCESS  Length 1: 31 
708  0.00000000  ntvdm.exe  IRP_MJ_READ  Serial0  Length 1
708  0.00000361  SUCCESS  Length 1: 30 
713  0.00000000  ntvdm.exe  IRP_MJ_READ  Serial0  Length 1
713  0.00000342  SUCCESS  Length 1: 30 
718  0.00000000  ntvdm.exe  IRP_MJ_READ  Serial0  Length 1
718  0.00000376  SUCCESS  Length 1: 30 
723  0.00000000  ntvdm.exe  IRP_MJ_READ  Serial0  Length 1
723  0.00000382  SUCCESS  Length 1: 30 
728  0.00000000  ntvdm.exe  IRP_MJ_READ  Serial0  Length 1
728  0.00000353  SUCCESS  Length 1: 36 
733  0.00000000  ntvdm.exe  IRP_MJ_READ  Serial0  Length 1
733  0.00000399  SUCCESS  Length 1: 35 
738  0.00000000  ntvdm.exe  IRP_MJ_READ  Serial0  Length 1
738  0.00000348  SUCCESS  Length 1: 36 
753  0.00000000  ntvdm.exe  IRP_MJ_READ  Serial0  Length 1
753  0.00000450  SUCCESS  Length 1: 36 
758  0.00000000  ntvdm.exe  IRP_MJ_READ  Serial0  Length 1
758  0.00000347  SUCCESS  Length 1: 36 
763  0.00000000  ntvdm.exe  IRP_MJ_READ  Serial0  Length 1
763  0.00000379  SUCCESS  Length 1: 38 
768  0.00000000  ntvdm.exe  IRP_MJ_READ  Serial0  Length 1
768  0.00000352  SUCCESS  Length 1: 30 
773  0.00000000  ntvdm.exe  IRP_MJ_READ  Serial0  Length 1
773  0.00000345  SUCCESS  Length 1: 33 
778  0.00000000  ntvdm.exe  IRP_MJ_READ  Serial0  Length 1
778  0.00000331  SUCCESS  Length 1: 34 
783  0.00000000  ntvdm.exe  IRP_MJ_READ  Serial0  Length 1
783  0.00000355  SUCCESS  Length 1: 32 
788  0.00000000  ntvdm.exe  IRP_MJ_READ  Serial0  Length 1
788  0.00000320  SUCCESS  Length 1: 37 
803  0.00000000  ntvdm.exe  IRP_MJ_READ  Serial0  Length 1
803  0.00000388  SUCCESS  Length 1: 32 
808  0.00000000  ntvdm.exe  IRP_MJ_READ  Serial0  Length 1
808  0.00000381  SUCCESS  Length 1: 30 
813  0.00000000  ntvdm.exe  IRP_MJ_READ  Serial0  Length 1
813  0.00000362  SUCCESS  Length 1: 30 
818  0.00000000  ntvdm.exe  IRP_MJ_READ  Serial0  Length 1
818  0.00000382  SUCCESS  Length 1: 30 
823  0.00000000  ntvdm.exe  IRP_MJ_READ  Serial0  Length 1
823  0.00000434  SUCCESS  Length 1: 30 
828  0.00000000  ntvdm.exe  IRP_MJ_READ  Serial0  Length 1
828  0.00001007  SUCCESS  Length 1: 30 
833  0.00000000  ntvdm.exe  IRP_MJ_READ  Serial0  Length 1
833  0.00000331  SUCCESS  Length 1: 30 
838  0.00000000  ntvdm.exe  IRP_MJ_READ  Serial0  Length 1
838  0.00000344  SUCCESS  Length 1: 30 
852  0.00000000  ntvdm.exe  IRP_MJ_READ  Serial0  Length 1
852  0.00000411  SUCCESS  Length 1: 34 
858  0.00000000  ntvdm.exe  IRP_MJ_READ  Serial0  Length 1
858  0.00000370  SUCCESS  Length 1: 31 
863  0.00000000  ntvdm.exe  IRP_MJ_READ  Serial0  Length 1
863  0.00000336  SUCCESS  Length 1: 38 
878  0.00000000  ntvdm.exe  IRP_MJ_READ  Serial0  Length 1
878  0.00000354  SUCCESS  Length 1: 30 
883  0.00000000  ntvdm.exe  IRP_MJ_READ  Serial0  Length 1
883  0.00000346  SUCCESS  Length 1: 30 
888  0.00000000  ntvdm.exe  IRP_MJ_READ  Serial0  Length 1
888  0.00000351  SUCCESS  Length 1: 30 
893  0.00000000  ntvdm.exe  IRP_MJ_READ  Serial0  Length 1
893  0.00000329  SUCCESS  Length 1: 30 
898  0.00000000  ntvdm.exe  IRP_MJ_READ  Serial0  Length 1
898  0.00000337  SUCCESS  Length 1: 30 
903  0.00000000  ntvdm.exe  IRP_MJ_READ  Serial0  Length 1
903  0.00000356  SUCCESS  Length 1: 30 
908  0.00000000  ntvdm.exe  IRP_MJ_READ  Serial0  Length 1
908  0.00000352  SUCCESS  Length 1: 30 
913  0.00000000  ntvdm.exe  IRP_MJ_READ  Serial0  Length 1
913  0.00000318  SUCCESS  Length 1: 30 
928  0.00000000  ntvdm.exe  IRP_MJ_READ  Serial0  Length 1
928  0.00000404  SUCCESS  Length 1: 30 
933  0.00000000  ntvdm.exe  IRP_MJ_READ  Serial0  Length 1
933  0.00000395  SUCCESS  Length 1: 30 
938  0.00000000  ntvdm.exe  IRP_MJ_READ  Serial0  Length 1
938  0.00000362  SUCCESS  Length 1: 30 
943  0.00000000  ntvdm.exe  IRP_MJ_READ  Serial0  Length 1
943  0.00000322  SUCCESS  Length 1: 30 
948  0.00000000  ntvdm.exe  IRP_MJ_READ  Serial0  Length 1
948  0.00000375  SUCCESS  Length 1: 30 
953  0.00000000  ntvdm.exe  IRP_MJ_READ  Serial0  Length 1
953  0.00000418  SUCCESS  Length 1: 30 
958  0.00000000  ntvdm.exe  IRP_MJ_READ  Serial0  Length 1
958  0.00000370  SUCCESS  Length 1: 30 
963  0.00000000  ntvdm.exe  IRP_MJ_READ  Serial0  Length 1
963  0.00000347  SUCCESS  Length 1: 30 
978  0.00000000  ntvdm.exe  IRP_MJ_READ  Serial0  Length 1
978  0.00000423  SUCCESS  Length 1: 30 
983  0.00000000  ntvdm.exe  IRP_MJ_READ  Serial0  Length 1
983  0.00000361  SUCCESS  Length 1: 30 
988  0.00000000  ntvdm.exe  IRP_MJ_READ  Serial0  Length 1
988  0.00000352  SUCCESS  Length 1: 30 
993  0.00000000  ntvdm.exe  IRP_MJ_READ  Serial0  Length 1
993  0.00000354  SUCCESS  Length 1: 30 
998  0.00000000  ntvdm.exe  IRP_MJ_READ  Serial0  Length 1
998  0.00000388  SUCCESS  Length 1: 30 
1003  0.00000000  ntvdm.exe  IRP_MJ_READ  Serial0  Length 1
1003  0.00000341  SUCCESS  Length 1: 30 
1008  0.00000000  ntvdm.exe  IRP_MJ_READ  Serial0  Length 1
1008  0.00000362  SUCCESS  Length 1: 30 
1013  0.00000000  ntvdm.exe  IRP_MJ_READ  Serial0  Length 1
1013  0.00000411  SUCCESS  Length 1: 30 
1028  0.00000000  ntvdm.exe  IRP_MJ_READ  Serial0  Length 1
1028  0.00000413  SUCCESS  Length 1: 31 
1033  0.00000000  ntvdm.exe  IRP_MJ_READ  Serial0  Length 1
1033  0.00000403  SUCCESS  Length 1: 30 
1038  0.00000000  ntvdm.exe  IRP_MJ_READ  Serial0  Length 1
1038  0.00000355  SUCCESS  Length 1: 38 
1043  0.00000000  ntvdm.exe  IRP_MJ_READ  Serial0  Length 1
1043  0.00000387  SUCCESS  Length 1: 30 
1048  0.00000000  ntvdm.exe  IRP_MJ_READ  Serial0  Length 1
1048  0.00000378  SUCCESS  Length 1: 30 
1053  0.00000000  ntvdm.exe  IRP_MJ_READ  Serial0  Length 1
1053  0.00000375  SUCCESS  Length 1: 32 
1058  0.00000000  ntvdm.exe  IRP_MJ_READ  Serial0  Length 1
1058  0.00000365  SUCCESS  Length 1: 31 
1063  0.00000000  ntvdm.exe  IRP_MJ_READ  Serial0  Length 1
1063  0.00001100  SUCCESS  Length 1: 46 
1076  0.00000000  ntvdm.exe  IRP_MJ_READ  Serial0  Length 1
1076  0.00000382  SUCCESS  Length 1: 30 
1083  0.00000000  ntvdm.exe  IRP_MJ_READ  Serial0  Length 1
1083  0.00000357  SUCCESS  Length 1: 32 
1088  0.00000000  ntvdm.exe  IRP_MJ_READ  Serial0  Length 1
1088  0.00000358  SUCCESS  Length 1: 35 
1093  0.00000000  ntvdm.exe  IRP_MJ_READ  Serial0  Length 1
1093  0.00000401  SUCCESS  Length 1: 30 
1098  0.00000000  ntvdm.exe  IRP_MJ_READ  Serial0  Length 1
1098  0.00000355  SUCCESS  Length 1: 32 
1103  0.00000000  ntvdm.exe  IRP_MJ_READ  Serial0  Length 1
1103  0.00000353  SUCCESS  Length 1: 30 
1108  0.00000000  ntvdm.exe  IRP_MJ_READ  Serial0  Length 1
1108  0.00000381  SUCCESS  Length 1: 31 
1113  0.00000000  ntvdm.exe  IRP_MJ_READ  Serial0  Length 1
1113  0.00000350  SUCCESS  Length 1: 30 
1128  0.00000000  ntvdm.exe  IRP_MJ_READ  Serial0  Length 1
1128  0.00000373  SUCCESS  Length 1: 38 
1133  0.00000000  ntvdm.exe  IRP_MJ_READ  Serial0  Length 1
1133  0.00000351  SUCCESS  Length 1: 30 
1138  0.00000000  ntvdm.exe  IRP_MJ_READ  Serial0  Length 1
1138  0.00000364  SUCCESS  Length 1: 30 
1153  0.00000000  ntvdm.exe  IRP_MJ_READ  Serial0  Length 1
1153  0.00000401  SUCCESS  Length 1: 32 
1158  0.00000000  ntvdm.exe  IRP_MJ_READ  Serial0  Length 1
1158  0.00000397  SUCCESS  Length 1: 45 
1163  0.00000000  ntvdm.exe  IRP_MJ_READ  Serial0  Length 1
1163  0.00000821  SUCCESS  Length 1: 38 
1168  0.00000000  ntvdm.exe  IRP_MJ_READ  Serial0  Length 1
1168  0.00000356  SUCCESS  Length 1: 30 
1173  0.00000000  ntvdm.exe  IRP_MJ_READ  Serial0  Length 1
1173  0.00000347  SUCCESS  Length 1: 33 
1178  0.00000000  ntvdm.exe  IRP_MJ_READ  Serial0  Length 1
1178  0.00000452  SUCCESS  Length 1: 30 
1183  0.00000000  ntvdm.exe  IRP_MJ_READ  Serial0  Length 1
1183  0.00000363  SUCCESS  Length 1: 35 
1188  0.00000000  ntvdm.exe  IRP_MJ_READ  Serial0  Length 1
1188  0.00000375  SUCCESS  Length 1: 31 
1202  0.00000000  ntvdm.exe  IRP_MJ_READ  Serial0  Length 1
1202  0.00000494  SUCCESS  Length 1: 38 
1208  0.00000000  ntvdm.exe  IRP_MJ_READ  Serial0  Length 1
1208  0.00000346  SUCCESS  Length 1: 30 
1213  0.00000000  ntvdm.exe  IRP_MJ_READ  Serial0  Length 1
1213  0.00000322  SUCCESS  Length 1: 30 
1218  0.00000000  ntvdm.exe  IRP_MJ_READ  Serial0  Length 1
1218  0.00000311  SUCCESS  Length 1: 30 
1223  0.00000000  ntvdm.exe  IRP_MJ_READ  Serial0  Length 1
1223  0.00000355  SUCCESS  Length 1: 30 
1228  0.00000000  ntvdm.exe  IRP_MJ_READ  Serial0  Length 1
1228  0.00000304  SUCCESS  Length 1: 30 
1233  0.00000000  ntvdm.exe  IRP_MJ_READ  Serial0  Length 1
1233  0.00000299  SUCCESS  Length 1: 30 
1238  0.00000000  ntvdm.exe  IRP_MJ_READ  Serial0  Length 1
1238  0.00000321  SUCCESS  Length 1: 30 
1249  0.00000000  ntvdm.exe  IRP_MJ_READ  Serial0  Length 1
1249  0.00000388  SUCCESS  Length 1: 30 
1254  0.00000000  ntvdm.exe  IRP_MJ_READ  Serial0  Length 1
1254  0.00000332  SUCCESS  Length 1: 30 
1259  0.00000000  ntvdm.exe  IRP_MJ_READ  Serial0  Length 1
1259  0.00000318  SUCCESS  Length 1: 30 
1264  0.00000000  ntvdm.exe  IRP_MJ_READ  Serial0  Length 1
1264  0.00000383  SUCCESS  Length 1: 30 
1269  0.00000000  ntvdm.exe  IRP_MJ_READ  Serial0  Length 1
1269  0.00000315  SUCCESS  Length 1: 30 
1275  0.00000000  ntvdm.exe  IRP_MJ_READ  Serial0  Length 1
1275  0.00000321  SUCCESS  Length 1: 30 
1282  0.00000000  ntvdm.exe  IRP_MJ_READ  Serial0  Length 1
1282  0.00000424  SUCCESS  Length 1: 30 
1288  0.00000000  ntvdm.exe  IRP_MJ_READ  Serial0  Length 1
1288  0.00000335  SUCCESS  Length 1: 30 
1299  0.00000000  ntvdm.exe  IRP_MJ_READ  Serial0  Length 1
1299  0.00000410  SUCCESS  Length 1: 30 
1304  0.00000000  ntvdm.exe  IRP_MJ_READ  Serial0  Length 1
1304  0.00000375  SUCCESS  Length 1: 30 
1309  0.00000000  ntvdm.exe  IRP_MJ_READ  Serial0  Length 1
1309  0.00000333  SUCCESS  Length 1: 30 
1318  0.00000000  ntvdm.exe  IRP_MJ_READ  Serial0  Length 1
1318  0.00000400  SUCCESS  Length 1: 30 
1323  0.00000000  ntvdm.exe  IRP_MJ_READ  Serial0  Length 1
1323  0.00000343  SUCCESS  Length 1: 30 
1328  0.00000000  ntvdm.exe  IRP_MJ_READ  Serial0  Length 1
1328  0.00000406  SUCCESS  Length 1: 30 
1333  0.00000000  ntvdm.exe  IRP_MJ_READ  Serial0  Length 1
1333  0.00000333  SUCCESS  Length 1: 30 
1338  0.00000000  ntvdm.exe  IRP_MJ_READ  Serial0  Length 1
1338  0.00000341  SUCCESS  Length 1: 30 
1350  0.00000000  ntvdm.exe  IRP_MJ_READ  Serial0  Length 1
1350  0.00000419  SUCCESS  Length 1: 30 
1355  0.00000000  ntvdm.exe  IRP_MJ_READ  Serial0  Length 1
1355  0.00000365  SUCCESS  Length 1: 31 
1362  0.00000000  ntvdm.exe  IRP_MJ_READ  Serial0  Length 1
1362  0.00000458  SUCCESS  Length 1: 30 
1368  0.00000000  ntvdm.exe  IRP_MJ_READ  Serial0  Length 1
1368  0.00000354  SUCCESS  Length 1: 38 
1373  0.00000000  ntvdm.exe  IRP_MJ_READ  Serial0  Length 1
1373  0.00001901  SUCCESS  Length 1: 30 
1378  0.00000000  ntvdm.exe  IRP_MJ_READ  Serial0  Length 1
1378  0.00000377  SUCCESS  Length 1: 30 
1383  0.00000000  ntvdm.exe  IRP_MJ_READ  Serial0  Length 1
1383  0.00000374  SUCCESS  Length 1: 30 
1388  0.00000000  ntvdm.exe  IRP_MJ_READ  Serial0  Length 1
1388  0.00000333  SUCCESS  Length 1: 31 
1403  0.00000000  ntvdm.exe  IRP_MJ_READ  Serial0  Length 1
1403  0.00000437  SUCCESS  Length 1: 46 
1408  0.00000000  ntvdm.exe  IRP_MJ_READ  Serial0  Length 1
1408  0.00000335  SUCCESS  Length 1: 30 
1413  0.00000000  ntvdm.exe  IRP_MJ_READ  Serial0  Length 1
1413  0.00000325  SUCCESS  Length 1: 32 
1425  0.00000000  ntvdm.exe  IRP_MJ_READ  Serial0  Length 1
1425  0.00000428  SUCCESS  Length 1: 32 
1430  0.00000000  ntvdm.exe  IRP_MJ_READ  Serial0  Length 1
1430  0.00000328  SUCCESS  Length 1: 30 
1435  0.00000000  ntvdm.exe  IRP_MJ_READ  Serial0  Length 1
1435  0.00000324  SUCCESS  Length 1: 31 
1442  0.00000000  ntvdm.exe  IRP_MJ_READ  Serial0  Length 1
1442  0.00000327  SUCCESS  Length 1: 30 
1447  0.00000000  ntvdm.exe  IRP_MJ_READ  Serial0  Length 1
1447  0.00000322  SUCCESS  Length 1: 35 
1453  0.00000000  ntvdm.exe  IRP_MJ_READ  Serial0  Length 1
1453  0.00000318  SUCCESS  Length 1: 30 
1458  0.00000000  ntvdm.exe  IRP_MJ_READ  Serial0  Length 1
1458  0.00000340  SUCCESS  Length 1: 38 
1463  0.00000000  ntvdm.exe  IRP_MJ_READ  Serial0  Length 1
1463  0.00000419  SUCCESS  Length 1: 30 
1474  0.00000000  ntvdm.exe  IRP_MJ_READ  Serial0  Length 1
1474  0.00000420  SUCCESS  Length 1: 30 
1479  0.00000000  ntvdm.exe  IRP_MJ_READ  Serial0  Length 1
1479  0.00000312  SUCCESS  Length 1: 32 
1484  0.00000000  ntvdm.exe  IRP_MJ_READ  Serial0  Length 1
1484  0.00000331  SUCCESS  Length 1: 45 
1489  0.00000000  ntvdm.exe  IRP_MJ_READ  Serial0  Length 1
1489  0.00000308  SUCCESS  Length 1: 38 
1497  0.00000000  ntvdm.exe  IRP_MJ_READ  Serial0  Length 1
1497  0.00000341  SUCCESS  Length 1: 30 
1502  0.00000000  ntvdm.exe  IRP_MJ_READ  Serial0  Length 1
1502  0.00000349  SUCCESS  Length 1: 33 
1507  0.00000000  ntvdm.exe  IRP_MJ_READ  Serial0  Length 1
1507  0.00000300  SUCCESS  Length 1: 30 
1513  0.00000000  ntvdm.exe  IRP_MJ_READ  Serial0  Length 1
1513  0.00000365  SUCCESS  Length 1: 36 
1525  0.00000000  ntvdm.exe  IRP_MJ_READ  Serial0  Length 1
1525  0.00000398  SUCCESS  Length 1: 31 
1530  0.00000000  ntvdm.exe  IRP_MJ_READ  Serial0  Length 1
1530  0.00000317  SUCCESS  Length 1: 38 
1535  0.00000000  ntvdm.exe  IRP_MJ_READ  Serial0  Length 1
1535  0.00000324  SUCCESS  Length 1: 30 
1540  0.00000000  ntvdm.exe  IRP_MJ_READ  Serial0  Length 1
1540  0.00000339  SUCCESS  Length 1: 30 
1545  0.00000000  ntvdm.exe  IRP_MJ_READ  Serial0  Length 1
1545  0.00000326  SUCCESS  Length 1: 30 
1550  0.00000000  ntvdm.exe  IRP_MJ_READ  Serial0  Length 1
1550  0.00000305  SUCCESS  Length 1: 30 
1555  0.00000000  ntvdm.exe  IRP_MJ_READ  Serial0  Length 1
1555  0.00000332  SUCCESS  Length 1: 30 
1560  0.00000000  ntvdm.exe  IRP_MJ_READ  Serial0  Length 1
1560  0.00000398  SUCCESS  Length 1: 30 
1579  0.00000000  ntvdm.exe  IRP_MJ_READ  Serial0  Length 1
1579  0.00000417  SUCCESS  Length 1: 30 
1585  0.00000000  ntvdm.exe  IRP_MJ_READ  Serial0  Length 1
1585  0.00000367  SUCCESS  Length 1: 30 
1590  0.00000000  ntvdm.exe  IRP_MJ_READ  Serial0  Length 1
1590  0.00000354  SUCCESS  Length 1: 30 
1595  0.00000000  ntvdm.exe  IRP_MJ_READ  Serial0  Length 1
1595  0.00000366  SUCCESS  Length 1: 30 
1600  0.00000000  ntvdm.exe  IRP_MJ_READ  Serial0  Length 1
1600  0.00000361  SUCCESS  Length 1: 30 
1605  0.00000000  ntvdm.exe  IRP_MJ_READ  Serial0  Length 1
1605  0.00000404  SUCCESS  Length 1: 30 
1610  0.00000000  ntvdm.exe  IRP_MJ_READ  Serial0  Length 1
1610  0.00000361  SUCCESS  Length 1: 30 
1615  0.00000000  ntvdm.exe  IRP_MJ_READ  Serial0  Length 1
1615  0.00000373  SUCCESS  Length 1: 30 
1630  0.00000000  ntvdm.exe  IRP_MJ_READ  Serial0  Length 1
1630  0.00000467  SUCCESS  Length 1: 30 
1635  0.00000000  ntvdm.exe  IRP_MJ_READ  Serial0  Length 1
1635  0.00000352  SUCCESS  Length 1: 30 
1640  0.00000000  ntvdm.exe  IRP_MJ_READ  Serial0  Length 1
1640  0.00000338  SUCCESS  Length 1: 30 
1645  0.00000000  ntvdm.exe  IRP_MJ_READ  Serial0  Length 1
1645  0.00000351  SUCCESS  Length 1: 30 
1650  0.00000000  ntvdm.exe  IRP_MJ_READ  Serial0  Length 1
1650  0.00000351  SUCCESS  Length 1: 30 
1655  0.00000000  ntvdm.exe  IRP_MJ_READ  Serial0  Length 1
1655  0.00000373  SUCCESS  Length 1: 30 
1660  0.00000000  ntvdm.exe  IRP_MJ_READ  Serial0  Length 1
1660  0.00000402  SUCCESS  Length 1: 30 
1665  0.00000000  ntvdm.exe  IRP_MJ_READ  Serial0  Length 1
1665  0.00000393  SUCCESS  Length 1: 30 
1676  0.00000000  ntvdm.exe  IRP_MJ_READ  Serial0  Length 1
1676  0.00003534  SUCCESS  Length 1: 30 
1681  0.00000000  ntvdm.exe  IRP_MJ_READ  Serial0  Length 1
1681  0.00000345  SUCCESS  Length 1: 30 
1687  0.00000000  ntvdm.exe  IRP_MJ_READ  Serial0  Length 1
1687  0.00000340  SUCCESS  Length 1: 31 
1702  0.00000000  ntvdm.exe  IRP_MJ_READ  Serial0  Length 1
1702  0.00000414  SUCCESS  Length 1: 30 
1707  0.00000000  ntvdm.exe  IRP_MJ_READ  Serial0  Length 1
1707  0.00000336  SUCCESS  Length 1: 38 
1712  0.00000000  ntvdm.exe  IRP_MJ_READ  Serial0  Length 1
1712  0.00000326  SUCCESS  Length 1: 30 
1717  0.00000000  ntvdm.exe  IRP_MJ_READ  Serial0  Length 1
1717  0.00000311  SUCCESS  Length 1: 35 
1722  0.00000000  ntvdm.exe  IRP_MJ_READ  Serial0  Length 1
1722  0.00000323  SUCCESS  Length 1: 30 
1727  0.00000000  ntvdm.exe  IRP_MJ_READ  Serial0  Length 1
1727  0.00000322  SUCCESS  Length 1: 31 
1732  0.00000000  ntvdm.exe  IRP_MJ_READ  Serial0  Length 1
1732  0.00000332  SUCCESS  Length 1: 46 
1737  0.00000000  ntvdm.exe  IRP_MJ_READ  Serial0  Length 1
1737  0.00000322  SUCCESS  Length 1: 30 
1754  0.00000000  ntvdm.exe  IRP_MJ_READ  Serial0  Length 1
1754  0.00000371  SUCCESS  Length 1: 30 
1759  0.00000000  ntvdm.exe  IRP_MJ_READ  Serial0  Length 1
1759  0.00000348  SUCCESS  Length 1: 31 
1764  0.00000000  ntvdm.exe  IRP_MJ_READ  Serial0  Length 1
1764  0.00000354  SUCCESS  Length 1: 30 
1769  0.00000000  ntvdm.exe  IRP_MJ_READ  Serial0  Length 1
1769  0.00000322  SUCCESS  Length 1: 32 
1774  0.00000000  ntvdm.exe  IRP_MJ_READ  Serial0  Length 1
1774  0.00000362  SUCCESS  Length 1: 30 
1779  0.00000000  ntvdm.exe  IRP_MJ_READ  Serial0  Length 1
1779  0.00000341  SUCCESS  Length 1: 35 
1784  0.00000000  ntvdm.exe  IRP_MJ_READ  Serial0  Length 1
1784  0.00000323  SUCCESS  Length 1: 30 
1789  0.00000000  ntvdm.exe  IRP_MJ_READ  Serial0  Length 1
1789  0.00000326  SUCCESS  Length 1: 38 
1803  0.00000000  ntvdm.exe  IRP_MJ_READ  Serial0  Length 1
1803  0.00000608  SUCCESS  Length 1: 30 
1808  0.00000000  ntvdm.exe  IRP_MJ_READ  Serial0  Length 1
1808  0.00000346  SUCCESS  Length 1: 30 
1814  0.00000000  ntvdm.exe  IRP_MJ_READ  Serial0  Length 1
1814  0.00000349  SUCCESS  Length 1: 32 
1819  0.00000000  ntvdm.exe  IRP_MJ_READ  Serial0  Length 1
1819  0.00000365  SUCCESS  Length 1: 45 
1824  0.00000000  ntvdm.exe  IRP_MJ_READ  Serial0  Length 1
1824  0.00000379  SUCCESS  Length 1: 38 
1829  0.00000000  ntvdm.exe  IRP_MJ_READ  Serial0  Length 1
1829  0.00000382  SUCCESS  Length 1: 30 
1834  0.00000000  ntvdm.exe  IRP_MJ_READ  Serial0  Length 1
1834  0.00000381  SUCCESS  Length 1: 33 
1839  0.00000000  ntvdm.exe  IRP_MJ_READ  Serial0  Length 1
1839  0.00000571  SUCCESS  Length 1: 30 
1854  0.00000000  ntvdm.exe  IRP_MJ_READ  Serial0  Length 1
1854  0.00000407  SUCCESS  Length 1: 37 
1859  0.00000000  ntvdm.exe  IRP_MJ_READ  Serial0  Length 1
1859  0.00000392  SUCCESS  Length 1: 31 
1864  0.00000000  ntvdm.exe  IRP_MJ_READ  Serial0  Length 1
1864  0.00001337  SUCCESS  Length 1: 38 
1869  0.00000000  ntvdm.exe  IRP_MJ_READ  Serial0  Length 1
1869  0.00000364  SUCCESS  Length 1: 30 
1874  0.00000000  ntvdm.exe  IRP_MJ_READ  Serial0  Length 1
1874  0.00000343  SUCCESS  Length 1: 30 
1879  0.00000000  ntvdm.exe  IRP_MJ_READ  Serial0  Length 1
1879  0.00000385  SUCCESS  Length 1: 30 
1884  0.00000000  ntvdm.exe  IRP_MJ_READ  Serial0  Length 1
1884  0.00000330  SUCCESS  Length 1: 30 
1889  0.00000000  ntvdm.exe  IRP_MJ_READ  Serial0  Length 1
1889  0.00000317  SUCCESS  Length 1: 30 
1901  0.00000000  ntvdm.exe  IRP_MJ_READ  Serial0  Length 1
1901  0.00000414  SUCCESS  Length 1: 30 
1909  0.00000000  ntvdm.exe  IRP_MJ_READ  Serial0  Length 1
1909  0.00000341  SUCCESS  Length 1: 30 
1914  0.00000000  ntvdm.exe  IRP_MJ_READ  Serial0  Length 1
1914  0.00000360  SUCCESS  Length 1: 30 
1919  0.00000000  ntvdm.exe  IRP_MJ_READ  Serial0  Length 1
1919  0.00000349  SUCCESS  Length 1: 30 
1924  0.00000000  ntvdm.exe  IRP_MJ_READ  Serial0  Length 1
1924  0.00000324  SUCCESS  Length 1: 30 
1929  0.00000000  ntvdm.exe  IRP_MJ_READ  Serial0  Length 1
1929  0.00000404  SUCCESS  Length 1: 30 
1934  0.00000000  ntvdm.exe  IRP_MJ_READ  Serial0  Length 1
1934  0.00000418  SUCCESS  Length 1: 30 
1939  0.00000000  ntvdm.exe  IRP_MJ_READ  Serial0  Length 1
1939  0.00000378  SUCCESS  Length 1: 30 
1953  0.00000000  ntvdm.exe  IRP_MJ_READ  Serial0  Length 1
1953  0.00000389  SUCCESS  Length 1: 30 
1959  0.00000000  ntvdm.exe  IRP_MJ_READ  Serial0  Length 1
1959  0.00000349  SUCCESS  Length 1: 30 
1964  0.00000000  ntvdm.exe  IRP_MJ_READ  Serial0  Length 1
1964  0.00000443  SUCCESS  Length 1: 30 
1979  0.00000000  ntvdm.exe  IRP_MJ_READ  Serial0  Length 1
1979  0.00000325  SUCCESS  Length 1: 30 
1984  0.00000000  ntvdm.exe  IRP_MJ_READ  Serial0  Length 1
1984  0.00000260  SUCCESS  Length 1: 30 
1989  0.00000000  ntvdm.exe  IRP_MJ_READ  Serial0  Length 1
1989  0.00000255  SUCCESS  Length 1: 30 
1994  0.00000000  ntvdm.exe  IRP_MJ_READ  Serial0  Length 1
1994  0.00000252  SUCCESS  Length 1: 30 
1999  0.00000000  ntvdm.exe  IRP_MJ_READ  Serial0  Length 1
1999  0.00000241  SUCCESS  Length 1: 30 
2004  0.00000000  ntvdm.exe  IRP_MJ_READ  Serial0  Length 1
2004  0.00000249  SUCCESS  Length 1: 30 
2009  0.00000000  ntvdm.exe  IRP_MJ_READ  Serial0  Length 1
2009  0.00000249  SUCCESS  Length 1: 30 
2014  0.00000000  ntvdm.exe  IRP_MJ_READ  Serial0  Length 1
2014  0.00000250  SUCCESS  Length 1: 30 
2029  0.00000000  ntvdm.exe  IRP_MJ_READ  Serial0  Length 1
2029  0.00000321  SUCCESS  Length 1: 31 
2034  0.00000000  ntvdm.exe  IRP_MJ_READ  Serial0  Length 1
2034  0.00000253  SUCCESS  Length 1: 43 
2039  0.00000000  ntvdm.exe  IRP_MJ_READ  Serial0  Length 1
2039  0.00000246  SUCCESS  Length 1: 38 
2044  0.00000000  ntvdm.exe  IRP_MJ_READ  Serial0  Length 1
2044  0.00000245  SUCCESS  Length 1: 30 
2049  0.00000000  ntvdm.exe  IRP_MJ_READ  Serial0  Length 1
2049  0.00000251  SUCCESS  Length 1: 30 
2054  0.00000000  ntvdm.exe  IRP_MJ_READ  Serial0  Length 1
2054  0.00000248  SUCCESS  Length 1: 30 
2059  0.00000000  ntvdm.exe  IRP_MJ_READ  Serial0  Length 1
2059  0.00000241  SUCCESS  Length 1: 31 
2064  0.00000000  ntvdm.exe  IRP_MJ_READ  Serial0  Length 1
2064  0.00000254  SUCCESS  Length 1: 46 
2079  0.00000000  ntvdm.exe  IRP_MJ_READ  Serial0  Length 1
2079  0.00000270  SUCCESS  Length 1: 30 
2084  0.00000000  ntvdm.exe  IRP_MJ_READ  Serial0  Length 1
2084  0.00000249  SUCCESS  Length 1: 30 
2089  0.00000000  ntvdm.exe  IRP_MJ_READ  Serial0  Length 1
2089  0.00000242  SUCCESS  Length 1: 31 
2094  0.00000000  ntvdm.exe  IRP_MJ_READ  Serial0  Length 1
2094  0.00000249  SUCCESS  Length 1: 30 
2099  0.00000000  ntvdm.exe  IRP_MJ_READ  Serial0  Length 1
2099  0.00000249  SUCCESS  Length 1: 32 
2104  0.00000000  ntvdm.exe  IRP_MJ_READ  Serial0  Length 1
2104  0.00000248  SUCCESS  Length 1: 30 
2109  0.00000000  ntvdm.exe  IRP_MJ_READ  Serial0  Length 1
2109  0.00000247  SUCCESS  Length 1: 35 
2114  0.00000000  ntvdm.exe  IRP_MJ_READ  Serial0  Length 1
2114  0.00000248  SUCCESS  Length 1: 30 
2129  0.00000000  ntvdm.exe  IRP_MJ_READ  Serial0  Length 1
2129  0.00000274  SUCCESS  Length 1: 38 
2134  0.00000000  ntvdm.exe  IRP_MJ_READ  Serial0  Length 1
2134  0.00000249  SUCCESS  Length 1: 30 
2139  0.00000000  ntvdm.exe  IRP_MJ_READ  Serial0  Length 1
2139  0.00000247  SUCCESS  Length 1: 30 
2144  0.00000000  ntvdm.exe  IRP_MJ_READ  Serial0  Length 1
2144  0.00000245  SUCCESS  Length 1: 32 
2149  0.00000000  ntvdm.exe  IRP_MJ_READ  Serial0  Length 1
2149  0.00000237  SUCCESS  Length 1: 45 
2154  0.00000000  ntvdm.exe  IRP_MJ_READ  Serial0  Length 1
2154  0.00000371  SUCCESS  Length 1: 38 
2159  0.00000000  ntvdm.exe  IRP_MJ_READ  Serial0  Length 1
2159  0.00000298  SUCCESS  Length 1: 30 
2164  0.00000000  ntvdm.exe  IRP_MJ_READ  Serial0  Length 1
2164  0.00000246  SUCCESS  Length 1: 33 
2179  0.00000000  ntvdm.exe  IRP_MJ_READ  Serial0  Length 1
2179  0.00000262  SUCCESS  Length 1: 30 
2184  0.00000000  ntvdm.exe  IRP_MJ_READ  Serial0  Length 1
2184  0.00000243  SUCCESS  Length 1: 43 
2189  0.00000000  ntvdm.exe  IRP_MJ_READ  Serial0  Length 1
2189  0.00000239  SUCCESS  Length 1: 30 
2194  0.00000000  ntvdm.exe  IRP_MJ_READ  Serial0  Length 1
2194  0.00000241  SUCCESS  Length 1: 32 
2199  0.00000000  ntvdm.exe  IRP_MJ_READ  Serial0  Length 1
2199  0.00000240  SUCCESS  Length 1: 30 
2204  0.00000000  ntvdm.exe  IRP_MJ_READ  Serial0  Length 1
2204  0.00000239  SUCCESS  Length 1: 38 
2209  0.00000000  ntvdm.exe  IRP_MJ_READ  Serial0  Length 1
2209  0.00000241  SUCCESS  Length 1: 30 
2214  0.00000000  ntvdm.exe  IRP_MJ_READ  Serial0  Length 1
2214  0.00000250  SUCCESS  Length 1: 30 
2229  0.00000000  ntvdm.exe  IRP_MJ_READ  Serial0  Length 1
2229  0.00000273  SUCCESS  Length 1: 38 
2234  0.00000000  ntvdm.exe  IRP_MJ_READ  Serial0  Length 1
2234  0.00000238  SUCCESS  Length 1: 30 
2239  0.00000000  ntvdm.exe  IRP_MJ_READ  Serial0  Length 1
2239  0.00000248  SUCCESS  Length 1: 31 
2254  0.00000000  ntvdm.exe  IRP_MJ_READ  Serial0  Length 1
2254  0.00000320  SUCCESS  Length 1: 30 
2259  0.00000000  ntvdm.exe  IRP_MJ_READ  Serial0  Length 1
2259  0.00000257  SUCCESS  Length 1: 30 
2264  0.00000000  ntvdm.exe  IRP_MJ_READ  Serial0  Length 1
2264  0.00000251  SUCCESS  Length 1: 30 
2269  0.00000000  ntvdm.exe  IRP_MJ_READ  Serial0  Length 1
2269  0.00000248  SUCCESS  Length 1: 30 
2274  0.00000000  ntvdm.exe  IRP_MJ_READ  Serial0  Length 1
2274  0.00000249  SUCCESS  Length 1: 30 
2279  0.00000000  ntvdm.exe  IRP_MJ_READ  Serial0  Length 1
2279  0.00000245  SUCCESS  Length 1: 30 
2284  0.00000000  ntvdm.exe  IRP_MJ_READ  Serial0  Length 1
2284  0.00000248  SUCCESS  Length 1: 30 
2289  0.00000000  ntvdm.exe  IRP_MJ_READ  Serial0  Length 1
2289  0.00000253  SUCCESS  Length 1: 30 
2304  0.00000000  ntvdm.exe  IRP_MJ_READ  Serial0  Length 1
2304  0.00000259  SUCCESS  Length 1: 36 
2309  0.00000000  ntvdm.exe  IRP_MJ_READ  Serial0  Length 1
2309  0.00000293  SUCCESS  Length 1: 31 
2314  0.00000000  ntvdm.exe  IRP_MJ_READ  Serial0  Length 1
2314  0.00000250  SUCCESS  Length 1: 38 
2319  0.00000000  ntvdm.exe  IRP_MJ_READ  Serial0  Length 1
2319  0.00000240  SUCCESS  Length 1: 30 
2324  0.00000000  ntvdm.exe  IRP_MJ_READ  Serial0  Length 1
2324  0.00000245  SUCCESS  Length 1: 43 
2329  0.00000000  ntvdm.exe  IRP_MJ_READ  Serial0  Length 1
2329  0.00000240  SUCCESS  Length 1: 46 
2334  0.00000000  ntvdm.exe  IRP_MJ_READ  Serial0  Length 1
2334  0.00000240  SUCCESS  Length 1: 44 
2339  0.00000000  ntvdm.exe  IRP_MJ_READ  Serial0  Length 1
2339  0.00000253  SUCCESS  Length 1: 30 
2352  0.00000000  ntvdm.exe  IRP_MJ_READ  Serial0  Length 1
2352  0.00000429  SUCCESS  Length 1: 30 
2359  0.00000000  ntvdm.exe  IRP_MJ_READ  Serial0  Length 1
2359  0.00000250  SUCCESS  Length 1: 45 
2364  0.00000000  ntvdm.exe  IRP_MJ_READ  Serial0  Length 1
2364  0.00000249  SUCCESS  Length 1: 38 
2369  0.00000000  ntvdm.exe  IRP_MJ_READ  Serial0  Length 1
2369  0.00000247  SUCCESS  Length 1: 30 
2374  0.00000000  ntvdm.exe  IRP_MJ_READ  Serial0  Length 1
2374  0.00000247  SUCCESS  Length 1: 33 
2379  0.00000000  ntvdm.exe  IRP_MJ_READ  Serial0  Length 1
2379  0.00000372  SUCCESS  Length 1: 46 
2384  0.00000000  ntvdm.exe  IRP_MJ_READ  Serial0  Length 1
2384  0.00000312  SUCCESS  Length 1: 39 
2389  0.00000000  ntvdm.exe  IRP_MJ_READ  Serial0  Length 1
2389  0.00000251  SUCCESS  Length 1: 30 
2404  0.00000000  ntvdm.exe  IRP_MJ_READ  Serial0  Length 1
2404  0.00000265  SUCCESS  Length 1: 32 
2409  0.00000000  ntvdm.exe  IRP_MJ_READ  Serial0  Length 1
2409  0.00000238  SUCCESS  Length 1: 31 
2414  0.00000000  ntvdm.exe  IRP_MJ_READ  Serial0  Length 1
2414  0.00000240  SUCCESS  Length 1: 39 
2419  0.00000000  ntvdm.exe  IRP_MJ_READ  Serial0  Length 1
2419  0.00000240  SUCCESS  Length 1: 31 
2424  0.00000000  ntvdm.exe  IRP_MJ_READ  Serial0  Length 1
2424  0.00000242  SUCCESS  Length 1: 37 
2429  0.00000000  ntvdm.exe  IRP_MJ_READ  Serial0  Length 1
2429  0.00000243  SUCCESS  Length 1: 30 
2434  0.00000000  ntvdm.exe  IRP_MJ_READ  Serial0  Length 1
2434  0.00000242  SUCCESS  Length 1: 32 
2439  0.00000000  ntvdm.exe  IRP_MJ_READ  Serial0  Length 1
2439  0.00000243  SUCCESS  Length 1: 38 
2454  0.00000000  ntvdm.exe  IRP_MJ_READ  Serial0  Length 1
2454  0.00000257  SUCCESS  Length 1: 44 
2459  0.00000000  ntvdm.exe  IRP_MJ_READ  Serial0  Length 1
2459  0.00000248  SUCCESS  Length 1: 0D 
2478  0.00000000  ntvdm.exe  IRP_MJ_WRITE  Serial0  Length 385: 50 53 31 2C 31 30 41 35 30 30 30 43 30 37 38 39 30 31 30 30 33 30 32 32 30 31 30 30 31 46 43 46 42 45 30 37 30 38 32 44 30 30 30 30 46 45 46 46 30 30 30 30 30 31 30 30 30 30 30 32 30 30 30 32 36 35 30 30 30 30 30 30 38 30 38 30 38 30 38 30 38 30 38 30 31 42 30 32 38 30 38 31 43 39 30 46 41 41 30 31 30 32 30 44 30 38 30 39 30 31 30 30 30 30 36 35 36 36 36 38 30 33 34 32 37 32 30 30 30 30 30 30 30 34 31 38 30 30 30 30 30 30 30 30 30 30 30 30 30 30 30 30 30 30 30 30 30 30 30 30 31 30 38 30 30 32 31 46 30 32 35 30 32 30 31 30 38 30 30 32 45 38 30 33 30 35 31 38 30 30 30 30 30 30 30 30 30 30 30 30 30 30 30 30 30 30 30 30 30 30 30 30 31 30 38 30 30 30 31 46 30 32 32 30 31 30 35 30 38 30 30 32 45 38 30 33 30 36 31 38 30 30 30 30 30 30 30 30 30 30 30 30 30 30 30 30 30 30 30 30 30 30 30 30 31 30 38 30 35 30 31 46 30 30 31 30 32 30 35 30 38 30 30 32 45 38 30 33 30 37 31 38 30 30 30 30 30 30 30 30 30 30 30 30 30 30 30 30 30 30 30 30 30 30 30 30 31 43 38 30 30 30 31 46 30 30 31 30 32 30 35 30 38 30 30 32 45 38 30 33 30 43 30 32 30 38 30 30 38 30 31 30 30 30 30 30 30 30 30 36 31 38 30 43 46 44 30 30 45 38 30 33 46 39 30 32 31 39 31 37 30 32 38 44 0D 
2478  0.19614263  SUCCESS  
2489  0.00000000  ntvdm.exe  IRP_MJ_READ  Serial0  Length 2
2489  0.00000422  SUCCESS  Length 2: 30 0D 
