[\\DESKTOPPC]
3  0.00000000  ntvdm.exe  IRP_MJ_WRITE  Serial0  Length 7: 51 57 20 31 30 32 0D 
3  0.00003076  SUCCESS  
18  0.00000000  ntvdm.exe  IRP_MJ_READ  Serial0  Length 2
18  0.00000419  SUCCESS  Length 2: 30 0D 
25  0.00000000  ntvdm.exe  IRP_MJ_READ  Serial0  Length 1
25  0.00000352  SUCCESS  Length 1: 43 
30  0.00000000  ntvdm.exe  IRP_MJ_READ  Serial0  Length 1
30  0.00000327  SUCCESS  Length 1: 68 
35  0.00000000  ntvdm.exe  IRP_MJ_READ  Serial0  Length 1
35  0.00000306  SUCCESS  Length 1: 61 
40  0.00000000  ntvdm.exe  IRP_MJ_READ  Serial0  Length 1
40  0.00000245  SUCCESS  Length 1: 6E 
45  0.00000000  ntvdm.exe  IRP_MJ_READ  Serial0  Length 1
45  0.00000240  SUCCESS  Length 1: 6E 
50  0.00000000  ntvdm.exe  IRP_MJ_READ  Serial0  Length 1
50  0.00000246  SUCCESS  Length 1: 65 
99  0.00000000  ntvdm.exe  IRP_MJ_READ  Serial0  Length 1
99  0.00000398  SUCCESS  Length 1: 6C 
110  0.00000000  ntvdm.exe  IRP_MJ_READ  Serial0  Length 1
110  0.00000260  SUCCESS  Length 1: 20 
115  0.00000000  ntvdm.exe  IRP_MJ_READ  Serial0  Length 1
115  0.00000706  SUCCESS  Length 1: 42 
120  0.00000000  ntvdm.exe  IRP_MJ_READ  Serial0  Length 1
120  0.00000241  SUCCESS  Length 1: 2C 
125  0.00000000  ntvdm.exe  IRP_MJ_READ  Serial0  Length 1
125  0.00000237  SUCCESS  Length 1: 56 
130  0.00000000  ntvdm.exe  IRP_MJ_READ  Serial0  Length 1
130  0.00000239  SUCCESS  Length 1: 2C 
135  0.00000000  ntvdm.exe  IRP_MJ_READ  Serial0  Length 1
135  0.00000243  SUCCESS  Length 1: 73 
140  0.00000000  ntvdm.exe  IRP_MJ_READ  Serial0  Length 1
140  0.00000246  SUCCESS  Length 1: 2C 
229  0.00000000  ntvdm.exe  IRP_MJ_READ  Serial0  Length 1
229  0.00000312  SUCCESS  Length 1: 30 
239  0.00000000  ntvdm.exe  IRP_MJ_READ  Serial0  Length 1
239  0.00000251  SUCCESS  Length 1: 30 
244  0.00000000  ntvdm.exe  IRP_MJ_READ  Serial0  Length 1
244  0.00000243  SUCCESS  Length 1: 30 
249  0.00000000  ntvdm.exe  IRP_MJ_READ  Serial0  Length 1
249  0.00000241  SUCCESS  Length 1: 30 
254  0.00000000  ntvdm.exe  IRP_MJ_READ  Serial0  Length 1
254  0.00000239  SUCCESS  Length 1: 30 
259  0.00000000  ntvdm.exe  IRP_MJ_READ  Serial0  Length 1
259  0.00000238  SUCCESS  Length 1: 45 
264  0.00000000  ntvdm.exe  IRP_MJ_READ  Serial0  Length 1
264  0.00000240  SUCCESS  Length 1: 2B 
269  0.00000000  ntvdm.exe  IRP_MJ_READ  Serial0  Length 1
269  0.00000245  SUCCESS  Length 1: 30 
330  0.00000000  ntvdm.exe  IRP_MJ_READ  Serial0  Length 1
330  0.00000333  SUCCESS  Length 1: 30 
339  0.00000000  ntvdm.exe  IRP_MJ_READ  Serial0  Length 1
339  0.00000258  SUCCESS  Length 1: 2C 
466  0.00000000  ntvdm.exe  IRP_MJ_READ  Serial0  Length 1
466  0.00000348  SUCCESS  Length 1: 2D 
476  0.00000000  ntvdm.exe  IRP_MJ_READ  Serial0  Length 1
476  0.00000252  SUCCESS  Length 1: 30 
481  0.00000000  ntvdm.exe  IRP_MJ_READ  Serial0  Length 1
481  0.00000235  SUCCESS  Length 1: 34 
486  0.00000000  ntvdm.exe  IRP_MJ_READ  Serial0  Length 1
486  0.00000241  SUCCESS  Length 1: 30 
491  0.00000000  ntvdm.exe  IRP_MJ_READ  Serial0  Length 1
491  0.00000241  SUCCESS  Length 1: 30 
496  0.00000000  ntvdm.exe  IRP_MJ_READ  Serial0  Length 1
496  0.00000239  SUCCESS  Length 1: 45 
501  0.00000000  ntvdm.exe  IRP_MJ_READ  Serial0  Length 1
501  0.00000237  SUCCESS  Length 1: 2D 
506  0.00000000  ntvdm.exe  IRP_MJ_READ  Serial0  Length 1
506  0.00000246  SUCCESS  Length 1: 30 
595  0.00000000  ntvdm.exe  IRP_MJ_READ  Serial0  Length 1
595  0.00000321  SUCCESS  Length 1: 36 
605  0.00000000  ntvdm.exe  IRP_MJ_READ  Serial0  Length 1
605  0.00000253  SUCCESS  Length 1: 2C 
610  0.00000000  ntvdm.exe  IRP_MJ_READ  Serial0  Length 1
610  0.00000289  SUCCESS  Length 1: 30 
615  0.00000000  ntvdm.exe  IRP_MJ_READ  Serial0  Length 1
615  0.00000260  SUCCESS  Length 1: 30 
620  0.00000000  ntvdm.exe  IRP_MJ_READ  Serial0  Length 1
620  0.00000249  SUCCESS  Length 1: 38 
625  0.00000000  ntvdm.exe  IRP_MJ_READ  Serial0  Length 1
625  0.00000247  SUCCESS  Length 1: 30 
630  0.00000000  ntvdm.exe  IRP_MJ_READ  Serial0  Length 1
630  0.00000248  SUCCESS  Length 1: 30 
635  0.00000000  ntvdm.exe  IRP_MJ_READ  Serial0  Length 1
635  0.00000256  SUCCESS  Length 1: 45 
720  0.00000000  ntvdm.exe  IRP_MJ_READ  Serial0  Length 1
720  0.00000373  SUCCESS  Length 1: 2D 
729  0.00000000  ntvdm.exe  IRP_MJ_READ  Serial0  Length 1
729  0.00000373  SUCCESS  Length 1: 30 
734  0.00000000  ntvdm.exe  IRP_MJ_READ  Serial0  Length 1
734  0.00000255  SUCCESS  Length 1: 34 
739  0.00000000  ntvdm.exe  IRP_MJ_READ  Serial0  Length 1
739  0.00000238  SUCCESS  Length 1: 2C 
744  0.00000000  ntvdm.exe  IRP_MJ_READ  Serial0  Length 1
744  0.00000240  SUCCESS  Length 1: 30 
749  0.00000000  ntvdm.exe  IRP_MJ_READ  Serial0  Length 1
749  0.00000240  SUCCESS  Length 1: 30 
754  0.00000000  ntvdm.exe  IRP_MJ_READ  Serial0  Length 1
754  0.00000239  SUCCESS  Length 1: 38 
759  0.00000000  ntvdm.exe  IRP_MJ_READ  Serial0  Length 1
759  0.00000245  SUCCESS  Length 1: 30 
846  0.00000000  ntvdm.exe  IRP_MJ_READ  Serial0  Length 1
846  0.00000308  SUCCESS  Length 1: 30 
855  0.00000000  ntvdm.exe  IRP_MJ_READ  Serial0  Length 1
855  0.00000245  SUCCESS  Length 1: 45 
860  0.00000000  ntvdm.exe  IRP_MJ_READ  Serial0  Length 1
860  0.00000241  SUCCESS  Length 1: 2D 
865  0.00000000  ntvdm.exe  IRP_MJ_READ  Serial0  Length 1
865  0.00000241  SUCCESS  Length 1: 30 
870  0.00000000  ntvdm.exe  IRP_MJ_READ  Serial0  Length 1
870  0.00000243  SUCCESS  Length 1: 38 
875  0.00000000  ntvdm.exe  IRP_MJ_READ  Serial0  Length 1
875  0.00000240  SUCCESS  Length 1: 2C 
880  0.00000000  ntvdm.exe  IRP_MJ_READ  Serial0  Length 1
880  0.00000237  SUCCESS  Length 1: 32 
885  0.00000000  ntvdm.exe  IRP_MJ_READ  Serial0  Length 1
885  0.00000247  SUCCESS  Length 1: 35 
962  0.00000000  ntvdm.exe  IRP_MJ_READ  Serial0  Length 1
962  0.00000387  SUCCESS  Length 1: 35 
969  0.00000000  ntvdm.exe  IRP_MJ_READ  Serial0  Length 1
969  0.00000316  SUCCESS  Length 1: 2C 
974  0.00000000  ntvdm.exe  IRP_MJ_READ  Serial0  Length 1
974  0.00000319  SUCCESS  Length 1: 35 
983  0.00000000  ntvdm.exe  IRP_MJ_READ  Serial0  Length 1
983  0.00000280  SUCCESS  Length 1: 31 
990  0.00000000  ntvdm.exe  IRP_MJ_READ  Serial0  Length 1
990  0.00000251  SUCCESS  Length 1: 32 
995  0.00000000  ntvdm.exe  IRP_MJ_READ  Serial0  Length 1
995  0.00000249  SUCCESS  Length 1: 2C 
8840  0.00000000  ntvdm.exe  IRP_MJ_READ  Serial0  Length 513
8840  0.00000439  SUCCESS  Length 513: 7F 7F 80 7F 7F 7F 80 7E 80 7E 7F 7F 81 80 7F 80 7F 7F 7F 7F 80 7F 80 80 80 80 7F 80 7E 80 7F 7F 7F 7F 80 7F 7F 7F 7F 80 7F 7F 7F 80 7F 80 80 80 80 7F 80 7E 7F 7F 7F 7F 7F 7F 7E 80 7F 80 80 80 80 7F 7F 80 7F 7F 80 7F 80 7E 7F 7F 7F 7F 80 7F 7F 80 7F 7F 7F 7F 7F 7F 7F 7F 80 80 7F 7F 7E 80 7E 80 7F 7F 7F 7E 7F 80 80 7E 7F 80 80 80 7F 80 7E 7F 80 7E 80 7F 80 80 80 7F 7F 80 7F 80 7E 80 7E 80 7F 80 7F 80 7F 80 80 7F 7F 7F 80 7F 81 7F 80 7F 7F 7E 7F 80 80 7F 7E 80 7F 80 80 80 7F 7F 7E 80 7E 80 7F 81 80 7F 81 7F 7F 7F 7F 80 80 7F 7F 81 80 7F 7E 7E 7F 7F 7F 80 7E 7F 7F 80 7F 7E 80 80 80 7F 7F 7F 80 7E 7F 80 7F 81 7E 7E 80 7F 7F 80 80 7F 80 80 7F 7F 81 80 7F 7F 80 80 80 7F 7F 7F 7F 80 81 7F 80 80 80 80 80 7F 7F 7F 7E 80 80 80 80 7F 7F 81 7F 81 7F 80 7F 7F 80 80 7F 7F 7E 7F 7F 80 80 7F 7F 80 80 80 7F 7F 80 7F 7F 7F 80 7F 7E 80 80 80 80 7F 7F 7F 7F 80 7E 80 7E 7E 7F 80 7F 7F 7F 80 7F 80 81 80 80 80 7F 80 80 7F 80 7F 80 7F 7E 80 7F 80 7F 80 80 80 7F 7F 7F 7F 80 80 7F 7F 7F 80 7F 7F 80 7F 81 7F 7F 7F 7F 7E 7F 80 7F 80 7F 80 80 80 80 80 7F 80 81 7F 80 7F 80 7F 80 7E 80 80 7F 7F 7E 80 80 7F 80 7F 7E 80 80 80 7F 80 80 7F 80 80 7F 81 7F 7F 7E 80 7F 7E 7F 80 80 80 7F 81 80 80 7E 81 7F 80 7F 80 7F 7F 7F 80 7F 7E 7F 7E 80 80 80 7F 7F 7F 7F 80 80 7E 7F 7F 80 7F 7F 7F 7E 80 80 7F 7F 81 80 7F 7F 7E 80 7F 80 7F 7F 7F 7F 7E 80 7F 7F 7E 80 7F 80 7F 7F 80 7E 7F 7F 7F 7F 80 80 80 80 7F 7F 7E 80 7F 80 7F 80 7F 81 7F 7F 7F 7F 7F 7F 7F 80 7E 80 80 80 80 7E 81 7E 7F 80 7F 80 80 7F 80 7E 7E 7F 7F 7F 80 80 7F 7E 80 80 7F 80 80 80 7F 7F 7F 81 81 BA 
