[\\DESKTOPPC]
3  0.00000000  ntvdm.exe  IRP_MJ_WRITE  Serial0  Length 3: 51 53 0D 
3  0.00002557  SUCCESS  
18  0.00000000  ntvdm.exe  IRP_MJ_READ  Serial0  Length 2
18  0.00000338  SUCCESS  Length 2: 30 0D 
32  0.00000000  ntvdm.exe  IRP_MJ_READ  Serial0  Length 1
32  0.00000295  SUCCESS  Length 1: 31 
37  0.00000000  ntvdm.exe  IRP_MJ_READ  Serial0  Length 1
37  0.00000261  SUCCESS  Length 1: 2C 
42  0.00000000  ntvdm.exe  IRP_MJ_READ  Serial0  Length 1
42  0.00000250  SUCCESS  Length 1: 31 
47  0.00000000  ntvdm.exe  IRP_MJ_READ  Serial0  Length 1
47  0.00005894  SUCCESS  Length 1: 30 
52  0.00000000  ntvdm.exe  IRP_MJ_READ  Serial0  Length 1
52  0.00000329  SUCCESS  Length 1: 45 
57  0.00000000  ntvdm.exe  IRP_MJ_READ  Serial0  Length 1
57  0.00000307  SUCCESS  Length 1: 34 
62  0.00000000  ntvdm.exe  IRP_MJ_READ  Serial0  Length 1
62  0.00000325  SUCCESS  Length 1: 30 
67  0.00000000  ntvdm.exe  IRP_MJ_READ  Serial0  Length 1
67  0.00000301  SUCCESS  Length 1: 30 
72  0.00000000  ntvdm.exe  IRP_MJ_READ  Serial0  Length 1
72  0.00000309  SUCCESS  Length 1: 30 
77  0.00000000  ntvdm.exe  IRP_MJ_READ  Serial0  Length 1
77  0.00000322  SUCCESS  Length 1: 43 
82  0.00000000  ntvdm.exe  IRP_MJ_READ  Serial0  Length 1
82  0.00000246  SUCCESS  Length 1: 30 
87  0.00000000  ntvdm.exe  IRP_MJ_READ  Serial0  Length 1
87  0.00000247  SUCCESS  Length 1: 34 
92  0.00000000  ntvdm.exe  IRP_MJ_READ  Serial0  Length 1
92  0.00000247  SUCCESS  Length 1: 38 
97  0.00000000  ntvdm.exe  IRP_MJ_READ  Serial0  Length 1
97  0.00000258  SUCCESS  Length 1: 39 
112  0.00000000  ntvdm.exe  IRP_MJ_READ  Serial0  Length 1
112  0.00000293  SUCCESS  Length 1: 30 
117  0.00000000  ntvdm.exe  IRP_MJ_READ  Serial0  Length 1
117  0.00000249  SUCCESS  Length 1: 31 
122  0.00000000  ntvdm.exe  IRP_MJ_READ  Serial0  Length 1
122  0.00000237  SUCCESS  Length 1: 30 
127  0.00000000  ntvdm.exe  IRP_MJ_READ  Serial0  Length 1
127  0.00000248  SUCCESS  Length 1: 30 
132  0.00000000  ntvdm.exe  IRP_MJ_READ  Serial0  Length 1
132  0.00000249  SUCCESS  Length 1: 33 
137  0.00000000  ntvdm.exe  IRP_MJ_READ  Serial0  Length 1
137  0.00000247  SUCCESS  Length 1: 30 
142  0.00000000  ntvdm.exe  IRP_MJ_READ  Serial0  Length 1
142  0.00000250  SUCCESS  Length 1: 32 
147  0.00000000  ntvdm.exe  IRP_MJ_READ  Serial0  Length 1
147  0.00000250  SUCCESS  Length 1: 32 
162  0.00000000  ntvdm.exe  IRP_MJ_READ  Serial0  Length 1
162  0.00000265  SUCCESS  Length 1: 30 
167  0.00000000  ntvdm.exe  IRP_MJ_READ  Serial0  Length 1
167  0.00000238  SUCCESS  Length 1: 31 
172  0.00000000  ntvdm.exe  IRP_MJ_READ  Serial0  Length 1
172  0.00000246  SUCCESS  Length 1: 30 
177  0.00000000  ntvdm.exe  IRP_MJ_READ  Serial0  Length 1
177  0.00000247  SUCCESS  Length 1: 30 
182  0.00000000  ntvdm.exe  IRP_MJ_READ  Serial0  Length 1
182  0.00000248  SUCCESS  Length 1: 31 
187  0.00000000  ntvdm.exe  IRP_MJ_READ  Serial0  Length 1
187  0.00000242  SUCCESS  Length 1: 46 
192  0.00000000  ntvdm.exe  IRP_MJ_READ  Serial0  Length 1
192  0.00000248  SUCCESS  Length 1: 43 
197  0.00000000  ntvdm.exe  IRP_MJ_READ  Serial0  Length 1
197  0.00000247  SUCCESS  Length 1: 46 
212  0.00000000  ntvdm.exe  IRP_MJ_READ  Serial0  Length 1
212  0.00000306  SUCCESS  Length 1: 42 
217  0.00000000  ntvdm.exe  IRP_MJ_READ  Serial0  Length 1
217  0.00000245  SUCCESS  Length 1: 45 
222  0.00000000  ntvdm.exe  IRP_MJ_READ  Serial0  Length 1
222  0.00000249  SUCCESS  Length 1: 30 
227  0.00000000  ntvdm.exe  IRP_MJ_READ  Serial0  Length 1
227  0.00000242  SUCCESS  Length 1: 37 
232  0.00000000  ntvdm.exe  IRP_MJ_READ  Serial0  Length 1
232  0.00000249  SUCCESS  Length 1: 30 
237  0.00000000  ntvdm.exe  IRP_MJ_READ  Serial0  Length 1
237  0.00000249  SUCCESS  Length 1: 38 
242  0.00000000  ntvdm.exe  IRP_MJ_READ  Serial0  Length 1
242  0.00000251  SUCCESS  Length 1: 32 
247  0.00000000  ntvdm.exe  IRP_MJ_READ  Serial0  Length 1
247  0.00000254  SUCCESS  Length 1: 44 
262  0.00000000  ntvdm.exe  IRP_MJ_READ  Serial0  Length 1
262  0.00000301  SUCCESS  Length 1: 30 
267  0.00000000  ntvdm.exe  IRP_MJ_READ  Serial0  Length 1
267  0.00000245  SUCCESS  Length 1: 30 
272  0.00000000  ntvdm.exe  IRP_MJ_READ  Serial0  Length 1
272  0.00000248  SUCCESS  Length 1: 30 
277  0.00000000  ntvdm.exe  IRP_MJ_READ  Serial0  Length 1
277  0.00000242  SUCCESS  Length 1: 30 
282  0.00000000  ntvdm.exe  IRP_MJ_READ  Serial0  Length 1
282  0.00000249  SUCCESS  Length 1: 46 
287  0.00000000  ntvdm.exe  IRP_MJ_READ  Serial0  Length 1
287  0.00000249  SUCCESS  Length 1: 45 
292  0.00000000  ntvdm.exe  IRP_MJ_READ  Serial0  Length 1
292  0.00000246  SUCCESS  Length 1: 46 
297  0.00000000  ntvdm.exe  IRP_MJ_READ  Serial0  Length 1
297  0.00000253  SUCCESS  Length 1: 46 
312  0.00000000  ntvdm.exe  IRP_MJ_READ  Serial0  Length 1
312  0.00000260  SUCCESS  Length 1: 30 
317  0.00000000  ntvdm.exe  IRP_MJ_READ  Serial0  Length 1
317  0.00000248  SUCCESS  Length 1: 30 
322  0.00000000  ntvdm.exe  IRP_MJ_READ  Serial0  Length 1
322  0.00000245  SUCCESS  Length 1: 30 
327  0.00000000  ntvdm.exe  IRP_MJ_READ  Serial0  Length 1
327  0.00000247  SUCCESS  Length 1: 30 
332  0.00000000  ntvdm.exe  IRP_MJ_READ  Serial0  Length 1
332  0.00000401  SUCCESS  Length 1: 30 
337  0.00000000  ntvdm.exe  IRP_MJ_READ  Serial0  Length 1
337  0.00000272  SUCCESS  Length 1: 31 
342  0.00000000  ntvdm.exe  IRP_MJ_READ  Serial0  Length 1
342  0.00000250  SUCCESS  Length 1: 30 
347  0.00000000  ntvdm.exe  IRP_MJ_READ  Serial0  Length 1
347  0.00000244  SUCCESS  Length 1: 30 
362  0.00000000  ntvdm.exe  IRP_MJ_READ  Serial0  Length 1
362  0.00000262  SUCCESS  Length 1: 30 
367  0.00000000  ntvdm.exe  IRP_MJ_READ  Serial0  Length 1
367  0.00000236  SUCCESS  Length 1: 30 
372  0.00000000  ntvdm.exe  IRP_MJ_READ  Serial0  Length 1
372  0.00000239  SUCCESS  Length 1: 30 
377  0.00000000  ntvdm.exe  IRP_MJ_READ  Serial0  Length 1
377  0.00000238  SUCCESS  Length 1: 32 
382  0.00000000  ntvdm.exe  IRP_MJ_READ  Serial0  Length 1
382  0.00000240  SUCCESS  Length 1: 30 
387  0.00000000  ntvdm.exe  IRP_MJ_READ  Serial0  Length 1
387  0.00000241  SUCCESS  Length 1: 30 
392  0.00000000  ntvdm.exe  IRP_MJ_READ  Serial0  Length 1
392  0.00000239  SUCCESS  Length 1: 30 
397  0.00000000  ntvdm.exe  IRP_MJ_READ  Serial0  Length 1
397  0.00000249  SUCCESS  Length 1: 32 
412  0.00000000  ntvdm.exe  IRP_MJ_READ  Serial0  Length 1
412  0.00000259  SUCCESS  Length 1: 36 
417  0.00000000  ntvdm.exe  IRP_MJ_READ  Serial0  Length 1
417  0.00000242  SUCCESS  Length 1: 35 
422  0.00000000  ntvdm.exe  IRP_MJ_READ  Serial0  Length 1
422  0.00000244  SUCCESS  Length 1: 30 
427  0.00000000  ntvdm.exe  IRP_MJ_READ  Serial0  Length 1
427  0.00000239  SUCCESS  Length 1: 30 
432  0.00000000  ntvdm.exe  IRP_MJ_READ  Serial0  Length 1
432  0.00000239  SUCCESS  Length 1: 30 
437  0.00000000  ntvdm.exe  IRP_MJ_READ  Serial0  Length 1
437  0.00000239  SUCCESS  Length 1: 30 
442  0.00000000  ntvdm.exe  IRP_MJ_READ  Serial0  Length 1
442  0.00000240  SUCCESS  Length 1: 30 
447  0.00000000  ntvdm.exe  IRP_MJ_READ  Serial0  Length 1
447  0.00000327  SUCCESS  Length 1: 30 
462  0.00000000  ntvdm.exe  IRP_MJ_READ  Serial0  Length 1
462  0.00000287  SUCCESS  Length 1: 38 
467  0.00000000  ntvdm.exe  IRP_MJ_READ  Serial0  Length 1
467  0.00000257  SUCCESS  Length 1: 30 
472  0.00000000  ntvdm.exe  IRP_MJ_READ  Serial0  Length 1
472  0.00000246  SUCCESS  Length 1: 38 
477  0.00000000  ntvdm.exe  IRP_MJ_READ  Serial0  Length 1
477  0.00000246  SUCCESS  Length 1: 30 
482  0.00000000  ntvdm.exe  IRP_MJ_READ  Serial0  Length 1
482  0.00000246  SUCCESS  Length 1: 38 
487  0.00000000  ntvdm.exe  IRP_MJ_READ  Serial0  Length 1
487  0.00000247  SUCCESS  Length 1: 30 
492  0.00000000  ntvdm.exe  IRP_MJ_READ  Serial0  Length 1
492  0.00000244  SUCCESS  Length 1: 38 
497  0.00000000  ntvdm.exe  IRP_MJ_READ  Serial0  Length 1
497  0.00000255  SUCCESS  Length 1: 30 
509  0.00000000  ntvdm.exe  IRP_MJ_READ  Serial0  Length 1
509  0.00000430  SUCCESS  Length 1: 38 
515  0.00000000  ntvdm.exe  IRP_MJ_READ  Serial0  Length 1
515  0.00000328  SUCCESS  Length 1: 30 
522  0.00000000  ntvdm.exe  IRP_MJ_READ  Serial0  Length 1
522  0.00000246  SUCCESS  Length 1: 38 
527  0.00000000  ntvdm.exe  IRP_MJ_READ  Serial0  Length 1
527  0.00000246  SUCCESS  Length 1: 30 
532  0.00000000  ntvdm.exe  IRP_MJ_READ  Serial0  Length 1
532  0.00000245  SUCCESS  Length 1: 31 
537  0.00000000  ntvdm.exe  IRP_MJ_READ  Serial0  Length 1
537  0.00000249  SUCCESS  Length 1: 42 
542  0.00000000  ntvdm.exe  IRP_MJ_READ  Serial0  Length 1
542  0.00000251  SUCCESS  Length 1: 30 
547  0.00000000  ntvdm.exe  IRP_MJ_READ  Serial0  Length 1
547  0.00000256  SUCCESS  Length 1: 32 
562  0.00000000  ntvdm.exe  IRP_MJ_READ  Serial0  Length 1
562  0.00000298  SUCCESS  Length 1: 38 
567  0.00000000  ntvdm.exe  IRP_MJ_READ  Serial0  Length 1
567  0.00000242  SUCCESS  Length 1: 30 
572  0.00000000  ntvdm.exe  IRP_MJ_READ  Serial0  Length 1
572  0.00000248  SUCCESS  Length 1: 38 
577  0.00000000  ntvdm.exe  IRP_MJ_READ  Serial0  Length 1
577  0.00000240  SUCCESS  Length 1: 31 
582  0.00000000  ntvdm.exe  IRP_MJ_READ  Serial0  Length 1
582  0.00000246  SUCCESS  Length 1: 43 
587  0.00000000  ntvdm.exe  IRP_MJ_READ  Serial0  Length 1
587  0.00000248  SUCCESS  Length 1: 39 
592  0.00000000  ntvdm.exe  IRP_MJ_READ  Serial0  Length 1
592  0.00000247  SUCCESS  Length 1: 30 
597  0.00000000  ntvdm.exe  IRP_MJ_READ  Serial0  Length 1
597  0.00000254  SUCCESS  Length 1: 46 
612  0.00000000  ntvdm.exe  IRP_MJ_READ  Serial0  Length 1
612  0.00000290  SUCCESS  Length 1: 41 
617  0.00000000  ntvdm.exe  IRP_MJ_READ  Serial0  Length 1
617  0.00000247  SUCCESS  Length 1: 41 
622  0.00000000  ntvdm.exe  IRP_MJ_READ  Serial0  Length 1
622  0.00000249  SUCCESS  Length 1: 30 
627  0.00000000  ntvdm.exe  IRP_MJ_READ  Serial0  Length 1
627  0.00000248  SUCCESS  Length 1: 31 
632  0.00000000  ntvdm.exe  IRP_MJ_READ  Serial0  Length 1
632  0.00000248  SUCCESS  Length 1: 30 
637  0.00000000  ntvdm.exe  IRP_MJ_READ  Serial0  Length 1
637  0.00000247  SUCCESS  Length 1: 32 
642  0.00000000  ntvdm.exe  IRP_MJ_READ  Serial0  Length 1
642  0.00000245  SUCCESS  Length 1: 30 
647  0.00000000  ntvdm.exe  IRP_MJ_READ  Serial0  Length 1
647  0.00000252  SUCCESS  Length 1: 44 
662  0.00000000  ntvdm.exe  IRP_MJ_READ  Serial0  Length 1
662  0.00000263  SUCCESS  Length 1: 30 
667  0.00000000  ntvdm.exe  IRP_MJ_READ  Serial0  Length 1
667  0.00000363  SUCCESS  Length 1: 38 
672  0.00000000  ntvdm.exe  IRP_MJ_READ  Serial0  Length 1
672  0.00000255  SUCCESS  Length 1: 30 
677  0.00000000  ntvdm.exe  IRP_MJ_READ  Serial0  Length 1
677  0.00000243  SUCCESS  Length 1: 39 
682  0.00000000  ntvdm.exe  IRP_MJ_READ  Serial0  Length 1
682  0.00000240  SUCCESS  Length 1: 30 
687  0.00000000  ntvdm.exe  IRP_MJ_READ  Serial0  Length 1
687  0.00000238  SUCCESS  Length 1: 31 
692  0.00000000  ntvdm.exe  IRP_MJ_READ  Serial0  Length 1
692  0.00000240  SUCCESS  Length 1: 30 
697  0.00000000  ntvdm.exe  IRP_MJ_READ  Serial0  Length 1
697  0.00000318  SUCCESS  Length 1: 30 
712  0.00000000  ntvdm.exe  IRP_MJ_READ  Serial0  Length 1
712  0.00000324  SUCCESS  Length 1: 30 
717  0.00000000  ntvdm.exe  IRP_MJ_READ  Serial0  Length 1
717  0.00000245  SUCCESS  Length 1: 30 
722  0.00000000  ntvdm.exe  IRP_MJ_READ  Serial0  Length 1
722  0.00000245  SUCCESS  Length 1: 36 
727  0.00000000  ntvdm.exe  IRP_MJ_READ  Serial0  Length 1
727  0.00000246  SUCCESS  Length 1: 35 
732  0.00000000  ntvdm.exe  IRP_MJ_READ  Serial0  Length 1
732  0.00000247  SUCCESS  Length 1: 36 
737  0.00000000  ntvdm.exe  IRP_MJ_READ  Serial0  Length 1
737  0.00000246  SUCCESS  Length 1: 36 
742  0.00000000  ntvdm.exe  IRP_MJ_READ  Serial0  Length 1
742  0.00000363  SUCCESS  Length 1: 36 
747  0.00000000  ntvdm.exe  IRP_MJ_READ  Serial0  Length 1
747  0.00000398  SUCCESS  Length 1: 38 
759  0.00000000  ntvdm.exe  IRP_MJ_READ  Serial0  Length 1
759  0.00000366  SUCCESS  Length 1: 30 
764  0.00000000  ntvdm.exe  IRP_MJ_READ  Serial0  Length 1
764  0.00000377  SUCCESS  Length 1: 33 
770  0.00000000  ntvdm.exe  IRP_MJ_READ  Serial0  Length 1
770  0.00000391  SUCCESS  Length 1: 34 
776  0.00000000  ntvdm.exe  IRP_MJ_READ  Serial0  Length 1
776  0.00000325  SUCCESS  Length 1: 32 
781  0.00000000  ntvdm.exe  IRP_MJ_READ  Serial0  Length 1
781  0.00000369  SUCCESS  Length 1: 37 
786  0.00000000  ntvdm.exe  IRP_MJ_READ  Serial0  Length 1
786  0.00000403  SUCCESS  Length 1: 32 
792  0.00000000  ntvdm.exe  IRP_MJ_READ  Serial0  Length 1
792  0.00000366  SUCCESS  Length 1: 30 
797  0.00000000  ntvdm.exe  IRP_MJ_READ  Serial0  Length 1
797  0.00000378  SUCCESS  Length 1: 30 
808  0.00000000  ntvdm.exe  IRP_MJ_READ  Serial0  Length 1
808  0.00000412  SUCCESS  Length 1: 30 
813  0.00000000  ntvdm.exe  IRP_MJ_READ  Serial0  Length 1
813  0.00000320  SUCCESS  Length 1: 30 
818  0.00000000  ntvdm.exe  IRP_MJ_READ  Serial0  Length 1
818  0.00000358  SUCCESS  Length 1: 30 
826  0.00000000  ntvdm.exe  IRP_MJ_READ  Serial0  Length 1
826  0.00000347  SUCCESS  Length 1: 30 
831  0.00000000  ntvdm.exe  IRP_MJ_READ  Serial0  Length 1
831  0.00000326  SUCCESS  Length 1: 30 
836  0.00000000  ntvdm.exe  IRP_MJ_READ  Serial0  Length 1
836  0.00000375  SUCCESS  Length 1: 34 
842  0.00000000  ntvdm.exe  IRP_MJ_READ  Serial0  Length 1
842  0.00000372  SUCCESS  Length 1: 31 
847  0.00000000  ntvdm.exe  IRP_MJ_READ  Serial0  Length 1
847  0.00000348  SUCCESS  Length 1: 38 
864  0.00000000  ntvdm.exe  IRP_MJ_READ  Serial0  Length 1
864  0.00000483  SUCCESS  Length 1: 30 
879  0.00000000  ntvdm.exe  IRP_MJ_READ  Serial0  Length 1
879  0.00000427  SUCCESS  Length 1: 30 
884  0.00000000  ntvdm.exe  IRP_MJ_READ  Serial0  Length 1
884  0.00000372  SUCCESS  Length 1: 30 
889  0.00000000  ntvdm.exe  IRP_MJ_READ  Serial0  Length 1
889  0.00000336  SUCCESS  Length 1: 30 
894  0.00000000  ntvdm.exe  IRP_MJ_READ  Serial0  Length 1
894  0.00000491  SUCCESS  Length 1: 30 
899  0.00000000  ntvdm.exe  IRP_MJ_READ  Serial0  Length 1
899  0.00000373  SUCCESS  Length 1: 30 
904  0.00000000  ntvdm.exe  IRP_MJ_READ  Serial0  Length 1
904  0.00000434  SUCCESS  Length 1: 30 
909  0.00000000  ntvdm.exe  IRP_MJ_READ  Serial0  Length 1
909  0.00000393  SUCCESS  Length 1: 30 
914  0.00000000  ntvdm.exe  IRP_MJ_READ  Serial0  Length 1
914  0.00000334  SUCCESS  Length 1: 30 
919  0.00000000  ntvdm.exe  IRP_MJ_READ  Serial0  Length 1
919  0.00000388  SUCCESS  Length 1: 30 
924  0.00000000  ntvdm.exe  IRP_MJ_READ  Serial0  Length 1
924  0.00000469  SUCCESS  Length 1: 30 
929  0.00000000  ntvdm.exe  IRP_MJ_READ  Serial0  Length 1
929  0.00000308  SUCCESS  Length 1: 30 
934  0.00000000  ntvdm.exe  IRP_MJ_READ  Serial0  Length 1
934  0.00000362  SUCCESS  Length 1: 30 
939  0.00000000  ntvdm.exe  IRP_MJ_READ  Serial0  Length 1
939  0.00000362  SUCCESS  Length 1: 30 
946  0.00000000  ntvdm.exe  IRP_MJ_READ  Serial0  Length 1
946  0.00000350  SUCCESS  Length 1: 30 
951  0.00000000  ntvdm.exe  IRP_MJ_READ  Serial0  Length 1
951  0.00000328  SUCCESS  Length 1: 30 
956  0.00000000  ntvdm.exe  IRP_MJ_READ  Serial0  Length 1
956  0.00000308  SUCCESS  Length 1: 30 
961  0.00000000  ntvdm.exe  IRP_MJ_READ  Serial0  Length 1
961  0.00000322  SUCCESS  Length 1: 30 
969  0.00000000  ntvdm.exe  IRP_MJ_READ  Serial0  Length 1
969  0.00000650  SUCCESS  Length 1: 30 
974  0.00000000  ntvdm.exe  IRP_MJ_READ  Serial0  Length 1
974  0.00000414  SUCCESS  Length 1: 30 
979  0.00000000  ntvdm.exe  IRP_MJ_READ  Serial0  Length 1
979  0.00000319  SUCCESS  Length 1: 30 
985  0.00000000  ntvdm.exe  IRP_MJ_READ  Serial0  Length 1
985  0.00000369  SUCCESS  Length 1: 30 
990  0.00000000  ntvdm.exe  IRP_MJ_READ  Serial0  Length 1
990  0.00000469  SUCCESS  Length 1: 30 
995  0.00000000  ntvdm.exe  IRP_MJ_READ  Serial0  Length 1
995  0.00000342  SUCCESS  Length 1: 30 
1005  0.00000000  ntvdm.exe  IRP_MJ_READ  Serial0  Length 1
1005  0.00000342  SUCCESS  Length 1: 31 
1011  0.00000000  ntvdm.exe  IRP_MJ_READ  Serial0  Length 1
1011  0.00000391  SUCCESS  Length 1: 30 
1016  0.00000000  ntvdm.exe  IRP_MJ_READ  Serial0  Length 1
1016  0.00000337  SUCCESS  Length 1: 38 
1021  0.00000000  ntvdm.exe  IRP_MJ_READ  Serial0  Length 1
1021  0.00000342  SUCCESS  Length 1: 30 
1026  0.00000000  ntvdm.exe  IRP_MJ_READ  Serial0  Length 1
1026  0.00000346  SUCCESS  Length 1: 30 
1031  0.00000000  ntvdm.exe  IRP_MJ_READ  Serial0  Length 1
1031  0.00000349  SUCCESS  Length 1: 32 
1036  0.00000000  ntvdm.exe  IRP_MJ_READ  Serial0  Length 1
1036  0.00000405  SUCCESS  Length 1: 31 
1041  0.00000000  ntvdm.exe  IRP_MJ_READ  Serial0  Length 1
1041  0.00000349  SUCCESS  Length 1: 46 
1046  0.00000000  ntvdm.exe  IRP_MJ_READ  Serial0  Length 1
1046  0.00000339  SUCCESS  Length 1: 30 
1051  0.00000000  ntvdm.exe  IRP_MJ_READ  Serial0  Length 1
1051  0.00000339  SUCCESS  Length 1: 32 
1056  0.00000000  ntvdm.exe  IRP_MJ_READ  Serial0  Length 1
1056  0.00000353  SUCCESS  Length 1: 35 
1061  0.00000000  ntvdm.exe  IRP_MJ_READ  Serial0  Length 1
1061  0.00000385  SUCCESS  Length 1: 30 
1068  0.00000000  ntvdm.exe  IRP_MJ_READ  Serial0  Length 1
1068  0.00000420  SUCCESS  Length 1: 32 
1076  0.00000000  ntvdm.exe  IRP_MJ_READ  Serial0  Length 1
1076  0.00000330  SUCCESS  Length 1: 30 
1081  0.00000000  ntvdm.exe  IRP_MJ_READ  Serial0  Length 1
1081  0.00000449  SUCCESS  Length 1: 31 
1087  0.00000000  ntvdm.exe  IRP_MJ_READ  Serial0  Length 1
1087  0.00000375  SUCCESS  Length 1: 30 
1092  0.00000000  ntvdm.exe  IRP_MJ_READ  Serial0  Length 1
1092  0.00000373  SUCCESS  Length 1: 38 
1097  0.00000000  ntvdm.exe  IRP_MJ_READ  Serial0  Length 1
1097  0.00000364  SUCCESS  Length 1: 30 
1102  0.00000000  ntvdm.exe  IRP_MJ_READ  Serial0  Length 1
1102  0.00000415  SUCCESS  Length 1: 30 
1107  0.00000000  ntvdm.exe  IRP_MJ_READ  Serial0  Length 1
1107  0.00000396  SUCCESS  Length 1: 32 
1112  0.00000000  ntvdm.exe  IRP_MJ_READ  Serial0  Length 1
1112  0.00000403  SUCCESS  Length 1: 45 
1117  0.00000000  ntvdm.exe  IRP_MJ_READ  Serial0  Length 1
1117  0.00000376  SUCCESS  Length 1: 38 
1122  0.00000000  ntvdm.exe  IRP_MJ_READ  Serial0  Length 1
1122  0.00000385  SUCCESS  Length 1: 30 
1127  0.00000000  ntvdm.exe  IRP_MJ_READ  Serial0  Length 1
1127  0.00000379  SUCCESS  Length 1: 33 
1132  0.00000000  ntvdm.exe  IRP_MJ_READ  Serial0  Length 1
1132  0.00000389  SUCCESS  Length 1: 30 
1139  0.00000000  ntvdm.exe  IRP_MJ_READ  Serial0  Length 1
1139  0.00000372  SUCCESS  Length 1: 35 
1144  0.00000000  ntvdm.exe  IRP_MJ_READ  Serial0  Length 1
1144  0.00000435  SUCCESS  Length 1: 31 
1152  0.00000000  ntvdm.exe  IRP_MJ_READ  Serial0  Length 1
1152  0.00000331  SUCCESS  Length 1: 38 
1158  0.00000000  ntvdm.exe  IRP_MJ_READ  Serial0  Length 1
1158  0.00000325  SUCCESS  Length 1: 30 
1163  0.00000000  ntvdm.exe  IRP_MJ_READ  Serial0  Length 1
1163  0.00000320  SUCCESS  Length 1: 30 
1168  0.00000000  ntvdm.exe  IRP_MJ_READ  Serial0  Length 1
1168  0.00000306  SUCCESS  Length 1: 30 
1173  0.00000000  ntvdm.exe  IRP_MJ_READ  Serial0  Length 1
1173  0.00000328  SUCCESS  Length 1: 30 
1178  0.00000000  ntvdm.exe  IRP_MJ_READ  Serial0  Length 1
1178  0.00013819  SUCCESS  Length 1: 30 
1183  0.00000000  ntvdm.exe  IRP_MJ_READ  Serial0  Length 1
1183  0.00000405  SUCCESS  Length 1: 30 
1188  0.00000000  ntvdm.exe  IRP_MJ_READ  Serial0  Length 1
1188  0.00000424  SUCCESS  Length 1: 30 
1193  0.00000000  ntvdm.exe  IRP_MJ_READ  Serial0  Length 1
1193  0.00000361  SUCCESS  Length 1: 30 
1200  0.00000000  ntvdm.exe  IRP_MJ_READ  Serial0  Length 1
1200  0.00000353  SUCCESS  Length 1: 30 
1205  0.00000000  ntvdm.exe  IRP_MJ_READ  Serial0  Length 1
1205  0.00000326  SUCCESS  Length 1: 30 
1211  0.00000000  ntvdm.exe  IRP_MJ_READ  Serial0  Length 1
1211  0.00000333  SUCCESS  Length 1: 30 
1218  0.00000000  ntvdm.exe  IRP_MJ_READ  Serial0  Length 1
1218  0.00000409  SUCCESS  Length 1: 30 
1223  0.00000000  ntvdm.exe  IRP_MJ_READ  Serial0  Length 1
1223  0.00000326  SUCCESS  Length 1: 30 
1229  0.00000000  ntvdm.exe  IRP_MJ_READ  Serial0  Length 1
1229  0.00000338  SUCCESS  Length 1: 30 
1234  0.00000000  ntvdm.exe  IRP_MJ_READ  Serial0  Length 1
1234  0.00000352  SUCCESS  Length 1: 30 
1239  0.00000000  ntvdm.exe  IRP_MJ_READ  Serial0  Length 1
1239  0.00000340  SUCCESS  Length 1: 30 
1244  0.00000000  ntvdm.exe  IRP_MJ_READ  Serial0  Length 1
1244  0.00000465  SUCCESS  Length 1: 30 
1250  0.00000000  ntvdm.exe  IRP_MJ_READ  Serial0  Length 1
1250  0.00000352  SUCCESS  Length 1: 30 
1256  0.00000000  ntvdm.exe  IRP_MJ_READ  Serial0  Length 1
1256  0.00000341  SUCCESS  Length 1: 30 
1264  0.00000000  ntvdm.exe  IRP_MJ_READ  Serial0  Length 1
1264  0.00000336  SUCCESS  Length 1: 30 
1270  0.00000000  ntvdm.exe  IRP_MJ_READ  Serial0  Length 1
1270  0.00000351  SUCCESS  Length 1: 30 
1275  0.00000000  ntvdm.exe  IRP_MJ_READ  Serial0  Length 1
1275  0.00000327  SUCCESS  Length 1: 30 
1280  0.00000000  ntvdm.exe  IRP_MJ_READ  Serial0  Length 1
1280  0.00000346  SUCCESS  Length 1: 30 
1285  0.00000000  ntvdm.exe  IRP_MJ_READ  Serial0  Length 1
1285  0.00000270  SUCCESS  Length 1: 30 
1290  0.00000000  ntvdm.exe  IRP_MJ_READ  Serial0  Length 1
1290  0.00000249  SUCCESS  Length 1: 31 
1295  0.00000000  ntvdm.exe  IRP_MJ_READ  Serial0  Length 1
1295  0.00000249  SUCCESS  Length 1: 30 
1300  0.00000000  ntvdm.exe  IRP_MJ_READ  Serial0  Length 1
1300  0.00000248  SUCCESS  Length 1: 38 
1305  0.00000000  ntvdm.exe  IRP_MJ_READ  Serial0  Length 1
1305  0.00000245  SUCCESS  Length 1: 30 
1310  0.00000000  ntvdm.exe  IRP_MJ_READ  Serial0  Length 1
1310  0.00000251  SUCCESS  Length 1: 30 
1315  0.00000000  ntvdm.exe  IRP_MJ_READ  Serial0  Length 1
1315  0.00000249  SUCCESS  Length 1: 30 
1321  0.00000000  ntvdm.exe  IRP_MJ_READ  Serial0  Length 1
1321  0.00000350  SUCCESS  Length 1: 31 
1328  0.00000000  ntvdm.exe  IRP_MJ_READ  Serial0  Length 1
1328  0.00000260  SUCCESS  Length 1: 46 
1333  0.00000000  ntvdm.exe  IRP_MJ_READ  Serial0  Length 1
1333  0.00000248  SUCCESS  Length 1: 30 
1338  0.00000000  ntvdm.exe  IRP_MJ_READ  Serial0  Length 1
1338  0.00000246  SUCCESS  Length 1: 32 
1343  0.00000000  ntvdm.exe  IRP_MJ_READ  Serial0  Length 1
1343  0.00000247  SUCCESS  Length 1: 32 
1348  0.00000000  ntvdm.exe  IRP_MJ_READ  Serial0  Length 1
1348  0.00000250  SUCCESS  Length 1: 30 
1353  0.00000000  ntvdm.exe  IRP_MJ_READ  Serial0  Length 1
1353  0.00000256  SUCCESS  Length 1: 31 
1368  0.00000000  ntvdm.exe  IRP_MJ_READ  Serial0  Length 1
1368  0.00000259  SUCCESS  Length 1: 30 
1373  0.00000000  ntvdm.exe  IRP_MJ_READ  Serial0  Length 1
1373  0.00000245  SUCCESS  Length 1: 35 
1378  0.00000000  ntvdm.exe  IRP_MJ_READ  Serial0  Length 1
1378  0.00000246  SUCCESS  Length 1: 30 
1383  0.00000000  ntvdm.exe  IRP_MJ_READ  Serial0  Length 1
1383  0.00000245  SUCCESS  Length 1: 38 
1388  0.00000000  ntvdm.exe  IRP_MJ_READ  Serial0  Length 1
1388  0.00000248  SUCCESS  Length 1: 30 
1393  0.00000000  ntvdm.exe  IRP_MJ_READ  Serial0  Length 1
1393  0.00000248  SUCCESS  Length 1: 30 
1398  0.00000000  ntvdm.exe  IRP_MJ_READ  Serial0  Length 1
1398  0.00000251  SUCCESS  Length 1: 32 
1403  0.00000000  ntvdm.exe  IRP_MJ_READ  Serial0  Length 1
1403  0.00000254  SUCCESS  Length 1: 45 
1418  0.00000000  ntvdm.exe  IRP_MJ_READ  Serial0  Length 1
1418  0.00000257  SUCCESS  Length 1: 38 
1423  0.00000000  ntvdm.exe  IRP_MJ_READ  Serial0  Length 1
1423  0.00000237  SUCCESS  Length 1: 30 
1428  0.00000000  ntvdm.exe  IRP_MJ_READ  Serial0  Length 1
1428  0.00000247  SUCCESS  Length 1: 33 
1433  0.00000000  ntvdm.exe  IRP_MJ_READ  Serial0  Length 1
1433  0.00000249  SUCCESS  Length 1: 30 
1438  0.00000000  ntvdm.exe  IRP_MJ_READ  Serial0  Length 1
1438  0.00000253  SUCCESS  Length 1: 36 
1443  0.00000000  ntvdm.exe  IRP_MJ_READ  Serial0  Length 1
1443  0.00000250  SUCCESS  Length 1: 31 
1448  0.00000000  ntvdm.exe  IRP_MJ_READ  Serial0  Length 1
1448  0.00000251  SUCCESS  Length 1: 38 
1453  0.00000000  ntvdm.exe  IRP_MJ_READ  Serial0  Length 1
1453  0.00000253  SUCCESS  Length 1: 30 
1468  0.00000000  ntvdm.exe  IRP_MJ_READ  Serial0  Length 1
1468  0.00000310  SUCCESS  Length 1: 30 
1473  0.00000000  ntvdm.exe  IRP_MJ_READ  Serial0  Length 1
1473  0.00000260  SUCCESS  Length 1: 30 
1478  0.00000000  ntvdm.exe  IRP_MJ_READ  Serial0  Length 1
1478  0.00000249  SUCCESS  Length 1: 30 
1483  0.00000000  ntvdm.exe  IRP_MJ_READ  Serial0  Length 1
1483  0.00000248  SUCCESS  Length 1: 30 
1488  0.00000000  ntvdm.exe  IRP_MJ_READ  Serial0  Length 1
1488  0.00000247  SUCCESS  Length 1: 30 
1493  0.00000000  ntvdm.exe  IRP_MJ_READ  Serial0  Length 1
1493  0.00000241  SUCCESS  Length 1: 30 
1498  0.00000000  ntvdm.exe  IRP_MJ_READ  Serial0  Length 1
1498  0.00000248  SUCCESS  Length 1: 30 
1503  0.00000000  ntvdm.exe  IRP_MJ_READ  Serial0  Length 1
1503  0.00000253  SUCCESS  Length 1: 30 
1518  0.00000000  ntvdm.exe  IRP_MJ_READ  Serial0  Length 1
1518  0.00000264  SUCCESS  Length 1: 30 
1523  0.00000000  ntvdm.exe  IRP_MJ_READ  Serial0  Length 1
1523  0.00000250  SUCCESS  Length 1: 30 
1528  0.00000000  ntvdm.exe  IRP_MJ_READ  Serial0  Length 1
1528  0.00000249  SUCCESS  Length 1: 30 
1533  0.00000000  ntvdm.exe  IRP_MJ_READ  Serial0  Length 1
1533  0.00000249  SUCCESS  Length 1: 30 
1538  0.00000000  ntvdm.exe  IRP_MJ_READ  Serial0  Length 1
1538  0.00000249  SUCCESS  Length 1: 30 
1543  0.00000000  ntvdm.exe  IRP_MJ_READ  Serial0  Length 1
1543  0.00000249  SUCCESS  Length 1: 30 
1548  0.00000000  ntvdm.exe  IRP_MJ_READ  Serial0  Length 1
1548  0.00000244  SUCCESS  Length 1: 30 
1553  0.00000000  ntvdm.exe  IRP_MJ_READ  Serial0  Length 1
1553  0.00000252  SUCCESS  Length 1: 30 
1568  0.00000000  ntvdm.exe  IRP_MJ_READ  Serial0  Length 1
1568  0.00000254  SUCCESS  Length 1: 30 
1573  0.00000000  ntvdm.exe  IRP_MJ_READ  Serial0  Length 1
1573  0.00000248  SUCCESS  Length 1: 30 
1578  0.00000000  ntvdm.exe  IRP_MJ_READ  Serial0  Length 1
1578  0.00000249  SUCCESS  Length 1: 30 
1583  0.00000000  ntvdm.exe  IRP_MJ_READ  Serial0  Length 1
1583  0.00000358  SUCCESS  Length 1: 30 
1588  0.00000000  ntvdm.exe  IRP_MJ_READ  Serial0  Length 1
1588  0.00000393  SUCCESS  Length 1: 30 
1593  0.00000000  ntvdm.exe  IRP_MJ_READ  Serial0  Length 1
1593  0.00000250  SUCCESS  Length 1: 30 
1598  0.00000000  ntvdm.exe  IRP_MJ_READ  Serial0  Length 1
1598  0.00000248  SUCCESS  Length 1: 30 
1603  0.00000000  ntvdm.exe  IRP_MJ_READ  Serial0  Length 1
1603  0.00000254  SUCCESS  Length 1: 31 
1618  0.00000000  ntvdm.exe  IRP_MJ_READ  Serial0  Length 1
1618  0.00000291  SUCCESS  Length 1: 30 
1623  0.00000000  ntvdm.exe  IRP_MJ_READ  Serial0  Length 1
1623  0.00000243  SUCCESS  Length 1: 38 
1628  0.00000000  ntvdm.exe  IRP_MJ_READ  Serial0  Length 1
1628  0.00000245  SUCCESS  Length 1: 30 
1633  0.00000000  ntvdm.exe  IRP_MJ_READ  Serial0  Length 1
1633  0.00000245  SUCCESS  Length 1: 35 
1638  0.00000000  ntvdm.exe  IRP_MJ_READ  Serial0  Length 1
1638  0.00000247  SUCCESS  Length 1: 30 
1643  0.00000000  ntvdm.exe  IRP_MJ_READ  Serial0  Length 1
1643  0.00000252  SUCCESS  Length 1: 31 
1658  0.00000000  ntvdm.exe  IRP_MJ_READ  Serial0  Length 1
1658  0.00000257  SUCCESS  Length 1: 46 
1663  0.00000000  ntvdm.exe  IRP_MJ_READ  Serial0  Length 1
1663  0.00000246  SUCCESS  Length 1: 30 
1668  0.00000000  ntvdm.exe  IRP_MJ_READ  Serial0  Length 1
1668  0.00000249  SUCCESS  Length 1: 30 
1673  0.00000000  ntvdm.exe  IRP_MJ_READ  Serial0  Length 1
1673  0.00000250  SUCCESS  Length 1: 31 
1678  0.00000000  ntvdm.exe  IRP_MJ_READ  Serial0  Length 1
1678  0.00000243  SUCCESS  Length 1: 30 
1683  0.00000000  ntvdm.exe  IRP_MJ_READ  Serial0  Length 1
1683  0.00000252  SUCCESS  Length 1: 32 
1688  0.00000000  ntvdm.exe  IRP_MJ_READ  Serial0  Length 1
1688  0.00000248  SUCCESS  Length 1: 30 
1693  0.00000000  ntvdm.exe  IRP_MJ_READ  Serial0  Length 1
1693  0.00000253  SUCCESS  Length 1: 35 
1708  0.00000000  ntvdm.exe  IRP_MJ_READ  Serial0  Length 1
1708  0.00000310  SUCCESS  Length 1: 30 
1713  0.00000000  ntvdm.exe  IRP_MJ_READ  Serial0  Length 1
1713  0.00000266  SUCCESS  Length 1: 38 
1718  0.00000000  ntvdm.exe  IRP_MJ_READ  Serial0  Length 1
1718  0.00000247  SUCCESS  Length 1: 30 
1723  0.00000000  ntvdm.exe  IRP_MJ_READ  Serial0  Length 1
1723  0.00000247  SUCCESS  Length 1: 30 
1728  0.00000000  ntvdm.exe  IRP_MJ_READ  Serial0  Length 1
1728  0.00000248  SUCCESS  Length 1: 32 
1733  0.00000000  ntvdm.exe  IRP_MJ_READ  Serial0  Length 1
1733  0.00000246  SUCCESS  Length 1: 45 
1738  0.00000000  ntvdm.exe  IRP_MJ_READ  Serial0  Length 1
1738  0.00000248  SUCCESS  Length 1: 38 
1743  0.00000000  ntvdm.exe  IRP_MJ_READ  Serial0  Length 1
1743  0.00000257  SUCCESS  Length 1: 30 
1758  0.00000000  ntvdm.exe  IRP_MJ_READ  Serial0  Length 1
1758  0.00000270  SUCCESS  Length 1: 33 
1763  0.00000000  ntvdm.exe  IRP_MJ_READ  Serial0  Length 1
1763  0.00000253  SUCCESS  Length 1: 30 
1768  0.00000000  ntvdm.exe  IRP_MJ_READ  Serial0  Length 1
1768  0.00000247  SUCCESS  Length 1: 37 
1773  0.00000000  ntvdm.exe  IRP_MJ_READ  Serial0  Length 1
1773  0.00000249  SUCCESS  Length 1: 31 
1778  0.00000000  ntvdm.exe  IRP_MJ_READ  Serial0  Length 1
1778  0.00000253  SUCCESS  Length 1: 38 
1783  0.00000000  ntvdm.exe  IRP_MJ_READ  Serial0  Length 1
1783  0.00000245  SUCCESS  Length 1: 30 
1788  0.00000000  ntvdm.exe  IRP_MJ_READ  Serial0  Length 1
1788  0.00000244  SUCCESS  Length 1: 30 
1793  0.00000000  ntvdm.exe  IRP_MJ_READ  Serial0  Length 1
1793  0.00000258  SUCCESS  Length 1: 30 
1808  0.00000000  ntvdm.exe  IRP_MJ_READ  Serial0  Length 1
1808  0.00000259  SUCCESS  Length 1: 30 
1813  0.00000000  ntvdm.exe  IRP_MJ_READ  Serial0  Length 1
1813  0.00000245  SUCCESS  Length 1: 30 
1818  0.00000000  ntvdm.exe  IRP_MJ_READ  Serial0  Length 1
1818  0.00000248  SUCCESS  Length 1: 30 
1823  0.00000000  ntvdm.exe  IRP_MJ_READ  Serial0  Length 1
1823  0.00000313  SUCCESS  Length 1: 30 
1828  0.00000000  ntvdm.exe  IRP_MJ_READ  Serial0  Length 1
1828  0.00000259  SUCCESS  Length 1: 30 
1833  0.00000000  ntvdm.exe  IRP_MJ_READ  Serial0  Length 1
1833  0.00000245  SUCCESS  Length 1: 30 
1838  0.00000000  ntvdm.exe  IRP_MJ_READ  Serial0  Length 1
1838  0.00000242  SUCCESS  Length 1: 30 
1843  0.00000000  ntvdm.exe  IRP_MJ_READ  Serial0  Length 1
1843  0.00000240  SUCCESS  Length 1: 30 
1858  0.00000000  ntvdm.exe  IRP_MJ_READ  Serial0  Length 1
1858  0.00000279  SUCCESS  Length 1: 30 
1863  0.00000000  ntvdm.exe  IRP_MJ_READ  Serial0  Length 1
1863  0.00000258  SUCCESS  Length 1: 30 
1868  0.00000000  ntvdm.exe  IRP_MJ_READ  Serial0  Length 1
1868  0.00000246  SUCCESS  Length 1: 30 
1873  0.00000000  ntvdm.exe  IRP_MJ_READ  Serial0  Length 1
1873  0.00000254  SUCCESS  Length 1: 30 
1888  0.00000000  ntvdm.exe  IRP_MJ_READ  Serial0  Length 1
1888  0.00000256  SUCCESS  Length 1: 30 
1893  0.00000000  ntvdm.exe  IRP_MJ_READ  Serial0  Length 1
1893  0.00000243  SUCCESS  Length 1: 30 
1898  0.00000000  ntvdm.exe  IRP_MJ_READ  Serial0  Length 1
1898  0.00000246  SUCCESS  Length 1: 30 
1903  0.00000000  ntvdm.exe  IRP_MJ_READ  Serial0  Length 1
1903  0.00000249  SUCCESS  Length 1: 30 
1908  0.00000000  ntvdm.exe  IRP_MJ_READ  Serial0  Length 1
1908  0.00000250  SUCCESS  Length 1: 30 
1913  0.00000000  ntvdm.exe  IRP_MJ_READ  Serial0  Length 1
1913  0.00000246  SUCCESS  Length 1: 30 
1918  0.00000000  ntvdm.exe  IRP_MJ_READ  Serial0  Length 1
1918  0.00000248  SUCCESS  Length 1: 30 
1923  0.00000000  ntvdm.exe  IRP_MJ_READ  Serial0  Length 1
1923  0.00000251  SUCCESS  Length 1: 30 
1938  0.00000000  ntvdm.exe  IRP_MJ_READ  Serial0  Length 1
1938  0.00000300  SUCCESS  Length 1: 30 
1943  0.00000000  ntvdm.exe  IRP_MJ_READ  Serial0  Length 1
1943  0.00000247  SUCCESS  Length 1: 31 
1948  0.00000000  ntvdm.exe  IRP_MJ_READ  Serial0  Length 1
1948  0.00000244  SUCCESS  Length 1: 43 
1953  0.00000000  ntvdm.exe  IRP_MJ_READ  Serial0  Length 1
1953  0.00000248  SUCCESS  Length 1: 38 
1958  0.00000000  ntvdm.exe  IRP_MJ_READ  Serial0  Length 1
1958  0.00000249  SUCCESS  Length 1: 30 
1963  0.00000000  ntvdm.exe  IRP_MJ_READ  Serial0  Length 1
1963  0.00000249  SUCCESS  Length 1: 30 
1968  0.00000000  ntvdm.exe  IRP_MJ_READ  Serial0  Length 1
1968  0.00000248  SUCCESS  Length 1: 30 
1973  0.00000000  ntvdm.exe  IRP_MJ_READ  Serial0  Length 1
1973  0.00000247  SUCCESS  Length 1: 31 
1988  0.00000000  ntvdm.exe  IRP_MJ_READ  Serial0  Length 1
1988  0.00000273  SUCCESS  Length 1: 46 
1993  0.00000000  ntvdm.exe  IRP_MJ_READ  Serial0  Length 1
1993  0.00000246  SUCCESS  Length 1: 30 
1998  0.00000000  ntvdm.exe  IRP_MJ_READ  Serial0  Length 1
1998  0.00000247  SUCCESS  Length 1: 30 
2003  0.00000000  ntvdm.exe  IRP_MJ_READ  Serial0  Length 1
2003  0.00000247  SUCCESS  Length 1: 31 
2008  0.00000000  ntvdm.exe  IRP_MJ_READ  Serial0  Length 1
2008  0.00000246  SUCCESS  Length 1: 30 
2013  0.00000000  ntvdm.exe  IRP_MJ_READ  Serial0  Length 1
2013  0.00000248  SUCCESS  Length 1: 32 
2018  0.00000000  ntvdm.exe  IRP_MJ_READ  Serial0  Length 1
2018  0.00000254  SUCCESS  Length 1: 30 
2023  0.00000000  ntvdm.exe  IRP_MJ_READ  Serial0  Length 1
2023  0.00000251  SUCCESS  Length 1: 35 
2038  0.00000000  ntvdm.exe  IRP_MJ_READ  Serial0  Length 1
2038  0.00000258  SUCCESS  Length 1: 30 
2043  0.00000000  ntvdm.exe  IRP_MJ_READ  Serial0  Length 1
2043  0.00000248  SUCCESS  Length 1: 38 
2048  0.00000000  ntvdm.exe  IRP_MJ_READ  Serial0  Length 1
2048  0.00000242  SUCCESS  Length 1: 30 
2053  0.00000000  ntvdm.exe  IRP_MJ_READ  Serial0  Length 1
2053  0.00000246  SUCCESS  Length 1: 30 
2058  0.00000000  ntvdm.exe  IRP_MJ_READ  Serial0  Length 1
2058  0.00000247  SUCCESS  Length 1: 32 
2063  0.00000000  ntvdm.exe  IRP_MJ_READ  Serial0  Length 1
2063  0.00000250  SUCCESS  Length 1: 45 
2068  0.00000000  ntvdm.exe  IRP_MJ_READ  Serial0  Length 1
2068  0.00000243  SUCCESS  Length 1: 38 
2073  0.00000000  ntvdm.exe  IRP_MJ_READ  Serial0  Length 1
2073  0.00000254  SUCCESS  Length 1: 30 
2088  0.00000000  ntvdm.exe  IRP_MJ_READ  Serial0  Length 1
2088  0.00000308  SUCCESS  Length 1: 33 
2093  0.00000000  ntvdm.exe  IRP_MJ_READ  Serial0  Length 1
2093  0.00000257  SUCCESS  Length 1: 30 
2098  0.00000000  ntvdm.exe  IRP_MJ_READ  Serial0  Length 1
2098  0.00000251  SUCCESS  Length 1: 43 
2103  0.00000000  ntvdm.exe  IRP_MJ_READ  Serial0  Length 1
2103  0.00000248  SUCCESS  Length 1: 30 
2108  0.00000000  ntvdm.exe  IRP_MJ_READ  Serial0  Length 1
2108  0.00000249  SUCCESS  Length 1: 32 
2113  0.00000000  ntvdm.exe  IRP_MJ_READ  Serial0  Length 1
2113  0.00000251  SUCCESS  Length 1: 30 
2118  0.00000000  ntvdm.exe  IRP_MJ_READ  Serial0  Length 1
2118  0.00000247  SUCCESS  Length 1: 38 
2123  0.00000000  ntvdm.exe  IRP_MJ_READ  Serial0  Length 1
2123  0.00000247  SUCCESS  Length 1: 30 
2138  0.00000000  ntvdm.exe  IRP_MJ_READ  Serial0  Length 1
2138  0.00000261  SUCCESS  Length 1: 30 
2143  0.00000000  ntvdm.exe  IRP_MJ_READ  Serial0  Length 1
2143  0.00000242  SUCCESS  Length 1: 38 
2148  0.00000000  ntvdm.exe  IRP_MJ_READ  Serial0  Length 1
2148  0.00000240  SUCCESS  Length 1: 30 
2153  0.00000000  ntvdm.exe  IRP_MJ_READ  Serial0  Length 1
2153  0.00000241  SUCCESS  Length 1: 31 
2158  0.00000000  ntvdm.exe  IRP_MJ_READ  Serial0  Length 1
2158  0.00000242  SUCCESS  Length 1: 30 
2163  0.00000000  ntvdm.exe  IRP_MJ_READ  Serial0  Length 1
2163  0.00000238  SUCCESS  Length 1: 30 
2168  0.00000000  ntvdm.exe  IRP_MJ_READ  Serial0  Length 1
2168  0.00000242  SUCCESS  Length 1: 30 
2173  0.00000000  ntvdm.exe  IRP_MJ_READ  Serial0  Length 1
2173  0.00000251  SUCCESS  Length 1: 30 
2188  0.00000000  ntvdm.exe  IRP_MJ_READ  Serial0  Length 1
2188  0.00000313  SUCCESS  Length 1: 30 
2193  0.00000000  ntvdm.exe  IRP_MJ_READ  Serial0  Length 1
2193  0.00000255  SUCCESS  Length 1: 30 
2198  0.00000000  ntvdm.exe  IRP_MJ_READ  Serial0  Length 1
2198  0.00000247  SUCCESS  Length 1: 30 
2203  0.00000000  ntvdm.exe  IRP_MJ_READ  Serial0  Length 1
2203  0.00000246  SUCCESS  Length 1: 30 
2208  0.00000000  ntvdm.exe  IRP_MJ_READ  Serial0  Length 1
2208  0.00000245  SUCCESS  Length 1: 36 
2213  0.00000000  ntvdm.exe  IRP_MJ_READ  Serial0  Length 1
2213  0.00000247  SUCCESS  Length 1: 39 
2218  0.00000000  ntvdm.exe  IRP_MJ_READ  Serial0  Length 1
2218  0.00000247  SUCCESS  Length 1: 42 
2223  0.00000000  ntvdm.exe  IRP_MJ_READ  Serial0  Length 1
2223  0.00000253  SUCCESS  Length 1: 30 
2238  0.00000000  ntvdm.exe  IRP_MJ_READ  Serial0  Length 1
2238  0.00000264  SUCCESS  Length 1: 36 
2243  0.00000000  ntvdm.exe  IRP_MJ_READ  Serial0  Length 1
2243  0.00000241  SUCCESS  Length 1: 46 
2248  0.00000000  ntvdm.exe  IRP_MJ_READ  Serial0  Length 1
2248  0.00000251  SUCCESS  Length 1: 44 
2253  0.00000000  ntvdm.exe  IRP_MJ_READ  Serial0  Length 1
2253  0.00000236  SUCCESS  Length 1: 38 
2258  0.00000000  ntvdm.exe  IRP_MJ_READ  Serial0  Length 1
2258  0.00000245  SUCCESS  Length 1: 30 
2263  0.00000000  ntvdm.exe  IRP_MJ_READ  Serial0  Length 1
2263  0.00000246  SUCCESS  Length 1: 45 
2268  0.00000000  ntvdm.exe  IRP_MJ_READ  Serial0  Length 1
2268  0.00000248  SUCCESS  Length 1: 38 
2273  0.00000000  ntvdm.exe  IRP_MJ_READ  Serial0  Length 1
2273  0.00000255  SUCCESS  Length 1: 30 
2288  0.00000000  ntvdm.exe  IRP_MJ_READ  Serial0  Length 1
2288  0.00000280  SUCCESS  Length 1: 33 
2293  0.00000000  ntvdm.exe  IRP_MJ_READ  Serial0  Length 1
2293  0.00000251  SUCCESS  Length 1: 46 
2298  0.00000000  ntvdm.exe  IRP_MJ_READ  Serial0  Length 1
2298  0.00000329  SUCCESS  Length 1: 39 
2303  0.00000000  ntvdm.exe  IRP_MJ_READ  Serial0  Length 1
2303  0.00000264  SUCCESS  Length 1: 30 
2308  0.00000000  ntvdm.exe  IRP_MJ_READ  Serial0  Length 1
2308  0.00000244  SUCCESS  Length 1: 32 
2313  0.00000000  ntvdm.exe  IRP_MJ_READ  Serial0  Length 1
2313  0.00000250  SUCCESS  Length 1: 30 
2318  0.00000000  ntvdm.exe  IRP_MJ_READ  Serial0  Length 1
2318  0.00000248  SUCCESS  Length 1: 31 
2323  0.00000000  ntvdm.exe  IRP_MJ_READ  Serial0  Length 1
2323  0.00000252  SUCCESS  Length 1: 30 
2338  0.00000000  ntvdm.exe  IRP_MJ_READ  Serial0  Length 1
2338  0.00000258  SUCCESS  Length 1: 37 
2343  0.00000000  ntvdm.exe  IRP_MJ_READ  Serial0  Length 1
2343  0.00000246  SUCCESS  Length 1: 46 
2348  0.00000000  ntvdm.exe  IRP_MJ_READ  Serial0  Length 1
2348  0.00000249  SUCCESS  Length 1: 42 
2353  0.00000000  ntvdm.exe  IRP_MJ_READ  Serial0  Length 1
2353  0.00000250  SUCCESS  Length 1: 30 
2358  0.00000000  ntvdm.exe  IRP_MJ_READ  Serial0  Length 1
2358  0.00000246  SUCCESS  Length 1: 31 
2363  0.00000000  ntvdm.exe  IRP_MJ_READ  Serial0  Length 1
2363  0.00000250  SUCCESS  Length 1: 0D 
2382  0.00000000  ntvdm.exe  IRP_MJ_WRITE  Serial0  Length 385: 50 53 31 2C 31 30 45 38 30 30 30 43 30 38 38 39 30 31 30 30 33 30 32 32 30 31 30 30 31 46 43 46 42 45 30 37 30 38 32 44 30 30 30 30 46 45 46 46 30 30 30 30 30 31 30 30 30 30 30 32 30 30 30 32 36 35 30 30 30 30 30 30 38 30 38 30 38 30 38 30 38 30 38 30 31 42 30 32 38 30 38 31 43 39 30 46 41 41 30 31 30 32 30 44 30 38 30 39 30 31 30 30 30 30 36 35 36 36 36 38 30 33 34 32 37 32 30 30 30 30 30 30 30 34 31 38 30 30 30 30 30 30 30 30 30 30 30 30 30 30 30 30 30 30 30 30 30 30 30 30 31 30 38 30 30 32 31 46 30 32 35 30 32 30 31 30 38 30 30 32 45 38 30 33 30 35 31 38 30 30 30 30 30 30 30 30 30 30 30 30 30 30 30 30 30 30 30 30 30 30 30 30 31 30 38 30 30 30 31 46 30 32 32 30 31 30 35 30 38 30 30 32 45 38 30 33 30 36 31 38 30 30 30 30 30 30 30 30 30 30 30 30 30 30 30 30 30 30 30 30 30 30 30 30 31 30 38 30 35 30 31 46 30 30 31 30 32 30 35 30 38 30 30 32 45 38 30 33 30 37 31 38 30 30 30 30 30 30 30 30 30 30 30 30 30 30 30 30 30 30 30 30 30 30 30 30 31 43 38 30 30 30 31 46 30 30 31 30 32 30 35 30 38 30 30 32 45 38 30 33 30 43 30 32 30 38 30 30 38 30 31 30 30 30 30 30 30 30 30 36 39 42 30 36 46 44 38 30 45 38 30 33 46 39 30 32 30 31 30 37 46 42 30 31 0D 
2382  0.26056954  SUCCESS  
2397  0.00000000  ntvdm.exe  IRP_MJ_READ  Serial0  Length 2
2397  0.00000413  SUCCESS  Length 2: 30 0D 
