[\\DESKTOPPC]
3  0.00000000  ntvdm.exe  IRP_MJ_WRITE  Serial0  Length 3: 51 53 0D 
3  0.00002555  SUCCESS  
18  0.00000000  ntvdm.exe  IRP_MJ_READ  Serial0  Length 2
18  0.00000315  SUCCESS  Length 2: 30 0D 
32  0.00000000  ntvdm.exe  IRP_MJ_READ  Serial0  Length 1
32  0.00000319  SUCCESS  Length 1: 31 
37  0.00000000  ntvdm.exe  IRP_MJ_READ  Serial0  Length 1
37  0.00000253  SUCCESS  Length 1: 2C 
42  0.00000000  ntvdm.exe  IRP_MJ_READ  Serial0  Length 1
42  0.00000251  SUCCESS  Length 1: 31 
47  0.00000000  ntvdm.exe  IRP_MJ_READ  Serial0  Length 1
47  0.00000239  SUCCESS  Length 1: 30 
52  0.00000000  ntvdm.exe  IRP_MJ_READ  Serial0  Length 1
52  0.00000236  SUCCESS  Length 1: 42 
57  0.00000000  ntvdm.exe  IRP_MJ_READ  Serial0  Length 1
57  0.00000249  SUCCESS  Length 1: 44 
62  0.00000000  ntvdm.exe  IRP_MJ_READ  Serial0  Length 1
62  0.00000247  SUCCESS  Length 1: 30 
67  0.00000000  ntvdm.exe  IRP_MJ_READ  Serial0  Length 1
67  0.00000243  SUCCESS  Length 1: 30 
72  0.00000000  ntvdm.exe  IRP_MJ_READ  Serial0  Length 1
72  0.00000248  SUCCESS  Length 1: 30 
77  0.00000000  ntvdm.exe  IRP_MJ_READ  Serial0  Length 1
77  0.00000244  SUCCESS  Length 1: 43 
82  0.00000000  ntvdm.exe  IRP_MJ_READ  Serial0  Length 1
82  0.00000254  SUCCESS  Length 1: 30 
97  0.00000000  ntvdm.exe  IRP_MJ_READ  Serial0  Length 1
97  0.00000355  SUCCESS  Length 1: 34 
102  0.00000000  ntvdm.exe  IRP_MJ_READ  Serial0  Length 1
102  0.00000254  SUCCESS  Length 1: 38 
107  0.00000000  ntvdm.exe  IRP_MJ_READ  Serial0  Length 1
107  0.00000248  SUCCESS  Length 1: 39 
112  0.00000000  ntvdm.exe  IRP_MJ_READ  Serial0  Length 1
112  0.00000246  SUCCESS  Length 1: 30 
117  0.00000000  ntvdm.exe  IRP_MJ_READ  Serial0  Length 1
117  0.00000250  SUCCESS  Length 1: 31 
122  0.00000000  ntvdm.exe  IRP_MJ_READ  Serial0  Length 1
122  0.00000240  SUCCESS  Length 1: 30 
127  0.00000000  ntvdm.exe  IRP_MJ_READ  Serial0  Length 1
127  0.00000246  SUCCESS  Length 1: 30 
132  0.00000000  ntvdm.exe  IRP_MJ_READ  Serial0  Length 1
132  0.00000257  SUCCESS  Length 1: 33 
147  0.00000000  ntvdm.exe  IRP_MJ_READ  Serial0  Length 1
147  0.00000282  SUCCESS  Length 1: 30 
152  0.00000000  ntvdm.exe  IRP_MJ_READ  Serial0  Length 1
152  0.00000249  SUCCESS  Length 1: 32 
157  0.00000000  ntvdm.exe  IRP_MJ_READ  Serial0  Length 1
157  0.00000243  SUCCESS  Length 1: 32 
162  0.00000000  ntvdm.exe  IRP_MJ_READ  Serial0  Length 1
162  0.00000241  SUCCESS  Length 1: 30 
167  0.00000000  ntvdm.exe  IRP_MJ_READ  Serial0  Length 1
167  0.00000249  SUCCESS  Length 1: 31 
172  0.00000000  ntvdm.exe  IRP_MJ_READ  Serial0  Length 1
172  0.00000243  SUCCESS  Length 1: 30 
177  0.00000000  ntvdm.exe  IRP_MJ_READ  Serial0  Length 1
177  0.00000239  SUCCESS  Length 1: 30 
182  0.00000000  ntvdm.exe  IRP_MJ_READ  Serial0  Length 1
182  0.00000246  SUCCESS  Length 1: 31 
197  0.00000000  ntvdm.exe  IRP_MJ_READ  Serial0  Length 1
197  0.00000281  SUCCESS  Length 1: 46 
202  0.00000000  ntvdm.exe  IRP_MJ_READ  Serial0  Length 1
202  0.00000250  SUCCESS  Length 1: 43 
207  0.00000000  ntvdm.exe  IRP_MJ_READ  Serial0  Length 1
207  0.00000244  SUCCESS  Length 1: 46 
212  0.00000000  ntvdm.exe  IRP_MJ_READ  Serial0  Length 1
212  0.00000248  SUCCESS  Length 1: 42 
217  0.00000000  ntvdm.exe  IRP_MJ_READ  Serial0  Length 1
217  0.00000240  SUCCESS  Length 1: 45 
222  0.00000000  ntvdm.exe  IRP_MJ_READ  Serial0  Length 1
222  0.00000236  SUCCESS  Length 1: 30 
227  0.00000000  ntvdm.exe  IRP_MJ_READ  Serial0  Length 1
227  0.00000239  SUCCESS  Length 1: 37 
232  0.00000000  ntvdm.exe  IRP_MJ_READ  Serial0  Length 1
232  0.00000246  SUCCESS  Length 1: 30 
247  0.00000000  ntvdm.exe  IRP_MJ_READ  Serial0  Length 1
247  0.00000299  SUCCESS  Length 1: 38 
252  0.00000000  ntvdm.exe  IRP_MJ_READ  Serial0  Length 1
252  0.00000255  SUCCESS  Length 1: 32 
257  0.00000000  ntvdm.exe  IRP_MJ_READ  Serial0  Length 1
257  0.00000243  SUCCESS  Length 1: 44 
262  0.00000000  ntvdm.exe  IRP_MJ_READ  Serial0  Length 1
262  0.00000243  SUCCESS  Length 1: 30 
267  0.00000000  ntvdm.exe  IRP_MJ_READ  Serial0  Length 1
267  0.00000244  SUCCESS  Length 1: 30 
272  0.00000000  ntvdm.exe  IRP_MJ_READ  Serial0  Length 1
272  0.00000246  SUCCESS  Length 1: 30 
277  0.00000000  ntvdm.exe  IRP_MJ_READ  Serial0  Length 1
277  0.00000249  SUCCESS  Length 1: 30 
282  0.00000000  ntvdm.exe  IRP_MJ_READ  Serial0  Length 1
282  0.00000251  SUCCESS  Length 1: 46 
297  0.00000000  ntvdm.exe  IRP_MJ_READ  Serial0  Length 1
297  0.00000259  SUCCESS  Length 1: 45 
302  0.00000000  ntvdm.exe  IRP_MJ_READ  Serial0  Length 1
302  0.00000241  SUCCESS  Length 1: 46 
307  0.00000000  ntvdm.exe  IRP_MJ_READ  Serial0  Length 1
307  0.00000235  SUCCESS  Length 1: 46 
312  0.00000000  ntvdm.exe  IRP_MJ_READ  Serial0  Length 1
312  0.00000238  SUCCESS  Length 1: 30 
317  0.00000000  ntvdm.exe  IRP_MJ_READ  Serial0  Length 1
317  0.00000247  SUCCESS  Length 1: 30 
322  0.00000000  ntvdm.exe  IRP_MJ_READ  Serial0  Length 1
322  0.00000254  SUCCESS  Length 1: 30 
337  0.00000000  ntvdm.exe  IRP_MJ_READ  Serial0  Length 1
337  0.00000537  SUCCESS  Length 1: 30 
342  0.00000000  ntvdm.exe  IRP_MJ_READ  Serial0  Length 1
342  0.00000253  SUCCESS  Length 1: 30 
347  0.00000000  ntvdm.exe  IRP_MJ_READ  Serial0  Length 1
347  0.00000242  SUCCESS  Length 1: 31 
352  0.00000000  ntvdm.exe  IRP_MJ_READ  Serial0  Length 1
352  0.00000237  SUCCESS  Length 1: 30 
357  0.00000000  ntvdm.exe  IRP_MJ_READ  Serial0  Length 1
357  0.00000237  SUCCESS  Length 1: 30 
362  0.00000000  ntvdm.exe  IRP_MJ_READ  Serial0  Length 1
362  0.00000239  SUCCESS  Length 1: 30 
367  0.00000000  ntvdm.exe  IRP_MJ_READ  Serial0  Length 1
367  0.00000239  SUCCESS  Length 1: 30 
372  0.00000000  ntvdm.exe  IRP_MJ_READ  Serial0  Length 1
372  0.00000244  SUCCESS  Length 1: 30 
387  0.00000000  ntvdm.exe  IRP_MJ_READ  Serial0  Length 1
387  0.00000301  SUCCESS  Length 1: 32 
392  0.00000000  ntvdm.exe  IRP_MJ_READ  Serial0  Length 1
392  0.00000251  SUCCESS  Length 1: 30 
397  0.00000000  ntvdm.exe  IRP_MJ_READ  Serial0  Length 1
397  0.00000245  SUCCESS  Length 1: 30 
402  0.00000000  ntvdm.exe  IRP_MJ_READ  Serial0  Length 1
402  0.00000247  SUCCESS  Length 1: 30 
407  0.00000000  ntvdm.exe  IRP_MJ_READ  Serial0  Length 1
407  0.00000246  SUCCESS  Length 1: 32 
412  0.00000000  ntvdm.exe  IRP_MJ_READ  Serial0  Length 1
412  0.00000247  SUCCESS  Length 1: 36 
417  0.00000000  ntvdm.exe  IRP_MJ_READ  Serial0  Length 1
417  0.00000246  SUCCESS  Length 1: 35 
422  0.00000000  ntvdm.exe  IRP_MJ_READ  Serial0  Length 1
422  0.00000247  SUCCESS  Length 1: 30 
437  0.00000000  ntvdm.exe  IRP_MJ_READ  Serial0  Length 1
437  0.00000312  SUCCESS  Length 1: 30 
442  0.00000000  ntvdm.exe  IRP_MJ_READ  Serial0  Length 1
442  0.00000247  SUCCESS  Length 1: 30 
447  0.00000000  ntvdm.exe  IRP_MJ_READ  Serial0  Length 1
447  0.00000242  SUCCESS  Length 1: 30 
452  0.00000000  ntvdm.exe  IRP_MJ_READ  Serial0  Length 1
452  0.00000249  SUCCESS  Length 1: 30 
457  0.00000000  ntvdm.exe  IRP_MJ_READ  Serial0  Length 1
457  0.00000238  SUCCESS  Length 1: 30 
462  0.00000000  ntvdm.exe  IRP_MJ_READ  Serial0  Length 1
462  0.00000241  SUCCESS  Length 1: 38 
467  0.00000000  ntvdm.exe  IRP_MJ_READ  Serial0  Length 1
467  0.00000238  SUCCESS  Length 1: 30 
472  0.00000000  ntvdm.exe  IRP_MJ_READ  Serial0  Length 1
472  0.00000247  SUCCESS  Length 1: 38 
487  0.00000000  ntvdm.exe  IRP_MJ_READ  Serial0  Length 1
487  0.00000291  SUCCESS  Length 1: 30 
492  0.00000000  ntvdm.exe  IRP_MJ_READ  Serial0  Length 1
492  0.00000248  SUCCESS  Length 1: 38 
497  0.00000000  ntvdm.exe  IRP_MJ_READ  Serial0  Length 1
497  0.00000236  SUCCESS  Length 1: 30 
502  0.00000000  ntvdm.exe  IRP_MJ_READ  Serial0  Length 1
502  0.00000241  SUCCESS  Length 1: 38 
507  0.00000000  ntvdm.exe  IRP_MJ_READ  Serial0  Length 1
507  0.00000236  SUCCESS  Length 1: 30 
512  0.00000000  ntvdm.exe  IRP_MJ_READ  Serial0  Length 1
512  0.00000242  SUCCESS  Length 1: 38 
517  0.00000000  ntvdm.exe  IRP_MJ_READ  Serial0  Length 1
517  0.00000239  SUCCESS  Length 1: 30 
522  0.00000000  ntvdm.exe  IRP_MJ_READ  Serial0  Length 1
522  0.00000251  SUCCESS  Length 1: 38 
537  0.00000000  ntvdm.exe  IRP_MJ_READ  Serial0  Length 1
537  0.00000263  SUCCESS  Length 1: 30 
542  0.00000000  ntvdm.exe  IRP_MJ_READ  Serial0  Length 1
542  0.00000241  SUCCESS  Length 1: 31 
547  0.00000000  ntvdm.exe  IRP_MJ_READ  Serial0  Length 1
547  0.00000241  SUCCESS  Length 1: 42 
552  0.00000000  ntvdm.exe  IRP_MJ_READ  Serial0  Length 1
552  0.00000248  SUCCESS  Length 1: 30 
557  0.00000000  ntvdm.exe  IRP_MJ_READ  Serial0  Length 1
557  0.00000241  SUCCESS  Length 1: 32 
562  0.00000000  ntvdm.exe  IRP_MJ_READ  Serial0  Length 1
562  0.00000240  SUCCESS  Length 1: 38 
567  0.00000000  ntvdm.exe  IRP_MJ_READ  Serial0  Length 1
567  0.00000241  SUCCESS  Length 1: 30 
572  0.00000000  ntvdm.exe  IRP_MJ_READ  Serial0  Length 1
572  0.00000339  SUCCESS  Length 1: 38 
587  0.00000000  ntvdm.exe  IRP_MJ_READ  Serial0  Length 1
587  0.00000299  SUCCESS  Length 1: 31 
592  0.00000000  ntvdm.exe  IRP_MJ_READ  Serial0  Length 1
592  0.00000244  SUCCESS  Length 1: 43 
597  0.00000000  ntvdm.exe  IRP_MJ_READ  Serial0  Length 1
597  0.00000241  SUCCESS  Length 1: 39 
602  0.00000000  ntvdm.exe  IRP_MJ_READ  Serial0  Length 1
602  0.00000240  SUCCESS  Length 1: 30 
607  0.00000000  ntvdm.exe  IRP_MJ_READ  Serial0  Length 1
607  0.00000250  SUCCESS  Length 1: 46 
612  0.00000000  ntvdm.exe  IRP_MJ_READ  Serial0  Length 1
612  0.00000238  SUCCESS  Length 1: 41 
617  0.00000000  ntvdm.exe  IRP_MJ_READ  Serial0  Length 1
617  0.00000243  SUCCESS  Length 1: 41 
622  0.00000000  ntvdm.exe  IRP_MJ_READ  Serial0  Length 1
622  0.00000245  SUCCESS  Length 1: 30 
637  0.00000000  ntvdm.exe  IRP_MJ_READ  Serial0  Length 1
637  0.00000263  SUCCESS  Length 1: 31 
642  0.00000000  ntvdm.exe  IRP_MJ_READ  Serial0  Length 1
642  0.00000242  SUCCESS  Length 1: 30 
647  0.00000000  ntvdm.exe  IRP_MJ_READ  Serial0  Length 1
647  0.00000241  SUCCESS  Length 1: 32 
652  0.00000000  ntvdm.exe  IRP_MJ_READ  Serial0  Length 1
652  0.00000237  SUCCESS  Length 1: 30 
657  0.00000000  ntvdm.exe  IRP_MJ_READ  Serial0  Length 1
657  0.00000250  SUCCESS  Length 1: 44 
662  0.00000000  ntvdm.exe  IRP_MJ_READ  Serial0  Length 1
662  0.00000238  SUCCESS  Length 1: 30 
667  0.00000000  ntvdm.exe  IRP_MJ_READ  Serial0  Length 1
667  0.00000237  SUCCESS  Length 1: 38 
672  0.00000000  ntvdm.exe  IRP_MJ_READ  Serial0  Length 1
672  0.00000246  SUCCESS  Length 1: 30 
687  0.00000000  ntvdm.exe  IRP_MJ_READ  Serial0  Length 1
687  0.00000263  SUCCESS  Length 1: 39 
692  0.00000000  ntvdm.exe  IRP_MJ_READ  Serial0  Length 1
692  0.00000241  SUCCESS  Length 1: 30 
697  0.00000000  ntvdm.exe  IRP_MJ_READ  Serial0  Length 1
697  0.00000241  SUCCESS  Length 1: 31 
702  0.00000000  ntvdm.exe  IRP_MJ_READ  Serial0  Length 1
702  0.00000249  SUCCESS  Length 1: 30 
707  0.00000000  ntvdm.exe  IRP_MJ_READ  Serial0  Length 1
707  0.00000238  SUCCESS  Length 1: 30 
712  0.00000000  ntvdm.exe  IRP_MJ_READ  Serial0  Length 1
712  0.00000238  SUCCESS  Length 1: 30 
717  0.00000000  ntvdm.exe  IRP_MJ_READ  Serial0  Length 1
717  0.00000241  SUCCESS  Length 1: 30 
722  0.00000000  ntvdm.exe  IRP_MJ_READ  Serial0  Length 1
722  0.00000245  SUCCESS  Length 1: 36 
737  0.00000000  ntvdm.exe  IRP_MJ_READ  Serial0  Length 1
737  0.00000315  SUCCESS  Length 1: 35 
742  0.00000000  ntvdm.exe  IRP_MJ_READ  Serial0  Length 1
742  0.00000256  SUCCESS  Length 1: 36 
747  0.00000000  ntvdm.exe  IRP_MJ_READ  Serial0  Length 1
747  0.00000245  SUCCESS  Length 1: 36 
752  0.00000000  ntvdm.exe  IRP_MJ_READ  Serial0  Length 1
752  0.00000246  SUCCESS  Length 1: 36 
757  0.00000000  ntvdm.exe  IRP_MJ_READ  Serial0  Length 1
757  0.00000238  SUCCESS  Length 1: 38 
762  0.00000000  ntvdm.exe  IRP_MJ_READ  Serial0  Length 1
762  0.00000247  SUCCESS  Length 1: 30 
767  0.00000000  ntvdm.exe  IRP_MJ_READ  Serial0  Length 1
767  0.00000239  SUCCESS  Length 1: 33 
772  0.00000000  ntvdm.exe  IRP_MJ_READ  Serial0  Length 1
772  0.00000244  SUCCESS  Length 1: 34 
787  0.00000000  ntvdm.exe  IRP_MJ_READ  Serial0  Length 1
787  0.00000338  SUCCESS  Length 1: 32 
792  0.00000000  ntvdm.exe  IRP_MJ_READ  Serial0  Length 1
792  0.00000288  SUCCESS  Length 1: 37 
797  0.00000000  ntvdm.exe  IRP_MJ_READ  Serial0  Length 1
797  0.00000256  SUCCESS  Length 1: 32 
802  0.00000000  ntvdm.exe  IRP_MJ_READ  Serial0  Length 1
802  0.00000237  SUCCESS  Length 1: 30 
807  0.00000000  ntvdm.exe  IRP_MJ_READ  Serial0  Length 1
807  0.00000237  SUCCESS  Length 1: 30 
812  0.00000000  ntvdm.exe  IRP_MJ_READ  Serial0  Length 1
812  0.00000237  SUCCESS  Length 1: 30 
817  0.00000000  ntvdm.exe  IRP_MJ_READ  Serial0  Length 1
817  0.00000240  SUCCESS  Length 1: 30 
822  0.00000000  ntvdm.exe  IRP_MJ_READ  Serial0  Length 1
822  0.00000242  SUCCESS  Length 1: 30 
837  0.00000000  ntvdm.exe  IRP_MJ_READ  Serial0  Length 1
837  0.00000256  SUCCESS  Length 1: 30 
842  0.00000000  ntvdm.exe  IRP_MJ_READ  Serial0  Length 1
842  0.00000244  SUCCESS  Length 1: 30 
857  0.00000000  ntvdm.exe  IRP_MJ_READ  Serial0  Length 1
857  0.00000332  SUCCESS  Length 1: 34 
862  0.00000000  ntvdm.exe  IRP_MJ_READ  Serial0  Length 1
862  0.00000250  SUCCESS  Length 1: 31 
867  0.00000000  ntvdm.exe  IRP_MJ_READ  Serial0  Length 1
867  0.00000243  SUCCESS  Length 1: 38 
872  0.00000000  ntvdm.exe  IRP_MJ_READ  Serial0  Length 1
872  0.00000249  SUCCESS  Length 1: 30 
877  0.00000000  ntvdm.exe  IRP_MJ_READ  Serial0  Length 1
877  0.00000241  SUCCESS  Length 1: 30 
882  0.00000000  ntvdm.exe  IRP_MJ_READ  Serial0  Length 1
882  0.00000248  SUCCESS  Length 1: 30 
887  0.00000000  ntvdm.exe  IRP_MJ_READ  Serial0  Length 1
887  0.00000248  SUCCESS  Length 1: 30 
892  0.00000000  ntvdm.exe  IRP_MJ_READ  Serial0  Length 1
892  0.00000257  SUCCESS  Length 1: 30 
907  0.00000000  ntvdm.exe  IRP_MJ_READ  Serial0  Length 1
907  0.00000265  SUCCESS  Length 1: 30 
912  0.00000000  ntvdm.exe  IRP_MJ_READ  Serial0  Length 1
912  0.00000248  SUCCESS  Length 1: 30 
917  0.00000000  ntvdm.exe  IRP_MJ_READ  Serial0  Length 1
917  0.00000247  SUCCESS  Length 1: 30 
922  0.00000000  ntvdm.exe  IRP_MJ_READ  Serial0  Length 1
922  0.00000268  SUCCESS  Length 1: 30 
927  0.00000000  ntvdm.exe  IRP_MJ_READ  Serial0  Length 1
927  0.00000248  SUCCESS  Length 1: 30 
932  0.00000000  ntvdm.exe  IRP_MJ_READ  Serial0  Length 1
932  0.00000247  SUCCESS  Length 1: 30 
937  0.00000000  ntvdm.exe  IRP_MJ_READ  Serial0  Length 1
937  0.00000254  SUCCESS  Length 1: 30 
942  0.00000000  ntvdm.exe  IRP_MJ_READ  Serial0  Length 1
942  0.00000254  SUCCESS  Length 1: 30 
957  0.00000000  ntvdm.exe  IRP_MJ_READ  Serial0  Length 1
957  0.00000307  SUCCESS  Length 1: 30 
962  0.00000000  ntvdm.exe  IRP_MJ_READ  Serial0  Length 1
962  0.00000242  SUCCESS  Length 1: 30 
967  0.00000000  ntvdm.exe  IRP_MJ_READ  Serial0  Length 1
967  0.00000238  SUCCESS  Length 1: 30 
972  0.00000000  ntvdm.exe  IRP_MJ_READ  Serial0  Length 1
972  0.00000239  SUCCESS  Length 1: 30 
977  0.00000000  ntvdm.exe  IRP_MJ_READ  Serial0  Length 1
977  0.00000248  SUCCESS  Length 1: 30 
982  0.00000000  ntvdm.exe  IRP_MJ_READ  Serial0  Length 1
982  0.00000238  SUCCESS  Length 1: 30 
987  0.00000000  ntvdm.exe  IRP_MJ_READ  Serial0  Length 1
987  0.00000238  SUCCESS  Length 1: 30 
992  0.00000000  ntvdm.exe  IRP_MJ_READ  Serial0  Length 1
992  0.00000246  SUCCESS  Length 1: 30 
1007  0.00000000  ntvdm.exe  IRP_MJ_READ  Serial0  Length 1
1007  0.00000260  SUCCESS  Length 1: 30 
1012  0.00000000  ntvdm.exe  IRP_MJ_READ  Serial0  Length 1
1012  0.00000239  SUCCESS  Length 1: 30 
1017  0.00000000  ntvdm.exe  IRP_MJ_READ  Serial0  Length 1
1017  0.00000240  SUCCESS  Length 1: 30 
1022  0.00000000  ntvdm.exe  IRP_MJ_READ  Serial0  Length 1
1022  0.00000247  SUCCESS  Length 1: 31 
1027  0.00000000  ntvdm.exe  IRP_MJ_READ  Serial0  Length 1
1027  0.00000245  SUCCESS  Length 1: 30 
1032  0.00000000  ntvdm.exe  IRP_MJ_READ  Serial0  Length 1
1032  0.00000241  SUCCESS  Length 1: 38 
1037  0.00000000  ntvdm.exe  IRP_MJ_READ  Serial0  Length 1
1037  0.00000246  SUCCESS  Length 1: 30 
1042  0.00000000  ntvdm.exe  IRP_MJ_READ  Serial0  Length 1
1042  0.00000252  SUCCESS  Length 1: 30 
1057  0.00000000  ntvdm.exe  IRP_MJ_READ  Serial0  Length 1
1057  0.00000256  SUCCESS  Length 1: 32 
1062  0.00000000  ntvdm.exe  IRP_MJ_READ  Serial0  Length 1
1062  0.00000239  SUCCESS  Length 1: 31 
1067  0.00000000  ntvdm.exe  IRP_MJ_READ  Serial0  Length 1
1067  0.00000235  SUCCESS  Length 1: 46 
1072  0.00000000  ntvdm.exe  IRP_MJ_READ  Serial0  Length 1
1072  0.00000251  SUCCESS  Length 1: 30 
1087  0.00000000  ntvdm.exe  IRP_MJ_READ  Serial0  Length 1
1087  0.00000316  SUCCESS  Length 1: 32 
1092  0.00000000  ntvdm.exe  IRP_MJ_READ  Serial0  Length 1
1092  0.00000261  SUCCESS  Length 1: 35 
1097  0.00000000  ntvdm.exe  IRP_MJ_READ  Serial0  Length 1
1097  0.00000240  SUCCESS  Length 1: 30 
1102  0.00000000  ntvdm.exe  IRP_MJ_READ  Serial0  Length 1
1102  0.00000246  SUCCESS  Length 1: 32 
1107  0.00000000  ntvdm.exe  IRP_MJ_READ  Serial0  Length 1
1107  0.00000251  SUCCESS  Length 1: 30 
1112  0.00000000  ntvdm.exe  IRP_MJ_READ  Serial0  Length 1
1112  0.00000249  SUCCESS  Length 1: 31 
1117  0.00000000  ntvdm.exe  IRP_MJ_READ  Serial0  Length 1
1117  0.00000249  SUCCESS  Length 1: 30 
1122  0.00000000  ntvdm.exe  IRP_MJ_READ  Serial0  Length 1
1122  0.00000255  SUCCESS  Length 1: 38 
1137  0.00000000  ntvdm.exe  IRP_MJ_READ  Serial0  Length 1
1137  0.00000261  SUCCESS  Length 1: 30 
1142  0.00000000  ntvdm.exe  IRP_MJ_READ  Serial0  Length 1
1142  0.00000249  SUCCESS  Length 1: 30 
1147  0.00000000  ntvdm.exe  IRP_MJ_READ  Serial0  Length 1
1147  0.00000234  SUCCESS  Length 1: 32 
1152  0.00000000  ntvdm.exe  IRP_MJ_READ  Serial0  Length 1
1152  0.00000250  SUCCESS  Length 1: 45 
1157  0.00000000  ntvdm.exe  IRP_MJ_READ  Serial0  Length 1
1157  0.00000248  SUCCESS  Length 1: 38 
1162  0.00000000  ntvdm.exe  IRP_MJ_READ  Serial0  Length 1
1162  0.00000247  SUCCESS  Length 1: 30 
1167  0.00000000  ntvdm.exe  IRP_MJ_READ  Serial0  Length 1
1167  0.00000250  SUCCESS  Length 1: 33 
1172  0.00000000  ntvdm.exe  IRP_MJ_READ  Serial0  Length 1
1172  0.00000254  SUCCESS  Length 1: 30 
1187  0.00000000  ntvdm.exe  IRP_MJ_READ  Serial0  Length 1
1187  0.00000357  SUCCESS  Length 1: 35 
1192  0.00000000  ntvdm.exe  IRP_MJ_READ  Serial0  Length 1
1192  0.00000404  SUCCESS  Length 1: 31 
1197  0.00000000  ntvdm.exe  IRP_MJ_READ  Serial0  Length 1
1197  0.00000245  SUCCESS  Length 1: 38 
1202  0.00000000  ntvdm.exe  IRP_MJ_READ  Serial0  Length 1
1202  0.00000239  SUCCESS  Length 1: 30 
1207  0.00000000  ntvdm.exe  IRP_MJ_READ  Serial0  Length 1
1207  0.00000246  SUCCESS  Length 1: 30 
1212  0.00000000  ntvdm.exe  IRP_MJ_READ  Serial0  Length 1
1212  0.00000243  SUCCESS  Length 1: 30 
1217  0.00000000  ntvdm.exe  IRP_MJ_READ  Serial0  Length 1
1217  0.00000284  SUCCESS  Length 1: 30 
1222  0.00000000  ntvdm.exe  IRP_MJ_READ  Serial0  Length 1
1222  0.00000251  SUCCESS  Length 1: 30 
1237  0.00000000  ntvdm.exe  IRP_MJ_READ  Serial0  Length 1
1237  0.00000318  SUCCESS  Length 1: 30 
1242  0.00000000  ntvdm.exe  IRP_MJ_READ  Serial0  Length 1
1242  0.00000257  SUCCESS  Length 1: 30 
1247  0.00000000  ntvdm.exe  IRP_MJ_READ  Serial0  Length 1
1247  0.00000247  SUCCESS  Length 1: 30 
1252  0.00000000  ntvdm.exe  IRP_MJ_READ  Serial0  Length 1
1252  0.00000240  SUCCESS  Length 1: 30 
1257  0.00000000  ntvdm.exe  IRP_MJ_READ  Serial0  Length 1
1257  0.00000238  SUCCESS  Length 1: 30 
1262  0.00000000  ntvdm.exe  IRP_MJ_READ  Serial0  Length 1
1262  0.00000243  SUCCESS  Length 1: 30 
1267  0.00000000  ntvdm.exe  IRP_MJ_READ  Serial0  Length 1
1267  0.00000245  SUCCESS  Length 1: 30 
1272  0.00000000  ntvdm.exe  IRP_MJ_READ  Serial0  Length 1
1272  0.00000252  SUCCESS  Length 1: 30 
1287  0.00000000  ntvdm.exe  IRP_MJ_READ  Serial0  Length 1
1287  0.00000306  SUCCESS  Length 1: 30 
1292  0.00000000  ntvdm.exe  IRP_MJ_READ  Serial0  Length 1
1292  0.00000253  SUCCESS  Length 1: 30 
1297  0.00000000  ntvdm.exe  IRP_MJ_READ  Serial0  Length 1
1297  0.00000239  SUCCESS  Length 1: 30 
1302  0.00000000  ntvdm.exe  IRP_MJ_READ  Serial0  Length 1
1302  0.00000239  SUCCESS  Length 1: 30 
1307  0.00000000  ntvdm.exe  IRP_MJ_READ  Serial0  Length 1
1307  0.00000242  SUCCESS  Length 1: 30 
1312  0.00000000  ntvdm.exe  IRP_MJ_READ  Serial0  Length 1
1312  0.00000238  SUCCESS  Length 1: 30 
1317  0.00000000  ntvdm.exe  IRP_MJ_READ  Serial0  Length 1
1317  0.00000238  SUCCESS  Length 1: 30 
1322  0.00000000  ntvdm.exe  IRP_MJ_READ  Serial0  Length 1
1322  0.00000256  SUCCESS  Length 1: 30 
1337  0.00000000  ntvdm.exe  IRP_MJ_READ  Serial0  Length 1
1337  0.00000291  SUCCESS  Length 1: 30 
1342  0.00000000  ntvdm.exe  IRP_MJ_READ  Serial0  Length 1
1342  0.00000250  SUCCESS  Length 1: 30 
1347  0.00000000  ntvdm.exe  IRP_MJ_READ  Serial0  Length 1
1347  0.00000241  SUCCESS  Length 1: 30 
1352  0.00000000  ntvdm.exe  IRP_MJ_READ  Serial0  Length 1
1352  0.00000238  SUCCESS  Length 1: 31 
1357  0.00000000  ntvdm.exe  IRP_MJ_READ  Serial0  Length 1
1357  0.00000245  SUCCESS  Length 1: 30 
1372  0.00000000  ntvdm.exe  IRP_MJ_READ  Serial0  Length 1
1372  0.00000262  SUCCESS  Length 1: 38 
1377  0.00000000  ntvdm.exe  IRP_MJ_READ  Serial0  Length 1
1377  0.00000246  SUCCESS  Length 1: 30 
1382  0.00000000  ntvdm.exe  IRP_MJ_READ  Serial0  Length 1
1382  0.00000242  SUCCESS  Length 1: 30 
1387  0.00000000  ntvdm.exe  IRP_MJ_READ  Serial0  Length 1
1387  0.00000251  SUCCESS  Length 1: 30 
1392  0.00000000  ntvdm.exe  IRP_MJ_READ  Serial0  Length 1
1392  0.00000242  SUCCESS  Length 1: 31 
1397  0.00000000  ntvdm.exe  IRP_MJ_READ  Serial0  Length 1
1397  0.00000239  SUCCESS  Length 1: 46 
1402  0.00000000  ntvdm.exe  IRP_MJ_READ  Serial0  Length 1
1402  0.00000240  SUCCESS  Length 1: 30 
1407  0.00000000  ntvdm.exe  IRP_MJ_READ  Serial0  Length 1
1407  0.00000245  SUCCESS  Length 1: 32 
1418  0.00000000  ntvdm.exe  IRP_MJ_READ  Serial0  Length 1
1418  0.00000382  SUCCESS  Length 1: 32 
1423  0.00000000  ntvdm.exe  IRP_MJ_READ  Serial0  Length 1
1423  0.00000295  SUCCESS  Length 1: 30 
1428  0.00000000  ntvdm.exe  IRP_MJ_READ  Serial0  Length 1
1428  0.00000316  SUCCESS  Length 1: 31 
1437  0.00000000  ntvdm.exe  IRP_MJ_READ  Serial0  Length 1
1437  0.00000367  SUCCESS  Length 1: 30 
1442  0.00000000  ntvdm.exe  IRP_MJ_READ  Serial0  Length 1
1442  0.00000334  SUCCESS  Length 1: 35 
1447  0.00000000  ntvdm.exe  IRP_MJ_READ  Serial0  Length 1
1447  0.00000302  SUCCESS  Length 1: 30 
1452  0.00000000  ntvdm.exe  IRP_MJ_READ  Serial0  Length 1
1452  0.00000381  SUCCESS  Length 1: 38 
1457  0.00000000  ntvdm.exe  IRP_MJ_READ  Serial0  Length 1
1457  0.00000308  SUCCESS  Length 1: 30 
1468  0.00000000  ntvdm.exe  IRP_MJ_READ  Serial0  Length 1
1468  0.00000490  SUCCESS  Length 1: 30 
1473  0.00000000  ntvdm.exe  IRP_MJ_READ  Serial0  Length 1
1473  0.00000352  SUCCESS  Length 1: 32 
1478  0.00000000  ntvdm.exe  IRP_MJ_READ  Serial0  Length 1
1478  0.00000314  SUCCESS  Length 1: 45 
1483  0.00000000  ntvdm.exe  IRP_MJ_READ  Serial0  Length 1
1483  0.00000315  SUCCESS  Length 1: 38 
1492  0.00000000  ntvdm.exe  IRP_MJ_READ  Serial0  Length 1
1492  0.00000333  SUCCESS  Length 1: 30 
1497  0.00000000  ntvdm.exe  IRP_MJ_READ  Serial0  Length 1
1497  0.00000312  SUCCESS  Length 1: 33 
1502  0.00000000  ntvdm.exe  IRP_MJ_READ  Serial0  Length 1
1502  0.00000314  SUCCESS  Length 1: 30 
1507  0.00000000  ntvdm.exe  IRP_MJ_READ  Serial0  Length 1
1507  0.00000310  SUCCESS  Length 1: 36 
1522  0.00000000  ntvdm.exe  IRP_MJ_READ  Serial0  Length 1
1522  0.00000312  SUCCESS  Length 1: 31 
1527  0.00000000  ntvdm.exe  IRP_MJ_READ  Serial0  Length 1
1527  0.00000243  SUCCESS  Length 1: 38 
1532  0.00000000  ntvdm.exe  IRP_MJ_READ  Serial0  Length 1
1532  0.00000245  SUCCESS  Length 1: 30 
1537  0.00000000  ntvdm.exe  IRP_MJ_READ  Serial0  Length 1
1537  0.00000246  SUCCESS  Length 1: 30 
1542  0.00000000  ntvdm.exe  IRP_MJ_READ  Serial0  Length 1
1542  0.00000248  SUCCESS  Length 1: 30 
1547  0.00000000  ntvdm.exe  IRP_MJ_READ  Serial0  Length 1
1547  0.00000245  SUCCESS  Length 1: 30 
1552  0.00000000  ntvdm.exe  IRP_MJ_READ  Serial0  Length 1
1552  0.00000240  SUCCESS  Length 1: 30 
1557  0.00000000  ntvdm.exe  IRP_MJ_READ  Serial0  Length 1
1557  0.00000254  SUCCESS  Length 1: 30 
1572  0.00000000  ntvdm.exe  IRP_MJ_READ  Serial0  Length 1
1572  0.00000259  SUCCESS  Length 1: 30 
1577  0.00000000  ntvdm.exe  IRP_MJ_READ  Serial0  Length 1
1577  0.00000233  SUCCESS  Length 1: 30 
1582  0.00000000  ntvdm.exe  IRP_MJ_READ  Serial0  Length 1
1582  0.00000249  SUCCESS  Length 1: 30 
1587  0.00000000  ntvdm.exe  IRP_MJ_READ  Serial0  Length 1
1587  0.00000247  SUCCESS  Length 1: 30 
1592  0.00000000  ntvdm.exe  IRP_MJ_READ  Serial0  Length 1
1592  0.00000241  SUCCESS  Length 1: 30 
1597  0.00000000  ntvdm.exe  IRP_MJ_READ  Serial0  Length 1
1597  0.00000244  SUCCESS  Length 1: 30 
1602  0.00000000  ntvdm.exe  IRP_MJ_READ  Serial0  Length 1
1602  0.00000246  SUCCESS  Length 1: 30 
1607  0.00000000  ntvdm.exe  IRP_MJ_READ  Serial0  Length 1
1607  0.00000249  SUCCESS  Length 1: 30 
1618  0.00000000  ntvdm.exe  IRP_MJ_READ  Serial0  Length 1
1618  0.00000408  SUCCESS  Length 1: 30 
1623  0.00000000  ntvdm.exe  IRP_MJ_READ  Serial0  Length 1
1623  0.00000415  SUCCESS  Length 1: 30 
1632  0.00000000  ntvdm.exe  IRP_MJ_READ  Serial0  Length 1
1632  0.00000256  SUCCESS  Length 1: 30 
1637  0.00000000  ntvdm.exe  IRP_MJ_READ  Serial0  Length 1
1637  0.00000251  SUCCESS  Length 1: 30 
1642  0.00000000  ntvdm.exe  IRP_MJ_READ  Serial0  Length 1
1642  0.00000248  SUCCESS  Length 1: 30 
1647  0.00000000  ntvdm.exe  IRP_MJ_READ  Serial0  Length 1
1647  0.00000255  SUCCESS  Length 1: 30 
1662  0.00000000  ntvdm.exe  IRP_MJ_READ  Serial0  Length 1
1662  0.00000253  SUCCESS  Length 1: 30 
1667  0.00000000  ntvdm.exe  IRP_MJ_READ  Serial0  Length 1
1667  0.00000247  SUCCESS  Length 1: 30 
1672  0.00000000  ntvdm.exe  IRP_MJ_READ  Serial0  Length 1
1672  0.00000768  SUCCESS  Length 1: 30 
1677  0.00000000  ntvdm.exe  IRP_MJ_READ  Serial0  Length 1
1677  0.00000246  SUCCESS  Length 1: 30 
1682  0.00000000  ntvdm.exe  IRP_MJ_READ  Serial0  Length 1
1682  0.00000243  SUCCESS  Length 1: 31 
1687  0.00000000  ntvdm.exe  IRP_MJ_READ  Serial0  Length 1
1687  0.00000249  SUCCESS  Length 1: 30 
1692  0.00000000  ntvdm.exe  IRP_MJ_READ  Serial0  Length 1
1692  0.00000248  SUCCESS  Length 1: 38 
1697  0.00000000  ntvdm.exe  IRP_MJ_READ  Serial0  Length 1
1697  0.00000254  SUCCESS  Length 1: 30 
1712  0.00000000  ntvdm.exe  IRP_MJ_READ  Serial0  Length 1
1712  0.00000298  SUCCESS  Length 1: 35 
1717  0.00000000  ntvdm.exe  IRP_MJ_READ  Serial0  Length 1
1717  0.00000245  SUCCESS  Length 1: 30 
1722  0.00000000  ntvdm.exe  IRP_MJ_READ  Serial0  Length 1
1722  0.00000249  SUCCESS  Length 1: 31 
1727  0.00000000  ntvdm.exe  IRP_MJ_READ  Serial0  Length 1
1727  0.00000250  SUCCESS  Length 1: 46 
1732  0.00000000  ntvdm.exe  IRP_MJ_READ  Serial0  Length 1
1732  0.00000247  SUCCESS  Length 1: 30 
1737  0.00000000  ntvdm.exe  IRP_MJ_READ  Serial0  Length 1
1737  0.00000247  SUCCESS  Length 1: 30 
1742  0.00000000  ntvdm.exe  IRP_MJ_READ  Serial0  Length 1
1742  0.00000248  SUCCESS  Length 1: 31 
1747  0.00000000  ntvdm.exe  IRP_MJ_READ  Serial0  Length 1
1747  0.00000251  SUCCESS  Length 1: 30 
1762  0.00000000  ntvdm.exe  IRP_MJ_READ  Serial0  Length 1
1762  0.00000258  SUCCESS  Length 1: 32 
1767  0.00000000  ntvdm.exe  IRP_MJ_READ  Serial0  Length 1
1767  0.00000248  SUCCESS  Length 1: 30 
1772  0.00000000  ntvdm.exe  IRP_MJ_READ  Serial0  Length 1
1772  0.00000246  SUCCESS  Length 1: 35 
1777  0.00000000  ntvdm.exe  IRP_MJ_READ  Serial0  Length 1
1777  0.00000240  SUCCESS  Length 1: 30 
1782  0.00000000  ntvdm.exe  IRP_MJ_READ  Serial0  Length 1
1782  0.00000242  SUCCESS  Length 1: 38 
1787  0.00000000  ntvdm.exe  IRP_MJ_READ  Serial0  Length 1
1787  0.00000247  SUCCESS  Length 1: 30 
1792  0.00000000  ntvdm.exe  IRP_MJ_READ  Serial0  Length 1
1792  0.00000244  SUCCESS  Length 1: 30 
1797  0.00000000  ntvdm.exe  IRP_MJ_READ  Serial0  Length 1
1797  0.00000251  SUCCESS  Length 1: 32 
1812  0.00000000  ntvdm.exe  IRP_MJ_READ  Serial0  Length 1
1812  0.00000254  SUCCESS  Length 1: 45 
1817  0.00000000  ntvdm.exe  IRP_MJ_READ  Serial0  Length 1
1817  0.00000247  SUCCESS  Length 1: 38 
1822  0.00000000  ntvdm.exe  IRP_MJ_READ  Serial0  Length 1
1822  0.00000246  SUCCESS  Length 1: 30 
1827  0.00000000  ntvdm.exe  IRP_MJ_READ  Serial0  Length 1
1827  0.00000243  SUCCESS  Length 1: 33 
1832  0.00000000  ntvdm.exe  IRP_MJ_READ  Serial0  Length 1
1832  0.00000247  SUCCESS  Length 1: 30 
1837  0.00000000  ntvdm.exe  IRP_MJ_READ  Serial0  Length 1
1837  0.00000241  SUCCESS  Length 1: 37 
1842  0.00000000  ntvdm.exe  IRP_MJ_READ  Serial0  Length 1
1842  0.00000241  SUCCESS  Length 1: 31 
1847  0.00000000  ntvdm.exe  IRP_MJ_READ  Serial0  Length 1
1847  0.00000242  SUCCESS  Length 1: 38 
1862  0.00000000  ntvdm.exe  IRP_MJ_READ  Serial0  Length 1
1862  0.00000307  SUCCESS  Length 1: 30 
1867  0.00000000  ntvdm.exe  IRP_MJ_READ  Serial0  Length 1
1867  0.00000248  SUCCESS  Length 1: 30 
1872  0.00000000  ntvdm.exe  IRP_MJ_READ  Serial0  Length 1
1872  0.00000242  SUCCESS  Length 1: 30 
1877  0.00000000  ntvdm.exe  IRP_MJ_READ  Serial0  Length 1
1877  0.00000248  SUCCESS  Length 1: 30 
1882  0.00000000  ntvdm.exe  IRP_MJ_READ  Serial0  Length 1
1882  0.00000249  SUCCESS  Length 1: 30 
1887  0.00000000  ntvdm.exe  IRP_MJ_READ  Serial0  Length 1
1887  0.00000248  SUCCESS  Length 1: 30 
1892  0.00000000  ntvdm.exe  IRP_MJ_READ  Serial0  Length 1
1892  0.00000247  SUCCESS  Length 1: 30 
1897  0.00000000  ntvdm.exe  IRP_MJ_READ  Serial0  Length 1
1897  0.00000250  SUCCESS  Length 1: 30 
1912  0.00000000  ntvdm.exe  IRP_MJ_READ  Serial0  Length 1
1912  0.00000254  SUCCESS  Length 1: 30 
1917  0.00000000  ntvdm.exe  IRP_MJ_READ  Serial0  Length 1
1917  0.00000237  SUCCESS  Length 1: 30 
1922  0.00000000  ntvdm.exe  IRP_MJ_READ  Serial0  Length 1
1922  0.00000248  SUCCESS  Length 1: 30 
1927  0.00000000  ntvdm.exe  IRP_MJ_READ  Serial0  Length 1
1927  0.00000242  SUCCESS  Length 1: 30 
1932  0.00000000  ntvdm.exe  IRP_MJ_READ  Serial0  Length 1
1932  0.00000246  SUCCESS  Length 1: 30 
1937  0.00000000  ntvdm.exe  IRP_MJ_READ  Serial0  Length 1
1937  0.00000252  SUCCESS  Length 1: 30 
1952  0.00000000  ntvdm.exe  IRP_MJ_READ  Serial0  Length 1
1952  0.00000285  SUCCESS  Length 1: 30 
1957  0.00000000  ntvdm.exe  IRP_MJ_READ  Serial0  Length 1
1957  0.00000248  SUCCESS  Length 1: 30 
1962  0.00000000  ntvdm.exe  IRP_MJ_READ  Serial0  Length 1
1962  0.00000247  SUCCESS  Length 1: 30 
1967  0.00000000  ntvdm.exe  IRP_MJ_READ  Serial0  Length 1
1967  0.00000237  SUCCESS  Length 1: 30 
1972  0.00000000  ntvdm.exe  IRP_MJ_READ  Serial0  Length 1
1972  0.00000237  SUCCESS  Length 1: 30 
1977  0.00000000  ntvdm.exe  IRP_MJ_READ  Serial0  Length 1
1977  0.00000248  SUCCESS  Length 1: 30 
1982  0.00000000  ntvdm.exe  IRP_MJ_READ  Serial0  Length 1
1982  0.00000246  SUCCESS  Length 1: 30 
1987  0.00000000  ntvdm.exe  IRP_MJ_READ  Serial0  Length 1
1987  0.00000254  SUCCESS  Length 1: 30 
2002  0.00000000  ntvdm.exe  IRP_MJ_READ  Serial0  Length 1
2002  0.00000268  SUCCESS  Length 1: 30 
2007  0.00000000  ntvdm.exe  IRP_MJ_READ  Serial0  Length 1
2007  0.00000241  SUCCESS  Length 1: 30 
2012  0.00000000  ntvdm.exe  IRP_MJ_READ  Serial0  Length 1
2012  0.00000251  SUCCESS  Length 1: 31 
2017  0.00000000  ntvdm.exe  IRP_MJ_READ  Serial0  Length 1
2017  0.00000238  SUCCESS  Length 1: 43 
2022  0.00000000  ntvdm.exe  IRP_MJ_READ  Serial0  Length 1
2022  0.00000244  SUCCESS  Length 1: 38 
2027  0.00000000  ntvdm.exe  IRP_MJ_READ  Serial0  Length 1
2027  0.00000249  SUCCESS  Length 1: 30 
2032  0.00000000  ntvdm.exe  IRP_MJ_READ  Serial0  Length 1
2032  0.00000247  SUCCESS  Length 1: 30 
2037  0.00000000  ntvdm.exe  IRP_MJ_READ  Serial0  Length 1
2037  0.00000260  SUCCESS  Length 1: 30 
2052  0.00000000  ntvdm.exe  IRP_MJ_READ  Serial0  Length 1
2052  0.00000262  SUCCESS  Length 1: 31 
2057  0.00000000  ntvdm.exe  IRP_MJ_READ  Serial0  Length 1
2057  0.00000252  SUCCESS  Length 1: 46 
2062  0.00000000  ntvdm.exe  IRP_MJ_READ  Serial0  Length 1
2062  0.00000251  SUCCESS  Length 1: 30 
2067  0.00000000  ntvdm.exe  IRP_MJ_READ  Serial0  Length 1
2067  0.00000241  SUCCESS  Length 1: 30 
2072  0.00000000  ntvdm.exe  IRP_MJ_READ  Serial0  Length 1
2072  0.00000243  SUCCESS  Length 1: 31 
2077  0.00000000  ntvdm.exe  IRP_MJ_READ  Serial0  Length 1
2077  0.00000253  SUCCESS  Length 1: 30 
2082  0.00000000  ntvdm.exe  IRP_MJ_READ  Serial0  Length 1
2082  0.00000246  SUCCESS  Length 1: 32 
2087  0.00000000  ntvdm.exe  IRP_MJ_READ  Serial0  Length 1
2087  0.00000254  SUCCESS  Length 1: 30 
2102  0.00000000  ntvdm.exe  IRP_MJ_READ  Serial0  Length 1
2102  0.00000304  SUCCESS  Length 1: 35 
2107  0.00000000  ntvdm.exe  IRP_MJ_READ  Serial0  Length 1
2107  0.00000250  SUCCESS  Length 1: 30 
2112  0.00000000  ntvdm.exe  IRP_MJ_READ  Serial0  Length 1
2112  0.00000243  SUCCESS  Length 1: 38 
2117  0.00000000  ntvdm.exe  IRP_MJ_READ  Serial0  Length 1
2117  0.00000245  SUCCESS  Length 1: 30 
2122  0.00000000  ntvdm.exe  IRP_MJ_READ  Serial0  Length 1
2122  0.00000241  SUCCESS  Length 1: 30 
2127  0.00000000  ntvdm.exe  IRP_MJ_READ  Serial0  Length 1
2127  0.00000238  SUCCESS  Length 1: 32 
2132  0.00000000  ntvdm.exe  IRP_MJ_READ  Serial0  Length 1
2132  0.00000253  SUCCESS  Length 1: 45 
2137  0.00000000  ntvdm.exe  IRP_MJ_READ  Serial0  Length 1
2137  0.00000245  SUCCESS  Length 1: 38 
2152  0.00000000  ntvdm.exe  IRP_MJ_READ  Serial0  Length 1
2152  0.00000253  SUCCESS  Length 1: 30 
2157  0.00000000  ntvdm.exe  IRP_MJ_READ  Serial0  Length 1
2157  0.00000237  SUCCESS  Length 1: 33 
2162  0.00000000  ntvdm.exe  IRP_MJ_READ  Serial0  Length 1
2162  0.00000240  SUCCESS  Length 1: 30 
2167  0.00000000  ntvdm.exe  IRP_MJ_READ  Serial0  Length 1
2167  0.00000245  SUCCESS  Length 1: 43 
2182  0.00000000  ntvdm.exe  IRP_MJ_READ  Serial0  Length 1
2182  0.00000352  SUCCESS  Length 1: 30 
2187  0.00000000  ntvdm.exe  IRP_MJ_READ  Serial0  Length 1
2187  0.00000306  SUCCESS  Length 1: 32 
2192  0.00000000  ntvdm.exe  IRP_MJ_READ  Serial0  Length 1
2192  0.00000250  SUCCESS  Length 1: 30 
2197  0.00000000  ntvdm.exe  IRP_MJ_READ  Serial0  Length 1
2197  0.00000248  SUCCESS  Length 1: 38 
2202  0.00000000  ntvdm.exe  IRP_MJ_READ  Serial0  Length 1
2202  0.00000241  SUCCESS  Length 1: 30 
2207  0.00000000  ntvdm.exe  IRP_MJ_READ  Serial0  Length 1
2207  0.00000245  SUCCESS  Length 1: 30 
2212  0.00000000  ntvdm.exe  IRP_MJ_READ  Serial0  Length 1
2212  0.00000470  SUCCESS  Length 1: 38 
2226  0.00000000  ntvdm.exe  IRP_MJ_READ  Serial0  Length 1
2226  0.00014503  SUCCESS  Length 1: 30 
2232  0.00000000  ntvdm.exe  IRP_MJ_READ  Serial0  Length 1
2232  0.00000489  SUCCESS  Length 1: 31 
2237  0.00000000  ntvdm.exe  IRP_MJ_READ  Serial0  Length 1
2237  0.00000343  SUCCESS  Length 1: 30 
2242  0.00000000  ntvdm.exe  IRP_MJ_READ  Serial0  Length 1
2242  0.00000410  SUCCESS  Length 1: 30 
2257  0.00000000  ntvdm.exe  IRP_MJ_READ  Serial0  Length 1
2257  0.00000358  SUCCESS  Length 1: 30 
2263  0.00000000  ntvdm.exe  IRP_MJ_READ  Serial0  Length 1
2263  0.00000353  SUCCESS  Length 1: 30 
2268  0.00000000  ntvdm.exe  IRP_MJ_READ  Serial0  Length 1
2268  0.00000371  SUCCESS  Length 1: 30 
2273  0.00000000  ntvdm.exe  IRP_MJ_READ  Serial0  Length 1
2273  0.00000351  SUCCESS  Length 1: 30 
2278  0.00000000  ntvdm.exe  IRP_MJ_READ  Serial0  Length 1
2278  0.00000323  SUCCESS  Length 1: 30 
2283  0.00000000  ntvdm.exe  IRP_MJ_READ  Serial0  Length 1
2283  0.00000330  SUCCESS  Length 1: 30 
2288  0.00000000  ntvdm.exe  IRP_MJ_READ  Serial0  Length 1
2288  0.00000319  SUCCESS  Length 1: 36 
2293  0.00000000  ntvdm.exe  IRP_MJ_READ  Serial0  Length 1
2293  0.00000358  SUCCESS  Length 1: 44 
2298  0.00000000  ntvdm.exe  IRP_MJ_READ  Serial0  Length 1
2298  0.00000310  SUCCESS  Length 1: 36 
2303  0.00000000  ntvdm.exe  IRP_MJ_READ  Serial0  Length 1
2303  0.00000337  SUCCESS  Length 1: 32 
2308  0.00000000  ntvdm.exe  IRP_MJ_READ  Serial0  Length 1
2308  0.00000351  SUCCESS  Length 1: 34 
2313  0.00000000  ntvdm.exe  IRP_MJ_READ  Serial0  Length 1
2313  0.00000477  SUCCESS  Length 1: 46 
2318  0.00000000  ntvdm.exe  IRP_MJ_READ  Serial0  Length 1
2318  0.00000420  SUCCESS  Length 1: 43 
2323  0.00000000  ntvdm.exe  IRP_MJ_READ  Serial0  Length 1
2323  0.00000353  SUCCESS  Length 1: 30 
2328  0.00000000  ntvdm.exe  IRP_MJ_READ  Serial0  Length 1
2328  0.00000376  SUCCESS  Length 1: 30 
2333  0.00000000  ntvdm.exe  IRP_MJ_READ  Serial0  Length 1
2333  0.00000376  SUCCESS  Length 1: 45 
2338  0.00000000  ntvdm.exe  IRP_MJ_READ  Serial0  Length 1
2338  0.00000354  SUCCESS  Length 1: 38 
2343  0.00000000  ntvdm.exe  IRP_MJ_READ  Serial0  Length 1
2343  0.00000318  SUCCESS  Length 1: 30 
2348  0.00000000  ntvdm.exe  IRP_MJ_READ  Serial0  Length 1
2348  0.00000375  SUCCESS  Length 1: 33 
2353  0.00000000  ntvdm.exe  IRP_MJ_READ  Serial0  Length 1
2353  0.00000360  SUCCESS  Length 1: 46 
2358  0.00000000  ntvdm.exe  IRP_MJ_READ  Serial0  Length 1
2358  0.00000346  SUCCESS  Length 1: 39 
2363  0.00000000  ntvdm.exe  IRP_MJ_READ  Serial0  Length 1
2363  0.00000340  SUCCESS  Length 1: 30 
2368  0.00000000  ntvdm.exe  IRP_MJ_READ  Serial0  Length 1
2368  0.00000384  SUCCESS  Length 1: 32 
2373  0.00000000  ntvdm.exe  IRP_MJ_READ  Serial0  Length 1
2373  0.00000356  SUCCESS  Length 1: 30 
2378  0.00000000  ntvdm.exe  IRP_MJ_READ  Serial0  Length 1
2378  0.00000328  SUCCESS  Length 1: 32 
2383  0.00000000  ntvdm.exe  IRP_MJ_READ  Serial0  Length 1
2383  0.00000346  SUCCESS  Length 1: 30 
2388  0.00000000  ntvdm.exe  IRP_MJ_READ  Serial0  Length 1
2388  0.00000384  SUCCESS  Length 1: 37 
2393  0.00000000  ntvdm.exe  IRP_MJ_READ  Serial0  Length 1
2393  0.00000357  SUCCESS  Length 1: 46 
2398  0.00000000  ntvdm.exe  IRP_MJ_READ  Serial0  Length 1
2398  0.00000379  SUCCESS  Length 1: 42 
2403  0.00000000  ntvdm.exe  IRP_MJ_READ  Serial0  Length 1
2403  0.00000324  SUCCESS  Length 1: 30 
2408  0.00000000  ntvdm.exe  IRP_MJ_READ  Serial0  Length 1
2408  0.00000318  SUCCESS  Length 1: 31 
2413  0.00000000  ntvdm.exe  IRP_MJ_READ  Serial0  Length 1
2413  0.00000325  SUCCESS  Length 1: 0D 
2432  0.00000000  ntvdm.exe  IRP_MJ_WRITE  Serial0  Length 385: 50 53 31 2C 31 30 42 46 30 30 30 43 30 36 38 39 30 31 30 30 33 30 32 32 30 31 30 30 31 46 43 46 42 45 30 37 30 38 32 44 30 30 30 30 46 45 46 46 30 30 30 30 30 31 30 30 30 30 30 32 30 30 30 32 36 35 30 30 30 30 30 30 38 30 38 30 38 30 38 30 38 30 38 30 31 42 30 32 38 30 38 31 43 39 30 46 41 41 30 31 30 32 30 44 30 38 30 39 30 31 30 30 30 30 36 35 36 36 36 38 30 33 34 32 37 32 30 30 30 30 30 30 30 34 31 38 30 30 30 30 30 30 30 30 30 30 30 30 30 30 30 30 30 30 30 30 30 30 30 30 31 30 38 30 30 32 31 46 30 32 35 30 32 30 31 30 38 30 30 32 45 38 30 33 30 35 31 38 30 30 30 30 30 30 30 30 30 30 30 30 30 30 30 30 30 30 30 30 30 30 30 30 31 30 38 30 30 30 31 46 30 32 32 30 31 30 35 30 38 30 30 32 45 38 30 33 30 36 31 38 30 30 30 30 30 30 30 30 30 30 30 30 30 30 30 30 30 30 30 30 30 30 30 30 31 30 38 30 35 30 31 46 30 30 31 30 32 30 35 30 38 30 30 32 45 38 30 33 30 37 31 38 30 30 30 30 30 30 30 30 30 30 30 30 30 30 30 30 30 30 30 30 30 30 30 30 31 43 38 30 30 30 31 46 30 30 31 30 32 30 35 30 38 30 30 32 45 38 30 33 30 43 30 32 30 38 30 30 38 30 31 30 30 30 30 30 30 30 30 36 44 36 32 34 46 43 30 30 45 38 30 33 46 39 30 32 30 32 30 37 46 42 30 31 0D 
2432  0.27219427  SUCCESS  
2445  0.00000000  ntvdm.exe  IRP_MJ_READ  Serial0  Length 2
2445  0.00000453  SUCCESS  Length 2: 30 0D 
