[\\DESKTOPPC]
4  0.00000000  ntvdm.exe  IRP_MJ_WRITE  Serial0  Length 6: 51 47 31 32 39 0D 
4  0.00002895  SUCCESS  
19  0.00000000  ntvdm.exe  IRP_MJ_READ  Serial0  Length 2
19  0.00000318  SUCCESS  Length 2: 30 0D 
26  0.00000000  ntvdm.exe  IRP_MJ_READ  Serial0  Length 1
26  0.00000278  SUCCESS  Length 1: 37 
31  0.00000000  ntvdm.exe  IRP_MJ_READ  Serial0  Length 1
31  0.00000240  SUCCESS  Length 1: 34 
36  0.00000000  ntvdm.exe  IRP_MJ_READ  Serial0  Length 1
36  0.00000245  SUCCESS  Length 1: 35 
41  0.00000000  ntvdm.exe  IRP_MJ_READ  Serial0  Length 1
41  0.00000247  SUCCESS  Length 1: 33 
46  0.00000000  ntvdm.exe  IRP_MJ_READ  Serial0  Length 1
46  0.00000255  SUCCESS  Length 1: 2C 
84796  0.00000000  ntvdm.exe  IRP_MJ_READ  Serial0  Length 7454
84796  0.00001118  SUCCESS  Length 7454: 1B 40 1B 4D 1B 6B 01 20 53 63 6F 70 65 4D 65 74 65 72 20 39 39 20 53 65 72 69 65 73 20 49 49 0D 0A 1B 41 08 1B 2A 04 F0 00 FF E0 DB BB DB E0 FF 00 00 00 00 00 00 00 72 51 51 51 4E 00 3E 41 49 41 3E 00 1F 10 0F 10 0F 00 70 0C 03 0C 70 00 00 7F 41 41 41 3E 00 3E 41 41 41 22 00 00 00 21 7F 01 00 00 3E 41 49 41 3E 00 00 00 36 36 00 00 00 21 7F 01 00 00 00 00 00 00 00 00 00 00 00 00 00 00 00 00 00 00 00 00 00 00 00 00 00 00 FF 80 B6 B6 B6 C9 FF 00 00 00 00 00 00 00 00 00 00 00 00 00 21 43 45 49 31 00 70 0C 03 0C 70 00 00 3E 41 41 41 3E 00 7F 48 48 48 40 00 7F 48 48 48 40 00 00 00 21 7F 01 00 00 3E 41 49 41 3E 00 00 00 36 36 00 00 00 21 7F 01 00 00 00 00 00 00 00 00 00 00 00 00 00 00 00 00 00 00 00 00 00 00 00 00 00 00 00 00 00 00 7F 48 4C 4A 31 00 7E 01 01 01 7E 00 7F 20 10 08 7F 00 00 00 00 00 00 00 00 00 00 00 00 00 00 00 00 00 00 00 0D 0A 1B 2A 04 F0 00 80 90 A1 A2 A4 98 80 1F 20 24 20 1F 00 1F 20 24 20 1F 00 00 0F 00 00 0F 00 04 0A 0A 0A 01 00 01 02 04 08 10 00 3F 20 20 20 1F 00 00 20 3F 20 00 00 38 06 01 06 38 00 00 00 00 00 00 00 20 20 3F 20 20 00 00 0F 04 08 0C 00 00 28 2F 00 00 00 06 09 09 09 0F 00 00 00 1B 1B 00 00 0F 12 22 12 0F 00 00 00 3F A0 A0 80 80 80 84 84 04 04 04 00 10 21 22 24 18 00 3F 20 20 20 1F 00 00 20 3F 20 00 00 38 06 01 06 38 00 00 00 00 00 00 00 00 00 00 00 00 00 00 00 00 00 00 00 00 00 00 00 00 00 00 00 00 00 00 00 00 00 00 00 00 00 00 00 00 00 00 00 00 00 00 00 00 00 00 00 00 00 00 00 00 00 00 00 00 00 00 00 00 00 00 00 00 00 00 0F 12 22 12 0F 00 3F 00 00 00 3F 00 20 20 3F 20 20 00 1F 20 20 20 1F 00 00 00 00 00 00 00 00 00 00 00 00 00 0D 0A 1B 2A 04 F0 00 10 80 80 80 80 90 00 00 80 80 90 00 00 00 80 90 80 00 00 40 90 80 80 00 00 90 80 80 80 00 10 00 00 00 00 10 00 80 80 80 90 00 00 00 80 90 80 00 08 08 1F 88 08 00 00 10 00 00 00 00 10 00 00 80 00 10 00 00 80 00 10 00 00 80 80 90 80 00 00 40 50 40 40 80 00 10 00 00 00 00 10 80 00 00 00 90 00 40 40 C0 10 00 00 00 00 10 00 00 00 00 10 80 80 80 80 90 00 80 80 80 90 00 00 00 80 90 80 00 00 00 10 80 00 00 00 10 00 00 00 00 10 00 00 00 00 10 00 00 00 00 10 00 00 00 00 10 00 00 00 00 10 00 00 00 00 10 00 00 00 00 10 00 00 00 00 10 00 00 00 00 10 00 00 00 00 10 00 00 00 00 10 00 00 00 00 10 00 00 00 00 10 00 00 00 80 10 00 00 80 00 10 80 80 80 00 10 00 00 80 00 10 00 00 80 80 90 00 00 00 00 10 00 00 00 00 10 00 00 00 00 0D 0A 1B 2A 04 F0 00 84 00 00 00 00 00 00 00 00 00 00 00 00 00 00 00 00 00 00 00 00 00 00 00 00 84 00 00 00 00 00 00 00 00 00 00 00 00 00 00 00 00 00 00 00 00 00 00 00 00 64 00 00 00 00 00 00 00 00 00 00 00 00 00 00 00 00 00 00 00 00 00 00 00 00 84 00 00 00 00 00 00 00 00 00 00 00 00 00 00 00 00 00 00 00 00 00 00 00 00 84 00 00 00 00 00 00 00 00 00 00 00 00 00 00 00 00 00 00 00 00 00 00 00 00 84 00 00 00 00 00 00 00 00 00 00 00 00 00 00 00 00 00 00 00 00 00 00 00 00 84 00 00 00 00 00 00 00 00 00 00 00 00 00 00 00 00 00 00 00 00 00 00 00 00 84 00 00 00 00 00 00 00 00 00 00 00 00 00 00 00 00 00 00 00 00 00 00 00 00 84 00 00 00 00 00 00 00 00 00 00 00 00 00 00 00 00 00 00 00 00 00 00 00 00 84 00 00 00 00 00 00 00 00 00 00 00 00 00 00 0D 0A 1B 2A 04 F0 00 21 00 00 00 00 00 00 00 00 00 00 00 00 00 00 00 00 00 00 00 00 00 00 00 00 21 00 00 00 00 00 00 00 00 00 00 00 00 00 00 00 00 00 00 00 00 00 00 00 00 21 00 00 00 00 00 00 00 00 00 00 00 00 00 00 00 00 00 00 00 00 00 00 00 00 21 00 00 00 00 00 00 00 00 00 00 00 00 00 00 00 00 00 00 00 00 00 00 00 00 21 00 00 00 00 00 00 00 00 00 00 00 00 00 00 00 00 00 00 00 00 00 00 00 00 21 00 00 00 00 00 00 00 00 00 00 00 00 00 00 00 00 00 00 00 00 00 00 00 00 21 00 00 00 00 00 00 00 00 00 00 00 00 00 00 00 00 00 00 00 00 00 00 00 00 21 00 00 00 00 00 00 00 00 00 00 00 00 00 00 00 00 00 00 00 00 00 00 00 00 21 00 00 00 00 00 00 00 00 00 00 00 00 00 00 00 00 00 00 00 00 00 00 00 00 21 00 00 00 00 00 00 00 00 00 00 00 00 00 00 0D 0A 1B 2A 04 F0 00 08 00 00 00 00 08 00 00 00 00 08 00 00 00 00 08 00 00 00 00 08 00 00 00 00 08 00 00 00 00 08 00 00 00 00 08 00 00 00 00 08 00 00 00 00 08 00 00 00 00 08 00 00 00 00 08 00 00 00 00 08 00 00 00 00 08 00 00 00 00 08 00 00 00 00 08 00 00 00 00 08 00 00 00 00 08 00 00 00 
84808  0.00000000  ntvdm.exe  IRP_MJ_WRITE  Serial0  Length 4: 51 47 32 0D 
84808  0.00002737  SUCCESS  
84823  0.00000000  ntvdm.exe  IRP_MJ_READ  Serial0  Length 2
84823  0.00000381  SUCCESS  Length 2: 30 0D 
84830  0.00000000  ntvdm.exe  IRP_MJ_READ  Serial0  Length 1
84830  0.00000335  SUCCESS  Length 1: 37 
84835  0.00000000  ntvdm.exe  IRP_MJ_READ  Serial0  Length 1
84835  0.00000315  SUCCESS  Length 1: 34 
84840  0.00000000  ntvdm.exe  IRP_MJ_READ  Serial0  Length 1
84840  0.00000317  SUCCESS  Length 1: 35 
84845  0.00000000  ntvdm.exe  IRP_MJ_READ  Serial0  Length 1
84845  0.00000364  SUCCESS  Length 1: 33 
84850  0.00000000  ntvdm.exe  IRP_MJ_READ  Serial0  Length 1
84850  0.00000318  SUCCESS  Length 1: 2C 
