[\\DESKTOPPC]
3  0.00000000  ntvdm.exe  IRP_MJ_WRITE  Serial0  Length 3: 51 53 0D 
3  0.00002512  SUCCESS  
18  0.00000000  ntvdm.exe  IRP_MJ_READ  Serial0  Length 2
18  0.00000318  SUCCESS  Length 2: 30 0D 
32  0.00000000  ntvdm.exe  IRP_MJ_READ  Serial0  Length 1
32  0.00000389  SUCCESS  Length 1: 31 
37  0.00000000  ntvdm.exe  IRP_MJ_READ  Serial0  Length 1
37  0.00000300  SUCCESS  Length 1: 2C 
42  0.00000000  ntvdm.exe  IRP_MJ_READ  Serial0  Length 1
42  0.00000254  SUCCESS  Length 1: 31 
47  0.00000000  ntvdm.exe  IRP_MJ_READ  Serial0  Length 1
47  0.00000245  SUCCESS  Length 1: 30 
52  0.00000000  ntvdm.exe  IRP_MJ_READ  Serial0  Length 1
52  0.00000244  SUCCESS  Length 1: 45 
57  0.00000000  ntvdm.exe  IRP_MJ_READ  Serial0  Length 1
57  0.00000242  SUCCESS  Length 1: 46 
62  0.00000000  ntvdm.exe  IRP_MJ_READ  Serial0  Length 1
62  0.00000246  SUCCESS  Length 1: 30 
67  0.00000000  ntvdm.exe  IRP_MJ_READ  Serial0  Length 1
67  0.00000240  SUCCESS  Length 1: 30 
72  0.00000000  ntvdm.exe  IRP_MJ_READ  Serial0  Length 1
72  0.00000250  SUCCESS  Length 1: 30 
77  0.00000000  ntvdm.exe  IRP_MJ_READ  Serial0  Length 1
77  0.00000239  SUCCESS  Length 1: 43 
82  0.00000000  ntvdm.exe  IRP_MJ_READ  Serial0  Length 1
82  0.00000244  SUCCESS  Length 1: 30 
87  0.00000000  ntvdm.exe  IRP_MJ_READ  Serial0  Length 1
87  0.00000239  SUCCESS  Length 1: 38 
92  0.00000000  ntvdm.exe  IRP_MJ_READ  Serial0  Length 1
92  0.00000243  SUCCESS  Length 1: 38 
97  0.00000000  ntvdm.exe  IRP_MJ_READ  Serial0  Length 1
97  0.00000247  SUCCESS  Length 1: 39 
112  0.00000000  ntvdm.exe  IRP_MJ_READ  Serial0  Length 1
112  0.00000262  SUCCESS  Length 1: 30 
117  0.00000000  ntvdm.exe  IRP_MJ_READ  Serial0  Length 1
117  0.00000238  SUCCESS  Length 1: 31 
122  0.00000000  ntvdm.exe  IRP_MJ_READ  Serial0  Length 1
122  0.00000244  SUCCESS  Length 1: 30 
127  0.00000000  ntvdm.exe  IRP_MJ_READ  Serial0  Length 1
127  0.00000240  SUCCESS  Length 1: 30 
132  0.00000000  ntvdm.exe  IRP_MJ_READ  Serial0  Length 1
132  0.00000241  SUCCESS  Length 1: 33 
137  0.00000000  ntvdm.exe  IRP_MJ_READ  Serial0  Length 1
137  0.00000242  SUCCESS  Length 1: 30 
142  0.00000000  ntvdm.exe  IRP_MJ_READ  Serial0  Length 1
142  0.00000245  SUCCESS  Length 1: 32 
147  0.00000000  ntvdm.exe  IRP_MJ_READ  Serial0  Length 1
147  0.00000247  SUCCESS  Length 1: 32 
159  0.00000000  ntvdm.exe  IRP_MJ_READ  Serial0  Length 1
159  0.00000269  SUCCESS  Length 1: 30 
174  0.00000000  ntvdm.exe  IRP_MJ_READ  Serial0  Length 1
174  0.00000337  SUCCESS  Length 1: 31 
179  0.00000000  ntvdm.exe  IRP_MJ_READ  Serial0  Length 1
179  0.00000267  SUCCESS  Length 1: 30 
184  0.00000000  ntvdm.exe  IRP_MJ_READ  Serial0  Length 1
184  0.00000236  SUCCESS  Length 1: 30 
189  0.00000000  ntvdm.exe  IRP_MJ_READ  Serial0  Length 1
189  0.00000239  SUCCESS  Length 1: 31 
194  0.00000000  ntvdm.exe  IRP_MJ_READ  Serial0  Length 1
194  0.00000318  SUCCESS  Length 1: 46 
199  0.00000000  ntvdm.exe  IRP_MJ_READ  Serial0  Length 1
199  0.00000294  SUCCESS  Length 1: 43 
204  0.00000000  ntvdm.exe  IRP_MJ_READ  Serial0  Length 1
204  0.00000348  SUCCESS  Length 1: 46 
209  0.00000000  ntvdm.exe  IRP_MJ_READ  Serial0  Length 1
209  0.00000309  SUCCESS  Length 1: 42 
220  0.00000000  ntvdm.exe  IRP_MJ_READ  Serial0  Length 1
220  0.00000422  SUCCESS  Length 1: 45 
225  0.00000000  ntvdm.exe  IRP_MJ_READ  Serial0  Length 1
225  0.00000326  SUCCESS  Length 1: 30 
234  0.00000000  ntvdm.exe  IRP_MJ_READ  Serial0  Length 1
234  0.00000444  SUCCESS  Length 1: 37 
239  0.00000000  ntvdm.exe  IRP_MJ_READ  Serial0  Length 1
239  0.00000243  SUCCESS  Length 1: 30 
244  0.00000000  ntvdm.exe  IRP_MJ_READ  Serial0  Length 1
244  0.00000239  SUCCESS  Length 1: 38 
249  0.00000000  ntvdm.exe  IRP_MJ_READ  Serial0  Length 1
249  0.00000244  SUCCESS  Length 1: 32 
254  0.00000000  ntvdm.exe  IRP_MJ_READ  Serial0  Length 1
254  0.00000246  SUCCESS  Length 1: 44 
259  0.00000000  ntvdm.exe  IRP_MJ_READ  Serial0  Length 1
259  0.00000245  SUCCESS  Length 1: 30 
274  0.00000000  ntvdm.exe  IRP_MJ_READ  Serial0  Length 1
274  0.00000255  SUCCESS  Length 1: 30 
279  0.00000000  ntvdm.exe  IRP_MJ_READ  Serial0  Length 1
279  0.00000243  SUCCESS  Length 1: 30 
284  0.00000000  ntvdm.exe  IRP_MJ_READ  Serial0  Length 1
284  0.00000239  SUCCESS  Length 1: 30 
289  0.00000000  ntvdm.exe  IRP_MJ_READ  Serial0  Length 1
289  0.00000242  SUCCESS  Length 1: 46 
294  0.00000000  ntvdm.exe  IRP_MJ_READ  Serial0  Length 1
294  0.00000243  SUCCESS  Length 1: 45 
299  0.00000000  ntvdm.exe  IRP_MJ_READ  Serial0  Length 1
299  0.00000244  SUCCESS  Length 1: 46 
304  0.00000000  ntvdm.exe  IRP_MJ_READ  Serial0  Length 1
304  0.00000245  SUCCESS  Length 1: 46 
309  0.00000000  ntvdm.exe  IRP_MJ_READ  Serial0  Length 1
309  0.00000246  SUCCESS  Length 1: 30 
320  0.00000000  ntvdm.exe  IRP_MJ_READ  Serial0  Length 1
320  0.00000582  SUCCESS  Length 1: 30 
325  0.00000000  ntvdm.exe  IRP_MJ_READ  Serial0  Length 1
325  0.00000333  SUCCESS  Length 1: 30 
330  0.00000000  ntvdm.exe  IRP_MJ_READ  Serial0  Length 1
330  0.00000326  SUCCESS  Length 1: 30 
335  0.00000000  ntvdm.exe  IRP_MJ_READ  Serial0  Length 1
335  0.00000332  SUCCESS  Length 1: 30 
340  0.00000000  ntvdm.exe  IRP_MJ_READ  Serial0  Length 1
340  0.00000327  SUCCESS  Length 1: 31 
346  0.00000000  ntvdm.exe  IRP_MJ_READ  Serial0  Length 1
346  0.00000320  SUCCESS  Length 1: 30 
351  0.00000000  ntvdm.exe  IRP_MJ_READ  Serial0  Length 1
351  0.00000325  SUCCESS  Length 1: 30 
356  0.00000000  ntvdm.exe  IRP_MJ_READ  Serial0  Length 1
356  0.00000321  SUCCESS  Length 1: 30 
376  0.00000000  ntvdm.exe  IRP_MJ_READ  Serial0  Length 1
376  0.00000294  SUCCESS  Length 1: 30 
381  0.00000000  ntvdm.exe  IRP_MJ_READ  Serial0  Length 1
381  0.00000242  SUCCESS  Length 1: 30 
386  0.00000000  ntvdm.exe  IRP_MJ_READ  Serial0  Length 1
386  0.00000242  SUCCESS  Length 1: 32 
391  0.00000000  ntvdm.exe  IRP_MJ_READ  Serial0  Length 1
391  0.00000245  SUCCESS  Length 1: 30 
396  0.00000000  ntvdm.exe  IRP_MJ_READ  Serial0  Length 1
396  0.00000242  SUCCESS  Length 1: 30 
401  0.00000000  ntvdm.exe  IRP_MJ_READ  Serial0  Length 1
401  0.00000241  SUCCESS  Length 1: 30 
406  0.00000000  ntvdm.exe  IRP_MJ_READ  Serial0  Length 1
406  0.00000246  SUCCESS  Length 1: 32 
411  0.00000000  ntvdm.exe  IRP_MJ_READ  Serial0  Length 1
411  0.00000250  SUCCESS  Length 1: 36 
426  0.00000000  ntvdm.exe  IRP_MJ_READ  Serial0  Length 1
426  0.00000252  SUCCESS  Length 1: 35 
431  0.00000000  ntvdm.exe  IRP_MJ_READ  Serial0  Length 1
431  0.00000316  SUCCESS  Length 1: 30 
436  0.00000000  ntvdm.exe  IRP_MJ_READ  Serial0  Length 1
436  0.00000272  SUCCESS  Length 1: 30 
441  0.00000000  ntvdm.exe  IRP_MJ_READ  Serial0  Length 1
441  0.00000239  SUCCESS  Length 1: 30 
446  0.00000000  ntvdm.exe  IRP_MJ_READ  Serial0  Length 1
446  0.00000248  SUCCESS  Length 1: 30 
461  0.00000000  ntvdm.exe  IRP_MJ_READ  Serial0  Length 1
461  0.00000311  SUCCESS  Length 1: 30 
466  0.00000000  ntvdm.exe  IRP_MJ_READ  Serial0  Length 1
466  0.00000254  SUCCESS  Length 1: 30 
471  0.00000000  ntvdm.exe  IRP_MJ_READ  Serial0  Length 1
471  0.00000241  SUCCESS  Length 1: 38 
476  0.00000000  ntvdm.exe  IRP_MJ_READ  Serial0  Length 1
476  0.00000243  SUCCESS  Length 1: 30 
481  0.00000000  ntvdm.exe  IRP_MJ_READ  Serial0  Length 1
481  0.00000246  SUCCESS  Length 1: 38 
486  0.00000000  ntvdm.exe  IRP_MJ_READ  Serial0  Length 1
486  0.00000243  SUCCESS  Length 1: 30 
491  0.00000000  ntvdm.exe  IRP_MJ_READ  Serial0  Length 1
491  0.00000247  SUCCESS  Length 1: 38 
496  0.00000000  ntvdm.exe  IRP_MJ_READ  Serial0  Length 1
496  0.00000250  SUCCESS  Length 1: 30 
511  0.00000000  ntvdm.exe  IRP_MJ_READ  Serial0  Length 1
511  0.00000262  SUCCESS  Length 1: 38 
516  0.00000000  ntvdm.exe  IRP_MJ_READ  Serial0  Length 1
516  0.00000243  SUCCESS  Length 1: 30 
521  0.00000000  ntvdm.exe  IRP_MJ_READ  Serial0  Length 1
521  0.00000244  SUCCESS  Length 1: 38 
526  0.00000000  ntvdm.exe  IRP_MJ_READ  Serial0  Length 1
526  0.00000243  SUCCESS  Length 1: 30 
531  0.00000000  ntvdm.exe  IRP_MJ_READ  Serial0  Length 1
531  0.00000244  SUCCESS  Length 1: 38 
536  0.00000000  ntvdm.exe  IRP_MJ_READ  Serial0  Length 1
536  0.00000240  SUCCESS  Length 1: 30 
541  0.00000000  ntvdm.exe  IRP_MJ_READ  Serial0  Length 1
541  0.00000244  SUCCESS  Length 1: 31 
546  0.00000000  ntvdm.exe  IRP_MJ_READ  Serial0  Length 1
546  0.00000249  SUCCESS  Length 1: 42 
561  0.00000000  ntvdm.exe  IRP_MJ_READ  Serial0  Length 1
561  0.00000293  SUCCESS  Length 1: 30 
566  0.00000000  ntvdm.exe  IRP_MJ_READ  Serial0  Length 1
566  0.00000249  SUCCESS  Length 1: 32 
571  0.00000000  ntvdm.exe  IRP_MJ_READ  Serial0  Length 1
571  0.00000284  SUCCESS  Length 1: 38 
576  0.00000000  ntvdm.exe  IRP_MJ_READ  Serial0  Length 1
576  0.00000243  SUCCESS  Length 1: 30 
581  0.00000000  ntvdm.exe  IRP_MJ_READ  Serial0  Length 1
581  0.00000245  SUCCESS  Length 1: 38 
586  0.00000000  ntvdm.exe  IRP_MJ_READ  Serial0  Length 1
586  0.00000241  SUCCESS  Length 1: 31 
591  0.00000000  ntvdm.exe  IRP_MJ_READ  Serial0  Length 1
591  0.00000246  SUCCESS  Length 1: 43 
596  0.00000000  ntvdm.exe  IRP_MJ_READ  Serial0  Length 1
596  0.00000249  SUCCESS  Length 1: 39 
608  0.00000000  ntvdm.exe  IRP_MJ_READ  Serial0  Length 1
608  0.00000376  SUCCESS  Length 1: 30 
613  0.00000000  ntvdm.exe  IRP_MJ_READ  Serial0  Length 1
613  0.00000332  SUCCESS  Length 1: 46 
618  0.00000000  ntvdm.exe  IRP_MJ_READ  Serial0  Length 1
618  0.00000314  SUCCESS  Length 1: 41 
625  0.00000000  ntvdm.exe  IRP_MJ_READ  Serial0  Length 1
625  0.00000318  SUCCESS  Length 1: 41 
630  0.00000000  ntvdm.exe  IRP_MJ_READ  Serial0  Length 1
630  0.00000308  SUCCESS  Length 1: 30 
636  0.00000000  ntvdm.exe  IRP_MJ_READ  Serial0  Length 1
636  0.00000246  SUCCESS  Length 1: 31 
641  0.00000000  ntvdm.exe  IRP_MJ_READ  Serial0  Length 1
641  0.00000239  SUCCESS  Length 1: 30 
646  0.00000000  ntvdm.exe  IRP_MJ_READ  Serial0  Length 1
646  0.00000254  SUCCESS  Length 1: 32 
661  0.00000000  ntvdm.exe  IRP_MJ_READ  Serial0  Length 1
661  0.00000257  SUCCESS  Length 1: 30 
666  0.00000000  ntvdm.exe  IRP_MJ_READ  Serial0  Length 1
666  0.00000245  SUCCESS  Length 1: 44 
671  0.00000000  ntvdm.exe  IRP_MJ_READ  Serial0  Length 1
671  0.00000243  SUCCESS  Length 1: 30 
676  0.00000000  ntvdm.exe  IRP_MJ_READ  Serial0  Length 1
676  0.00000244  SUCCESS  Length 1: 38 
681  0.00000000  ntvdm.exe  IRP_MJ_READ  Serial0  Length 1
681  0.00000242  SUCCESS  Length 1: 30 
686  0.00000000  ntvdm.exe  IRP_MJ_READ  Serial0  Length 1
686  0.00000240  SUCCESS  Length 1: 39 
691  0.00000000  ntvdm.exe  IRP_MJ_READ  Serial0  Length 1
691  0.00001193  SUCCESS  Length 1: 30 
696  0.00000000  ntvdm.exe  IRP_MJ_READ  Serial0  Length 1
696  0.00000364  SUCCESS  Length 1: 31 
711  0.00000000  ntvdm.exe  IRP_MJ_READ  Serial0  Length 1
711  0.00000276  SUCCESS  Length 1: 30 
716  0.00000000  ntvdm.exe  IRP_MJ_READ  Serial0  Length 1
716  0.00000242  SUCCESS  Length 1: 30 
721  0.00000000  ntvdm.exe  IRP_MJ_READ  Serial0  Length 1
721  0.00000244  SUCCESS  Length 1: 30 
726  0.00000000  ntvdm.exe  IRP_MJ_READ  Serial0  Length 1
726  0.00000243  SUCCESS  Length 1: 30 
731  0.00000000  ntvdm.exe  IRP_MJ_READ  Serial0  Length 1
731  0.00000248  SUCCESS  Length 1: 36 
746  0.00000000  ntvdm.exe  IRP_MJ_READ  Serial0  Length 1
746  0.00000342  SUCCESS  Length 1: 35 
751  0.00000000  ntvdm.exe  IRP_MJ_READ  Serial0  Length 1
751  0.00000264  SUCCESS  Length 1: 36 
756  0.00000000  ntvdm.exe  IRP_MJ_READ  Serial0  Length 1
756  0.00000239  SUCCESS  Length 1: 36 
761  0.00000000  ntvdm.exe  IRP_MJ_READ  Serial0  Length 1
761  0.00000241  SUCCESS  Length 1: 36 
766  0.00000000  ntvdm.exe  IRP_MJ_READ  Serial0  Length 1
766  0.00000242  SUCCESS  Length 1: 38 
771  0.00000000  ntvdm.exe  IRP_MJ_READ  Serial0  Length 1
771  0.00000246  SUCCESS  Length 1: 30 
776  0.00000000  ntvdm.exe  IRP_MJ_READ  Serial0  Length 1
776  0.00000241  SUCCESS  Length 1: 33 
781  0.00000000  ntvdm.exe  IRP_MJ_READ  Serial0  Length 1
781  0.00000249  SUCCESS  Length 1: 34 
796  0.00000000  ntvdm.exe  IRP_MJ_READ  Serial0  Length 1
796  0.00000289  SUCCESS  Length 1: 32 
801  0.00000000  ntvdm.exe  IRP_MJ_READ  Serial0  Length 1
801  0.00000250  SUCCESS  Length 1: 37 
806  0.00000000  ntvdm.exe  IRP_MJ_READ  Serial0  Length 1
806  0.00000243  SUCCESS  Length 1: 32 
811  0.00000000  ntvdm.exe  IRP_MJ_READ  Serial0  Length 1
811  0.00000244  SUCCESS  Length 1: 30 
816  0.00000000  ntvdm.exe  IRP_MJ_READ  Serial0  Length 1
816  0.00000245  SUCCESS  Length 1: 30 
821  0.00000000  ntvdm.exe  IRP_MJ_READ  Serial0  Length 1
821  0.00000243  SUCCESS  Length 1: 30 
826  0.00000000  ntvdm.exe  IRP_MJ_READ  Serial0  Length 1
826  0.00000243  SUCCESS  Length 1: 30 
831  0.00000000  ntvdm.exe  IRP_MJ_READ  Serial0  Length 1
831  0.00000253  SUCCESS  Length 1: 30 
842  0.00000000  ntvdm.exe  IRP_MJ_READ  Serial0  Length 1
842  0.00000352  SUCCESS  Length 1: 30 
847  0.00000000  ntvdm.exe  IRP_MJ_READ  Serial0  Length 1
847  0.00000309  SUCCESS  Length 1: 30 
853  0.00000000  ntvdm.exe  IRP_MJ_READ  Serial0  Length 1
853  0.00000348  SUCCESS  Length 1: 34 
861  0.00000000  ntvdm.exe  IRP_MJ_READ  Serial0  Length 1
861  0.00000246  SUCCESS  Length 1: 31 
866  0.00000000  ntvdm.exe  IRP_MJ_READ  Serial0  Length 1
866  0.00000239  SUCCESS  Length 1: 38 
871  0.00000000  ntvdm.exe  IRP_MJ_READ  Serial0  Length 1
871  0.00000240  SUCCESS  Length 1: 30 
876  0.00000000  ntvdm.exe  IRP_MJ_READ  Serial0  Length 1
876  0.00000240  SUCCESS  Length 1: 30 
881  0.00000000  ntvdm.exe  IRP_MJ_READ  Serial0  Length 1
881  0.00000252  SUCCESS  Length 1: 30 
896  0.00000000  ntvdm.exe  IRP_MJ_READ  Serial0  Length 1
896  0.00000280  SUCCESS  Length 1: 30 
901  0.00000000  ntvdm.exe  IRP_MJ_READ  Serial0  Length 1
901  0.00000241  SUCCESS  Length 1: 30 
906  0.00000000  ntvdm.exe  IRP_MJ_READ  Serial0  Length 1
906  0.00000242  SUCCESS  Length 1: 30 
911  0.00000000  ntvdm.exe  IRP_MJ_READ  Serial0  Length 1
911  0.00000239  SUCCESS  Length 1: 30 
916  0.00000000  ntvdm.exe  IRP_MJ_READ  Serial0  Length 1
916  0.00000241  SUCCESS  Length 1: 30 
921  0.00000000  ntvdm.exe  IRP_MJ_READ  Serial0  Length 1
921  0.00000242  SUCCESS  Length 1: 30 
926  0.00000000  ntvdm.exe  IRP_MJ_READ  Serial0  Length 1
926  0.00000242  SUCCESS  Length 1: 30 
931  0.00000000  ntvdm.exe  IRP_MJ_READ  Serial0  Length 1
931  0.00000248  SUCCESS  Length 1: 30 
946  0.00000000  ntvdm.exe  IRP_MJ_READ  Serial0  Length 1
946  0.00000326  SUCCESS  Length 1: 30 
951  0.00000000  ntvdm.exe  IRP_MJ_READ  Serial0  Length 1
951  0.00000244  SUCCESS  Length 1: 30 
956  0.00000000  ntvdm.exe  IRP_MJ_READ  Serial0  Length 1
956  0.00000246  SUCCESS  Length 1: 30 
961  0.00000000  ntvdm.exe  IRP_MJ_READ  Serial0  Length 1
961  0.00000242  SUCCESS  Length 1: 30 
966  0.00000000  ntvdm.exe  IRP_MJ_READ  Serial0  Length 1
966  0.00000241  SUCCESS  Length 1: 30 
971  0.00000000  ntvdm.exe  IRP_MJ_READ  Serial0  Length 1
971  0.00000241  SUCCESS  Length 1: 30 
976  0.00000000  ntvdm.exe  IRP_MJ_READ  Serial0  Length 1
976  0.00000244  SUCCESS  Length 1: 30 
981  0.00000000  ntvdm.exe  IRP_MJ_READ  Serial0  Length 1
981  0.00000247  SUCCESS  Length 1: 30 
992  0.00000000  ntvdm.exe  IRP_MJ_READ  Serial0  Length 1
992  0.00000483  SUCCESS  Length 1: 30 
997  0.00000000  ntvdm.exe  IRP_MJ_READ  Serial0  Length 1
997  0.00000369  SUCCESS  Length 1: 30 
1002  0.00000000  ntvdm.exe  IRP_MJ_READ  Serial0  Length 1
1002  0.00000307  SUCCESS  Length 1: 30 
1010  0.00000000  ntvdm.exe  IRP_MJ_READ  Serial0  Length 1
1010  0.00000311  SUCCESS  Length 1: 30 
1015  0.00000000  ntvdm.exe  IRP_MJ_READ  Serial0  Length 1
1015  0.00000393  SUCCESS  Length 1: 30 
1021  0.00000000  ntvdm.exe  IRP_MJ_READ  Serial0  Length 1
1021  0.00000332  SUCCESS  Length 1: 31 
1036  0.00000000  ntvdm.exe  IRP_MJ_READ  Serial0  Length 1
1036  0.00000407  SUCCESS  Length 1: 38 
1041  0.00000000  ntvdm.exe  IRP_MJ_READ  Serial0  Length 1
1041  0.00000385  SUCCESS  Length 1: 38 
1046  0.00000000  ntvdm.exe  IRP_MJ_READ  Serial0  Length 1
1046  0.00000374  SUCCESS  Length 1: 30 
1051  0.00000000  ntvdm.exe  IRP_MJ_READ  Serial0  Length 1
1051  0.00000332  SUCCESS  Length 1: 30 
1056  0.00000000  ntvdm.exe  IRP_MJ_READ  Serial0  Length 1
1056  0.00000355  SUCCESS  Length 1: 32 
1061  0.00000000  ntvdm.exe  IRP_MJ_READ  Serial0  Length 1
1061  0.00000386  SUCCESS  Length 1: 31 
1066  0.00000000  ntvdm.exe  IRP_MJ_READ  Serial0  Length 1
1066  0.00000543  SUCCESS  Length 1: 46 
1071  0.00000000  ntvdm.exe  IRP_MJ_READ  Serial0  Length 1
1071  0.00000320  SUCCESS  Length 1: 30 
1085  0.00000000  ntvdm.exe  IRP_MJ_READ  Serial0  Length 1
1085  0.00000443  SUCCESS  Length 1: 32 
1091  0.00000000  ntvdm.exe  IRP_MJ_READ  Serial0  Length 1
1091  0.00000356  SUCCESS  Length 1: 35 
1096  0.00000000  ntvdm.exe  IRP_MJ_READ  Serial0  Length 1
1096  0.00000345  SUCCESS  Length 1: 30 
1101  0.00000000  ntvdm.exe  IRP_MJ_READ  Serial0  Length 1
1101  0.00000352  SUCCESS  Length 1: 32 
1106  0.00000000  ntvdm.exe  IRP_MJ_READ  Serial0  Length 1
1106  0.00000384  SUCCESS  Length 1: 30 
1111  0.00000000  ntvdm.exe  IRP_MJ_READ  Serial0  Length 1
1111  0.00000346  SUCCESS  Length 1: 31 
1116  0.00000000  ntvdm.exe  IRP_MJ_READ  Serial0  Length 1
1116  0.00000327  SUCCESS  Length 1: 30 
1121  0.00000000  ntvdm.exe  IRP_MJ_READ  Serial0  Length 1
1121  0.00000390  SUCCESS  Length 1: 38 
1132  0.00000000  ntvdm.exe  IRP_MJ_READ  Serial0  Length 1
1132  0.00000468  SUCCESS  Length 1: 30 
1141  0.00000000  ntvdm.exe  IRP_MJ_READ  Serial0  Length 1
1141  0.00000328  SUCCESS  Length 1: 30 
1146  0.00000000  ntvdm.exe  IRP_MJ_READ  Serial0  Length 1
1146  0.00000341  SUCCESS  Length 1: 32 
1151  0.00000000  ntvdm.exe  IRP_MJ_READ  Serial0  Length 1
1151  0.00000345  SUCCESS  Length 1: 45 
1156  0.00000000  ntvdm.exe  IRP_MJ_READ  Serial0  Length 1
1156  0.00000341  SUCCESS  Length 1: 38 
1161  0.00000000  ntvdm.exe  IRP_MJ_READ  Serial0  Length 1
1161  0.00000361  SUCCESS  Length 1: 30 
1166  0.00000000  ntvdm.exe  IRP_MJ_READ  Serial0  Length 1
1166  0.00000350  SUCCESS  Length 1: 33 
1171  0.00000000  ntvdm.exe  IRP_MJ_READ  Serial0  Length 1
1171  0.00000342  SUCCESS  Length 1: 30 
1184  0.00000000  ntvdm.exe  IRP_MJ_READ  Serial0  Length 1
1184  0.00000407  SUCCESS  Length 1: 35 
1191  0.00000000  ntvdm.exe  IRP_MJ_READ  Serial0  Length 1
1191  0.00000352  SUCCESS  Length 1: 31 
1196  0.00000000  ntvdm.exe  IRP_MJ_READ  Serial0  Length 1
1196  0.00000353  SUCCESS  Length 1: 38 
1201  0.00000000  ntvdm.exe  IRP_MJ_READ  Serial0  Length 1
1201  0.00000359  SUCCESS  Length 1: 30 
1206  0.00000000  ntvdm.exe  IRP_MJ_READ  Serial0  Length 1
1206  0.00000340  SUCCESS  Length 1: 30 
1211  0.00000000  ntvdm.exe  IRP_MJ_READ  Serial0  Length 1
1211  0.00000367  SUCCESS  Length 1: 30 
1216  0.00000000  ntvdm.exe  IRP_MJ_READ  Serial0  Length 1
1216  0.00000375  SUCCESS  Length 1: 30 
1221  0.00000000  ntvdm.exe  IRP_MJ_READ  Serial0  Length 1
1221  0.00000454  SUCCESS  Length 1: 30 
1232  0.00000000  ntvdm.exe  IRP_MJ_READ  Serial0  Length 1
1232  0.00000390  SUCCESS  Length 1: 30 
1237  0.00000000  ntvdm.exe  IRP_MJ_READ  Serial0  Length 1
1237  0.00000305  SUCCESS  Length 1: 30 
1245  0.00000000  ntvdm.exe  IRP_MJ_READ  Serial0  Length 1
1245  0.00000426  SUCCESS  Length 1: 30 
1250  0.00000000  ntvdm.exe  IRP_MJ_READ  Serial0  Length 1
1250  0.00000399  SUCCESS  Length 1: 30 
1255  0.00000000  ntvdm.exe  IRP_MJ_READ  Serial0  Length 1
1255  0.00000334  SUCCESS  Length 1: 30 
1260  0.00000000  ntvdm.exe  IRP_MJ_READ  Serial0  Length 1
1260  0.00000390  SUCCESS  Length 1: 30 
1265  0.00000000  ntvdm.exe  IRP_MJ_READ  Serial0  Length 1
1265  0.00000313  SUCCESS  Length 1: 30 
1270  0.00000000  ntvdm.exe  IRP_MJ_READ  Serial0  Length 1
1270  0.00000340  SUCCESS  Length 1: 30 
1282  0.00000000  ntvdm.exe  IRP_MJ_READ  Serial0  Length 1
1282  0.00000446  SUCCESS  Length 1: 30 
1290  0.00000000  ntvdm.exe  IRP_MJ_READ  Serial0  Length 1
1290  0.00000359  SUCCESS  Length 1: 30 
1296  0.00000000  ntvdm.exe  IRP_MJ_READ  Serial0  Length 1
1296  0.00000341  SUCCESS  Length 1: 30 
1301  0.00000000  ntvdm.exe  IRP_MJ_READ  Serial0  Length 1
1301  0.00000255  SUCCESS  Length 1: 30 
1306  0.00000000  ntvdm.exe  IRP_MJ_READ  Serial0  Length 1
1306  0.00000248  SUCCESS  Length 1: 30 
1321  0.00000000  ntvdm.exe  IRP_MJ_READ  Serial0  Length 1
1321  0.00000364  SUCCESS  Length 1: 30 
1326  0.00000000  ntvdm.exe  IRP_MJ_READ  Serial0  Length 1
1326  0.00000247  SUCCESS  Length 1: 30 
1331  0.00000000  ntvdm.exe  IRP_MJ_READ  Serial0  Length 1
1331  0.00000245  SUCCESS  Length 1: 30 
1336  0.00000000  ntvdm.exe  IRP_MJ_READ  Serial0  Length 1
1336  0.00000245  SUCCESS  Length 1: 30 
1341  0.00000000  ntvdm.exe  IRP_MJ_READ  Serial0  Length 1
1341  0.00000243  SUCCESS  Length 1: 30 
1346  0.00000000  ntvdm.exe  IRP_MJ_READ  Serial0  Length 1
1346  0.00000240  SUCCESS  Length 1: 30 
1351  0.00000000  ntvdm.exe  IRP_MJ_READ  Serial0  Length 1
1351  0.00000241  SUCCESS  Length 1: 31 
1356  0.00000000  ntvdm.exe  IRP_MJ_READ  Serial0  Length 1
1356  0.00000248  SUCCESS  Length 1: 30 
1371  0.00000000  ntvdm.exe  IRP_MJ_READ  Serial0  Length 1
1371  0.00000265  SUCCESS  Length 1: 38 
1376  0.00000000  ntvdm.exe  IRP_MJ_READ  Serial0  Length 1
1376  0.00000240  SUCCESS  Length 1: 30 
1381  0.00000000  ntvdm.exe  IRP_MJ_READ  Serial0  Length 1
1381  0.00000243  SUCCESS  Length 1: 30 
1386  0.00000000  ntvdm.exe  IRP_MJ_READ  Serial0  Length 1
1386  0.00000240  SUCCESS  Length 1: 30 
1391  0.00000000  ntvdm.exe  IRP_MJ_READ  Serial0  Length 1
1391  0.00000243  SUCCESS  Length 1: 31 
1396  0.00000000  ntvdm.exe  IRP_MJ_READ  Serial0  Length 1
1396  0.00000242  SUCCESS  Length 1: 46 
1401  0.00000000  ntvdm.exe  IRP_MJ_READ  Serial0  Length 1
1401  0.00000242  SUCCESS  Length 1: 30 
1406  0.00000000  ntvdm.exe  IRP_MJ_READ  Serial0  Length 1
1406  0.00000252  SUCCESS  Length 1: 32 
1421  0.00000000  ntvdm.exe  IRP_MJ_READ  Serial0  Length 1
1421  0.00000316  SUCCESS  Length 1: 32 
1426  0.00000000  ntvdm.exe  IRP_MJ_READ  Serial0  Length 1
1426  0.00000256  SUCCESS  Length 1: 30 
1431  0.00000000  ntvdm.exe  IRP_MJ_READ  Serial0  Length 1
1431  0.00000239  SUCCESS  Length 1: 31 
1436  0.00000000  ntvdm.exe  IRP_MJ_READ  Serial0  Length 1
1436  0.00000242  SUCCESS  Length 1: 30 
1441  0.00000000  ntvdm.exe  IRP_MJ_READ  Serial0  Length 1
1441  0.00000247  SUCCESS  Length 1: 35 
1446  0.00000000  ntvdm.exe  IRP_MJ_READ  Serial0  Length 1
1446  0.00000243  SUCCESS  Length 1: 30 
1451  0.00000000  ntvdm.exe  IRP_MJ_READ  Serial0  Length 1
1451  0.00000245  SUCCESS  Length 1: 38 
1456  0.00000000  ntvdm.exe  IRP_MJ_READ  Serial0  Length 1
1456  0.00000252  SUCCESS  Length 1: 30 
1471  0.00000000  ntvdm.exe  IRP_MJ_READ  Serial0  Length 1
1471  0.00000260  SUCCESS  Length 1: 30 
1476  0.00000000  ntvdm.exe  IRP_MJ_READ  Serial0  Length 1
1476  0.00000241  SUCCESS  Length 1: 32 
1481  0.00000000  ntvdm.exe  IRP_MJ_READ  Serial0  Length 1
1481  0.00000245  SUCCESS  Length 1: 45 
1486  0.00000000  ntvdm.exe  IRP_MJ_READ  Serial0  Length 1
1486  0.00000241  SUCCESS  Length 1: 38 
1491  0.00000000  ntvdm.exe  IRP_MJ_READ  Serial0  Length 1
1491  0.00000244  SUCCESS  Length 1: 30 
1496  0.00000000  ntvdm.exe  IRP_MJ_READ  Serial0  Length 1
1496  0.00000241  SUCCESS  Length 1: 33 
1501  0.00000000  ntvdm.exe  IRP_MJ_READ  Serial0  Length 1
1501  0.00000243  SUCCESS  Length 1: 30 
1506  0.00000000  ntvdm.exe  IRP_MJ_READ  Serial0  Length 1
1506  0.00000247  SUCCESS  Length 1: 36 
1521  0.00000000  ntvdm.exe  IRP_MJ_READ  Serial0  Length 1
1521  0.00000257  SUCCESS  Length 1: 31 
1526  0.00000000  ntvdm.exe  IRP_MJ_READ  Serial0  Length 1
1526  0.00000243  SUCCESS  Length 1: 38 
1531  0.00000000  ntvdm.exe  IRP_MJ_READ  Serial0  Length 1
1531  0.00000238  SUCCESS  Length 1: 30 
1536  0.00000000  ntvdm.exe  IRP_MJ_READ  Serial0  Length 1
1536  0.00000240  SUCCESS  Length 1: 30 
1541  0.00000000  ntvdm.exe  IRP_MJ_READ  Serial0  Length 1
1541  0.00000241  SUCCESS  Length 1: 30 
1546  0.00000000  ntvdm.exe  IRP_MJ_READ  Serial0  Length 1
1546  0.00000243  SUCCESS  Length 1: 30 
1551  0.00000000  ntvdm.exe  IRP_MJ_READ  Serial0  Length 1
1551  0.00000366  SUCCESS  Length 1: 30 
1556  0.00000000  ntvdm.exe  IRP_MJ_READ  Serial0  Length 1
1556  0.00000256  SUCCESS  Length 1: 30 
1571  0.00000000  ntvdm.exe  IRP_MJ_READ  Serial0  Length 1
1571  0.00000321  SUCCESS  Length 1: 30 
1576  0.00000000  ntvdm.exe  IRP_MJ_READ  Serial0  Length 1
1576  0.00000253  SUCCESS  Length 1: 30 
1581  0.00000000  ntvdm.exe  IRP_MJ_READ  Serial0  Length 1
1581  0.00000244  SUCCESS  Length 1: 30 
1586  0.00000000  ntvdm.exe  IRP_MJ_READ  Serial0  Length 1
1586  0.00000242  SUCCESS  Length 1: 30 
1591  0.00000000  ntvdm.exe  IRP_MJ_READ  Serial0  Length 1
1591  0.00000249  SUCCESS  Length 1: 30 
1606  0.00000000  ntvdm.exe  IRP_MJ_READ  Serial0  Length 1
1606  0.00000259  SUCCESS  Length 1: 30 
1611  0.00000000  ntvdm.exe  IRP_MJ_READ  Serial0  Length 1
1611  0.00000242  SUCCESS  Length 1: 30 
1616  0.00000000  ntvdm.exe  IRP_MJ_READ  Serial0  Length 1
1616  0.00000240  SUCCESS  Length 1: 30 
1621  0.00000000  ntvdm.exe  IRP_MJ_READ  Serial0  Length 1
1621  0.00000246  SUCCESS  Length 1: 30 
1626  0.00000000  ntvdm.exe  IRP_MJ_READ  Serial0  Length 1
1626  0.00000242  SUCCESS  Length 1: 30 
1631  0.00000000  ntvdm.exe  IRP_MJ_READ  Serial0  Length 1
1631  0.00000244  SUCCESS  Length 1: 30 
1636  0.00000000  ntvdm.exe  IRP_MJ_READ  Serial0  Length 1
1636  0.00000243  SUCCESS  Length 1: 30 
1641  0.00000000  ntvdm.exe  IRP_MJ_READ  Serial0  Length 1
1641  0.00000249  SUCCESS  Length 1: 30 
1656  0.00000000  ntvdm.exe  IRP_MJ_READ  Serial0  Length 1
1656  0.00000339  SUCCESS  Length 1: 30 
1661  0.00000000  ntvdm.exe  IRP_MJ_READ  Serial0  Length 1
1661  0.00000246  SUCCESS  Length 1: 30 
1666  0.00000000  ntvdm.exe  IRP_MJ_READ  Serial0  Length 1
1666  0.00000243  SUCCESS  Length 1: 30 
1671  0.00000000  ntvdm.exe  IRP_MJ_READ  Serial0  Length 1
1671  0.00000357  SUCCESS  Length 1: 30 
1676  0.00000000  ntvdm.exe  IRP_MJ_READ  Serial0  Length 1
1676  0.00000247  SUCCESS  Length 1: 30 
1681  0.00000000  ntvdm.exe  IRP_MJ_READ  Serial0  Length 1
1681  0.00000239  SUCCESS  Length 1: 31 
1686  0.00000000  ntvdm.exe  IRP_MJ_READ  Serial0  Length 1
1686  0.00000239  SUCCESS  Length 1: 30 
1691  0.00000000  ntvdm.exe  IRP_MJ_READ  Serial0  Length 1
1691  0.00000250  SUCCESS  Length 1: 38 
1706  0.00000000  ntvdm.exe  IRP_MJ_READ  Serial0  Length 1
1706  0.00000260  SUCCESS  Length 1: 30 
1711  0.00000000  ntvdm.exe  IRP_MJ_READ  Serial0  Length 1
1711  0.00000242  SUCCESS  Length 1: 35 
1716  0.00000000  ntvdm.exe  IRP_MJ_READ  Serial0  Length 1
1716  0.00000242  SUCCESS  Length 1: 30 
1721  0.00000000  ntvdm.exe  IRP_MJ_READ  Serial0  Length 1
1721  0.00000238  SUCCESS  Length 1: 31 
1726  0.00000000  ntvdm.exe  IRP_MJ_READ  Serial0  Length 1
1726  0.00000241  SUCCESS  Length 1: 46 
1731  0.00000000  ntvdm.exe  IRP_MJ_READ  Serial0  Length 1
1731  0.00000244  SUCCESS  Length 1: 30 
1736  0.00000000  ntvdm.exe  IRP_MJ_READ  Serial0  Length 1
1736  0.00000242  SUCCESS  Length 1: 30 
1741  0.00000000  ntvdm.exe  IRP_MJ_READ  Serial0  Length 1
1741  0.00000251  SUCCESS  Length 1: 31 
1756  0.00000000  ntvdm.exe  IRP_MJ_READ  Serial0  Length 1
1756  0.00000261  SUCCESS  Length 1: 30 
1761  0.00000000  ntvdm.exe  IRP_MJ_READ  Serial0  Length 1
1761  0.00000241  SUCCESS  Length 1: 32 
1766  0.00000000  ntvdm.exe  IRP_MJ_READ  Serial0  Length 1
1766  0.00000239  SUCCESS  Length 1: 30 
1771  0.00000000  ntvdm.exe  IRP_MJ_READ  Serial0  Length 1
1771  0.00000242  SUCCESS  Length 1: 35 
1776  0.00000000  ntvdm.exe  IRP_MJ_READ  Serial0  Length 1
1776  0.00000240  SUCCESS  Length 1: 30 
1781  0.00000000  ntvdm.exe  IRP_MJ_READ  Serial0  Length 1
1781  0.00000242  SUCCESS  Length 1: 38 
1786  0.00000000  ntvdm.exe  IRP_MJ_READ  Serial0  Length 1
1786  0.00000244  SUCCESS  Length 1: 30 
1791  0.00000000  ntvdm.exe  IRP_MJ_READ  Serial0  Length 1
1791  0.00000243  SUCCESS  Length 1: 30 
1806  0.00000000  ntvdm.exe  IRP_MJ_READ  Serial0  Length 1
1806  0.00000300  SUCCESS  Length 1: 32 
1811  0.00000000  ntvdm.exe  IRP_MJ_READ  Serial0  Length 1
1811  0.00000256  SUCCESS  Length 1: 45 
1816  0.00000000  ntvdm.exe  IRP_MJ_READ  Serial0  Length 1
1816  0.00000242  SUCCESS  Length 1: 38 
1821  0.00000000  ntvdm.exe  IRP_MJ_READ  Serial0  Length 1
1821  0.00000249  SUCCESS  Length 1: 30 
1838  0.00000000  ntvdm.exe  IRP_MJ_READ  Serial0  Length 1
1838  0.00000415  SUCCESS  Length 1: 33 
1843  0.00000000  ntvdm.exe  IRP_MJ_READ  Serial0  Length 1
1843  0.00000390  SUCCESS  Length 1: 30 
1851  0.00000000  ntvdm.exe  IRP_MJ_READ  Serial0  Length 1
1851  0.00000383  SUCCESS  Length 1: 37 
1857  0.00000000  ntvdm.exe  IRP_MJ_READ  Serial0  Length 1
1857  0.00000342  SUCCESS  Length 1: 31 
1862  0.00000000  ntvdm.exe  IRP_MJ_READ  Serial0  Length 1
1862  0.00000376  SUCCESS  Length 1: 38 
1867  0.00000000  ntvdm.exe  IRP_MJ_READ  Serial0  Length 1
1867  0.00000349  SUCCESS  Length 1: 30 
1872  0.00000000  ntvdm.exe  IRP_MJ_READ  Serial0  Length 1
1872  0.00000312  SUCCESS  Length 1: 30 
1877  0.00000000  ntvdm.exe  IRP_MJ_READ  Serial0  Length 1
1877  0.00000375  SUCCESS  Length 1: 30 
1882  0.00000000  ntvdm.exe  IRP_MJ_READ  Serial0  Length 1
1882  0.00000329  SUCCESS  Length 1: 30 
1887  0.00000000  ntvdm.exe  IRP_MJ_READ  Serial0  Length 1
1887  0.00000313  SUCCESS  Length 1: 30 
1892  0.00000000  ntvdm.exe  IRP_MJ_READ  Serial0  Length 1
1892  0.00000349  SUCCESS  Length 1: 30 
1897  0.00000000  ntvdm.exe  IRP_MJ_READ  Serial0  Length 1
1897  0.00000337  SUCCESS  Length 1: 30 
1904  0.00000000  ntvdm.exe  IRP_MJ_READ  Serial0  Length 1
1904  0.00000320  SUCCESS  Length 1: 30 
1912  0.00000000  ntvdm.exe  IRP_MJ_READ  Serial0  Length 1
1912  0.00000336  SUCCESS  Length 1: 30 
1918  0.00000000  ntvdm.exe  IRP_MJ_READ  Serial0  Length 1
1918  0.00000359  SUCCESS  Length 1: 30 
1923  0.00000000  ntvdm.exe  IRP_MJ_READ  Serial0  Length 1
1923  0.00000358  SUCCESS  Length 1: 30 
1928  0.00000000  ntvdm.exe  IRP_MJ_READ  Serial0  Length 1
1928  0.00000334  SUCCESS  Length 1: 30 
1933  0.00000000  ntvdm.exe  IRP_MJ_READ  Serial0  Length 1
1933  0.00000362  SUCCESS  Length 1: 30 
1938  0.00000000  ntvdm.exe  IRP_MJ_READ  Serial0  Length 1
1938  0.00000357  SUCCESS  Length 1: 30 
1943  0.00000000  ntvdm.exe  IRP_MJ_READ  Serial0  Length 1
1943  0.00000314  SUCCESS  Length 1: 30 
1948  0.00000000  ntvdm.exe  IRP_MJ_READ  Serial0  Length 1
1948  0.00000305  SUCCESS  Length 1: 30 
1953  0.00000000  ntvdm.exe  IRP_MJ_READ  Serial0  Length 1
1953  0.00000341  SUCCESS  Length 1: 30 
1958  0.00000000  ntvdm.exe  IRP_MJ_READ  Serial0  Length 1
1958  0.00000376  SUCCESS  Length 1: 30 
1963  0.00000000  ntvdm.exe  IRP_MJ_READ  Serial0  Length 1
1963  0.00000319  SUCCESS  Length 1: 30 
1978  0.00000000  ntvdm.exe  IRP_MJ_READ  Serial0  Length 1
1978  0.00000369  SUCCESS  Length 1: 30 
1983  0.00000000  ntvdm.exe  IRP_MJ_READ  Serial0  Length 1
1983  0.00000357  SUCCESS  Length 1: 30 
1988  0.00000000  ntvdm.exe  IRP_MJ_READ  Serial0  Length 1
1988  0.00000323  SUCCESS  Length 1: 30 
1993  0.00000000  ntvdm.exe  IRP_MJ_READ  Serial0  Length 1
1993  0.00000321  SUCCESS  Length 1: 30 
1998  0.00000000  ntvdm.exe  IRP_MJ_READ  Serial0  Length 1
1998  0.00000402  SUCCESS  Length 1: 30 
2003  0.00000000  ntvdm.exe  IRP_MJ_READ  Serial0  Length 1
2003  0.00000326  SUCCESS  Length 1: 31 
2008  0.00000000  ntvdm.exe  IRP_MJ_READ  Serial0  Length 1
2008  0.00000330  SUCCESS  Length 1: 43 
2013  0.00000000  ntvdm.exe  IRP_MJ_READ  Serial0  Length 1
2013  0.00000355  SUCCESS  Length 1: 38 
2028  0.00000000  ntvdm.exe  IRP_MJ_READ  Serial0  Length 1
2028  0.00000384  SUCCESS  Length 1: 30 
2033  0.00000000  ntvdm.exe  IRP_MJ_READ  Serial0  Length 1
2033  0.00000324  SUCCESS  Length 1: 30 
2038  0.00000000  ntvdm.exe  IRP_MJ_READ  Serial0  Length 1
2038  0.00000311  SUCCESS  Length 1: 30 
2043  0.00000000  ntvdm.exe  IRP_MJ_READ  Serial0  Length 1
2043  0.00000322  SUCCESS  Length 1: 31 
2048  0.00000000  ntvdm.exe  IRP_MJ_READ  Serial0  Length 1
2048  0.00000374  SUCCESS  Length 1: 46 
2053  0.00000000  ntvdm.exe  IRP_MJ_READ  Serial0  Length 1
2053  0.00000360  SUCCESS  Length 1: 30 
2058  0.00000000  ntvdm.exe  IRP_MJ_READ  Serial0  Length 1
2058  0.00000326  SUCCESS  Length 1: 30 
2063  0.00000000  ntvdm.exe  IRP_MJ_READ  Serial0  Length 1
2063  0.00000336  SUCCESS  Length 1: 31 
2078  0.00000000  ntvdm.exe  IRP_MJ_READ  Serial0  Length 1
2078  0.00000393  SUCCESS  Length 1: 30 
2083  0.00000000  ntvdm.exe  IRP_MJ_READ  Serial0  Length 1
2083  0.00000325  SUCCESS  Length 1: 32 
2088  0.00000000  ntvdm.exe  IRP_MJ_READ  Serial0  Length 1
2088  0.00000353  SUCCESS  Length 1: 30 
2093  0.00000000  ntvdm.exe  IRP_MJ_READ  Serial0  Length 1
2093  0.00000350  SUCCESS  Length 1: 35 
2098  0.00000000  ntvdm.exe  IRP_MJ_READ  Serial0  Length 1
2098  0.00000333  SUCCESS  Length 1: 30 
2103  0.00000000  ntvdm.exe  IRP_MJ_READ  Serial0  Length 1
2103  0.00000323  SUCCESS  Length 1: 38 
2118  0.00000000  ntvdm.exe  IRP_MJ_READ  Serial0  Length 1
2118  0.00000375  SUCCESS  Length 1: 30 
2123  0.00000000  ntvdm.exe  IRP_MJ_READ  Serial0  Length 1
2123  0.00000384  SUCCESS  Length 1: 30 
2128  0.00000000  ntvdm.exe  IRP_MJ_READ  Serial0  Length 1
2128  0.00000344  SUCCESS  Length 1: 32 
2133  0.00000000  ntvdm.exe  IRP_MJ_READ  Serial0  Length 1
2133  0.00000347  SUCCESS  Length 1: 45 
2138  0.00000000  ntvdm.exe  IRP_MJ_READ  Serial0  Length 1
2138  0.00001520  SUCCESS  Length 1: 38 
2143  0.00000000  ntvdm.exe  IRP_MJ_READ  Serial0  Length 1
2143  0.00000334  SUCCESS  Length 1: 30 
2148  0.00000000  ntvdm.exe  IRP_MJ_READ  Serial0  Length 1
2148  0.00000330  SUCCESS  Length 1: 33 
2153  0.00000000  ntvdm.exe  IRP_MJ_READ  Serial0  Length 1
2153  0.00000319  SUCCESS  Length 1: 30 
2165  0.00000000  ntvdm.exe  IRP_MJ_READ  Serial0  Length 1
2165  0.00000378  SUCCESS  Length 1: 43 
2170  0.00000000  ntvdm.exe  IRP_MJ_READ  Serial0  Length 1
2170  0.00000358  SUCCESS  Length 1: 30 
2180  0.00000000  ntvdm.exe  IRP_MJ_READ  Serial0  Length 1
2180  0.00007582  SUCCESS  Length 1: 32 
2185  0.00000000  ntvdm.exe  IRP_MJ_READ  Serial0  Length 1
2185  0.00000337  SUCCESS  Length 1: 30 
2190  0.00000000  ntvdm.exe  IRP_MJ_READ  Serial0  Length 1
2190  0.00000323  SUCCESS  Length 1: 38 
2195  0.00000000  ntvdm.exe  IRP_MJ_READ  Serial0  Length 1
2195  0.00000340  SUCCESS  Length 1: 30 
2203  0.00000000  ntvdm.exe  IRP_MJ_READ  Serial0  Length 1
2203  0.00000365  SUCCESS  Length 1: 30 
2209  0.00000000  ntvdm.exe  IRP_MJ_READ  Serial0  Length 1
2209  0.00000333  SUCCESS  Length 1: 38 
2214  0.00000000  ntvdm.exe  IRP_MJ_READ  Serial0  Length 1
2214  0.00000532  SUCCESS  Length 1: 30 
2219  0.00000000  ntvdm.exe  IRP_MJ_READ  Serial0  Length 1
2219  0.00000314  SUCCESS  Length 1: 31 
2224  0.00000000  ntvdm.exe  IRP_MJ_READ  Serial0  Length 1
2224  0.00000332  SUCCESS  Length 1: 30 
2229  0.00000000  ntvdm.exe  IRP_MJ_READ  Serial0  Length 1
2229  0.00000333  SUCCESS  Length 1: 44 
2234  0.00000000  ntvdm.exe  IRP_MJ_READ  Serial0  Length 1
2234  0.00000321  SUCCESS  Length 1: 30 
2239  0.00000000  ntvdm.exe  IRP_MJ_READ  Serial0  Length 1
2239  0.00000317  SUCCESS  Length 1: 30 
2244  0.00000000  ntvdm.exe  IRP_MJ_READ  Serial0  Length 1
2244  0.00000321  SUCCESS  Length 1: 37 
2249  0.00000000  ntvdm.exe  IRP_MJ_READ  Serial0  Length 1
2249  0.00000317  SUCCESS  Length 1: 46 
2254  0.00000000  ntvdm.exe  IRP_MJ_READ  Serial0  Length 1
2254  0.00000352  SUCCESS  Length 1: 44 
2259  0.00000000  ntvdm.exe  IRP_MJ_READ  Serial0  Length 1
2259  0.00000335  SUCCESS  Length 1: 38 
2264  0.00000000  ntvdm.exe  IRP_MJ_READ  Serial0  Length 1
2264  0.00000313  SUCCESS  Length 1: 36 
2271  0.00000000  ntvdm.exe  IRP_MJ_READ  Serial0  Length 1
2271  0.00000324  SUCCESS  Length 1: 30 
2279  0.00000000  ntvdm.exe  IRP_MJ_READ  Serial0  Length 1
2279  0.00000364  SUCCESS  Length 1: 30 
2285  0.00000000  ntvdm.exe  IRP_MJ_READ  Serial0  Length 1
2285  0.00000318  SUCCESS  Length 1: 30 
2290  0.00000000  ntvdm.exe  IRP_MJ_READ  Serial0  Length 1
2290  0.00000314  SUCCESS  Length 1: 30 
2295  0.00000000  ntvdm.exe  IRP_MJ_READ  Serial0  Length 1
2295  0.00000357  SUCCESS  Length 1: 30 
2300  0.00000000  ntvdm.exe  IRP_MJ_READ  Serial0  Length 1
2300  0.00000356  SUCCESS  Length 1: 30 
2305  0.00000000  ntvdm.exe  IRP_MJ_READ  Serial0  Length 1
2305  0.00000328  SUCCESS  Length 1: 30 
2310  0.00000000  ntvdm.exe  IRP_MJ_READ  Serial0  Length 1
2310  0.00000314  SUCCESS  Length 1: 30 
2315  0.00000000  ntvdm.exe  IRP_MJ_READ  Serial0  Length 1
2315  0.00000347  SUCCESS  Length 1: 34 
2320  0.00000000  ntvdm.exe  IRP_MJ_READ  Serial0  Length 1
2320  0.00000320  SUCCESS  Length 1: 30 
2325  0.00000000  ntvdm.exe  IRP_MJ_READ  Serial0  Length 1
2325  0.00000336  SUCCESS  Length 1: 31 
2330  0.00000000  ntvdm.exe  IRP_MJ_READ  Serial0  Length 1
2330  0.00000370  SUCCESS  Length 1: 46 
2335  0.00000000  ntvdm.exe  IRP_MJ_READ  Serial0  Length 1
2335  0.00000350  SUCCESS  Length 1: 46 
2350  0.00000000  ntvdm.exe  IRP_MJ_READ  Serial0  Length 1
2350  0.00000414  SUCCESS  Length 1: 37 
2355  0.00000000  ntvdm.exe  IRP_MJ_READ  Serial0  Length 1
2355  0.00000331  SUCCESS  Length 1: 30 
2360  0.00000000  ntvdm.exe  IRP_MJ_READ  Serial0  Length 1
2360  0.00000319  SUCCESS  Length 1: 32 
2365  0.00000000  ntvdm.exe  IRP_MJ_READ  Serial0  Length 1
2365  0.00000340  SUCCESS  Length 1: 34 
2370  0.00000000  ntvdm.exe  IRP_MJ_READ  Serial0  Length 1
2370  0.00000338  SUCCESS  Length 1: 30 
2375  0.00000000  ntvdm.exe  IRP_MJ_READ  Serial0  Length 1
2375  0.00000374  SUCCESS  Length 1: 31 
2390  0.00000000  ntvdm.exe  IRP_MJ_READ  Serial0  Length 1
2390  0.00000398  SUCCESS  Length 1: 46 
2395  0.00000000  ntvdm.exe  IRP_MJ_READ  Serial0  Length 1
2395  0.00000323  SUCCESS  Length 1: 46 
2400  0.00000000  ntvdm.exe  IRP_MJ_READ  Serial0  Length 1
2400  0.00000313  SUCCESS  Length 1: 42 
2405  0.00000000  ntvdm.exe  IRP_MJ_READ  Serial0  Length 1
2405  0.00000316  SUCCESS  Length 1: 30 
2410  0.00000000  ntvdm.exe  IRP_MJ_READ  Serial0  Length 1
2410  0.00000329  SUCCESS  Length 1: 31 
2415  0.00000000  ntvdm.exe  IRP_MJ_READ  Serial0  Length 1
2415  0.00000314  SUCCESS  Length 1: 0D 
2434  0.00000000  ntvdm.exe  IRP_MJ_WRITE  Serial0  Length 385: 50 53 31 2C 31 30 45 42 30 30 30 43 30 34 38 39 30 31 30 30 33 30 32 32 30 31 30 30 31 46 43 46 42 45 30 37 30 38 32 44 30 30 30 30 46 45 46 46 30 30 30 30 30 31 30 30 30 30 30 32 30 30 30 32 36 35 30 30 30 30 30 30 38 30 38 30 38 30 38 30 38 30 38 30 31 42 30 32 38 30 38 31 43 39 30 46 41 41 30 31 30 32 30 44 30 38 30 39 30 31 30 30 30 30 36 35 36 36 36 38 30 33 34 32 37 32 30 30 30 30 30 30 30 34 31 38 30 30 30 30 30 30 30 30 30 30 30 30 30 30 30 30 30 30 30 30 30 30 30 30 31 38 38 30 30 32 31 46 30 32 35 30 32 30 31 30 38 30 30 32 45 38 30 33 30 35 31 38 30 30 30 30 30 30 30 30 30 30 30 30 30 30 30 30 30 30 30 30 30 30 30 30 31 30 38 30 30 30 31 46 30 32 32 30 31 30 35 30 38 30 30 32 45 38 30 33 30 36 31 38 30 30 30 30 30 30 30 30 30 30 30 30 30 30 30 30 30 30 30 30 30 30 30 30 31 30 38 30 35 30 31 46 30 30 31 30 32 30 35 30 38 30 30 32 45 38 30 33 30 37 31 38 30 30 30 30 30 30 30 30 30 30 30 30 30 30 30 30 30 30 30 30 30 30 30 30 31 43 38 30 30 30 31 46 30 30 31 30 32 30 35 30 38 30 30 32 45 38 30 33 30 43 30 32 30 38 30 30 38 30 31 30 44 30 30 37 46 44 38 36 30 30 30 30 30 30 30 30 34 30 31 46 46 37 30 32 34 30 31 46 46 42 30 31 0D 
2434  0.19612433  SUCCESS  
2449  0.00000000  ntvdm.exe  IRP_MJ_READ  Serial0  Length 2
2449  0.00000409  SUCCESS  Length 2: 30 0D 
2467  0.00000000  ntvdm.exe  IRP_MJ_WRITE  Serial0  Length 4: 51 4D 31 0D 
2467  0.00002360  SUCCESS  
2481  0.00000000  ntvdm.exe  IRP_MJ_READ  Serial0  Length 2
2481  0.00000407  SUCCESS  Length 2: 30 0D 
2496  0.00000000  ntvdm.exe  IRP_MJ_READ  Serial0  Length 1
2496  0.00000645  SUCCESS  Length 1: 66 
2501  0.00000000  ntvdm.exe  IRP_MJ_READ  Serial0  Length 1
2501  0.00000348  SUCCESS  Length 1: 72 
2506  0.00000000  ntvdm.exe  IRP_MJ_READ  Serial0  Length 1
2506  0.00000449  SUCCESS  Length 1: 65 
2511  0.00000000  ntvdm.exe  IRP_MJ_READ  Serial0  Length 1
2511  0.00000350  SUCCESS  Length 1: 71 
2516  0.00000000  ntvdm.exe  IRP_MJ_READ  Serial0  Length 1
2516  0.00000357  SUCCESS  Length 1: 75 
2521  0.00000000  ntvdm.exe  IRP_MJ_READ  Serial0  Length 1
2521  0.00000363  SUCCESS  Length 1: 65 
2526  0.00000000  ntvdm.exe  IRP_MJ_READ  Serial0  Length 1
2526  0.00000340  SUCCESS  Length 1: 6E 
2531  0.00000000  ntvdm.exe  IRP_MJ_READ  Serial0  Length 1
2531  0.00000345  SUCCESS  Length 1: 63 
2536  0.00000000  ntvdm.exe  IRP_MJ_READ  Serial0  Length 1
2536  0.00000928  SUCCESS  Length 1: 79 
2541  0.00000000  ntvdm.exe  IRP_MJ_READ  Serial0  Length 1
2541  0.00000375  SUCCESS  Length 1: 2C 
2552  0.00000000  ntvdm.exe  IRP_MJ_READ  Serial0  Length 1
2552  0.00000408  SUCCESS  Length 1: 30 
2557  0.00000000  ntvdm.exe  IRP_MJ_READ  Serial0  Length 1
2557  0.00000380  SUCCESS  Length 1: 30 
2562  0.00000000  ntvdm.exe  IRP_MJ_READ  Serial0  Length 1
2562  0.00000359  SUCCESS  Length 1: 30 
2567  0.00000000  ntvdm.exe  IRP_MJ_READ  Serial0  Length 1
2567  0.00000372  SUCCESS  Length 1: 30 
2572  0.00000000  ntvdm.exe  IRP_MJ_READ  Serial0  Length 1
2572  0.00000339  SUCCESS  Length 1: 30 
2577  0.00000000  ntvdm.exe  IRP_MJ_READ  Serial0  Length 1
2577  0.00000352  SUCCESS  Length 1: 45 
2585  0.00000000  ntvdm.exe  IRP_MJ_READ  Serial0  Length 1
2585  0.00000389  SUCCESS  Length 1: 2B 
2590  0.00000000  ntvdm.exe  IRP_MJ_READ  Serial0  Length 1
2590  0.00000465  SUCCESS  Length 1: 30 
2595  0.00000000  ntvdm.exe  IRP_MJ_READ  Serial0  Length 1
2595  0.00000361  SUCCESS  Length 1: 30 
2600  0.00000000  ntvdm.exe  IRP_MJ_READ  Serial0  Length 1
2600  0.00000332  SUCCESS  Length 1: 2C 
2605  0.00000000  ntvdm.exe  IRP_MJ_READ  Serial0  Length 1
2605  0.00000377  SUCCESS  Length 1: 48 
2610  0.00000000  ntvdm.exe  IRP_MJ_READ  Serial0  Length 1
2610  0.00000475  SUCCESS  Length 1: 7A 
2615  0.00000000  ntvdm.exe  IRP_MJ_READ  Serial0  Length 1
2615  0.00000403  SUCCESS  Length 1: 0D 
2624  0.00000000  ntvdm.exe  IRP_MJ_WRITE  Serial0  Length 4: 51 4D 32 0D 
2624  0.00002490  SUCCESS  
2639  0.00000000  ntvdm.exe  IRP_MJ_READ  Serial0  Length 2
2639  0.00000362  SUCCESS  Length 2: 30 0D 
2653  0.00000000  ntvdm.exe  IRP_MJ_READ  Serial0  Length 1
2653  0.00000438  SUCCESS  Length 1: 72 
2658  0.00000000  ntvdm.exe  IRP_MJ_READ  Serial0  Length 1
2658  0.00000368  SUCCESS  Length 1: 6D 
2663  0.00000000  ntvdm.exe  IRP_MJ_READ  Serial0  Length 1
2663  0.00000365  SUCCESS  Length 1: 73 
2668  0.00000000  ntvdm.exe  IRP_MJ_READ  Serial0  Length 1
2668  0.00000402  SUCCESS  Length 1: 20 
2673  0.00000000  ntvdm.exe  IRP_MJ_READ  Serial0  Length 1
2673  0.00000353  SUCCESS  Length 1: 41 
2678  0.00000000  ntvdm.exe  IRP_MJ_READ  Serial0  Length 1
2678  0.00000513  SUCCESS  Length 1: 43 
2685  0.00000000  ntvdm.exe  IRP_MJ_READ  Serial0  Length 1
2685  0.00000331  SUCCESS  Length 1: 2C 
2690  0.00000000  ntvdm.exe  IRP_MJ_READ  Serial0  Length 1
2690  0.00000321  SUCCESS  Length 1: 30 
2695  0.00000000  ntvdm.exe  IRP_MJ_READ  Serial0  Length 1
2695  0.00000316  SUCCESS  Length 1: 32 
2700  0.00000000  ntvdm.exe  IRP_MJ_READ  Serial0  Length 1
2700  0.00000305  SUCCESS  Length 1: 30 
2705  0.00000000  ntvdm.exe  IRP_MJ_READ  Serial0  Length 1
2705  0.00000318  SUCCESS  Length 1: 30 
2714  0.00000000  ntvdm.exe  IRP_MJ_READ  Serial0  Length 1
2714  0.00000469  SUCCESS  Length 1: 30 
2719  0.00000000  ntvdm.exe  IRP_MJ_READ  Serial0  Length 1
2719  0.00000360  SUCCESS  Length 1: 45 
2724  0.00000000  ntvdm.exe  IRP_MJ_READ  Serial0  Length 1
2724  0.00000391  SUCCESS  Length 1: 2D 
2729  0.00000000  ntvdm.exe  IRP_MJ_READ  Serial0  Length 1
2729  0.00000383  SUCCESS  Length 1: 30 
2734  0.00000000  ntvdm.exe  IRP_MJ_READ  Serial0  Length 1
2734  0.00000349  SUCCESS  Length 1: 36 
2739  0.00000000  ntvdm.exe  IRP_MJ_READ  Serial0  Length 1
2739  0.00000387  SUCCESS  Length 1: 2C 
2744  0.00000000  ntvdm.exe  IRP_MJ_READ  Serial0  Length 1
2744  0.00000341  SUCCESS  Length 1: 56 
2749  0.00000000  ntvdm.exe  IRP_MJ_READ  Serial0  Length 1
2749  0.00000374  SUCCESS  Length 1: 0D 
2758  0.00000000  ntvdm.exe  IRP_MJ_WRITE  Serial0  Length 4: 51 4D 33 0D 
2758  0.00002444  SUCCESS  
2769  0.00000000  ntvdm.exe  IRP_MJ_READ  Serial0  Length 2
2769  0.00000424  SUCCESS  Length 2: 32 0D 
2781  0.00000000  ntvdm.exe  IRP_MJ_WRITE  Serial0  Length 4: 51 4D 34 0D 
2781  0.00002789  SUCCESS  
2792  0.00000000  ntvdm.exe  IRP_MJ_READ  Serial0  Length 2
2792  0.00000414  SUCCESS  Length 2: 32 0D 
2804  0.00000000  ntvdm.exe  IRP_MJ_WRITE  Serial0  Length 4: 51 4D 35 0D 
2804  0.00002209  SUCCESS  
2819  0.00000000  ntvdm.exe  IRP_MJ_READ  Serial0  Length 2
2819  0.00000406  SUCCESS  Length 2: 32 0D 
2827  0.00000000  ntvdm.exe  IRP_MJ_WRITE  Serial0  Length 4: 51 4D 36 0D 
2827  0.00002741  SUCCESS  
2838  0.00000000  ntvdm.exe  IRP_MJ_READ  Serial0  Length 2
2838  0.00000437  SUCCESS  Length 2: 32 0D 
2850  0.00000000  ntvdm.exe  IRP_MJ_WRITE  Serial0  Length 4: 51 4D 37 0D 
2850  0.00002526  SUCCESS  
2865  0.00000000  ntvdm.exe  IRP_MJ_READ  Serial0  Length 2
2865  0.00000408  SUCCESS  Length 2: 32 0D 
2873  0.00000000  ntvdm.exe  IRP_MJ_WRITE  Serial0  Length 4: 51 4D 38 0D 
2873  0.00002639  SUCCESS  
2888  0.00000000  ntvdm.exe  IRP_MJ_READ  Serial0  Length 2
2888  0.00000410  SUCCESS  Length 2: 32 0D 
2896  0.00000000  ntvdm.exe  IRP_MJ_WRITE  Serial0  Length 4: 51 4D 39 0D 
2896  0.00002347  SUCCESS  
2911  0.00000000  ntvdm.exe  IRP_MJ_READ  Serial0  Length 2
2911  0.00000457  SUCCESS  Length 2: 32 0D 
2919  0.00000000  ntvdm.exe  IRP_MJ_WRITE  Serial0  Length 5: 51 4D 31 30 0D 
2919  0.00002801  SUCCESS  
2934  0.00000000  ntvdm.exe  IRP_MJ_READ  Serial0  Length 2
2934  0.00000404  SUCCESS  Length 2: 30 0D 
2945  0.00000000  ntvdm.exe  IRP_MJ_READ  Serial0  Length 1
2945  0.00000395  SUCCESS  Length 1: 44 
2950  0.00000000  ntvdm.exe  IRP_MJ_READ  Serial0  Length 1
2950  0.00000352  SUCCESS  Length 1: 43 
2955  0.00000000  ntvdm.exe  IRP_MJ_READ  Serial0  Length 1
2955  0.00000373  SUCCESS  Length 1: 2C 
2960  0.00000000  ntvdm.exe  IRP_MJ_READ  Serial0  Length 1
2960  0.00000336  SUCCESS  Length 1: 30 
2968  0.00000000  ntvdm.exe  IRP_MJ_READ  Serial0  Length 1
2968  0.00000336  SUCCESS  Length 1: 31 
2973  0.00000000  ntvdm.exe  IRP_MJ_READ  Serial0  Length 1
2973  0.00000357  SUCCESS  Length 1: 30 
2978  0.00000000  ntvdm.exe  IRP_MJ_READ  Serial0  Length 1
2978  0.00000326  SUCCESS  Length 1: 30 
2983  0.00000000  ntvdm.exe  IRP_MJ_READ  Serial0  Length 1
2983  0.00000375  SUCCESS  Length 1: 30 
2990  0.00000000  ntvdm.exe  IRP_MJ_READ  Serial0  Length 1
2990  0.00000349  SUCCESS  Length 1: 45 
2996  0.00000000  ntvdm.exe  IRP_MJ_READ  Serial0  Length 1
2996  0.00000311  SUCCESS  Length 1: 2D 
3001  0.00000000  ntvdm.exe  IRP_MJ_READ  Serial0  Length 1
3001  0.00000355  SUCCESS  Length 1: 30 
3006  0.00000000  ntvdm.exe  IRP_MJ_READ  Serial0  Length 1
3006  0.00000320  SUCCESS  Length 1: 36 
3011  0.00000000  ntvdm.exe  IRP_MJ_READ  Serial0  Length 1
3011  0.00000324  SUCCESS  Length 1: 2C 
3016  0.00000000  ntvdm.exe  IRP_MJ_READ  Serial0  Length 1
3016  0.00000321  SUCCESS  Length 1: 56 
3021  0.00000000  ntvdm.exe  IRP_MJ_READ  Serial0  Length 1
3021  0.00000335  SUCCESS  Length 1: 0D 
3030  0.00000000  ntvdm.exe  IRP_MJ_WRITE  Serial0  Length 5: 51 4D 31 31 0D 
3030  0.00002436  SUCCESS  
3045  0.00000000  ntvdm.exe  IRP_MJ_READ  Serial0  Length 2
3045  0.00000402  SUCCESS  Length 2: 30 0D 
3059  0.00000000  ntvdm.exe  IRP_MJ_READ  Serial0  Length 1
3059  0.00000350  SUCCESS  Length 1: 44 
3064  0.00000000  ntvdm.exe  IRP_MJ_READ  Serial0  Length 1
3064  0.00000334  SUCCESS  Length 1: 55 
3069  0.00000000  ntvdm.exe  IRP_MJ_READ  Serial0  Length 1
3069  0.00000363  SUCCESS  Length 1: 54 
3074  0.00000000  ntvdm.exe  IRP_MJ_READ  Serial0  Length 1
3074  0.00000344  SUCCESS  Length 1: 59 
3079  0.00000000  ntvdm.exe  IRP_MJ_READ  Serial0  Length 1
3079  0.00000322  SUCCESS  Length 1: 20 
3084  0.00000000  ntvdm.exe  IRP_MJ_READ  Serial0  Length 1
3084  0.00000319  SUCCESS  Length 1: 43 
3089  0.00000000  ntvdm.exe  IRP_MJ_READ  Serial0  Length 1
3089  0.00000308  SUCCESS  Length 1: 59 
3094  0.00000000  ntvdm.exe  IRP_MJ_READ  Serial0  Length 1
3094  0.00000317  SUCCESS  Length 1: 43 
3099  0.00000000  ntvdm.exe  IRP_MJ_READ  Serial0  Length 1
3099  0.00000319  SUCCESS  Length 1: 4C 
3104  0.00000000  ntvdm.exe  IRP_MJ_READ  Serial0  Length 1
3104  0.00000315  SUCCESS  Length 1: 45 
3109  0.00000000  ntvdm.exe  IRP_MJ_READ  Serial0  Length 1
3109  0.00000320  SUCCESS  Length 1: 20 
3114  0.00000000  ntvdm.exe  IRP_MJ_READ  Serial0  Length 1
3114  0.00000336  SUCCESS  Length 1: 2B 
3119  0.00000000  ntvdm.exe  IRP_MJ_READ  Serial0  Length 1
3119  0.00000319  SUCCESS  Length 1: 2C 
3124  0.00000000  ntvdm.exe  IRP_MJ_READ  Serial0  Length 1
3124  0.00000323  SUCCESS  Length 1: 30 
3139  0.00000000  ntvdm.exe  IRP_MJ_READ  Serial0  Length 1
3139  0.00000350  SUCCESS  Length 1: 30 
3144  0.00000000  ntvdm.exe  IRP_MJ_READ  Serial0  Length 1
3144  0.00000320  SUCCESS  Length 1: 30 
3149  0.00000000  ntvdm.exe  IRP_MJ_READ  Serial0  Length 1
3149  0.00000308  SUCCESS  Length 1: 30 
3154  0.00000000  ntvdm.exe  IRP_MJ_READ  Serial0  Length 1
3154  0.00000312  SUCCESS  Length 1: 30 
3159  0.00000000  ntvdm.exe  IRP_MJ_READ  Serial0  Length 1
3159  0.00000332  SUCCESS  Length 1: 45 
3164  0.00000000  ntvdm.exe  IRP_MJ_READ  Serial0  Length 1
3164  0.00000319  SUCCESS  Length 1: 2B 
3169  0.00000000  ntvdm.exe  IRP_MJ_READ  Serial0  Length 1
3169  0.00000319  SUCCESS  Length 1: 30 
3174  0.00000000  ntvdm.exe  IRP_MJ_READ  Serial0  Length 1
3174  0.00000330  SUCCESS  Length 1: 30 
3189  0.00000000  ntvdm.exe  IRP_MJ_READ  Serial0  Length 1
3189  0.00000345  SUCCESS  Length 1: 2C 
3194  0.00000000  ntvdm.exe  IRP_MJ_READ  Serial0  Length 1
3194  0.00000317  SUCCESS  Length 1: 44 
3199  0.00000000  ntvdm.exe  IRP_MJ_READ  Serial0  Length 1
3199  0.00000331  SUCCESS  Length 1: 25 
3204  0.00000000  ntvdm.exe  IRP_MJ_READ  Serial0  Length 1
3204  0.00000307  SUCCESS  Length 1: 2B 
3209  0.00000000  ntvdm.exe  IRP_MJ_READ  Serial0  Length 1
3209  0.00000313  SUCCESS  Length 1: 0D 
3218  0.00000000  ntvdm.exe  IRP_MJ_WRITE  Serial0  Length 5: 51 4D 31 32 0D 
3218  0.00002549  SUCCESS  
3233  0.00000000  ntvdm.exe  IRP_MJ_READ  Serial0  Length 2
3233  0.00000390  SUCCESS  Length 2: 32 0D 
3241  0.00000000  ntvdm.exe  IRP_MJ_WRITE  Serial0  Length 6: 51 4D 31 2C 56 0D 
3241  0.00002889  SUCCESS  
3256  0.00000000  ntvdm.exe  IRP_MJ_READ  Serial0  Length 2
3256  0.00000388  SUCCESS  Length 2: 30 0D 
3270  0.00000000  ntvdm.exe  IRP_MJ_READ  Serial0  Length 1
3270  0.00000344  SUCCESS  Length 1: 30 
3275  0.00000000  ntvdm.exe  IRP_MJ_READ  Serial0  Length 1
3275  0.00000322  SUCCESS  Length 1: 30 
3280  0.00000000  ntvdm.exe  IRP_MJ_READ  Serial0  Length 1
3280  0.00000302  SUCCESS  Length 1: 30 
3285  0.00000000  ntvdm.exe  IRP_MJ_READ  Serial0  Length 1
3285  0.00000309  SUCCESS  Length 1: 30 
3290  0.00000000  ntvdm.exe  IRP_MJ_READ  Serial0  Length 1
3290  0.00000312  SUCCESS  Length 1: 30 
3295  0.00000000  ntvdm.exe  IRP_MJ_READ  Serial0  Length 1
3295  0.00000316  SUCCESS  Length 1: 45 
3300  0.00000000  ntvdm.exe  IRP_MJ_READ  Serial0  Length 1
3300  0.00000344  SUCCESS  Length 1: 2B 
3305  0.00000000  ntvdm.exe  IRP_MJ_READ  Serial0  Length 1
3305  0.00000321  SUCCESS  Length 1: 30 
3310  0.00000000  ntvdm.exe  IRP_MJ_READ  Serial0  Length 1
3310  0.00000373  SUCCESS  Length 1: 30 
3315  0.00000000  ntvdm.exe  IRP_MJ_READ  Serial0  Length 1
3315  0.00000346  SUCCESS  Length 1: 0D 
3324  0.00000000  ntvdm.exe  IRP_MJ_WRITE  Serial0  Length 6: 51 4D 32 2C 56 0D 
3324  0.00002726  SUCCESS  
3337  0.00000000  ntvdm.exe  IRP_MJ_READ  Serial0  Length 2
3337  0.00000422  SUCCESS  Length 2: 30 0D 
3353  0.00000000  ntvdm.exe  IRP_MJ_READ  Serial0  Length 1
3353  0.00000393  SUCCESS  Length 1: 30 
3358  0.00000000  ntvdm.exe  IRP_MJ_READ  Serial0  Length 1
3358  0.00000343  SUCCESS  Length 1: 30 
3363  0.00000000  ntvdm.exe  IRP_MJ_READ  Serial0  Length 1
3363  0.00000353  SUCCESS  Length 1: 30 
3368  0.00000000  ntvdm.exe  IRP_MJ_READ  Serial0  Length 1
3368  0.00000334  SUCCESS  Length 1: 30 
3373  0.00000000  ntvdm.exe  IRP_MJ_READ  Serial0  Length 1
3373  0.00000331  SUCCESS  Length 1: 30 
3378  0.00000000  ntvdm.exe  IRP_MJ_READ  Serial0  Length 1
3378  0.00000437  SUCCESS  Length 1: 45 
3383  0.00000000  ntvdm.exe  IRP_MJ_READ  Serial0  Length 1
3383  0.00000344  SUCCESS  Length 1: 2B 
3388  0.00000000  ntvdm.exe  IRP_MJ_READ  Serial0  Length 1
3388  0.00000311  SUCCESS  Length 1: 30 
3393  0.00000000  ntvdm.exe  IRP_MJ_READ  Serial0  Length 1
3393  0.00000321  SUCCESS  Length 1: 30 
3398  0.00000000  ntvdm.exe  IRP_MJ_READ  Serial0  Length 1
3398  0.00000332  SUCCESS  Length 1: 0D 
3407  0.00000000  ntvdm.exe  IRP_MJ_WRITE  Serial0  Length 7: 51 4D 31 30 2C 56 0D 
3407  0.00002743  SUCCESS  
3422  0.00000000  ntvdm.exe  IRP_MJ_READ  Serial0  Length 2
3422  0.00000408  SUCCESS  Length 2: 30 0D 
3436  0.00000000  ntvdm.exe  IRP_MJ_READ  Serial0  Length 1
3436  0.00000428  SUCCESS  Length 1: 30 
3441  0.00000000  ntvdm.exe  IRP_MJ_READ  Serial0  Length 1
3441  0.00000326  SUCCESS  Length 1: 31 
3446  0.00000000  ntvdm.exe  IRP_MJ_READ  Serial0  Length 1
3446  0.00000319  SUCCESS  Length 1: 30 
3451  0.00000000  ntvdm.exe  IRP_MJ_READ  Serial0  Length 1
3451  0.00000321  SUCCESS  Length 1: 30 
3456  0.00000000  ntvdm.exe  IRP_MJ_READ  Serial0  Length 1
3456  0.00000314  SUCCESS  Length 1: 30 
3461  0.00000000  ntvdm.exe  IRP_MJ_READ  Serial0  Length 1
3461  0.00000323  SUCCESS  Length 1: 45 
3466  0.00000000  ntvdm.exe  IRP_MJ_READ  Serial0  Length 1
3466  0.00000326  SUCCESS  Length 1: 2D 
3471  0.00000000  ntvdm.exe  IRP_MJ_READ  Serial0  Length 1
3471  0.00000312  SUCCESS  Length 1: 30 
3476  0.00000000  ntvdm.exe  IRP_MJ_READ  Serial0  Length 1
3476  0.00000310  SUCCESS  Length 1: 36 
3481  0.00000000  ntvdm.exe  IRP_MJ_READ  Serial0  Length 1
3481  0.00000408  SUCCESS  Length 1: 0D 
3490  0.00000000  ntvdm.exe  IRP_MJ_WRITE  Serial0  Length 7: 51 4D 31 31 2C 56 0D 
3490  0.00002886  SUCCESS  
3505  0.00000000  ntvdm.exe  IRP_MJ_READ  Serial0  Length 2
3505  0.00000406  SUCCESS  Length 2: 30 0D 
3519  0.00000000  ntvdm.exe  IRP_MJ_READ  Serial0  Length 1
3519  0.00000366  SUCCESS  Length 1: 30 
3524  0.00000000  ntvdm.exe  IRP_MJ_READ  Serial0  Length 1
3524  0.00000331  SUCCESS  Length 1: 30 
3529  0.00000000  ntvdm.exe  IRP_MJ_READ  Serial0  Length 1
3529  0.00000335  SUCCESS  Length 1: 30 
3534  0.00000000  ntvdm.exe  IRP_MJ_READ  Serial0  Length 1
3534  0.00000319  SUCCESS  Length 1: 30 
3539  0.00000000  ntvdm.exe  IRP_MJ_READ  Serial0  Length 1
3539  0.00000308  SUCCESS  Length 1: 30 
3544  0.00000000  ntvdm.exe  IRP_MJ_READ  Serial0  Length 1
3544  0.00000325  SUCCESS  Length 1: 45 
3549  0.00000000  ntvdm.exe  IRP_MJ_READ  Serial0  Length 1
3549  0.00000331  SUCCESS  Length 1: 2B 
3554  0.00000000  ntvdm.exe  IRP_MJ_READ  Serial0  Length 1
3554  0.00000312  SUCCESS  Length 1: 30 
3559  0.00000000  ntvdm.exe  IRP_MJ_READ  Serial0  Length 1
3559  0.00000332  SUCCESS  Length 1: 30 
3564  0.00000000  ntvdm.exe  IRP_MJ_READ  Serial0  Length 1
3564  0.00000333  SUCCESS  Length 1: 0D 
3573  0.00000000  ntvdm.exe  IRP_MJ_WRITE  Serial0  Length 6: 51 4D 31 2C 56 0D 
3573  0.00002632  SUCCESS  
3588  0.00000000  ntvdm.exe  IRP_MJ_READ  Serial0  Length 2
3588  0.00000404  SUCCESS  Length 2: 30 0D 
3602  0.00000000  ntvdm.exe  IRP_MJ_READ  Serial0  Length 1
3602  0.00000370  SUCCESS  Length 1: 30 
3607  0.00000000  ntvdm.exe  IRP_MJ_READ  Serial0  Length 1
3607  0.00000328  SUCCESS  Length 1: 30 
3612  0.00000000  ntvdm.exe  IRP_MJ_READ  Serial0  Length 1
3612  0.00000329  SUCCESS  Length 1: 30 
3617  0.00000000  ntvdm.exe  IRP_MJ_READ  Serial0  Length 1
3617  0.00000341  SUCCESS  Length 1: 30 
3622  0.00000000  ntvdm.exe  IRP_MJ_READ  Serial0  Length 1
3622  0.00000323  SUCCESS  Length 1: 30 
3627  0.00000000  ntvdm.exe  IRP_MJ_READ  Serial0  Length 1
3627  0.00000415  SUCCESS  Length 1: 45 
3632  0.00000000  ntvdm.exe  IRP_MJ_READ  Serial0  Length 1
3632  0.00000314  SUCCESS  Length 1: 2B 
3637  0.00000000  ntvdm.exe  IRP_MJ_READ  Serial0  Length 1
3637  0.00000320  SUCCESS  Length 1: 30 
3642  0.00000000  ntvdm.exe  IRP_MJ_READ  Serial0  Length 1
3642  0.00000301  SUCCESS  Length 1: 30 
3647  0.00000000  ntvdm.exe  IRP_MJ_READ  Serial0  Length 1
3647  0.00000319  SUCCESS  Length 1: 0D 
3656  0.00000000  ntvdm.exe  IRP_MJ_WRITE  Serial0  Length 6: 51 4D 32 2C 56 0D 
3656  0.00002711  SUCCESS  
3671  0.00000000  ntvdm.exe  IRP_MJ_READ  Serial0  Length 2
3671  0.00000410  SUCCESS  Length 2: 30 0D 
3685  0.00000000  ntvdm.exe  IRP_MJ_READ  Serial0  Length 1
3685  0.00000385  SUCCESS  Length 1: 30 
3690  0.00000000  ntvdm.exe  IRP_MJ_READ  Serial0  Length 1
3690  0.00000335  SUCCESS  Length 1: 30 
3695  0.00000000  ntvdm.exe  IRP_MJ_READ  Serial0  Length 1
3695  0.00000333  SUCCESS  Length 1: 30 
3700  0.00000000  ntvdm.exe  IRP_MJ_READ  Serial0  Length 1
3700  0.00000329  SUCCESS  Length 1: 30 
3705  0.00000000  ntvdm.exe  IRP_MJ_READ  Serial0  Length 1
3705  0.00000315  SUCCESS  Length 1: 30 
3710  0.00000000  ntvdm.exe  IRP_MJ_READ  Serial0  Length 1
3710  0.00000319  SUCCESS  Length 1: 45 
3715  0.00000000  ntvdm.exe  IRP_MJ_READ  Serial0  Length 1
3715  0.00000323  SUCCESS  Length 1: 2B 
3720  0.00000000  ntvdm.exe  IRP_MJ_READ  Serial0  Length 1
3720  0.00000313  SUCCESS  Length 1: 30 
3725  0.00000000  ntvdm.exe  IRP_MJ_READ  Serial0  Length 1
3725  0.00000341  SUCCESS  Length 1: 30 
3730  0.00000000  ntvdm.exe  IRP_MJ_READ  Serial0  Length 1
3730  0.00000333  SUCCESS  Length 1: 0D 
3739  0.00000000  ntvdm.exe  IRP_MJ_WRITE  Serial0  Length 7: 51 4D 31 30 2C 56 0D 
3739  0.00003079  SUCCESS  
3750  0.00000000  ntvdm.exe  IRP_MJ_READ  Serial0  Length 2
3750  0.00000411  SUCCESS  Length 2: 30 0D 
3770  0.00000000  ntvdm.exe  IRP_MJ_READ  Serial0  Length 1
3770  0.00000407  SUCCESS  Length 1: 30 
3775  0.00000000  ntvdm.exe  IRP_MJ_READ  Serial0  Length 1
3775  0.00000345  SUCCESS  Length 1: 31 
3780  0.00000000  ntvdm.exe  IRP_MJ_READ  Serial0  Length 1
3780  0.00000369  SUCCESS  Length 1: 30 
3785  0.00000000  ntvdm.exe  IRP_MJ_READ  Serial0  Length 1
3785  0.00000356  SUCCESS  Length 1: 30 
3790  0.00000000  ntvdm.exe  IRP_MJ_READ  Serial0  Length 1
3790  0.00011630  SUCCESS  Length 1: 30 
3795  0.00000000  ntvdm.exe  IRP_MJ_READ  Serial0  Length 1
3795  0.00000347  SUCCESS  Length 1: 45 
3800  0.00000000  ntvdm.exe  IRP_MJ_READ  Serial0  Length 1
3800  0.00000321  SUCCESS  Length 1: 2D 
3805  0.00000000  ntvdm.exe  IRP_MJ_READ  Serial0  Length 1
3805  0.00000314  SUCCESS  Length 1: 30 
3810  0.00000000  ntvdm.exe  IRP_MJ_READ  Serial0  Length 1
3810  0.00000323  SUCCESS  Length 1: 36 
3815  0.00000000  ntvdm.exe  IRP_MJ_READ  Serial0  Length 1
3815  0.00000335  SUCCESS  Length 1: 0D 
3824  0.00000000  ntvdm.exe  IRP_MJ_WRITE  Serial0  Length 7: 51 4D 31 31 2C 56 0D 
3824  0.00003072  SUCCESS  
3839  0.00000000  ntvdm.exe  IRP_MJ_READ  Serial0  Length 2
3839  0.00000426  SUCCESS  Length 2: 30 0D 
3853  0.00000000  ntvdm.exe  IRP_MJ_READ  Serial0  Length 1
3853  0.00000335  SUCCESS  Length 1: 30 
3858  0.00000000  ntvdm.exe  IRP_MJ_READ  Serial0  Length 1
3858  0.00000319  SUCCESS  Length 1: 30 
3863  0.00000000  ntvdm.exe  IRP_MJ_READ  Serial0  Length 1
3863  0.00000314  SUCCESS  Length 1: 30 
3868  0.00000000  ntvdm.exe  IRP_MJ_READ  Serial0  Length 1
3868  0.00000319  SUCCESS  Length 1: 30 
3873  0.00000000  ntvdm.exe  IRP_MJ_READ  Serial0  Length 1
3873  0.00000316  SUCCESS  Length 1: 30 
3878  0.00000000  ntvdm.exe  IRP_MJ_READ  Serial0  Length 1
3878  0.00000315  SUCCESS  Length 1: 45 
3883  0.00000000  ntvdm.exe  IRP_MJ_READ  Serial0  Length 1
3883  0.00000323  SUCCESS  Length 1: 2B 
3888  0.00000000  ntvdm.exe  IRP_MJ_READ  Serial0  Length 1
3888  0.00000316  SUCCESS  Length 1: 30 
3893  0.00000000  ntvdm.exe  IRP_MJ_READ  Serial0  Length 1
3893  0.00000341  SUCCESS  Length 1: 30 
3898  0.00000000  ntvdm.exe  IRP_MJ_READ  Serial0  Length 1
3898  0.00000323  SUCCESS  Length 1: 0D 
3907  0.00000000  ntvdm.exe  IRP_MJ_WRITE  Serial0  Length 6: 51 4D 31 2C 56 0D 
3907  0.00002551  SUCCESS  
3922  0.00000000  ntvdm.exe  IRP_MJ_READ  Serial0  Length 2
3922  0.00000409  SUCCESS  Length 2: 30 0D 
3936  0.00000000  ntvdm.exe  IRP_MJ_READ  Serial0  Length 1
3936  0.00000388  SUCCESS  Length 1: 30 
3941  0.00000000  ntvdm.exe  IRP_MJ_READ  Serial0  Length 1
3941  0.00000331  SUCCESS  Length 1: 30 
3946  0.00000000  ntvdm.exe  IRP_MJ_READ  Serial0  Length 1
3946  0.00000310  SUCCESS  Length 1: 30 
3951  0.00000000  ntvdm.exe  IRP_MJ_READ  Serial0  Length 1
3951  0.00000309  SUCCESS  Length 1: 30 
3956  0.00000000  ntvdm.exe  IRP_MJ_READ  Serial0  Length 1
3956  0.00000308  SUCCESS  Length 1: 30 
3961  0.00000000  ntvdm.exe  IRP_MJ_READ  Serial0  Length 1
3961  0.00000319  SUCCESS  Length 1: 45 
3966  0.00000000  ntvdm.exe  IRP_MJ_READ  Serial0  Length 1
3966  0.00000340  SUCCESS  Length 1: 2B 
3971  0.00000000  ntvdm.exe  IRP_MJ_READ  Serial0  Length 1
3971  0.00000315  SUCCESS  Length 1: 30 
3976  0.00000000  ntvdm.exe  IRP_MJ_READ  Serial0  Length 1
3976  0.00000332  SUCCESS  Length 1: 30 
3981  0.00000000  ntvdm.exe  IRP_MJ_READ  Serial0  Length 1
3981  0.00000310  SUCCESS  Length 1: 0D 
3990  0.00000000  ntvdm.exe  IRP_MJ_WRITE  Serial0  Length 6: 51 4D 32 2C 56 0D 
3990  0.00002880  SUCCESS  
4005  0.00000000  ntvdm.exe  IRP_MJ_READ  Serial0  Length 2
4005  0.00000404  SUCCESS  Length 2: 30 0D 
4019  0.00000000  ntvdm.exe  IRP_MJ_READ  Serial0  Length 1
4019  0.00000390  SUCCESS  Length 1: 30 
4024  0.00000000  ntvdm.exe  IRP_MJ_READ  Serial0  Length 1
4024  0.00000330  SUCCESS  Length 1: 30 
4029  0.00000000  ntvdm.exe  IRP_MJ_READ  Serial0  Length 1
4029  0.00000310  SUCCESS  Length 1: 30 
4034  0.00000000  ntvdm.exe  IRP_MJ_READ  Serial0  Length 1
4034  0.00000321  SUCCESS  Length 1: 30 
4039  0.00000000  ntvdm.exe  IRP_MJ_READ  Serial0  Length 1
4039  0.00000314  SUCCESS  Length 1: 30 
4044  0.00000000  ntvdm.exe  IRP_MJ_READ  Serial0  Length 1
4044  0.00000301  SUCCESS  Length 1: 45 
4049  0.00000000  ntvdm.exe  IRP_MJ_READ  Serial0  Length 1
4049  0.00000325  SUCCESS  Length 1: 2B 
4054  0.00000000  ntvdm.exe  IRP_MJ_READ  Serial0  Length 1
4054  0.00000319  SUCCESS  Length 1: 30 
4059  0.00000000  ntvdm.exe  IRP_MJ_READ  Serial0  Length 1
4059  0.00000322  SUCCESS  Length 1: 30 
4064  0.00000000  ntvdm.exe  IRP_MJ_READ  Serial0  Length 1
4064  0.00000329  SUCCESS  Length 1: 0D 
4073  0.00000000  ntvdm.exe  IRP_MJ_WRITE  Serial0  Length 7: 51 4D 31 30 2C 56 0D 
4073  0.00003358  SUCCESS  
4088  0.00000000  ntvdm.exe  IRP_MJ_READ  Serial0  Length 2
4088  0.00000382  SUCCESS  Length 2: 30 0D 
4102  0.00000000  ntvdm.exe  IRP_MJ_READ  Serial0  Length 1
4102  0.00000405  SUCCESS  Length 1: 30 
4107  0.00000000  ntvdm.exe  IRP_MJ_READ  Serial0  Length 1
4107  0.00000310  SUCCESS  Length 1: 31 
4112  0.00000000  ntvdm.exe  IRP_MJ_READ  Serial0  Length 1
4112  0.00000320  SUCCESS  Length 1: 30 
4117  0.00000000  ntvdm.exe  IRP_MJ_READ  Serial0  Length 1
4117  0.00000385  SUCCESS  Length 1: 30 
4122  0.00000000  ntvdm.exe  IRP_MJ_READ  Serial0  Length 1
4122  0.00000342  SUCCESS  Length 1: 30 
4127  0.00000000  ntvdm.exe  IRP_MJ_READ  Serial0  Length 1
4127  0.00000356  SUCCESS  Length 1: 45 
4132  0.00000000  ntvdm.exe  IRP_MJ_READ  Serial0  Length 1
4132  0.00000331  SUCCESS  Length 1: 2D 
4137  0.00000000  ntvdm.exe  IRP_MJ_READ  Serial0  Length 1
4137  0.00000307  SUCCESS  Length 1: 30 
4142  0.00000000  ntvdm.exe  IRP_MJ_READ  Serial0  Length 1
4142  0.00000318  SUCCESS  Length 1: 36 
4147  0.00000000  ntvdm.exe  IRP_MJ_READ  Serial0  Length 1
4147  0.00000316  SUCCESS  Length 1: 0D 
4156  0.00000000  ntvdm.exe  IRP_MJ_WRITE  Serial0  Length 7: 51 4D 31 31 2C 56 0D 
4156  0.00002877  SUCCESS  
4167  0.00000000  ntvdm.exe  IRP_MJ_READ  Serial0  Length 2
4167  0.00000406  SUCCESS  Length 2: 30 0D 
4185  0.00000000  ntvdm.exe  IRP_MJ_READ  Serial0  Length 1
4185  0.00000408  SUCCESS  Length 1: 30 
4190  0.00000000  ntvdm.exe  IRP_MJ_READ  Serial0  Length 1
4190  0.00000340  SUCCESS  Length 1: 30 
4195  0.00000000  ntvdm.exe  IRP_MJ_READ  Serial0  Length 1
4195  0.00000314  SUCCESS  Length 1: 30 
4200  0.00000000  ntvdm.exe  IRP_MJ_READ  Serial0  Length 1
4200  0.00000309  SUCCESS  Length 1: 30 
4205  0.00000000  ntvdm.exe  IRP_MJ_READ  Serial0  Length 1
4205  0.00000325  SUCCESS  Length 1: 30 
4210  0.00000000  ntvdm.exe  IRP_MJ_READ  Serial0  Length 1
4210  0.00000327  SUCCESS  Length 1: 45 
4215  0.00000000  ntvdm.exe  IRP_MJ_READ  Serial0  Length 1
4215  0.00000312  SUCCESS  Length 1: 2B 
4220  0.00000000  ntvdm.exe  IRP_MJ_READ  Serial0  Length 1
4220  0.00000316  SUCCESS  Length 1: 30 
4225  0.00000000  ntvdm.exe  IRP_MJ_READ  Serial0  Length 1
4225  0.00000328  SUCCESS  Length 1: 30 
4230  0.00000000  ntvdm.exe  IRP_MJ_READ  Serial0  Length 1
4230  0.00000312  SUCCESS  Length 1: 0D 
