[\\DESKTOPPC]
3  0.00000000  ntvdm.exe  IRP_MJ_WRITE  Serial0  Length 3: 51 53 0D 
3  0.00002518  SUCCESS  
18  0.00000000  ntvdm.exe  IRP_MJ_READ  Serial0  Length 2
18  0.00000330  SUCCESS  Length 2: 30 0D 
32  0.00000000  ntvdm.exe  IRP_MJ_READ  Serial0  Length 1
32  0.00000301  SUCCESS  Length 1: 31 
37  0.00000000  ntvdm.exe  IRP_MJ_READ  Serial0  Length 1
37  0.00000261  SUCCESS  Length 1: 2C 
42  0.00000000  ntvdm.exe  IRP_MJ_READ  Serial0  Length 1
42  0.00000247  SUCCESS  Length 1: 31 
47  0.00000000  ntvdm.exe  IRP_MJ_READ  Serial0  Length 1
47  0.00000247  SUCCESS  Length 1: 30 
52  0.00000000  ntvdm.exe  IRP_MJ_READ  Serial0  Length 1
52  0.00000247  SUCCESS  Length 1: 45 
57  0.00000000  ntvdm.exe  IRP_MJ_READ  Serial0  Length 1
57  0.00000246  SUCCESS  Length 1: 37 
62  0.00000000  ntvdm.exe  IRP_MJ_READ  Serial0  Length 1
62  0.00000248  SUCCESS  Length 1: 30 
67  0.00000000  ntvdm.exe  IRP_MJ_READ  Serial0  Length 1
67  0.00000245  SUCCESS  Length 1: 30 
72  0.00000000  ntvdm.exe  IRP_MJ_READ  Serial0  Length 1
72  0.00000245  SUCCESS  Length 1: 30 
77  0.00000000  ntvdm.exe  IRP_MJ_READ  Serial0  Length 1
77  0.00000247  SUCCESS  Length 1: 43 
82  0.00000000  ntvdm.exe  IRP_MJ_READ  Serial0  Length 1
82  0.00000248  SUCCESS  Length 1: 30 
87  0.00000000  ntvdm.exe  IRP_MJ_READ  Serial0  Length 1
87  0.00000250  SUCCESS  Length 1: 38 
92  0.00000000  ntvdm.exe  IRP_MJ_READ  Serial0  Length 1
92  0.00000245  SUCCESS  Length 1: 38 
97  0.00000000  ntvdm.exe  IRP_MJ_READ  Serial0  Length 1
97  0.00000245  SUCCESS  Length 1: 39 
112  0.00000000  ntvdm.exe  IRP_MJ_READ  Serial0  Length 1
112  0.00000254  SUCCESS  Length 1: 30 
117  0.00000000  ntvdm.exe  IRP_MJ_READ  Serial0  Length 1
117  0.00000240  SUCCESS  Length 1: 31 
122  0.00000000  ntvdm.exe  IRP_MJ_READ  Serial0  Length 1
122  0.00000242  SUCCESS  Length 1: 30 
127  0.00000000  ntvdm.exe  IRP_MJ_READ  Serial0  Length 1
127  0.00000240  SUCCESS  Length 1: 30 
132  0.00000000  ntvdm.exe  IRP_MJ_READ  Serial0  Length 1
132  0.00000239  SUCCESS  Length 1: 33 
137  0.00000000  ntvdm.exe  IRP_MJ_READ  Serial0  Length 1
137  0.00000239  SUCCESS  Length 1: 30 
142  0.00000000  ntvdm.exe  IRP_MJ_READ  Serial0  Length 1
142  0.00000244  SUCCESS  Length 1: 32 
147  0.00000000  ntvdm.exe  IRP_MJ_READ  Serial0  Length 1
147  0.00000243  SUCCESS  Length 1: 32 
159  0.00000000  ntvdm.exe  IRP_MJ_READ  Serial0  Length 1
159  0.00000260  SUCCESS  Length 1: 30 
174  0.00000000  ntvdm.exe  IRP_MJ_READ  Serial0  Length 1
174  0.00000336  SUCCESS  Length 1: 31 
179  0.00000000  ntvdm.exe  IRP_MJ_READ  Serial0  Length 1
179  0.00000259  SUCCESS  Length 1: 30 
184  0.00000000  ntvdm.exe  IRP_MJ_READ  Serial0  Length 1
184  0.00000248  SUCCESS  Length 1: 30 
189  0.00000000  ntvdm.exe  IRP_MJ_READ  Serial0  Length 1
189  0.00000249  SUCCESS  Length 1: 31 
194  0.00000000  ntvdm.exe  IRP_MJ_READ  Serial0  Length 1
194  0.00000247  SUCCESS  Length 1: 46 
199  0.00000000  ntvdm.exe  IRP_MJ_READ  Serial0  Length 1
199  0.00000244  SUCCESS  Length 1: 43 
204  0.00000000  ntvdm.exe  IRP_MJ_READ  Serial0  Length 1
204  0.00000249  SUCCESS  Length 1: 46 
209  0.00000000  ntvdm.exe  IRP_MJ_READ  Serial0  Length 1
209  0.00000251  SUCCESS  Length 1: 42 
224  0.00000000  ntvdm.exe  IRP_MJ_READ  Serial0  Length 1
224  0.00000262  SUCCESS  Length 1: 45 
229  0.00000000  ntvdm.exe  IRP_MJ_READ  Serial0  Length 1
229  0.00000246  SUCCESS  Length 1: 30 
234  0.00000000  ntvdm.exe  IRP_MJ_READ  Serial0  Length 1
234  0.00000242  SUCCESS  Length 1: 37 
239  0.00000000  ntvdm.exe  IRP_MJ_READ  Serial0  Length 1
239  0.00000248  SUCCESS  Length 1: 30 
244  0.00000000  ntvdm.exe  IRP_MJ_READ  Serial0  Length 1
244  0.00000247  SUCCESS  Length 1: 38 
249  0.00000000  ntvdm.exe  IRP_MJ_READ  Serial0  Length 1
249  0.00000241  SUCCESS  Length 1: 32 
254  0.00000000  ntvdm.exe  IRP_MJ_READ  Serial0  Length 1
254  0.00000244  SUCCESS  Length 1: 44 
259  0.00000000  ntvdm.exe  IRP_MJ_READ  Serial0  Length 1
259  0.00000253  SUCCESS  Length 1: 30 
274  0.00000000  ntvdm.exe  IRP_MJ_READ  Serial0  Length 1
274  0.00000350  SUCCESS  Length 1: 30 
279  0.00000000  ntvdm.exe  IRP_MJ_READ  Serial0  Length 1
279  0.00000254  SUCCESS  Length 1: 30 
284  0.00000000  ntvdm.exe  IRP_MJ_READ  Serial0  Length 1
284  0.00000247  SUCCESS  Length 1: 30 
289  0.00000000  ntvdm.exe  IRP_MJ_READ  Serial0  Length 1
289  0.00000243  SUCCESS  Length 1: 46 
294  0.00000000  ntvdm.exe  IRP_MJ_READ  Serial0  Length 1
294  0.00000246  SUCCESS  Length 1: 45 
299  0.00000000  ntvdm.exe  IRP_MJ_READ  Serial0  Length 1
299  0.00000249  SUCCESS  Length 1: 46 
304  0.00000000  ntvdm.exe  IRP_MJ_READ  Serial0  Length 1
304  0.00000245  SUCCESS  Length 1: 46 
309  0.00000000  ntvdm.exe  IRP_MJ_READ  Serial0  Length 1
309  0.00000252  SUCCESS  Length 1: 30 
324  0.00000000  ntvdm.exe  IRP_MJ_READ  Serial0  Length 1
324  0.00000256  SUCCESS  Length 1: 30 
329  0.00000000  ntvdm.exe  IRP_MJ_READ  Serial0  Length 1
329  0.00000247  SUCCESS  Length 1: 30 
334  0.00000000  ntvdm.exe  IRP_MJ_READ  Serial0  Length 1
334  0.00000245  SUCCESS  Length 1: 30 
339  0.00000000  ntvdm.exe  IRP_MJ_READ  Serial0  Length 1
339  0.00000249  SUCCESS  Length 1: 30 
344  0.00000000  ntvdm.exe  IRP_MJ_READ  Serial0  Length 1
344  0.00000246  SUCCESS  Length 1: 31 
349  0.00000000  ntvdm.exe  IRP_MJ_READ  Serial0  Length 1
349  0.00000246  SUCCESS  Length 1: 30 
354  0.00000000  ntvdm.exe  IRP_MJ_READ  Serial0  Length 1
354  0.00000250  SUCCESS  Length 1: 30 
359  0.00000000  ntvdm.exe  IRP_MJ_READ  Serial0  Length 1
359  0.00000252  SUCCESS  Length 1: 30 
374  0.00000000  ntvdm.exe  IRP_MJ_READ  Serial0  Length 1
374  0.00000264  SUCCESS  Length 1: 30 
379  0.00000000  ntvdm.exe  IRP_MJ_READ  Serial0  Length 1
379  0.00000239  SUCCESS  Length 1: 30 
384  0.00000000  ntvdm.exe  IRP_MJ_READ  Serial0  Length 1
384  0.00000258  SUCCESS  Length 1: 32 
389  0.00000000  ntvdm.exe  IRP_MJ_READ  Serial0  Length 1
389  0.00000247  SUCCESS  Length 1: 30 
394  0.00000000  ntvdm.exe  IRP_MJ_READ  Serial0  Length 1
394  0.00000246  SUCCESS  Length 1: 30 
399  0.00000000  ntvdm.exe  IRP_MJ_READ  Serial0  Length 1
399  0.00000248  SUCCESS  Length 1: 30 
404  0.00000000  ntvdm.exe  IRP_MJ_READ  Serial0  Length 1
404  0.00000243  SUCCESS  Length 1: 32 
409  0.00000000  ntvdm.exe  IRP_MJ_READ  Serial0  Length 1
409  0.00000253  SUCCESS  Length 1: 36 
421  0.00000000  ntvdm.exe  IRP_MJ_READ  Serial0  Length 1
421  0.00000421  SUCCESS  Length 1: 35 
428  0.00000000  ntvdm.exe  IRP_MJ_READ  Serial0  Length 1
428  0.00000340  SUCCESS  Length 1: 30 
434  0.00000000  ntvdm.exe  IRP_MJ_READ  Serial0  Length 1
434  0.00000249  SUCCESS  Length 1: 30 
439  0.00000000  ntvdm.exe  IRP_MJ_READ  Serial0  Length 1
439  0.00000302  SUCCESS  Length 1: 30 
444  0.00000000  ntvdm.exe  IRP_MJ_READ  Serial0  Length 1
444  0.00000305  SUCCESS  Length 1: 30 
449  0.00000000  ntvdm.exe  IRP_MJ_READ  Serial0  Length 1
449  0.00000344  SUCCESS  Length 1: 30 
464  0.00000000  ntvdm.exe  IRP_MJ_READ  Serial0  Length 1
464  0.00000345  SUCCESS  Length 1: 30 
469  0.00000000  ntvdm.exe  IRP_MJ_READ  Serial0  Length 1
469  0.00000260  SUCCESS  Length 1: 38 
474  0.00000000  ntvdm.exe  IRP_MJ_READ  Serial0  Length 1
474  0.00000248  SUCCESS  Length 1: 30 
479  0.00000000  ntvdm.exe  IRP_MJ_READ  Serial0  Length 1
479  0.00000246  SUCCESS  Length 1: 38 
484  0.00000000  ntvdm.exe  IRP_MJ_READ  Serial0  Length 1
484  0.00000250  SUCCESS  Length 1: 30 
489  0.00000000  ntvdm.exe  IRP_MJ_READ  Serial0  Length 1
489  0.00000250  SUCCESS  Length 1: 38 
494  0.00000000  ntvdm.exe  IRP_MJ_READ  Serial0  Length 1
494  0.00000245  SUCCESS  Length 1: 30 
499  0.00000000  ntvdm.exe  IRP_MJ_READ  Serial0  Length 1
499  0.00000252  SUCCESS  Length 1: 38 
514  0.00000000  ntvdm.exe  IRP_MJ_READ  Serial0  Length 1
514  0.00000256  SUCCESS  Length 1: 30 
519  0.00000000  ntvdm.exe  IRP_MJ_READ  Serial0  Length 1
519  0.00000249  SUCCESS  Length 1: 38 
524  0.00000000  ntvdm.exe  IRP_MJ_READ  Serial0  Length 1
524  0.00000247  SUCCESS  Length 1: 30 
529  0.00000000  ntvdm.exe  IRP_MJ_READ  Serial0  Length 1
529  0.00000900  SUCCESS  Length 1: 38 
534  0.00000000  ntvdm.exe  IRP_MJ_READ  Serial0  Length 1
534  0.00000287  SUCCESS  Length 1: 30 
539  0.00000000  ntvdm.exe  IRP_MJ_READ  Serial0  Length 1
539  0.00000255  SUCCESS  Length 1: 31 
544  0.00000000  ntvdm.exe  IRP_MJ_READ  Serial0  Length 1
544  0.00000247  SUCCESS  Length 1: 42 
549  0.00000000  ntvdm.exe  IRP_MJ_READ  Serial0  Length 1
549  0.00000250  SUCCESS  Length 1: 30 
564  0.00000000  ntvdm.exe  IRP_MJ_READ  Serial0  Length 1
564  0.00000313  SUCCESS  Length 1: 32 
569  0.00000000  ntvdm.exe  IRP_MJ_READ  Serial0  Length 1
569  0.00000254  SUCCESS  Length 1: 38 
574  0.00000000  ntvdm.exe  IRP_MJ_READ  Serial0  Length 1
574  0.00000249  SUCCESS  Length 1: 30 
579  0.00000000  ntvdm.exe  IRP_MJ_READ  Serial0  Length 1
579  0.00000248  SUCCESS  Length 1: 38 
584  0.00000000  ntvdm.exe  IRP_MJ_READ  Serial0  Length 1
584  0.00000249  SUCCESS  Length 1: 31 
589  0.00000000  ntvdm.exe  IRP_MJ_READ  Serial0  Length 1
589  0.00000246  SUCCESS  Length 1: 43 
594  0.00000000  ntvdm.exe  IRP_MJ_READ  Serial0  Length 1
594  0.00000246  SUCCESS  Length 1: 39 
599  0.00000000  ntvdm.exe  IRP_MJ_READ  Serial0  Length 1
599  0.00000254  SUCCESS  Length 1: 30 
614  0.00000000  ntvdm.exe  IRP_MJ_READ  Serial0  Length 1
614  0.00000261  SUCCESS  Length 1: 46 
619  0.00000000  ntvdm.exe  IRP_MJ_READ  Serial0  Length 1
619  0.00000252  SUCCESS  Length 1: 41 
624  0.00000000  ntvdm.exe  IRP_MJ_READ  Serial0  Length 1
624  0.00000250  SUCCESS  Length 1: 41 
629  0.00000000  ntvdm.exe  IRP_MJ_READ  Serial0  Length 1
629  0.00000251  SUCCESS  Length 1: 30 
634  0.00000000  ntvdm.exe  IRP_MJ_READ  Serial0  Length 1
634  0.00000246  SUCCESS  Length 1: 31 
639  0.00000000  ntvdm.exe  IRP_MJ_READ  Serial0  Length 1
639  0.00000242  SUCCESS  Length 1: 30 
644  0.00000000  ntvdm.exe  IRP_MJ_READ  Serial0  Length 1
644  0.00000246  SUCCESS  Length 1: 32 
649  0.00000000  ntvdm.exe  IRP_MJ_READ  Serial0  Length 1
649  0.00000253  SUCCESS  Length 1: 30 
664  0.00000000  ntvdm.exe  IRP_MJ_READ  Serial0  Length 1
664  0.00000311  SUCCESS  Length 1: 44 
669  0.00000000  ntvdm.exe  IRP_MJ_READ  Serial0  Length 1
669  0.00000239  SUCCESS  Length 1: 30 
674  0.00000000  ntvdm.exe  IRP_MJ_READ  Serial0  Length 1
674  0.00000247  SUCCESS  Length 1: 38 
679  0.00000000  ntvdm.exe  IRP_MJ_READ  Serial0  Length 1
679  0.00000254  SUCCESS  Length 1: 30 
690  0.00000000  ntvdm.exe  IRP_MJ_READ  Serial0  Length 1
690  0.00000372  SUCCESS  Length 1: 39 
695  0.00000000  ntvdm.exe  IRP_MJ_READ  Serial0  Length 1
695  0.00000297  SUCCESS  Length 1: 30 
703  0.00000000  ntvdm.exe  IRP_MJ_READ  Serial0  Length 1
703  0.00000325  SUCCESS  Length 1: 31 
708  0.00000000  ntvdm.exe  IRP_MJ_READ  Serial0  Length 1
708  0.00000290  SUCCESS  Length 1: 30 
714  0.00000000  ntvdm.exe  IRP_MJ_READ  Serial0  Length 1
714  0.00000247  SUCCESS  Length 1: 30 
719  0.00000000  ntvdm.exe  IRP_MJ_READ  Serial0  Length 1
719  0.00000247  SUCCESS  Length 1: 30 
724  0.00000000  ntvdm.exe  IRP_MJ_READ  Serial0  Length 1
724  0.00000250  SUCCESS  Length 1: 30 
729  0.00000000  ntvdm.exe  IRP_MJ_READ  Serial0  Length 1
729  0.00000253  SUCCESS  Length 1: 36 
744  0.00000000  ntvdm.exe  IRP_MJ_READ  Serial0  Length 1
744  0.00000256  SUCCESS  Length 1: 35 
749  0.00000000  ntvdm.exe  IRP_MJ_READ  Serial0  Length 1
749  0.00000246  SUCCESS  Length 1: 36 
754  0.00000000  ntvdm.exe  IRP_MJ_READ  Serial0  Length 1
754  0.00000248  SUCCESS  Length 1: 36 
759  0.00000000  ntvdm.exe  IRP_MJ_READ  Serial0  Length 1
759  0.00000247  SUCCESS  Length 1: 36 
764  0.00000000  ntvdm.exe  IRP_MJ_READ  Serial0  Length 1
764  0.00000248  SUCCESS  Length 1: 38 
769  0.00000000  ntvdm.exe  IRP_MJ_READ  Serial0  Length 1
769  0.00000248  SUCCESS  Length 1: 30 
774  0.00000000  ntvdm.exe  IRP_MJ_READ  Serial0  Length 1
774  0.00000247  SUCCESS  Length 1: 33 
779  0.00000000  ntvdm.exe  IRP_MJ_READ  Serial0  Length 1
779  0.00000253  SUCCESS  Length 1: 34 
794  0.00000000  ntvdm.exe  IRP_MJ_READ  Serial0  Length 1
794  0.00000333  SUCCESS  Length 1: 32 
799  0.00000000  ntvdm.exe  IRP_MJ_READ  Serial0  Length 1
799  0.00000252  SUCCESS  Length 1: 37 
804  0.00000000  ntvdm.exe  IRP_MJ_READ  Serial0  Length 1
804  0.00000248  SUCCESS  Length 1: 32 
809  0.00000000  ntvdm.exe  IRP_MJ_READ  Serial0  Length 1
809  0.00000254  SUCCESS  Length 1: 30 
814  0.00000000  ntvdm.exe  IRP_MJ_READ  Serial0  Length 1
814  0.00000248  SUCCESS  Length 1: 30 
819  0.00000000  ntvdm.exe  IRP_MJ_READ  Serial0  Length 1
819  0.00000246  SUCCESS  Length 1: 30 
824  0.00000000  ntvdm.exe  IRP_MJ_READ  Serial0  Length 1
824  0.00000246  SUCCESS  Length 1: 30 
829  0.00000000  ntvdm.exe  IRP_MJ_READ  Serial0  Length 1
829  0.00000252  SUCCESS  Length 1: 30 
844  0.00000000  ntvdm.exe  IRP_MJ_READ  Serial0  Length 1
844  0.00000262  SUCCESS  Length 1: 30 
849  0.00000000  ntvdm.exe  IRP_MJ_READ  Serial0  Length 1
849  0.00000247  SUCCESS  Length 1: 30 
854  0.00000000  ntvdm.exe  IRP_MJ_READ  Serial0  Length 1
854  0.00000245  SUCCESS  Length 1: 34 
859  0.00000000  ntvdm.exe  IRP_MJ_READ  Serial0  Length 1
859  0.00000248  SUCCESS  Length 1: 31 
864  0.00000000  ntvdm.exe  IRP_MJ_READ  Serial0  Length 1
864  0.00000247  SUCCESS  Length 1: 38 
869  0.00000000  ntvdm.exe  IRP_MJ_READ  Serial0  Length 1
869  0.00000253  SUCCESS  Length 1: 30 
874  0.00000000  ntvdm.exe  IRP_MJ_READ  Serial0  Length 1
874  0.00000247  SUCCESS  Length 1: 30 
879  0.00000000  ntvdm.exe  IRP_MJ_READ  Serial0  Length 1
879  0.00000254  SUCCESS  Length 1: 30 
890  0.00000000  ntvdm.exe  IRP_MJ_READ  Serial0  Length 1
890  0.00000450  SUCCESS  Length 1: 30 
899  0.00000000  ntvdm.exe  IRP_MJ_READ  Serial0  Length 1
899  0.00000265  SUCCESS  Length 1: 30 
904  0.00000000  ntvdm.exe  IRP_MJ_READ  Serial0  Length 1
904  0.00000250  SUCCESS  Length 1: 30 
909  0.00000000  ntvdm.exe  IRP_MJ_READ  Serial0  Length 1
909  0.00000248  SUCCESS  Length 1: 30 
914  0.00000000  ntvdm.exe  IRP_MJ_READ  Serial0  Length 1
914  0.00000248  SUCCESS  Length 1: 30 
919  0.00000000  ntvdm.exe  IRP_MJ_READ  Serial0  Length 1
919  0.00000245  SUCCESS  Length 1: 30 
924  0.00000000  ntvdm.exe  IRP_MJ_READ  Serial0  Length 1
924  0.00000248  SUCCESS  Length 1: 30 
929  0.00000000  ntvdm.exe  IRP_MJ_READ  Serial0  Length 1
929  0.00000259  SUCCESS  Length 1: 30 
941  0.00000000  ntvdm.exe  IRP_MJ_READ  Serial0  Length 1
941  0.00000404  SUCCESS  Length 1: 30 
946  0.00000000  ntvdm.exe  IRP_MJ_READ  Serial0  Length 1
946  0.00000330  SUCCESS  Length 1: 30 
951  0.00000000  ntvdm.exe  IRP_MJ_READ  Serial0  Length 1
951  0.00000329  SUCCESS  Length 1: 30 
956  0.00000000  ntvdm.exe  IRP_MJ_READ  Serial0  Length 1
956  0.00000302  SUCCESS  Length 1: 30 
961  0.00000000  ntvdm.exe  IRP_MJ_READ  Serial0  Length 1
961  0.00000287  SUCCESS  Length 1: 30 
966  0.00000000  ntvdm.exe  IRP_MJ_READ  Serial0  Length 1
966  0.00000331  SUCCESS  Length 1: 30 
981  0.00000000  ntvdm.exe  IRP_MJ_READ  Serial0  Length 1
981  0.00000418  SUCCESS  Length 1: 30 
986  0.00000000  ntvdm.exe  IRP_MJ_READ  Serial0  Length 1
986  0.00000338  SUCCESS  Length 1: 30 
991  0.00000000  ntvdm.exe  IRP_MJ_READ  Serial0  Length 1
991  0.00000325  SUCCESS  Length 1: 30 
996  0.00000000  ntvdm.exe  IRP_MJ_READ  Serial0  Length 1
996  0.00000315  SUCCESS  Length 1: 30 
1001  0.00000000  ntvdm.exe  IRP_MJ_READ  Serial0  Length 1
1001  0.00000327  SUCCESS  Length 1: 30 
1006  0.00000000  ntvdm.exe  IRP_MJ_READ  Serial0  Length 1
1006  0.00000327  SUCCESS  Length 1: 30 
1011  0.00000000  ntvdm.exe  IRP_MJ_READ  Serial0  Length 1
1011  0.00000349  SUCCESS  Length 1: 30 
1016  0.00000000  ntvdm.exe  IRP_MJ_READ  Serial0  Length 1
1016  0.00000343  SUCCESS  Length 1: 31 
1031  0.00000000  ntvdm.exe  IRP_MJ_READ  Serial0  Length 1
1031  0.00000277  SUCCESS  Length 1: 30 
1036  0.00000000  ntvdm.exe  IRP_MJ_READ  Serial0  Length 1
1036  0.00000258  SUCCESS  Length 1: 38 
1041  0.00000000  ntvdm.exe  IRP_MJ_READ  Serial0  Length 1
1041  0.00000247  SUCCESS  Length 1: 30 
1046  0.00000000  ntvdm.exe  IRP_MJ_READ  Serial0  Length 1
1046  0.00000249  SUCCESS  Length 1: 30 
1051  0.00000000  ntvdm.exe  IRP_MJ_READ  Serial0  Length 1
1051  0.00000250  SUCCESS  Length 1: 32 
1056  0.00000000  ntvdm.exe  IRP_MJ_READ  Serial0  Length 1
1056  0.00000247  SUCCESS  Length 1: 31 
1061  0.00000000  ntvdm.exe  IRP_MJ_READ  Serial0  Length 1
1061  0.00000248  SUCCESS  Length 1: 46 
1066  0.00000000  ntvdm.exe  IRP_MJ_READ  Serial0  Length 1
1066  0.00000252  SUCCESS  Length 1: 30 
1081  0.00000000  ntvdm.exe  IRP_MJ_READ  Serial0  Length 1
1081  0.00000321  SUCCESS  Length 1: 32 
1086  0.00000000  ntvdm.exe  IRP_MJ_READ  Serial0  Length 1
1086  0.00000260  SUCCESS  Length 1: 35 
1091  0.00000000  ntvdm.exe  IRP_MJ_READ  Serial0  Length 1
1091  0.00000249  SUCCESS  Length 1: 30 
1096  0.00000000  ntvdm.exe  IRP_MJ_READ  Serial0  Length 1
1096  0.00000249  SUCCESS  Length 1: 32 
1101  0.00000000  ntvdm.exe  IRP_MJ_READ  Serial0  Length 1
1101  0.00000250  SUCCESS  Length 1: 30 
1106  0.00000000  ntvdm.exe  IRP_MJ_READ  Serial0  Length 1
1106  0.00000247  SUCCESS  Length 1: 31 
1111  0.00000000  ntvdm.exe  IRP_MJ_READ  Serial0  Length 1
1111  0.00000249  SUCCESS  Length 1: 30 
1116  0.00000000  ntvdm.exe  IRP_MJ_READ  Serial0  Length 1
1116  0.00000251  SUCCESS  Length 1: 38 
1131  0.00000000  ntvdm.exe  IRP_MJ_READ  Serial0  Length 1
1131  0.00000282  SUCCESS  Length 1: 30 
1136  0.00000000  ntvdm.exe  IRP_MJ_READ  Serial0  Length 1
1136  0.00000250  SUCCESS  Length 1: 30 
1141  0.00000000  ntvdm.exe  IRP_MJ_READ  Serial0  Length 1
1141  0.00000249  SUCCESS  Length 1: 32 
1146  0.00000000  ntvdm.exe  IRP_MJ_READ  Serial0  Length 1
1146  0.00000347  SUCCESS  Length 1: 45 
1151  0.00000000  ntvdm.exe  IRP_MJ_READ  Serial0  Length 1
1151  0.00000344  SUCCESS  Length 1: 38 
1156  0.00000000  ntvdm.exe  IRP_MJ_READ  Serial0  Length 1
1156  0.00000249  SUCCESS  Length 1: 30 
1161  0.00000000  ntvdm.exe  IRP_MJ_READ  Serial0  Length 1
1161  0.00000244  SUCCESS  Length 1: 33 
1166  0.00000000  ntvdm.exe  IRP_MJ_READ  Serial0  Length 1
1166  0.00000245  SUCCESS  Length 1: 30 
1181  0.00000000  ntvdm.exe  IRP_MJ_READ  Serial0  Length 1
1181  0.00000265  SUCCESS  Length 1: 35 
1186  0.00000000  ntvdm.exe  IRP_MJ_READ  Serial0  Length 1
1186  0.00000235  SUCCESS  Length 1: 31 
1191  0.00000000  ntvdm.exe  IRP_MJ_READ  Serial0  Length 1
1191  0.00000236  SUCCESS  Length 1: 38 
1196  0.00000000  ntvdm.exe  IRP_MJ_READ  Serial0  Length 1
1196  0.00000239  SUCCESS  Length 1: 30 
1201  0.00000000  ntvdm.exe  IRP_MJ_READ  Serial0  Length 1
1201  0.00000239  SUCCESS  Length 1: 30 
1206  0.00000000  ntvdm.exe  IRP_MJ_READ  Serial0  Length 1
1206  0.00000236  SUCCESS  Length 1: 30 
1211  0.00000000  ntvdm.exe  IRP_MJ_READ  Serial0  Length 1
1211  0.00000237  SUCCESS  Length 1: 30 
1216  0.00000000  ntvdm.exe  IRP_MJ_READ  Serial0  Length 1
1216  0.00000242  SUCCESS  Length 1: 30 
1231  0.00000000  ntvdm.exe  IRP_MJ_READ  Serial0  Length 1
1231  0.00000260  SUCCESS  Length 1: 30 
1236  0.00000000  ntvdm.exe  IRP_MJ_READ  Serial0  Length 1
1236  0.00000240  SUCCESS  Length 1: 30 
1241  0.00000000  ntvdm.exe  IRP_MJ_READ  Serial0  Length 1
1241  0.00000236  SUCCESS  Length 1: 30 
1246  0.00000000  ntvdm.exe  IRP_MJ_READ  Serial0  Length 1
1246  0.00000238  SUCCESS  Length 1: 30 
1251  0.00000000  ntvdm.exe  IRP_MJ_READ  Serial0  Length 1
1251  0.00000238  SUCCESS  Length 1: 30 
1256  0.00000000  ntvdm.exe  IRP_MJ_READ  Serial0  Length 1
1256  0.00000242  SUCCESS  Length 1: 30 
1271  0.00000000  ntvdm.exe  IRP_MJ_READ  Serial0  Length 1
1271  0.00000318  SUCCESS  Length 1: 30 
1276  0.00000000  ntvdm.exe  IRP_MJ_READ  Serial0  Length 1
1276  0.00000261  SUCCESS  Length 1: 30 
1281  0.00000000  ntvdm.exe  IRP_MJ_READ  Serial0  Length 1
1281  0.00000250  SUCCESS  Length 1: 30 
1286  0.00000000  ntvdm.exe  IRP_MJ_READ  Serial0  Length 1
1286  0.00000246  SUCCESS  Length 1: 30 
1291  0.00000000  ntvdm.exe  IRP_MJ_READ  Serial0  Length 1
1291  0.00000247  SUCCESS  Length 1: 30 
1296  0.00000000  ntvdm.exe  IRP_MJ_READ  Serial0  Length 1
1296  0.00000248  SUCCESS  Length 1: 30 
1301  0.00000000  ntvdm.exe  IRP_MJ_READ  Serial0  Length 1
1301  0.00000249  SUCCESS  Length 1: 30 
1306  0.00000000  ntvdm.exe  IRP_MJ_READ  Serial0  Length 1
1306  0.00000252  SUCCESS  Length 1: 30 
1321  0.00000000  ntvdm.exe  IRP_MJ_READ  Serial0  Length 1
1321  0.00000259  SUCCESS  Length 1: 30 
1326  0.00000000  ntvdm.exe  IRP_MJ_READ  Serial0  Length 1
1326  0.00000248  SUCCESS  Length 1: 30 
1331  0.00000000  ntvdm.exe  IRP_MJ_READ  Serial0  Length 1
1331  0.00000249  SUCCESS  Length 1: 30 
1336  0.00000000  ntvdm.exe  IRP_MJ_READ  Serial0  Length 1
1336  0.00000247  SUCCESS  Length 1: 30 
1341  0.00000000  ntvdm.exe  IRP_MJ_READ  Serial0  Length 1
1341  0.00000246  SUCCESS  Length 1: 30 
1346  0.00000000  ntvdm.exe  IRP_MJ_READ  Serial0  Length 1
1346  0.00000245  SUCCESS  Length 1: 31 
1351  0.00000000  ntvdm.exe  IRP_MJ_READ  Serial0  Length 1
1351  0.00000246  SUCCESS  Length 1: 30 
1356  0.00000000  ntvdm.exe  IRP_MJ_READ  Serial0  Length 1
1356  0.00000253  SUCCESS  Length 1: 38 
1371  0.00000000  ntvdm.exe  IRP_MJ_READ  Serial0  Length 1
1371  0.00000260  SUCCESS  Length 1: 30 
1376  0.00000000  ntvdm.exe  IRP_MJ_READ  Serial0  Length 1
1376  0.00000249  SUCCESS  Length 1: 30 
1381  0.00000000  ntvdm.exe  IRP_MJ_READ  Serial0  Length 1
1381  0.00000251  SUCCESS  Length 1: 30 
1386  0.00000000  ntvdm.exe  IRP_MJ_READ  Serial0  Length 1
1386  0.00000341  SUCCESS  Length 1: 31 
1391  0.00000000  ntvdm.exe  IRP_MJ_READ  Serial0  Length 1
1391  0.00000271  SUCCESS  Length 1: 46 
1396  0.00000000  ntvdm.exe  IRP_MJ_READ  Serial0  Length 1
1396  0.00000247  SUCCESS  Length 1: 30 
1401  0.00000000  ntvdm.exe  IRP_MJ_READ  Serial0  Length 1
1401  0.00000241  SUCCESS  Length 1: 32 
1406  0.00000000  ntvdm.exe  IRP_MJ_READ  Serial0  Length 1
1406  0.00000262  SUCCESS  Length 1: 32 
1421  0.00000000  ntvdm.exe  IRP_MJ_READ  Serial0  Length 1
1421  0.00000263  SUCCESS  Length 1: 30 
1426  0.00000000  ntvdm.exe  IRP_MJ_READ  Serial0  Length 1
1426  0.00000252  SUCCESS  Length 1: 31 
1431  0.00000000  ntvdm.exe  IRP_MJ_READ  Serial0  Length 1
1431  0.00000248  SUCCESS  Length 1: 30 
1436  0.00000000  ntvdm.exe  IRP_MJ_READ  Serial0  Length 1
1436  0.00000248  SUCCESS  Length 1: 35 
1441  0.00000000  ntvdm.exe  IRP_MJ_READ  Serial0  Length 1
1441  0.00000248  SUCCESS  Length 1: 30 
1446  0.00000000  ntvdm.exe  IRP_MJ_READ  Serial0  Length 1
1446  0.00000248  SUCCESS  Length 1: 38 
1451  0.00000000  ntvdm.exe  IRP_MJ_READ  Serial0  Length 1
1451  0.00000248  SUCCESS  Length 1: 30 
1456  0.00000000  ntvdm.exe  IRP_MJ_READ  Serial0  Length 1
1456  0.00000252  SUCCESS  Length 1: 30 
1471  0.00000000  ntvdm.exe  IRP_MJ_READ  Serial0  Length 1
1471  0.00000255  SUCCESS  Length 1: 32 
1476  0.00000000  ntvdm.exe  IRP_MJ_READ  Serial0  Length 1
1476  0.00000246  SUCCESS  Length 1: 45 
1481  0.00000000  ntvdm.exe  IRP_MJ_READ  Serial0  Length 1
1481  0.00000252  SUCCESS  Length 1: 38 
1486  0.00000000  ntvdm.exe  IRP_MJ_READ  Serial0  Length 1
1486  0.00000258  SUCCESS  Length 1: 30 
1501  0.00000000  ntvdm.exe  IRP_MJ_READ  Serial0  Length 1
1501  0.00000310  SUCCESS  Length 1: 33 
1506  0.00000000  ntvdm.exe  IRP_MJ_READ  Serial0  Length 1
1506  0.00000254  SUCCESS  Length 1: 30 
1511  0.00000000  ntvdm.exe  IRP_MJ_READ  Serial0  Length 1
1511  0.00000245  SUCCESS  Length 1: 36 
1516  0.00000000  ntvdm.exe  IRP_MJ_READ  Serial0  Length 1
1516  0.00000252  SUCCESS  Length 1: 31 
1521  0.00000000  ntvdm.exe  IRP_MJ_READ  Serial0  Length 1
1521  0.00000252  SUCCESS  Length 1: 38 
1526  0.00000000  ntvdm.exe  IRP_MJ_READ  Serial0  Length 1
1526  0.00000238  SUCCESS  Length 1: 30 
1531  0.00000000  ntvdm.exe  IRP_MJ_READ  Serial0  Length 1
1531  0.00000242  SUCCESS  Length 1: 30 
1536  0.00000000  ntvdm.exe  IRP_MJ_READ  Serial0  Length 1
1536  0.00000248  SUCCESS  Length 1: 30 
1551  0.00000000  ntvdm.exe  IRP_MJ_READ  Serial0  Length 1
1551  0.00000262  SUCCESS  Length 1: 30 
1556  0.00000000  ntvdm.exe  IRP_MJ_READ  Serial0  Length 1
1556  0.00000243  SUCCESS  Length 1: 30 
1561  0.00000000  ntvdm.exe  IRP_MJ_READ  Serial0  Length 1
1561  0.00000241  SUCCESS  Length 1: 30 
1566  0.00000000  ntvdm.exe  IRP_MJ_READ  Serial0  Length 1
1566  0.00000242  SUCCESS  Length 1: 30 
1571  0.00000000  ntvdm.exe  IRP_MJ_READ  Serial0  Length 1
1571  0.00000287  SUCCESS  Length 1: 30 
1576  0.00000000  ntvdm.exe  IRP_MJ_READ  Serial0  Length 1
1576  0.00000259  SUCCESS  Length 1: 30 
1581  0.00000000  ntvdm.exe  IRP_MJ_READ  Serial0  Length 1
1581  0.00000248  SUCCESS  Length 1: 30 
1586  0.00000000  ntvdm.exe  IRP_MJ_READ  Serial0  Length 1
1586  0.00000258  SUCCESS  Length 1: 30 
1598  0.00000000  ntvdm.exe  IRP_MJ_READ  Serial0  Length 1
1598  0.00000416  SUCCESS  Length 1: 30 
1603  0.00000000  ntvdm.exe  IRP_MJ_READ  Serial0  Length 1
1603  0.00000323  SUCCESS  Length 1: 30 
1608  0.00000000  ntvdm.exe  IRP_MJ_READ  Serial0  Length 1
1608  0.00000336  SUCCESS  Length 1: 30 
1616  0.00000000  ntvdm.exe  IRP_MJ_READ  Serial0  Length 1
1616  0.00000261  SUCCESS  Length 1: 30 
1621  0.00000000  ntvdm.exe  IRP_MJ_READ  Serial0  Length 1
1621  0.00000246  SUCCESS  Length 1: 30 
1626  0.00000000  ntvdm.exe  IRP_MJ_READ  Serial0  Length 1
1626  0.00000319  SUCCESS  Length 1: 30 
1631  0.00000000  ntvdm.exe  IRP_MJ_READ  Serial0  Length 1
1631  0.00000364  SUCCESS  Length 1: 30 
1636  0.00000000  ntvdm.exe  IRP_MJ_READ  Serial0  Length 1
1636  0.00000370  SUCCESS  Length 1: 30 
1651  0.00000000  ntvdm.exe  IRP_MJ_READ  Serial0  Length 1
1651  0.00000308  SUCCESS  Length 1: 30 
1656  0.00000000  ntvdm.exe  IRP_MJ_READ  Serial0  Length 1
1656  0.00000260  SUCCESS  Length 1: 30 
1661  0.00000000  ntvdm.exe  IRP_MJ_READ  Serial0  Length 1
1661  0.00000247  SUCCESS  Length 1: 30 
1666  0.00000000  ntvdm.exe  IRP_MJ_READ  Serial0  Length 1
1666  0.00000250  SUCCESS  Length 1: 30 
1671  0.00000000  ntvdm.exe  IRP_MJ_READ  Serial0  Length 1
1671  0.00000248  SUCCESS  Length 1: 30 
1676  0.00000000  ntvdm.exe  IRP_MJ_READ  Serial0  Length 1
1676  0.00000249  SUCCESS  Length 1: 31 
1681  0.00000000  ntvdm.exe  IRP_MJ_READ  Serial0  Length 1
1681  0.00000248  SUCCESS  Length 1: 30 
1686  0.00000000  ntvdm.exe  IRP_MJ_READ  Serial0  Length 1
1686  0.00000255  SUCCESS  Length 1: 38 
1701  0.00000000  ntvdm.exe  IRP_MJ_READ  Serial0  Length 1
1701  0.00000321  SUCCESS  Length 1: 30 
1706  0.00000000  ntvdm.exe  IRP_MJ_READ  Serial0  Length 1
1706  0.00000248  SUCCESS  Length 1: 35 
1711  0.00000000  ntvdm.exe  IRP_MJ_READ  Serial0  Length 1
1711  0.00000250  SUCCESS  Length 1: 30 
1716  0.00000000  ntvdm.exe  IRP_MJ_READ  Serial0  Length 1
1716  0.00000249  SUCCESS  Length 1: 31 
1721  0.00000000  ntvdm.exe  IRP_MJ_READ  Serial0  Length 1
1721  0.00000247  SUCCESS  Length 1: 46 
1726  0.00000000  ntvdm.exe  IRP_MJ_READ  Serial0  Length 1
1726  0.00000242  SUCCESS  Length 1: 30 
1731  0.00000000  ntvdm.exe  IRP_MJ_READ  Serial0  Length 1
1731  0.00000253  SUCCESS  Length 1: 30 
1736  0.00000000  ntvdm.exe  IRP_MJ_READ  Serial0  Length 1
1736  0.00000254  SUCCESS  Length 1: 31 
1751  0.00000000  ntvdm.exe  IRP_MJ_READ  Serial0  Length 1
1751  0.00000308  SUCCESS  Length 1: 30 
1756  0.00000000  ntvdm.exe  IRP_MJ_READ  Serial0  Length 1
1756  0.00000256  SUCCESS  Length 1: 32 
1761  0.00000000  ntvdm.exe  IRP_MJ_READ  Serial0  Length 1
1761  0.00000248  SUCCESS  Length 1: 30 
1766  0.00000000  ntvdm.exe  IRP_MJ_READ  Serial0  Length 1
1766  0.00000249  SUCCESS  Length 1: 35 
1771  0.00000000  ntvdm.exe  IRP_MJ_READ  Serial0  Length 1
1771  0.00000249  SUCCESS  Length 1: 30 
1776  0.00000000  ntvdm.exe  IRP_MJ_READ  Serial0  Length 1
1776  0.00000255  SUCCESS  Length 1: 38 
1791  0.00000000  ntvdm.exe  IRP_MJ_READ  Serial0  Length 1
1791  0.00000263  SUCCESS  Length 1: 30 
1796  0.00000000  ntvdm.exe  IRP_MJ_READ  Serial0  Length 1
1796  0.00000247  SUCCESS  Length 1: 30 
1801  0.00000000  ntvdm.exe  IRP_MJ_READ  Serial0  Length 1
1801  0.00000382  SUCCESS  Length 1: 32 
1806  0.00000000  ntvdm.exe  IRP_MJ_READ  Serial0  Length 1
1806  0.00000358  SUCCESS  Length 1: 45 
1811  0.00000000  ntvdm.exe  IRP_MJ_READ  Serial0  Length 1
1811  0.00000242  SUCCESS  Length 1: 38 
1816  0.00000000  ntvdm.exe  IRP_MJ_READ  Serial0  Length 1
1816  0.00000249  SUCCESS  Length 1: 30 
1821  0.00000000  ntvdm.exe  IRP_MJ_READ  Serial0  Length 1
1821  0.00000250  SUCCESS  Length 1: 33 
1826  0.00000000  ntvdm.exe  IRP_MJ_READ  Serial0  Length 1
1826  0.00000253  SUCCESS  Length 1: 30 
1841  0.00000000  ntvdm.exe  IRP_MJ_READ  Serial0  Length 1
1841  0.00000271  SUCCESS  Length 1: 37 
1846  0.00000000  ntvdm.exe  IRP_MJ_READ  Serial0  Length 1
1846  0.00000248  SUCCESS  Length 1: 31 
1851  0.00000000  ntvdm.exe  IRP_MJ_READ  Serial0  Length 1
1851  0.00000247  SUCCESS  Length 1: 38 
1856  0.00000000  ntvdm.exe  IRP_MJ_READ  Serial0  Length 1
1856  0.00000247  SUCCESS  Length 1: 30 
1861  0.00000000  ntvdm.exe  IRP_MJ_READ  Serial0  Length 1
1861  0.00000244  SUCCESS  Length 1: 30 
1866  0.00000000  ntvdm.exe  IRP_MJ_READ  Serial0  Length 1
1866  0.00000247  SUCCESS  Length 1: 30 
1871  0.00000000  ntvdm.exe  IRP_MJ_READ  Serial0  Length 1
1871  0.00000246  SUCCESS  Length 1: 30 
1876  0.00000000  ntvdm.exe  IRP_MJ_READ  Serial0  Length 1
1876  0.00000314  SUCCESS  Length 1: 30 
1891  0.00000000  ntvdm.exe  IRP_MJ_READ  Serial0  Length 1
1891  0.00000318  SUCCESS  Length 1: 30 
1896  0.00000000  ntvdm.exe  IRP_MJ_READ  Serial0  Length 1
1896  0.00000249  SUCCESS  Length 1: 30 
1901  0.00000000  ntvdm.exe  IRP_MJ_READ  Serial0  Length 1
1901  0.00000246  SUCCESS  Length 1: 30 
1906  0.00000000  ntvdm.exe  IRP_MJ_READ  Serial0  Length 1
1906  0.00000242  SUCCESS  Length 1: 30 
1911  0.00000000  ntvdm.exe  IRP_MJ_READ  Serial0  Length 1
1911  0.00000246  SUCCESS  Length 1: 30 
1916  0.00000000  ntvdm.exe  IRP_MJ_READ  Serial0  Length 1
1916  0.00000245  SUCCESS  Length 1: 30 
1921  0.00000000  ntvdm.exe  IRP_MJ_READ  Serial0  Length 1
1921  0.00000246  SUCCESS  Length 1: 30 
1926  0.00000000  ntvdm.exe  IRP_MJ_READ  Serial0  Length 1
1926  0.00000252  SUCCESS  Length 1: 30 
1941  0.00000000  ntvdm.exe  IRP_MJ_READ  Serial0  Length 1
1941  0.00000262  SUCCESS  Length 1: 30 
1946  0.00000000  ntvdm.exe  IRP_MJ_READ  Serial0  Length 1
1946  0.00000247  SUCCESS  Length 1: 30 
1951  0.00000000  ntvdm.exe  IRP_MJ_READ  Serial0  Length 1
1951  0.00000247  SUCCESS  Length 1: 30 
1956  0.00000000  ntvdm.exe  IRP_MJ_READ  Serial0  Length 1
1956  0.00000247  SUCCESS  Length 1: 30 
1961  0.00000000  ntvdm.exe  IRP_MJ_READ  Serial0  Length 1
1961  0.00000245  SUCCESS  Length 1: 30 
1966  0.00000000  ntvdm.exe  IRP_MJ_READ  Serial0  Length 1
1966  0.00000242  SUCCESS  Length 1: 30 
1971  0.00000000  ntvdm.exe  IRP_MJ_READ  Serial0  Length 1
1971  0.00000243  SUCCESS  Length 1: 30 
1976  0.00000000  ntvdm.exe  IRP_MJ_READ  Serial0  Length 1
1976  0.00000253  SUCCESS  Length 1: 30 
1987  0.00000000  ntvdm.exe  IRP_MJ_READ  Serial0  Length 1
1987  0.00000416  SUCCESS  Length 1: 30 
1992  0.00000000  ntvdm.exe  IRP_MJ_READ  Serial0  Length 1
1992  0.00000332  SUCCESS  Length 1: 30 
2000  0.00000000  ntvdm.exe  IRP_MJ_READ  Serial0  Length 1
2000  0.00000376  SUCCESS  Length 1: 30 
2006  0.00000000  ntvdm.exe  IRP_MJ_READ  Serial0  Length 1
2006  0.00000271  SUCCESS  Length 1: 31 
2011  0.00000000  ntvdm.exe  IRP_MJ_READ  Serial0  Length 1
2011  0.00000259  SUCCESS  Length 1: 43 
2016  0.00000000  ntvdm.exe  IRP_MJ_READ  Serial0  Length 1
2016  0.00000249  SUCCESS  Length 1: 38 
2021  0.00000000  ntvdm.exe  IRP_MJ_READ  Serial0  Length 1
2021  0.00000250  SUCCESS  Length 1: 30 
2026  0.00000000  ntvdm.exe  IRP_MJ_READ  Serial0  Length 1
2026  0.00000254  SUCCESS  Length 1: 30 
2041  0.00000000  ntvdm.exe  IRP_MJ_READ  Serial0  Length 1
2041  0.00000298  SUCCESS  Length 1: 30 
2046  0.00000000  ntvdm.exe  IRP_MJ_READ  Serial0  Length 1
2046  0.00000249  SUCCESS  Length 1: 31 
2051  0.00000000  ntvdm.exe  IRP_MJ_READ  Serial0  Length 1
2051  0.00000254  SUCCESS  Length 1: 46 
2056  0.00000000  ntvdm.exe  IRP_MJ_READ  Serial0  Length 1
2056  0.00000251  SUCCESS  Length 1: 30 
2061  0.00000000  ntvdm.exe  IRP_MJ_READ  Serial0  Length 1
2061  0.00000256  SUCCESS  Length 1: 30 
2076  0.00000000  ntvdm.exe  IRP_MJ_READ  Serial0  Length 1
2076  0.00000271  SUCCESS  Length 1: 31 
2081  0.00000000  ntvdm.exe  IRP_MJ_READ  Serial0  Length 1
2081  0.00000248  SUCCESS  Length 1: 30 
2086  0.00000000  ntvdm.exe  IRP_MJ_READ  Serial0  Length 1
2086  0.00000249  SUCCESS  Length 1: 32 
2091  0.00000000  ntvdm.exe  IRP_MJ_READ  Serial0  Length 1
2091  0.00000253  SUCCESS  Length 1: 30 
2096  0.00000000  ntvdm.exe  IRP_MJ_READ  Serial0  Length 1
2096  0.00000247  SUCCESS  Length 1: 35 
2101  0.00000000  ntvdm.exe  IRP_MJ_READ  Serial0  Length 1
2101  0.00000250  SUCCESS  Length 1: 30 
2106  0.00000000  ntvdm.exe  IRP_MJ_READ  Serial0  Length 1
2106  0.00000254  SUCCESS  Length 1: 38 
2111  0.00000000  ntvdm.exe  IRP_MJ_READ  Serial0  Length 1
2111  0.00000255  SUCCESS  Length 1: 30 
2126  0.00000000  ntvdm.exe  IRP_MJ_READ  Serial0  Length 1
2126  0.00000302  SUCCESS  Length 1: 30 
2131  0.00000000  ntvdm.exe  IRP_MJ_READ  Serial0  Length 1
2131  0.00000250  SUCCESS  Length 1: 32 
2136  0.00000000  ntvdm.exe  IRP_MJ_READ  Serial0  Length 1
2136  0.00000247  SUCCESS  Length 1: 45 
2141  0.00000000  ntvdm.exe  IRP_MJ_READ  Serial0  Length 1
2141  0.00000249  SUCCESS  Length 1: 38 
2146  0.00000000  ntvdm.exe  IRP_MJ_READ  Serial0  Length 1
2146  0.00000248  SUCCESS  Length 1: 30 
2151  0.00000000  ntvdm.exe  IRP_MJ_READ  Serial0  Length 1
2151  0.00000248  SUCCESS  Length 1: 33 
2156  0.00000000  ntvdm.exe  IRP_MJ_READ  Serial0  Length 1
2156  0.00000246  SUCCESS  Length 1: 30 
2161  0.00000000  ntvdm.exe  IRP_MJ_READ  Serial0  Length 1
2161  0.00000255  SUCCESS  Length 1: 43 
2172  0.00000000  ntvdm.exe  IRP_MJ_READ  Serial0  Length 1
2172  0.00000341  SUCCESS  Length 1: 30 
2177  0.00000000  ntvdm.exe  IRP_MJ_READ  Serial0  Length 1
2177  0.00000360  SUCCESS  Length 1: 32 
2182  0.00000000  ntvdm.exe  IRP_MJ_READ  Serial0  Length 1
2182  0.00000406  SUCCESS  Length 1: 30 
2187  0.00000000  ntvdm.exe  IRP_MJ_READ  Serial0  Length 1
2187  0.00000385  SUCCESS  Length 1: 38 
2192  0.00000000  ntvdm.exe  IRP_MJ_READ  Serial0  Length 1
2192  0.00000341  SUCCESS  Length 1: 30 
2197  0.00000000  ntvdm.exe  IRP_MJ_READ  Serial0  Length 1
2197  0.00000331  SUCCESS  Length 1: 30 
2202  0.00000000  ntvdm.exe  IRP_MJ_READ  Serial0  Length 1
2202  0.00000314  SUCCESS  Length 1: 38 
2210  0.00000000  ntvdm.exe  IRP_MJ_READ  Serial0  Length 1
2210  0.00000377  SUCCESS  Length 1: 30 
2226  0.00000000  ntvdm.exe  IRP_MJ_READ  Serial0  Length 1
2226  0.00000283  SUCCESS  Length 1: 31 
2231  0.00000000  ntvdm.exe  IRP_MJ_READ  Serial0  Length 1
2231  0.00000245  SUCCESS  Length 1: 30 
2236  0.00000000  ntvdm.exe  IRP_MJ_READ  Serial0  Length 1
2236  0.00000240  SUCCESS  Length 1: 44 
2241  0.00000000  ntvdm.exe  IRP_MJ_READ  Serial0  Length 1
2241  0.00000241  SUCCESS  Length 1: 30 
2246  0.00000000  ntvdm.exe  IRP_MJ_READ  Serial0  Length 1
2246  0.00000241  SUCCESS  Length 1: 30 
2251  0.00000000  ntvdm.exe  IRP_MJ_READ  Serial0  Length 1
2251  0.00000310  SUCCESS  Length 1: 37 
2256  0.00000000  ntvdm.exe  IRP_MJ_READ  Serial0  Length 1
2256  0.00000405  SUCCESS  Length 1: 46 
2261  0.00000000  ntvdm.exe  IRP_MJ_READ  Serial0  Length 1
2261  0.00000260  SUCCESS  Length 1: 44 
2272  0.00000000  ntvdm.exe  IRP_MJ_READ  Serial0  Length 1
2272  0.00000342  SUCCESS  Length 1: 38 
2277  0.00000000  ntvdm.exe  IRP_MJ_READ  Serial0  Length 1
2277  0.00000466  SUCCESS  Length 1: 36 
2282  0.00000000  ntvdm.exe  IRP_MJ_READ  Serial0  Length 1
2282  0.00000295  SUCCESS  Length 1: 30 
2290  0.00000000  ntvdm.exe  IRP_MJ_READ  Serial0  Length 1
2290  0.00000338  SUCCESS  Length 1: 30 
2295  0.00000000  ntvdm.exe  IRP_MJ_READ  Serial0  Length 1
2295  0.00000299  SUCCESS  Length 1: 30 
2300  0.00000000  ntvdm.exe  IRP_MJ_READ  Serial0  Length 1
2300  0.00000305  SUCCESS  Length 1: 30 
2306  0.00000000  ntvdm.exe  IRP_MJ_READ  Serial0  Length 1
2306  0.00000260  SUCCESS  Length 1: 30 
2311  0.00000000  ntvdm.exe  IRP_MJ_READ  Serial0  Length 1
2311  0.00000254  SUCCESS  Length 1: 30 
2325  0.00000000  ntvdm.exe  IRP_MJ_READ  Serial0  Length 1
2325  0.00000344  SUCCESS  Length 1: 30 
2330  0.00000000  ntvdm.exe  IRP_MJ_READ  Serial0  Length 1
2330  0.00000337  SUCCESS  Length 1: 30 
2335  0.00000000  ntvdm.exe  IRP_MJ_READ  Serial0  Length 1
2335  0.00000304  SUCCESS  Length 1: 34 
2341  0.00000000  ntvdm.exe  IRP_MJ_READ  Serial0  Length 1
2341  0.00000309  SUCCESS  Length 1: 30 
2346  0.00000000  ntvdm.exe  IRP_MJ_READ  Serial0  Length 1
2346  0.00000255  SUCCESS  Length 1: 31 
2361  0.00000000  ntvdm.exe  IRP_MJ_READ  Serial0  Length 1
2361  0.00000297  SUCCESS  Length 1: 46 
2366  0.00000000  ntvdm.exe  IRP_MJ_READ  Serial0  Length 1
2366  0.00000249  SUCCESS  Length 1: 46 
2371  0.00000000  ntvdm.exe  IRP_MJ_READ  Serial0  Length 1
2371  0.00000244  SUCCESS  Length 1: 37 
2376  0.00000000  ntvdm.exe  IRP_MJ_READ  Serial0  Length 1
2376  0.00000236  SUCCESS  Length 1: 30 
2381  0.00000000  ntvdm.exe  IRP_MJ_READ  Serial0  Length 1
2381  0.00000249  SUCCESS  Length 1: 32 
2386  0.00000000  ntvdm.exe  IRP_MJ_READ  Serial0  Length 1
2386  0.00000249  SUCCESS  Length 1: 34 
2391  0.00000000  ntvdm.exe  IRP_MJ_READ  Serial0  Length 1
2391  0.00000248  SUCCESS  Length 1: 30 
2396  0.00000000  ntvdm.exe  IRP_MJ_READ  Serial0  Length 1
2396  0.00000254  SUCCESS  Length 1: 31 
2411  0.00000000  ntvdm.exe  IRP_MJ_READ  Serial0  Length 1
2411  0.00000292  SUCCESS  Length 1: 46 
2416  0.00000000  ntvdm.exe  IRP_MJ_READ  Serial0  Length 1
2416  0.00000260  SUCCESS  Length 1: 46 
2421  0.00000000  ntvdm.exe  IRP_MJ_READ  Serial0  Length 1
2421  0.00000251  SUCCESS  Length 1: 42 
2426  0.00000000  ntvdm.exe  IRP_MJ_READ  Serial0  Length 1
2426  0.00000247  SUCCESS  Length 1: 30 
2431  0.00000000  ntvdm.exe  IRP_MJ_READ  Serial0  Length 1
2431  0.00000250  SUCCESS  Length 1: 31 
2436  0.00000000  ntvdm.exe  IRP_MJ_READ  Serial0  Length 1
2436  0.00000254  SUCCESS  Length 1: 0D 
2455  0.00000000  ntvdm.exe  IRP_MJ_WRITE  Serial0  Length 385: 50 53 31 2C 31 30 45 33 30 30 30 43 30 34 38 39 30 31 30 30 33 30 32 32 30 31 30 30 31 46 43 46 42 45 30 37 30 38 32 44 30 30 30 30 46 45 46 46 30 30 30 30 30 31 30 30 30 30 30 32 30 30 30 32 36 35 30 30 30 30 30 30 38 30 38 30 38 30 38 30 38 30 38 30 31 42 30 32 38 30 38 31 43 39 30 46 41 41 30 31 30 32 30 44 30 38 30 39 30 31 30 30 30 30 36 35 36 36 36 38 30 33 34 32 37 32 30 30 30 30 30 30 30 34 31 38 30 30 30 30 30 30 30 30 30 30 30 30 30 30 30 30 30 30 30 30 30 30 30 30 31 30 38 30 30 32 31 46 30 32 35 30 32 30 31 30 38 30 30 32 45 38 30 33 30 35 31 38 30 30 30 30 30 30 30 30 30 30 30 30 30 30 30 30 30 30 30 30 30 30 30 30 31 30 38 30 30 30 31 46 30 32 32 30 31 30 35 30 38 30 30 32 45 38 30 33 30 36 31 38 30 30 30 30 30 30 30 30 30 30 30 30 30 30 30 30 30 30 30 30 30 30 30 30 31 30 38 30 35 30 31 46 30 30 31 30 32 30 35 30 38 30 30 32 45 38 30 33 30 37 31 38 30 30 30 30 30 30 30 30 30 30 30 30 30 30 30 30 30 30 30 30 30 30 30 30 31 43 38 30 30 30 31 46 30 30 31 30 32 30 35 30 38 30 30 32 45 38 30 33 30 43 30 32 30 38 30 30 38 30 31 30 44 30 30 37 46 44 38 36 30 30 30 30 30 30 30 30 34 30 31 46 46 37 30 32 34 30 31 46 46 42 30 31 0D 
2455  0.19613512  SUCCESS  
2466  0.00000000  ntvdm.exe  IRP_MJ_READ  Serial0  Length 2
2466  0.00000434  SUCCESS  Length 2: 30 0D 
