[\\DESKTOPPC]

4  0.00000000  ntvdm.exe  IRP_MJ_WRITE  Serial0  Length 6: QG129.

19  0.00000000  ntvdm.exe  IRP_MJ_READ  Serial0  Length 2
19  0.00000333  SUCCESS  Length 2: 0.

26  0.00000000  ntvdm.exe  IRP_MJ_READ  Serial0  Length 1
26  0.00000264  SUCCESS  Length 1: 7
31  0.00000000  ntvdm.exe  IRP_MJ_READ  Serial0  Length 1
31  0.00000253  SUCCESS  Length 1: 4
36  0.00000000  ntvdm.exe  IRP_MJ_READ  Serial0  Length 1
36  0.00000251  SUCCESS  Length 1: 5
41  0.00000000  ntvdm.exe  IRP_MJ_READ  Serial0  Length 1
41  0.00000534  SUCCESS  Length 1: 3
46  0.00000000  ntvdm.exe  IRP_MJ_READ  Serial0  Length 1
46  0.00000309  SUCCESS  Length 1: ,

160434  0.00000143  SUCCESS  
160435  0.00000000  ntvdm.exe  IOCTL_SERIAL_PURGE  Serial0  Purge: TXABORT TXCLEAR 
160435  0.00000227  SUCCESS  
160436  0.00000000  ntvdm.exe  IOCTL_SERIAL_GET_COMMSTATUS  Serial0  
160436  0.00000108  SUCCESS  
160437  0.00000000  ntvdm.exe  IRP_MJ_WRITE  Serial0  Length 21: 
50 43 31 32 30 30 2C 4E 2C 38 2C 31 2C 58 4F 4E 58 4F 46 46 0D 

80 67 49 50 48 48 44 78
P  C  1  2  0  0  ,  N  , 8 , 1 , XONXOFF <0x0D>

160438  0.00000000  ntvdm.exe  IOCTL_SERIAL_GET_COMMSTATUS  Serial0  
160438  0.00000884  SUCCESS  
160437  0.00689490  SUCCESS  
160439  0.00000000  ntvdm.exe  IOCTL_SERIAL_GET_MODEMSTATUS  Serial0  
160439  0.00000405  SUCCESS  
160440  0.00000000  ntvdm.exe  IOCTL_SERIAL_GET_COMMSTATUS  Serial0  
160440  0.00000180  SUCCESS  
160441  0.00000000  ntvdm.exe  IOCTL_SERIAL_WAIT_ON_MASK  Serial0  
160442  0.00000000  ntvdm.exe  IOCTL_SERIAL_GET_COMMSTATUS  Serial0  
160442  0.00000172  SUCCESS  
160443  0.00000000  ntvdm.exe  IOCTL_SERIAL_GET_COMMSTATUS  Serial0  
160443  0.00000120  SUCCESS  
160444  0.00000000  ntvdm.exe  IOCTL_SERIAL_PURGE  Serial0  Purge: TXABORT TXCLEAR 
160444  0.00000636  SUCCESS  
160445  0.00000000  ntvdm.exe  IOCTL_SERIAL_PURGE  Serial0  Purge: RXCLEAR
160445  0.00000320  SUCCESS  
160446  0.00000000  ntvdm.exe  IOCTL_SERIAL_CLR_DTR  Serial0  
160446  0.00000452  SUCCESS  
160441  3.98314163  SUCCESS  
160447  0.00000000  ntvdm.exe  IOCTL_SERIAL_GET_MODEMSTATUS  Serial0  
160447  0.00000330  SUCCESS  
160448  0.00000000  ntvdm.exe  IOCTL_SERIAL_GET_COMMSTATUS  Serial0  
160448  0.00000203  SUCCESS  
160449  0.00000000  ntvdm.exe  IOCTL_SERIAL_PURGE  Serial0  Purge: TXCLEAR 
160449  0.00000172  SUCCESS  
160450  0.00000000  ntvdm.exe  IOCTL_SERIAL_PURGE  Serial0  Purge: RXCLEAR
160450  0.00000265  SUCCESS  
160451  0.00000000  ntvdm.exe  IOCTL_SERIAL_SET_WAIT_MASK  Serial0  Mask: 
160451  0.00000205  SUCCESS  
160452  0.00000000  ntvdm.exe  IRP_MJ_CLEANUP  Serial0  
160452  0.00000500  SUCCESS  
160453  0.00000000  ntvdm.exe  IRP_MJ_CLOSE  Serial0  
160453  0.00573351  SUCCESS  
