[\\DESKTOPPC]
0  0.00000000  ntvdm.exe  IOCTL_SERIAL_GET_COMMSTATUS  Serial0  
0  0.00000452  SUCCESS  
1  0.00000000  ntvdm.exe  IOCTL_SERIAL_GET_COMMSTATUS  Serial0  
1  0.00000132  SUCCESS  
2  0.00000000  ntvdm.exe  IOCTL_SERIAL_PURGE  Serial0  Purge: TXABORT TXCLEAR 
2  0.00000220  SUCCESS  
3  0.00000000  ntvdm.exe  IOCTL_SERIAL_GET_COMMSTATUS  Serial0  
3  0.00000110  SUCCESS  
4  0.00000000  ntvdm.exe  IRP_MJ_WRITE  Serial0  Length 6: QG129.
5  0.00000000  ntvdm.exe  IOCTL_SERIAL_GET_COMMSTATUS  Serial0  
4  0.00003033  SUCCESS  
5  0.00000149  SUCCESS  
6  0.00000000  ntvdm.exe  IOCTL_SERIAL_GET_MODEMSTATUS  Serial0  
6  0.00000321  SUCCESS  
7  0.00000000  ntvdm.exe  IOCTL_SERIAL_GET_COMMSTATUS  Serial0  
7  0.00000147  SUCCESS  
8  0.00000000  ntvdm.exe  IOCTL_SERIAL_WAIT_ON_MASK  Serial0  
9  0.00000000  ntvdm.exe  IOCTL_SERIAL_GET_COMMSTATUS  Serial0  
9  0.00000337  SUCCESS  
10  0.00000000  ntvdm.exe  IOCTL_SERIAL_GET_COMMSTATUS  Serial0  
10  0.00000126  SUCCESS  
11  0.00000000  ntvdm.exe  IOCTL_SERIAL_GET_MODEMSTATUS  Serial0  
11  0.00000494  SUCCESS  
12  0.00000000  ntvdm.exe  IOCTL_SERIAL_GET_COMMSTATUS  Serial0  
12  0.00000181  SUCCESS  
13  0.00000000  ntvdm.exe  IOCTL_SERIAL_WAIT_ON_MASK  Serial0  
13  0.00000472  SUCCESS  
14  0.00000000  ntvdm.exe  IOCTL_SERIAL_GET_MODEMSTATUS  Serial0  
14  0.00000294  SUCCESS  
15  0.00000000  ntvdm.exe  IOCTL_SERIAL_GET_COMMSTATUS  Serial0  
15  0.00000168  SUCCESS  
16  0.00000000  ntvdm.exe  IOCTL_SERIAL_WAIT_ON_MASK  Serial0  
17  0.00000000  ntvdm.exe  IOCTL_SERIAL_GET_COMMSTATUS  Serial0  
17  0.00000166  SUCCESS  
18  0.00000000  ntvdm.exe  IOCTL_SERIAL_GET_COMMSTATUS  Serial0  
18  0.00000127  SUCCESS  
19  0.00000000  ntvdm.exe  IRP_MJ_READ  Serial0  Length 2
19  0.00000333  SUCCESS  Length 2: 0.
20  0.00000000  ntvdm.exe  IOCTL_SERIAL_GET_COMMSTATUS  Serial0  
20  0.00000117  SUCCESS  
21  0.00000000  ntvdm.exe  IOCTL_SERIAL_GET_COMMSTATUS  Serial0  
21  0.00000111  SUCCESS  
22  0.00000000  ntvdm.exe  IOCTL_SERIAL_GET_COMMSTATUS  Serial0  
22  0.00000144  SUCCESS  
23  0.00000000  ntvdm.exe  IOCTL_SERIAL_GET_COMMSTATUS  Serial0  
23  0.00000113  SUCCESS  
24  0.00000000  ntvdm.exe  IOCTL_SERIAL_GET_COMMSTATUS  Serial0  
24  0.00000109  SUCCESS  
25  0.00000000  ntvdm.exe  IOCTL_SERIAL_GET_COMMSTATUS  Serial0  
25  0.00000111  SUCCESS  
26  0.00000000  ntvdm.exe  IRP_MJ_READ  Serial0  Length 1
26  0.00000264  SUCCESS  Length 1: 7
27  0.00000000  ntvdm.exe  IOCTL_SERIAL_GET_COMMSTATUS  Serial0  
27  0.00000120  SUCCESS  
28  0.00000000  ntvdm.exe  IOCTL_SERIAL_GET_COMMSTATUS  Serial0  
28  0.00000111  SUCCESS  
29  0.00000000  ntvdm.exe  IOCTL_SERIAL_GET_COMMSTATUS  Serial0  
29  0.00000112  SUCCESS  
30  0.00000000  ntvdm.exe  IOCTL_SERIAL_GET_COMMSTATUS  Serial0  
30  0.00000110  SUCCESS  
31  0.00000000  ntvdm.exe  IRP_MJ_READ  Serial0  Length 1
31  0.00000253  SUCCESS  Length 1: 4
32  0.00000000  ntvdm.exe  IOCTL_SERIAL_GET_COMMSTATUS  Serial0  
32  0.00000116  SUCCESS  
33  0.00000000  ntvdm.exe  IOCTL_SERIAL_GET_COMMSTATUS  Serial0  
33  0.00000109  SUCCESS  
34  0.00000000  ntvdm.exe  IOCTL_SERIAL_GET_COMMSTATUS  Serial0  
34  0.00000110  SUCCESS  
35  0.00000000  ntvdm.exe  IOCTL_SERIAL_GET_COMMSTATUS  Serial0  
35  0.00000109  SUCCESS  
36  0.00000000  ntvdm.exe  IRP_MJ_READ  Serial0  Length 1
36  0.00000251  SUCCESS  Length 1: 5
37  0.00000000  ntvdm.exe  IOCTL_SERIAL_GET_COMMSTATUS  Serial0  
37  0.00000115  SUCCESS  
38  0.00000000  ntvdm.exe  IOCTL_SERIAL_GET_COMMSTATUS  Serial0  
38  0.00000109  SUCCESS  
39  0.00000000  ntvdm.exe  IOCTL_SERIAL_GET_COMMSTATUS  Serial0  
39  0.00000108  SUCCESS  
40  0.00000000  ntvdm.exe  IOCTL_SERIAL_GET_COMMSTATUS  Serial0  
40  0.00000154  SUCCESS  
41  0.00000000  ntvdm.exe  IRP_MJ_READ  Serial0  Length 1
41  0.00000534  SUCCESS  Length 1: 3
42  0.00000000  ntvdm.exe  IOCTL_SERIAL_GET_COMMSTATUS  Serial0  
42  0.00000201  SUCCESS  
43  0.00000000  ntvdm.exe  IOCTL_SERIAL_GET_COMMSTATUS  Serial0  
43  0.00000154  SUCCESS  
44  0.00000000  ntvdm.exe  IOCTL_SERIAL_GET_COMMSTATUS  Serial0  
44  0.00000161  SUCCESS  
45  0.00000000  ntvdm.exe  IOCTL_SERIAL_GET_COMMSTATUS  Serial0  
45  0.00000151  SUCCESS  
46  0.00000000  ntvdm.exe  IRP_MJ_READ  Serial0  Length 1
46  0.00000309  SUCCESS  Length 1: ,
47  0.00000000  ntvdm.exe  IOCTL_SERIAL_GET_COMMSTATUS  Serial0  
47  0.00000162  SUCCESS  
48  0.00000000  ntvdm.exe  IOCTL_SERIAL_GET_COMMSTATUS  Serial0  
48  0.00000149  SUCCESS  
49  0.00000000  ntvdm.exe  IOCTL_SERIAL_GET_COMMSTATUS  Serial0  
49  0.00000150  SUCCESS  
50  0.00000000  ntvdm.exe  IOCTL_SERIAL_GET_COMMSTATUS  Serial0  
50  0.00000174  SUCCESS  
51  0.00000000  ntvdm.exe  IOCTL_SERIAL_GET_COMMSTATUS  Serial0  
51  0.00000140  SUCCESS  
52  0.00000000  ntvdm.exe  IOCTL_SERIAL_GET_COMMSTATUS  Serial0  
52  0.00000139  SUCCESS  
53  0.00000000  ntvdm.exe  IOCTL_SERIAL_GET_COMMSTATUS  Serial0  
... wait

... nothing
