0	0.00005336	ntvdm.exe	IRP_MJ_CREATE	Serial1	SUCCESS	Options: Open 	
40	0.00002011	ntvdm.exe	IRP_MJ_WRITE	Serial1	SUCCESS	Length 1: 0D 	
63	0.00001956	ntvdm.exe	IRP_MJ_WRITE	Serial1	SUCCESS	Length 1: 0D 	
74	0.00000335	ntvdm.exe	IRP_MJ_READ	Serial1	SUCCESS	Length 2: 30 0D 	
85	0.00002123	ntvdm.exe	IRP_MJ_WRITE	Serial1	SUCCESS	Length 3: 49 44 0D 	
97	0.00000391	ntvdm.exe	IRP_MJ_READ	Serial1	SUCCESS	Length 2: 30 0D 	
108	0.00000223	ntvdm.exe	IRP_MJ_READ	Serial1	SUCCESS	Length 1: 53 	
113	0.00000223	ntvdm.exe	IRP_MJ_READ	Serial1	SUCCESS	Length 1: 63 	
119	0.00000223	ntvdm.exe	IRP_MJ_READ	Serial1	SUCCESS	Length 1: 6F 	
124	0.00000223	ntvdm.exe	IRP_MJ_READ	Serial1	SUCCESS	Length 1: 70 	
129	0.00000223	ntvdm.exe	IRP_MJ_READ	Serial1	SUCCESS	Length 1: 65 	
134	0.00000223	ntvdm.exe	IRP_MJ_READ	Serial1	SUCCESS	Length 1: 4D 	
139	0.00000223	ntvdm.exe	IRP_MJ_READ	Serial1	SUCCESS	Length 1: 65 	
144	0.00000196	ntvdm.exe	IRP_MJ_READ	Serial1	SUCCESS	Length 1: 74 	
149	0.00000223	ntvdm.exe	IRP_MJ_READ	Serial1	SUCCESS	Length 1: 65 	
154	0.00000223	ntvdm.exe	IRP_MJ_READ	Serial1	SUCCESS	Length 1: 72 	
159	0.00000196	ntvdm.exe	IRP_MJ_READ	Serial1	SUCCESS	Length 1: 20 	
164	0.00000196	ntvdm.exe	IRP_MJ_READ	Serial1	SUCCESS	Length 1: 6D 	
175	0.00000363	ntvdm.exe	IRP_MJ_READ	Serial1	SUCCESS	Length 1: 6F 	
180	0.00000196	ntvdm.exe	IRP_MJ_READ	Serial1	SUCCESS	Length 1: 64 	
185	0.00000223	ntvdm.exe	IRP_MJ_READ	Serial1	SUCCESS	Length 1: 65 	
193	0.00000223	ntvdm.exe	IRP_MJ_READ	Serial1	SUCCESS	Length 1: 6C 	
198	0.00000251	ntvdm.exe	IRP_MJ_READ	Serial1	SUCCESS	Length 1: 20 	
203	0.00000196	ntvdm.exe	IRP_MJ_READ	Serial1	SUCCESS	Length 1: 39 	
208	0.00000223	ntvdm.exe	IRP_MJ_READ	Serial1	SUCCESS	Length 1: 37 	
213	0.00000196	ntvdm.exe	IRP_MJ_READ	Serial1	SUCCESS	Length 1: 20 	
218	0.00000196	ntvdm.exe	IRP_MJ_READ	Serial1	SUCCESS	Length 1: 3B 	
223	0.00000196	ntvdm.exe	IRP_MJ_READ	Serial1	SUCCESS	Length 1: 20 	
228	0.00000196	ntvdm.exe	IRP_MJ_READ	Serial1	SUCCESS	Length 1: 20 	
233	0.00000196	ntvdm.exe	IRP_MJ_READ	Serial1	SUCCESS	Length 1: 20 	
239	0.00000223	ntvdm.exe	IRP_MJ_READ	Serial1	SUCCESS	Length 1: 56 	
244	0.00000196	ntvdm.exe	IRP_MJ_READ	Serial1	SUCCESS	Length 1: 34 	
255	0.00000335	ntvdm.exe	IRP_MJ_READ	Serial1	SUCCESS	Length 1: 2E 	
260	0.00000223	ntvdm.exe	IRP_MJ_READ	Serial1	SUCCESS	Length 1: 30 	
265	0.00000196	ntvdm.exe	IRP_MJ_READ	Serial1	SUCCESS	Length 1: 35 	
273	0.00000223	ntvdm.exe	IRP_MJ_READ	Serial1	SUCCESS	Length 1: 20 	
278	0.00000196	ntvdm.exe	IRP_MJ_READ	Serial1	SUCCESS	Length 1: 3B 	
283	0.00000223	ntvdm.exe	IRP_MJ_READ	Serial1	SUCCESS	Length 1: 20 	
288	0.00000196	ntvdm.exe	IRP_MJ_READ	Serial1	SUCCESS	Length 1: 39 	
293	0.00000223	ntvdm.exe	IRP_MJ_READ	Serial1	SUCCESS	Length 1: 33 	
298	0.00000196	ntvdm.exe	IRP_MJ_READ	Serial1	SUCCESS	Length 1: 2D 	
303	0.00000223	ntvdm.exe	IRP_MJ_READ	Serial1	SUCCESS	Length 1: 30 	
308	0.00000196	ntvdm.exe	IRP_MJ_READ	Serial1	SUCCESS	Length 1: 35 	
313	0.00000196	ntvdm.exe	IRP_MJ_READ	Serial1	SUCCESS	Length 1: 2D 	
319	0.00000223	ntvdm.exe	IRP_MJ_READ	Serial1	SUCCESS	Length 1: 32 	
324	0.00000223	ntvdm.exe	IRP_MJ_READ	Serial1	SUCCESS	Length 1: 34 	
335	0.00000279	ntvdm.exe	IRP_MJ_READ	Serial1	SUCCESS	Length 1: 0D 	
345	0.12582996	ntvdm.exe	IRP_MJ_WRITE	Serial1	SUCCESS	Length 22: 50 43 20 39 36 30 30 2C 4E 2C 38 2C 31 2C 58 4F 4E 58 4F 46 46 0D 	
356	0.00000391	ntvdm.exe	IRP_MJ_READ	Serial1	SUCCESS	Length 2: 30 0D 	
