0	0.00005336	ntvdm.exe	IRP_MJ_CREATE	Serial1	SUCCESS	Options: Open 	
40	0.00002095	ntvdm.exe	IRP_MJ_WRITE	Serial1	SUCCESS	Length 1: .	
63	0.00001956	ntvdm.exe	IRP_MJ_WRITE	Serial1	SUCCESS	Length 1: .	
74	0.00000363	ntvdm.exe	IRP_MJ_READ	Serial1	SUCCESS	Length 2: 0.	
82	0.00002011	ntvdm.exe	IRP_MJ_WRITE	Serial1	SUCCESS	Length 3: ID.	
94	0.00000447	ntvdm.exe	IRP_MJ_READ	Serial1	SUCCESS	Length 2: 0.	
105	0.00000251	ntvdm.exe	IRP_MJ_READ	Serial1	SUCCESS	Length 1: S	
110	0.00000196	ntvdm.exe	IRP_MJ_READ	Serial1	SUCCESS	Length 1: c	
116	0.00000223	ntvdm.exe	IRP_MJ_READ	Serial1	SUCCESS	Length 1: o	
121	0.00000196	ntvdm.exe	IRP_MJ_READ	Serial1	SUCCESS	Length 1: p	
126	0.00000223	ntvdm.exe	IRP_MJ_READ	Serial1	SUCCESS	Length 1: e	
131	0.00000223	ntvdm.exe	IRP_MJ_READ	Serial1	SUCCESS	Length 1: M	
136	0.00000223	ntvdm.exe	IRP_MJ_READ	Serial1	SUCCESS	Length 1: e	
141	0.00000223	ntvdm.exe	IRP_MJ_READ	Serial1	SUCCESS	Length 1: t	
146	0.00000196	ntvdm.exe	IRP_MJ_READ	Serial1	SUCCESS	Length 1: e	
151	0.00000196	ntvdm.exe	IRP_MJ_READ	Serial1	SUCCESS	Length 1: r	
156	0.00000196	ntvdm.exe	IRP_MJ_READ	Serial1	SUCCESS	Length 1:  	
161	0.00000196	ntvdm.exe	IRP_MJ_READ	Serial1	SUCCESS	Length 1: m	
172	0.00000363	ntvdm.exe	IRP_MJ_READ	Serial1	SUCCESS	Length 1: o	
177	0.00000196	ntvdm.exe	IRP_MJ_READ	Serial1	SUCCESS	Length 1: d	
182	0.00000196	ntvdm.exe	IRP_MJ_READ	Serial1	SUCCESS	Length 1: e	
190	0.00000196	ntvdm.exe	IRP_MJ_READ	Serial1	SUCCESS	Length 1: l	
195	0.00000223	ntvdm.exe	IRP_MJ_READ	Serial1	SUCCESS	Length 1:  	
200	0.00000223	ntvdm.exe	IRP_MJ_READ	Serial1	SUCCESS	Length 1: 9	
205	0.00000196	ntvdm.exe	IRP_MJ_READ	Serial1	SUCCESS	Length 1: 7	
210	0.00000196	ntvdm.exe	IRP_MJ_READ	Serial1	SUCCESS	Length 1:  	
215	0.00000196	ntvdm.exe	IRP_MJ_READ	Serial1	SUCCESS	Length 1: ;	
220	0.00000223	ntvdm.exe	IRP_MJ_READ	Serial1	SUCCESS	Length 1:  	
225	0.00000223	ntvdm.exe	IRP_MJ_READ	Serial1	SUCCESS	Length 1:  	
230	0.00000196	ntvdm.exe	IRP_MJ_READ	Serial1	SUCCESS	Length 1:  	
236	0.00000196	ntvdm.exe	IRP_MJ_READ	Serial1	SUCCESS	Length 1: V	
241	0.00000196	ntvdm.exe	IRP_MJ_READ	Serial1	SUCCESS	Length 1: 4	
252	0.00000363	ntvdm.exe	IRP_MJ_READ	Serial1	SUCCESS	Length 1: .	
257	0.00000223	ntvdm.exe	IRP_MJ_READ	Serial1	SUCCESS	Length 1: 0	
262	0.00000196	ntvdm.exe	IRP_MJ_READ	Serial1	SUCCESS	Length 1: 5	
270	0.00000196	ntvdm.exe	IRP_MJ_READ	Serial1	SUCCESS	Length 1:  	
275	0.00000223	ntvdm.exe	IRP_MJ_READ	Serial1	SUCCESS	Length 1: ;	
280	0.00000223	ntvdm.exe	IRP_MJ_READ	Serial1	SUCCESS	Length 1:  	
285	0.00000196	ntvdm.exe	IRP_MJ_READ	Serial1	SUCCESS	Length 1: 9	
290	0.00000223	ntvdm.exe	IRP_MJ_READ	Serial1	SUCCESS	Length 1: 3	
295	0.00000196	ntvdm.exe	IRP_MJ_READ	Serial1	SUCCESS	Length 1: -	
300	0.00000223	ntvdm.exe	IRP_MJ_READ	Serial1	SUCCESS	Length 1: 0	
305	0.00000196	ntvdm.exe	IRP_MJ_READ	Serial1	SUCCESS	Length 1: 5	
310	0.00000223	ntvdm.exe	IRP_MJ_READ	Serial1	SUCCESS	Length 1: -	
316	0.00000223	ntvdm.exe	IRP_MJ_READ	Serial1	SUCCESS	Length 1: 2	
321	0.00000223	ntvdm.exe	IRP_MJ_READ	Serial1	SUCCESS	Length 1: 4	
332	0.00000307	ntvdm.exe	IRP_MJ_READ	Serial1	SUCCESS	Length 1: .	
342	0.12589254	ntvdm.exe	IRP_MJ_WRITE	Serial1	SUCCESS	Length 22: PC 9600,N,8,1,XONXOFF.	
353	0.00000391	ntvdm.exe	IRP_MJ_READ	Serial1	SUCCESS	Length 2: 0.	
