4	0.00002458	ntvdm.exe	IRP_MJ_WRITE	Serial1	SUCCESS	Length 3: 51 50 0D 	
15	0.00000391	ntvdm.exe	IRP_MJ_READ	Serial1	SUCCESS	Length 2: 30 0D 	
22	0.00000251	ntvdm.exe	IRP_MJ_READ	Serial1	SUCCESS	Length 1: 37 	
27	0.00000196	ntvdm.exe	IRP_MJ_READ	Serial1	SUCCESS	Length 1: 34 	
35	0.00000223	ntvdm.exe	IRP_MJ_READ	Serial1	SUCCESS	Length 1: 34 	
40	0.00000223	ntvdm.exe	IRP_MJ_READ	Serial1	SUCCESS	Length 1: 35 	
45	0.00000223	ntvdm.exe	IRP_MJ_READ	Serial1	SUCCESS	Length 1: 2C 	
308444	0.00001704	ntvdm.exe	IRP_MJ_READ	Serial1	SUCCESS	Length 7446: 1B 40 1B 4D 1B 6B 01 20 53 63 6F 70 65 4D 65 74 65 72 20 39 37 0D 0A 0D 0A 1B 41 08 1B 2A 04 F0 00 00 1F 24 44 24 1F 00 00 00 00 00 00 00 00 00 00 00 00 00 00 00 72 51 51 51 4E 00 70 0C 03 0C 70 00 00 00 00 7F 41 41 41 3E 00 3E 41 41 41 22 00 00 00 00 00 00 00 00 00 00 21 7F 01 00 00 3E 41 49 41 3E 00 00 00 36 36 00 00 00 21 7F 01 00 00 00 00 7F 48 48 48 30 00 7F 48 4C 4A 31 00 3E 41 41 41 3E 00 7F 49 49 49 36 00 7F 49 49 49 41 00 00 00 00 00 00 00 00 00 00 7F 49 49 49 36 00 00 00 00 00 00 00 00 00 00 00 00 00 00 00 72 51 51 51 4E 00 70 0C 03 0C 70 00 00 00 00 7F 41 41 41 3E 00 3E 41 41 41 22 00 00 00 00 00 00 00 00 00 00 21 7F 01 00 00 3E 41 49 41 3E 00 00 00 36 36 00 00 00 21 7F 01 00 00 00 00 7F 48 48 48 30 00 7F 48 4C 4A 31 00 3E 41 41 41 3E 00 7F 49 49 49 36 00 7F 49 49 49 41 00 00 00 00 00 00 00 00 00 0D 0A 1B 2A 04 F0 00 39 28 28 28 27 00 1F 20 24 20 1F 00 1F 20 24 20 1F 00 00 0F 00 00 0F 00 04 0A 0A 0A 01 00 01 02 04 08 10 00 3F 20 20 20 1F 00 00 20 3F 20 00 00 38 06 01 06 38 00 00 00 00 00 00 00 00 00 00 00 00 00 00 00 00 00 00 00 00 00 00 00 00 00 00 00 00 00 00 00 00 00 00 00 00 00 00 00 00 00 00 00 00 00 00 00 00 00 20 20 3F 20 20 00 00 0F 04 08 0C 00 00 28 2F 00 00 00 06 09 09 09 0F 00 00 00 1B 1B 00 00 3F 24 24 24 1B 00 00 00 3F 20 20 00 00 00 00 00 00 00 00 00 00 00 00 00 00 00 00 00 00 00 00 00 00 00 00 00 00 00 00 00 00 00 00 00 00 00 00 00 00 00 00 00 00 00 00 00 00 00 00 00 00 00 00 00 00 00 00 00 00 00 00 00 00 00 00 00 00 00 00 00 00 00 00 00 00 00 00 00 00 00 00 00 00 00 00 00 00 00 00 00 00 00 00 00 00 00 00 00 0D 0A 1B 2A 04 F0 00 0F 88 88 88 08 08 08 88 88 88 08 08 08 88 88 8F 08 08 48 88 88 88 08 08 88 8F 88 88 08 08 08 08 08 08 08 08 88 88 88 88 08 08 08 88 88 88 08 08 08 08 8F 08 08 08 08 08 08 08 08 08 08 08 08 08 08 08 08 08 08 08 08 08 08 08 08 0F 08 08 08 08 08 08 08 08 08 08 08 08 08 08 08 08 08 08 08 08 08 08 08 08 0F 08 08 08 88 08 08 08 08 88 08 08 08 08 88 88 88 88 08 08 48 48 48 48 88 0F 08 08 08 08 08 08 88 88 88 88 08 08 48 48 C8 08 08 08 08 08 08 08 08 08 0F 08 08 08 08 08 08 08 08 08 08 08 08 08 08 08 08 08 08 08 08 08 08 08 08 0F 08 08 08 08 08 08 08 0C 08 08 08 08 08 08 08 08 08 08 08 08 08 08 08 08 0F 00 03 02 02 02 01 00 03 01 00 01 03 00 01 02 02 02 01 00 00 00 01 01 00 00 00 00 00 00 00 00 00 00 00 00 00 00 00 00 0D 0A 1B 2A 04 F0 00 FF 00 00 00 00 00 00 00 00 00 00 00 00 00 00 F0 00 00 00 00 00 00 00 00 00 C0 00 00 00 00 00 00 00 00 00 00 00 00 00 00 00 00 00 00 00 00 00 00 00 00 C0 00 00 00 00 00 00 00 00 00 00 00 00 00 00 00 00 00 00 00 00 00 00 00 00 C0 00 00 00 00 00 00 00 00 00 00 00 00 00 00 00 00 00 00 00 00 00 00 00 00 FF 00 00 00 00 00 00 00 00 00 00 00 00 00 00 00 00 00 00 00 00 00 00 00 00 C0 00 00 00 00 00 00 00 00 00 00 00 00 00 00 00 00 00 00 00 00 00 00 00 00 C0 00 00 00 00 00 00 00 00 00 00 00 00 00 00 00 00 00 00 00 00 00 00 00 00 C0 00 00 00 00 00 00 00 3C 00 00 00 00 00 00 00 00 00 00 00 00 00 00 00 00 FF 00 F8 40 60 50 88 00 F8 00 E0 00 F8 00 90 48 48 48 30 00 00 00 B0 B0 00 00 00 01 01 01 00 00 00 00 00 00 00 00 00 00 0D 0A 1B 2A 04 F0 00 FF 00 00 00 00 00 00 00 00 00 00 00 00 00 00 0F 00 00 00 00 00 00 00 00 00 00 00 00 00 00 00 00 00 00 00 00 00 00 00 00 00 00 00 00 00 00 00 00 00 00 00 00 00 00 00 00 00 00 00 00 00 00 00 00 00 00 00 00 00 00 00 00 00 00 00 00 00 00 00 00 00 00 00 00 00 00 00 00 00 00 00 00 00 00 00 00 00 00 00 00 FF 00 00 00 00 00 00 00 00 00 00 00 00 00 00 00 00 00 00 00 00 00 00 00 00 00 00 00 00 00 00 00 00 00 00 00 00 00 00 00 00 00 00 00 00 00 00 00 00 00 00 00 00 00 00 00 00 00 00 00 00 00 00 00 00 00 00 00 00 00 00 00 00 00 00 00 00 00 00 00 00 00 00 3C 00 00 00 00 00 00 00 00 00 00 00 00 00 00 00 00 FF 00 00 00 00 00 00 00 00 00 00 00 00 00 00 00 00 00 00 00 00 00 00 00 00 00 F8 04 24 04 F8 00 00 00 00 00 00 00 00 00 0D 0A 1B 2A 04 F0 00 FF 04 04 04 04 00 00 00 00 00 00 00 00 00 00 F0 00 00 00 00 00 00 00 00 00 00 00 00 00 00 00 00 00 00 00 00 00 00 00 00 00 00 00 00 00 00 00 00 00 00 00 00 00 00 00 00 00 00 00 00 00 00 00 00 00 00 00 00 00 00 00 00 00 00 00 00 00 00 00 00 00 00 00 00 00 00 00 00 00 00 00 00 00 00 00 00 00 	

decoded:
=> 51 50 0D  "QP<cr>"
<= 30 0D     "0<cr>" 
   37 34 34 35 2C  "7445,"
(1.5 seconds pause)

1B 40               <esc> @  
                    printer initialization
1B 4D               <esc> M 
                    character density 12cpi
1B 6B 01            <esc> k <n> 
                    font type select (01=sans serif)
20 53 63 6F 70 65 4D 65 74 65 72 20 39 37 0D 0A 0D 0A    
prints " ScopeMeter 97<crlf><crlf>"

1B 41 08            <esc> A <n> 
                    fine line spacing n=0..127 / 60inch
                    (8/60)inch per line

1B 2A 04 F0 00      <esc> * <m> <n1> <n2> 
                    begin hires graphics with density m
                    n1+256*n2 graphics bytes follow (=number of graphics columns)
                    bit 7=needle 1, bit 6=needle 2, ..., bit 0=needle 8

                    density 4 (screen graphics, 8 needles in use)
                    240 data bytes (=> image width 240px)

  00 1F 24 44 24 1F 00 00 00 00    00 00 00 00 00 00 00 00 00 00 
  00 72 51 51 51 4E 00 70 0C 03    0C 70 00 00 00 00 7F 41 41 41 
  3E 00 3E 41 41 41 22 00 00 00    00 00 00 00 00 00 00 21 7F 01 
  00 00 3E 41 49 41 3E 00 00 00    36 36 00 00 00 21 7F 01 00 00 
  00 00 7F 48 48 48 30 00 7F 48    4C 4A 31 00 3E 41 41 41 3E 00 
  7F 49 49 49 36 00 7F 49 49 49    41 00 00 00 00 00 00 00 00 00 
  00 7F 49 49 49 36 00 00 00 00    00 00 00 00 00 00 00 00 00 00 
  00 72 51 51 51 4E 00 70 0C 03    0C 70 00 00 00 00 7F 41 41 41 
  3E 00 3E 41 41 41 22 00 00 00    00 00 00 00 00 00 00 21 7F 01 
  00 00 3E 41 49 41 3E 00 00 00    36 36 00 00 00 21 7F 01 00 00 
  00 00 7F 48 48 48 30 00 7F 48    4C 4A 31 00 3E 41 41 41 3E 00 
  7F 49 49 49 36 00 7F 49 49 49    41 00 00 00 00 00 00 00 00 00 
  (12*2*10 = 240 byte, ok)

0D 0A 
move to next line

1B 2A 04 F0 00 

  39 28 28 28 27 00 1F 20 24 20    1F 00 1F 20 24 20 1F 00 00 0F 
  00 00 0F 00 04 0A 0A 0A 01 00    01 02 04 08 10 00 3F 20 20 20 
  1F 00 00 20 3F 20 00 00 38 06    01 06 38 00 00 00 00 00 00 00 
  00 00 00 00 00 00 00 00 00 00    00 00 00 00 00 00 00 00 00 00 
  00 00 00 00 00 00 00 00 00 00    00 00 00 00 00 00 00 00 00 00 
  00 00 20 20 3F 20 20 00 00 0F    04 08 0C 00 00 28 2F 00 00 00 
  06 09 09 09 0F 00 00 00 1B 1B    00 00 3F 24 24 24 1B 00 00 00 
  3F 20 20 00 00 00 00 00 00 00    00 00 00 00 00 00 00 00 00 00 
  00 00 00 00 00 00 00 00 00 00    00 00 00 00 00 00 00 00 00 00 
  00 00 00 00 00 00 00 00 00 00    00 00 00 00 00 00 00 00 00 00 
  00 00 00 00 00 00 00 00 00 00    00 00 00 00 00 00 00 00 00 00 
  00 00 00 00 00 00 00 00 00 00    00 00 00 00 00 00 00 00 00 00 

0D 0A 

etc, and at the end
0D 0A 0D 0A 0A 0A 0A 
1B 40   
   <esc> @ 
   initialize printer
CA
 (garbage?)

