0	0.00005308	ntvdm.exe	IRP_MJ_CREATE	Serial1	SUCCESS	Options: Open 	
40	0.00002011	ntvdm.exe	IRP_MJ_WRITE	Serial1	SUCCESS	Length 1: .	
51	0.00000391	ntvdm.exe	IRP_MJ_READ	Serial1	SUCCESS	Length 1: 0	
69	0.00002011	ntvdm.exe	IRP_MJ_WRITE	Serial1	SUCCESS	Length 1: .	
80	0.00000419	ntvdm.exe	IRP_MJ_READ	Serial1	SUCCESS	Length 2: 0.	
88	0.00002123	ntvdm.exe	IRP_MJ_WRITE	Serial1	SUCCESS	Length 3: ID.	
100	0.00007487	ntvdm.exe	IRP_MJ_READ	Serial1	SUCCESS	Length 2: 0.	
111	0.00000251	ntvdm.exe	IRP_MJ_READ	Serial1	SUCCESS	Length 1: S	
116	0.00000223	ntvdm.exe	IRP_MJ_READ	Serial1	SUCCESS	Length 1: c	
122	0.00000223	ntvdm.exe	IRP_MJ_READ	Serial1	SUCCESS	Length 1: o	
127	0.00000196	ntvdm.exe	IRP_MJ_READ	Serial1	SUCCESS	Length 1: p	
132	0.00000196	ntvdm.exe	IRP_MJ_READ	Serial1	SUCCESS	Length 1: e	
137	0.00000196	ntvdm.exe	IRP_MJ_READ	Serial1	SUCCESS	Length 1: M	
142	0.00000196	ntvdm.exe	IRP_MJ_READ	Serial1	SUCCESS	Length 1: e	
147	0.00000223	ntvdm.exe	IRP_MJ_READ	Serial1	SUCCESS	Length 1: t	
152	0.00000223	ntvdm.exe	IRP_MJ_READ	Serial1	SUCCESS	Length 1: e	
157	0.00000196	ntvdm.exe	IRP_MJ_READ	Serial1	SUCCESS	Length 1: r	
162	0.00000223	ntvdm.exe	IRP_MJ_READ	Serial1	SUCCESS	Length 1:  	
167	0.00000223	ntvdm.exe	IRP_MJ_READ	Serial1	SUCCESS	Length 1: m	
178	0.00000391	ntvdm.exe	IRP_MJ_READ	Serial1	SUCCESS	Length 1: o	
183	0.00000251	ntvdm.exe	IRP_MJ_READ	Serial1	SUCCESS	Length 1: d	
188	0.00000196	ntvdm.exe	IRP_MJ_READ	Serial1	SUCCESS	Length 1: e	
196	0.00000223	ntvdm.exe	IRP_MJ_READ	Serial1	SUCCESS	Length 1: l	
201	0.00000196	ntvdm.exe	IRP_MJ_READ	Serial1	SUCCESS	Length 1:  	
206	0.00000223	ntvdm.exe	IRP_MJ_READ	Serial1	SUCCESS	Length 1: 9	
211	0.00000196	ntvdm.exe	IRP_MJ_READ	Serial1	SUCCESS	Length 1: 7	
216	0.00000196	ntvdm.exe	IRP_MJ_READ	Serial1	SUCCESS	Length 1:  	
221	0.00000196	ntvdm.exe	IRP_MJ_READ	Serial1	SUCCESS	Length 1: ;	
226	0.00000251	ntvdm.exe	IRP_MJ_READ	Serial1	SUCCESS	Length 1:  	
231	0.00000196	ntvdm.exe	IRP_MJ_READ	Serial1	SUCCESS	Length 1:  	
236	0.00000223	ntvdm.exe	IRP_MJ_READ	Serial1	SUCCESS	Length 1:  	
242	0.00000196	ntvdm.exe	IRP_MJ_READ	Serial1	SUCCESS	Length 1: V	
247	0.00000223	ntvdm.exe	IRP_MJ_READ	Serial1	SUCCESS	Length 1: 4	
258	0.00000391	ntvdm.exe	IRP_MJ_READ	Serial1	SUCCESS	Length 1: .	
263	0.00000223	ntvdm.exe	IRP_MJ_READ	Serial1	SUCCESS	Length 1: 0	
268	0.00000223	ntvdm.exe	IRP_MJ_READ	Serial1	SUCCESS	Length 1: 5	
276	0.00000223	ntvdm.exe	IRP_MJ_READ	Serial1	SUCCESS	Length 1:  	
281	0.00000223	ntvdm.exe	IRP_MJ_READ	Serial1	SUCCESS	Length 1: ;	
286	0.00000223	ntvdm.exe	IRP_MJ_READ	Serial1	SUCCESS	Length 1:  	
291	0.00000223	ntvdm.exe	IRP_MJ_READ	Serial1	SUCCESS	Length 1: 9	
296	0.00000196	ntvdm.exe	IRP_MJ_READ	Serial1	SUCCESS	Length 1: 3	
301	0.00000196	ntvdm.exe	IRP_MJ_READ	Serial1	SUCCESS	Length 1: -	
306	0.00000196	ntvdm.exe	IRP_MJ_READ	Serial1	SUCCESS	Length 1: 0	
311	0.00000223	ntvdm.exe	IRP_MJ_READ	Serial1	SUCCESS	Length 1: 5	
316	0.00000196	ntvdm.exe	IRP_MJ_READ	Serial1	SUCCESS	Length 1: -	
322	0.00000223	ntvdm.exe	IRP_MJ_READ	Serial1	SUCCESS	Length 1: 2	
327	0.00000223	ntvdm.exe	IRP_MJ_READ	Serial1	SUCCESS	Length 1: 4	
339	0.00000279	ntvdm.exe	IRP_MJ_READ	Serial1	SUCCESS	Length 1: .	
348	0.12608809	ntvdm.exe	IRP_MJ_WRITE	Serial1	SUCCESS	Length 22: PC 9600,N,8,1,XONXOFF.	
359	0.00000391	ntvdm.exe	IRP_MJ_READ	Serial1	SUCCESS	Length 2: 0.	
383	0.00002933	ntvdm.exe	IRP_MJ_WRITE	Serial1	SUCCESS	Length 7: QW 101.	
394	0.00000363	ntvdm.exe	IRP_MJ_READ	Serial1	SUCCESS	Length 2: 0.	
401	0.00000223	ntvdm.exe	IRP_MJ_READ	Serial1	SUCCESS	Length 1: C	
406	0.00000196	ntvdm.exe	IRP_MJ_READ	Serial1	SUCCESS	Length 1: h	
416	0.00000223	ntvdm.exe	IRP_MJ_READ	Serial1	SUCCESS	Length 1: a	
421	0.00000196	ntvdm.exe	IRP_MJ_READ	Serial1	SUCCESS	Length 1: n	
426	0.00000223	ntvdm.exe	IRP_MJ_READ	Serial1	SUCCESS	Length 1: n	
431	0.00000196	ntvdm.exe	IRP_MJ_READ	Serial1	SUCCESS	Length 1: e	
436	0.00000196	ntvdm.exe	IRP_MJ_READ	Serial1	SUCCESS	Length 1: l	
441	0.00000196	ntvdm.exe	IRP_MJ_READ	Serial1	SUCCESS	Length 1:  	
446	0.00000196	ntvdm.exe	IRP_MJ_READ	Serial1	SUCCESS	Length 1: A	
451	0.00000223	ntvdm.exe	IRP_MJ_READ	Serial1	SUCCESS	Length 1: ,	
456	0.00000196	ntvdm.exe	IRP_MJ_READ	Serial1	SUCCESS	Length 1: V	
462	0.00000223	ntvdm.exe	IRP_MJ_READ	Serial1	SUCCESS	Length 1: ,	
1319	0.00000251	ntvdm.exe	IRP_MJ_READ	Serial1	SUCCESS	Length 1: s	
1324	0.00000223	ntvdm.exe	IRP_MJ_READ	Serial1	SUCCESS	Length 1: ,	
1329	0.00000196	ntvdm.exe	IRP_MJ_READ	Serial1	SUCCESS	Length 1: 0	
1339	0.00000223	ntvdm.exe	IRP_MJ_READ	Serial1	SUCCESS	Length 1: 0	
1344	0.00000223	ntvdm.exe	IRP_MJ_READ	Serial1	SUCCESS	Length 1: 0	
1349	0.00000196	ntvdm.exe	IRP_MJ_READ	Serial1	SUCCESS	Length 1: 0	
1354	0.00000223	ntvdm.exe	IRP_MJ_READ	Serial1	SUCCESS	Length 1: 0	
1359	0.00000196	ntvdm.exe	IRP_MJ_READ	Serial1	SUCCESS	Length 1: E	
1364	0.00000196	ntvdm.exe	IRP_MJ_READ	Serial1	SUCCESS	Length 1: +	
1369	0.00000223	ntvdm.exe	IRP_MJ_READ	Serial1	SUCCESS	Length 1: 0	
1374	0.00000223	ntvdm.exe	IRP_MJ_READ	Serial1	SUCCESS	Length 1: 0	
1379	0.00000223	ntvdm.exe	IRP_MJ_READ	Serial1	SUCCESS	Length 1: ,	
1385	0.00000223	ntvdm.exe	IRP_MJ_READ	Serial1	SUCCESS	Length 1: 0	
1390	0.00000196	ntvdm.exe	IRP_MJ_READ	Serial1	SUCCESS	Length 1: 0	
2161	0.00000223	ntvdm.exe	IRP_MJ_READ	Serial1	SUCCESS	Length 1: 0	
2166	0.00000223	ntvdm.exe	IRP_MJ_READ	Serial1	SUCCESS	Length 1: 0	
2171	0.00000223	ntvdm.exe	IRP_MJ_READ	Serial1	SUCCESS	Length 1: 0	
2181	0.00000251	ntvdm.exe	IRP_MJ_READ	Serial1	SUCCESS	Length 1: E	
2186	0.00000223	ntvdm.exe	IRP_MJ_READ	Serial1	SUCCESS	Length 1: +	
2191	0.00000196	ntvdm.exe	IRP_MJ_READ	Serial1	SUCCESS	Length 1: 0	
2196	0.00000223	ntvdm.exe	IRP_MJ_READ	Serial1	SUCCESS	Length 1: 0	
2201	0.00000196	ntvdm.exe	IRP_MJ_READ	Serial1	SUCCESS	Length 1: ,	
2206	0.00000223	ntvdm.exe	IRP_MJ_READ	Serial1	SUCCESS	Length 1: 0	
2211	0.00000196	ntvdm.exe	IRP_MJ_READ	Serial1	SUCCESS	Length 1: 0	
2216	0.00000196	ntvdm.exe	IRP_MJ_READ	Serial1	SUCCESS	Length 1: 2	
2221	0.00000223	ntvdm.exe	IRP_MJ_READ	Serial1	SUCCESS	Length 1: 0	
2227	0.00000223	ntvdm.exe	IRP_MJ_READ	Serial1	SUCCESS	Length 1: 0	
2232	0.00000196	ntvdm.exe	IRP_MJ_READ	Serial1	SUCCESS	Length 1: E	
3091	0.00000279	ntvdm.exe	IRP_MJ_READ	Serial1	SUCCESS	Length 1: -	
3096	0.00000223	ntvdm.exe	IRP_MJ_READ	Serial1	SUCCESS	Length 1: 0	
3101	0.00000223	ntvdm.exe	IRP_MJ_READ	Serial1	SUCCESS	Length 1: 3	
3111	0.00000223	ntvdm.exe	IRP_MJ_READ	Serial1	SUCCESS	Length 1: ,	
3116	0.00000223	ntvdm.exe	IRP_MJ_READ	Serial1	SUCCESS	Length 1: 0	
3121	0.00000223	ntvdm.exe	IRP_MJ_READ	Serial1	SUCCESS	Length 1: 0	
3126	0.00000196	ntvdm.exe	IRP_MJ_READ	Serial1	SUCCESS	Length 1: 2	
3131	0.00000196	ntvdm.exe	IRP_MJ_READ	Serial1	SUCCESS	Length 1: 0	
3136	0.00000223	ntvdm.exe	IRP_MJ_READ	Serial1	SUCCESS	Length 1: 0	
3141	0.00000223	ntvdm.exe	IRP_MJ_READ	Serial1	SUCCESS	Length 1: E	
3146	0.00000196	ntvdm.exe	IRP_MJ_READ	Serial1	SUCCESS	Length 1: -	
3151	0.00000223	ntvdm.exe	IRP_MJ_READ	Serial1	SUCCESS	Length 1: 0	
3157	0.00000223	ntvdm.exe	IRP_MJ_READ	Serial1	SUCCESS	Length 1: 7	
3162	0.00000196	ntvdm.exe	IRP_MJ_READ	Serial1	SUCCESS	Length 1: ,	
3938	0.00000391	ntvdm.exe	IRP_MJ_READ	Serial1	SUCCESS	Length 1: 2	
3945	0.00000223	ntvdm.exe	IRP_MJ_READ	Serial1	SUCCESS	Length 1: 5	
3950	0.00000223	ntvdm.exe	IRP_MJ_READ	Serial1	SUCCESS	Length 1: 5	
3960	0.00000223	ntvdm.exe	IRP_MJ_READ	Serial1	SUCCESS	Length 1: ,	
3965	0.00000223	ntvdm.exe	IRP_MJ_READ	Serial1	SUCCESS	Length 1: 5	
3970	0.00000223	ntvdm.exe	IRP_MJ_READ	Serial1	SUCCESS	Length 1: 1	
3975	0.00000223	ntvdm.exe	IRP_MJ_READ	Serial1	SUCCESS	Length 1: 2	
3980	0.00000223	ntvdm.exe	IRP_MJ_READ	Serial1	SUCCESS	Length 1: ,	
21601	0.00000419	ntvdm.exe	IRP_MJ_READ	Serial1	SUCCESS	Length 513: ...............................................................................~....................~..............................................~....................................................................................................~.................................................................................................................................................~......................................................................................................................	
21608	0.00002933	ntvdm.exe	IRP_MJ_WRITE	Serial1	SUCCESS	Length 7: QW 102.	
21619	0.00000391	ntvdm.exe	IRP_MJ_READ	Serial1	SUCCESS	Length 2: 0.	
21626	0.00000223	ntvdm.exe	IRP_MJ_READ	Serial1	SUCCESS	Length 1: C	
21631	0.00000196	ntvdm.exe	IRP_MJ_READ	Serial1	SUCCESS	Length 1: h	
21641	0.00000223	ntvdm.exe	IRP_MJ_READ	Serial1	SUCCESS	Length 1: a	
21646	0.00000196	ntvdm.exe	IRP_MJ_READ	Serial1	SUCCESS	Length 1: n	
21651	0.00000223	ntvdm.exe	IRP_MJ_READ	Serial1	SUCCESS	Length 1: n	
21656	0.00000223	ntvdm.exe	IRP_MJ_READ	Serial1	SUCCESS	Length 1: e	
21661	0.00000196	ntvdm.exe	IRP_MJ_READ	Serial1	SUCCESS	Length 1: l	
21666	0.00000196	ntvdm.exe	IRP_MJ_READ	Serial1	SUCCESS	Length 1:  	
21671	0.00000223	ntvdm.exe	IRP_MJ_READ	Serial1	SUCCESS	Length 1: B	
21676	0.00000196	ntvdm.exe	IRP_MJ_READ	Serial1	SUCCESS	Length 1: ,	
21681	0.00000196	ntvdm.exe	IRP_MJ_READ	Serial1	SUCCESS	Length 1: V	
21687	0.00000196	ntvdm.exe	IRP_MJ_READ	Serial1	SUCCESS	Length 1: ,	
22442	0.00000251	ntvdm.exe	IRP_MJ_READ	Serial1	SUCCESS	Length 1: s	
22449	0.00000223	ntvdm.exe	IRP_MJ_READ	Serial1	SUCCESS	Length 1: ,	
22454	0.00000196	ntvdm.exe	IRP_MJ_READ	Serial1	SUCCESS	Length 1: 0	
22464	0.00000251	ntvdm.exe	IRP_MJ_READ	Serial1	SUCCESS	Length 1: 0	
22469	0.00000196	ntvdm.exe	IRP_MJ_READ	Serial1	SUCCESS	Length 1: 0	
22474	0.00000223	ntvdm.exe	IRP_MJ_READ	Serial1	SUCCESS	Length 1: 0	
22479	0.00000223	ntvdm.exe	IRP_MJ_READ	Serial1	SUCCESS	Length 1: 0	
22484	0.00000223	ntvdm.exe	IRP_MJ_READ	Serial1	SUCCESS	Length 1: E	
22489	0.00000223	ntvdm.exe	IRP_MJ_READ	Serial1	SUCCESS	Length 1: +	
22494	0.00000196	ntvdm.exe	IRP_MJ_READ	Serial1	SUCCESS	Length 1: 0	
22499	0.00000196	ntvdm.exe	IRP_MJ_READ	Serial1	SUCCESS	Length 1: 0	
22504	0.00000223	ntvdm.exe	IRP_MJ_READ	Serial1	SUCCESS	Length 1: ,	
22510	0.00000196	ntvdm.exe	IRP_MJ_READ	Serial1	SUCCESS	Length 1: 0	
22515	0.00000223	ntvdm.exe	IRP_MJ_READ	Serial1	SUCCESS	Length 1: 0	
23381	0.00000223	ntvdm.exe	IRP_MJ_READ	Serial1	SUCCESS	Length 1: 0	
23388	0.00000223	ntvdm.exe	IRP_MJ_READ	Serial1	SUCCESS	Length 1: 0	
23393	0.00000223	ntvdm.exe	IRP_MJ_READ	Serial1	SUCCESS	Length 1: 0	
23403	0.00000223	ntvdm.exe	IRP_MJ_READ	Serial1	SUCCESS	Length 1: E	
23408	0.00000223	ntvdm.exe	IRP_MJ_READ	Serial1	SUCCESS	Length 1: +	
23413	0.00000196	ntvdm.exe	IRP_MJ_READ	Serial1	SUCCESS	Length 1: 0	
23418	0.00000223	ntvdm.exe	IRP_MJ_READ	Serial1	SUCCESS	Length 1: 0	
23423	0.00000196	ntvdm.exe	IRP_MJ_READ	Serial1	SUCCESS	Length 1: ,	
23428	0.00000223	ntvdm.exe	IRP_MJ_READ	Serial1	SUCCESS	Length 1: 0	
23433	0.00000196	ntvdm.exe	IRP_MJ_READ	Serial1	SUCCESS	Length 1: 0	
23438	0.00000196	ntvdm.exe	IRP_MJ_READ	Serial1	SUCCESS	Length 1: 2	
23443	0.00000196	ntvdm.exe	IRP_MJ_READ	Serial1	SUCCESS	Length 1: 0	
23449	0.00000223	ntvdm.exe	IRP_MJ_READ	Serial1	SUCCESS	Length 1: 0	
23454	0.00000196	ntvdm.exe	IRP_MJ_READ	Serial1	SUCCESS	Length 1: E	
24315	0.00000251	ntvdm.exe	IRP_MJ_READ	Serial1	SUCCESS	Length 1: -	
24320	0.00000196	ntvdm.exe	IRP_MJ_READ	Serial1	SUCCESS	Length 1: 0	
24325	0.00000223	ntvdm.exe	IRP_MJ_READ	Serial1	SUCCESS	Length 1: 3	
24335	0.00000196	ntvdm.exe	IRP_MJ_READ	Serial1	SUCCESS	Length 1: ,	
24340	0.00000223	ntvdm.exe	IRP_MJ_READ	Serial1	SUCCESS	Length 1: 0	
24345	0.00000196	ntvdm.exe	IRP_MJ_READ	Serial1	SUCCESS	Length 1: 0	
24350	0.00000196	ntvdm.exe	IRP_MJ_READ	Serial1	SUCCESS	Length 1: 2	
24355	0.00000223	ntvdm.exe	IRP_MJ_READ	Serial1	SUCCESS	Length 1: 0	
24360	0.00000196	ntvdm.exe	IRP_MJ_READ	Serial1	SUCCESS	Length 1: 0	
24365	0.00000196	ntvdm.exe	IRP_MJ_READ	Serial1	SUCCESS	Length 1: E	
24370	0.00000223	ntvdm.exe	IRP_MJ_READ	Serial1	SUCCESS	Length 1: -	
24375	0.00000196	ntvdm.exe	IRP_MJ_READ	Serial1	SUCCESS	Length 1: 0	
24381	0.00000196	ntvdm.exe	IRP_MJ_READ	Serial1	SUCCESS	Length 1: 7	
24386	0.00000196	ntvdm.exe	IRP_MJ_READ	Serial1	SUCCESS	Length 1: ,	
25160	0.00000223	ntvdm.exe	IRP_MJ_READ	Serial1	SUCCESS	Length 1: 2	
25165	0.00000196	ntvdm.exe	IRP_MJ_READ	Serial1	SUCCESS	Length 1: 5	
25170	0.00000196	ntvdm.exe	IRP_MJ_READ	Serial1	SUCCESS	Length 1: 5	
25180	0.00000223	ntvdm.exe	IRP_MJ_READ	Serial1	SUCCESS	Length 1: ,	
25185	0.00000196	ntvdm.exe	IRP_MJ_READ	Serial1	SUCCESS	Length 1: 5	
25190	0.00000196	ntvdm.exe	IRP_MJ_READ	Serial1	SUCCESS	Length 1: 1	
25195	0.00000223	ntvdm.exe	IRP_MJ_READ	Serial1	SUCCESS	Length 1: 2	
25200	0.00000196	ntvdm.exe	IRP_MJ_READ	Serial1	SUCCESS	Length 1: ,	
27651	0.00000419	ntvdm.exe	IRP_MJ_READ	Serial1	SUCCESS	Length 513: ................................................................................................................................................................................................................................................................................................................................................................................................................................................................................................................................M	
27658	0.00002850	ntvdm.exe	IRP_MJ_WRITE	Serial1	SUCCESS	Length 7: QW 103.	
27669	0.00000363	ntvdm.exe	IRP_MJ_READ	Serial1	SUCCESS	Length 2: 2.	
27683	0.00002877	ntvdm.exe	IRP_MJ_WRITE	Serial1	SUCCESS	Length 7: QW 104.	
27694	0.00000419	ntvdm.exe	IRP_MJ_READ	Serial1	SUCCESS	Length 2: 0.	
27701	0.00000251	ntvdm.exe	IRP_MJ_READ	Serial1	SUCCESS	Length 1: T	
27706	0.00000196	ntvdm.exe	IRP_MJ_READ	Serial1	SUCCESS	Length 1: e	
27716	0.00000447	ntvdm.exe	IRP_MJ_READ	Serial1	SUCCESS	Length 1: m	
27721	0.00000196	ntvdm.exe	IRP_MJ_READ	Serial1	SUCCESS	Length 1: p	
27726	0.00000223	ntvdm.exe	IRP_MJ_READ	Serial1	SUCCESS	Length 1: .	
27731	0.00000223	ntvdm.exe	IRP_MJ_READ	Serial1	SUCCESS	Length 1:  	
27736	0.00000223	ntvdm.exe	IRP_MJ_READ	Serial1	SUCCESS	Length 1: 1	
27741	0.00000196	ntvdm.exe	IRP_MJ_READ	Serial1	SUCCESS	Length 1: ,	
27746	0.00000223	ntvdm.exe	IRP_MJ_READ	Serial1	SUCCESS	Length 1: V	
27751	0.00000196	ntvdm.exe	IRP_MJ_READ	Serial1	SUCCESS	Length 1: ,	
27756	0.00000196	ntvdm.exe	IRP_MJ_READ	Serial1	SUCCESS	Length 1: s	
27766	0.00000279	ntvdm.exe	IRP_MJ_READ	Serial1	SUCCESS	Length 1: ,	
27771	0.00000196	ntvdm.exe	IRP_MJ_READ	Serial1	SUCCESS	Length 1: 0	
27776	0.00000223	ntvdm.exe	IRP_MJ_READ	Serial1	SUCCESS	Length 1: 0	
27781	0.00000196	ntvdm.exe	IRP_MJ_READ	Serial1	SUCCESS	Length 1: 0	
27786	0.00000196	ntvdm.exe	IRP_MJ_READ	Serial1	SUCCESS	Length 1: 0	
27791	0.00000196	ntvdm.exe	IRP_MJ_READ	Serial1	SUCCESS	Length 1: 0	
27796	0.00000196	ntvdm.exe	IRP_MJ_READ	Serial1	SUCCESS	Length 1: E	
27801	0.00000196	ntvdm.exe	IRP_MJ_READ	Serial1	SUCCESS	Length 1: +	
27806	0.00000223	ntvdm.exe	IRP_MJ_READ	Serial1	SUCCESS	Length 1: 0	
27816	0.00000223	ntvdm.exe	IRP_MJ_READ	Serial1	SUCCESS	Length 1: 0	
27821	0.00000223	ntvdm.exe	IRP_MJ_READ	Serial1	SUCCESS	Length 1: ,	
27826	0.00000196	ntvdm.exe	IRP_MJ_READ	Serial1	SUCCESS	Length 1: 0	
27831	0.00000223	ntvdm.exe	IRP_MJ_READ	Serial1	SUCCESS	Length 1: 0	
27836	0.00000223	ntvdm.exe	IRP_MJ_READ	Serial1	SUCCESS	Length 1: 0	
27841	0.00000196	ntvdm.exe	IRP_MJ_READ	Serial1	SUCCESS	Length 1: 0	
27846	0.00000223	ntvdm.exe	IRP_MJ_READ	Serial1	SUCCESS	Length 1: 0	
27851	0.00000223	ntvdm.exe	IRP_MJ_READ	Serial1	SUCCESS	Length 1: E	
27856	0.00000196	ntvdm.exe	IRP_MJ_READ	Serial1	SUCCESS	Length 1: +	
27866	0.00000251	ntvdm.exe	IRP_MJ_READ	Serial1	SUCCESS	Length 1: 0	
27871	0.00000196	ntvdm.exe	IRP_MJ_READ	Serial1	SUCCESS	Length 1: 0	
27876	0.00000196	ntvdm.exe	IRP_MJ_READ	Serial1	SUCCESS	Length 1: ,	
27881	0.00000196	ntvdm.exe	IRP_MJ_READ	Serial1	SUCCESS	Length 1: 0	
27886	0.00000196	ntvdm.exe	IRP_MJ_READ	Serial1	SUCCESS	Length 1: 0	
27891	0.00000196	ntvdm.exe	IRP_MJ_READ	Serial1	SUCCESS	Length 1: 2	
27896	0.00000223	ntvdm.exe	IRP_MJ_READ	Serial1	SUCCESS	Length 1: 0	
27901	0.00000196	ntvdm.exe	IRP_MJ_READ	Serial1	SUCCESS	Length 1: 0	
27906	0.00000223	ntvdm.exe	IRP_MJ_READ	Serial1	SUCCESS	Length 1: E	
27916	0.00000363	ntvdm.exe	IRP_MJ_READ	Serial1	SUCCESS	Length 1: -	
27921	0.00000196	ntvdm.exe	IRP_MJ_READ	Serial1	SUCCESS	Length 1: 0	
27926	0.00000196	ntvdm.exe	IRP_MJ_READ	Serial1	SUCCESS	Length 1: 3	
27931	0.00000223	ntvdm.exe	IRP_MJ_READ	Serial1	SUCCESS	Length 1: ,	
27936	0.00000223	ntvdm.exe	IRP_MJ_READ	Serial1	SUCCESS	Length 1: 0	
27941	0.00000223	ntvdm.exe	IRP_MJ_READ	Serial1	SUCCESS	Length 1: 0	
27946	0.00000196	ntvdm.exe	IRP_MJ_READ	Serial1	SUCCESS	Length 1: 2	
27951	0.00000223	ntvdm.exe	IRP_MJ_READ	Serial1	SUCCESS	Length 1: 0	
27959	0.00000447	ntvdm.exe	IRP_MJ_READ	Serial1	SUCCESS	Length 1: 0	
27966	0.00000251	ntvdm.exe	IRP_MJ_READ	Serial1	SUCCESS	Length 1: E	
27971	0.00000196	ntvdm.exe	IRP_MJ_READ	Serial1	SUCCESS	Length 1: -	
27976	0.00000223	ntvdm.exe	IRP_MJ_READ	Serial1	SUCCESS	Length 1: 0	
27981	0.00000223	ntvdm.exe	IRP_MJ_READ	Serial1	SUCCESS	Length 1: 7	
27986	0.00000196	ntvdm.exe	IRP_MJ_READ	Serial1	SUCCESS	Length 1: ,	
27991	0.00000223	ntvdm.exe	IRP_MJ_READ	Serial1	SUCCESS	Length 1: 2	
27996	0.00000223	ntvdm.exe	IRP_MJ_READ	Serial1	SUCCESS	Length 1: 5	
28001	0.00000223	ntvdm.exe	IRP_MJ_READ	Serial1	SUCCESS	Length 1: 5	
28014	0.00000363	ntvdm.exe	IRP_MJ_READ	Serial1	SUCCESS	Length 1: ,	
28019	0.00000196	ntvdm.exe	IRP_MJ_READ	Serial1	SUCCESS	Length 1: 5	
28024	0.00000196	ntvdm.exe	IRP_MJ_READ	Serial1	SUCCESS	Length 1: 1	
28029	0.00000223	ntvdm.exe	IRP_MJ_READ	Serial1	SUCCESS	Length 1: 2	
28034	0.00000223	ntvdm.exe	IRP_MJ_READ	Serial1	SUCCESS	Length 1: ,	
29342	0.00000391	ntvdm.exe	IRP_MJ_READ	Serial1	SUCCESS	Length 513: ...........~...................................~.........~.................~.........................................................................~...............~.....................~.........................~...................................~......................................................................................................................................................................................................................................................................2	
29352	0.00003017	ntvdm.exe	IRP_MJ_WRITE	Serial1	SUCCESS	Length 7: QW 105.	
29366	0.00000391	ntvdm.exe	IRP_MJ_READ	Serial1	SUCCESS	Length 2: 0.	
29373	0.00000223	ntvdm.exe	IRP_MJ_READ	Serial1	SUCCESS	Length 1: T	
29378	0.00000196	ntvdm.exe	IRP_MJ_READ	Serial1	SUCCESS	Length 1: e	
29383	0.00000196	ntvdm.exe	IRP_MJ_READ	Serial1	SUCCESS	Length 1: m	
29388	0.00000196	ntvdm.exe	IRP_MJ_READ	Serial1	SUCCESS	Length 1: p	
29393	0.00000196	ntvdm.exe	IRP_MJ_READ	Serial1	SUCCESS	Length 1: .	
29398	0.00000223	ntvdm.exe	IRP_MJ_READ	Serial1	SUCCESS	Length 1:  	
29403	0.00000223	ntvdm.exe	IRP_MJ_READ	Serial1	SUCCESS	Length 1: 2	
29408	0.00000196	ntvdm.exe	IRP_MJ_READ	Serial1	SUCCESS	Length 1: ,	
29413	0.00000223	ntvdm.exe	IRP_MJ_READ	Serial1	SUCCESS	Length 1: V	
29421	0.00000223	ntvdm.exe	IRP_MJ_READ	Serial1	SUCCESS	Length 1: ,	
29428	0.00000251	ntvdm.exe	IRP_MJ_READ	Serial1	SUCCESS	Length 1: s	
29433	0.00000196	ntvdm.exe	IRP_MJ_READ	Serial1	SUCCESS	Length 1: ,	
29438	0.00000196	ntvdm.exe	IRP_MJ_READ	Serial1	SUCCESS	Length 1: 0	
29443	0.00000196	ntvdm.exe	IRP_MJ_READ	Serial1	SUCCESS	Length 1: 0	
29448	0.00000196	ntvdm.exe	IRP_MJ_READ	Serial1	SUCCESS	Length 1: 0	
29453	0.00000196	ntvdm.exe	IRP_MJ_READ	Serial1	SUCCESS	Length 1: 0	
29458	0.00000223	ntvdm.exe	IRP_MJ_READ	Serial1	SUCCESS	Length 1: 0	
29463	0.00000335	ntvdm.exe	IRP_MJ_READ	Serial1	SUCCESS	Length 1: E	
29468	0.00000223	ntvdm.exe	IRP_MJ_READ	Serial1	SUCCESS	Length 1: +	
29473	0.00000223	ntvdm.exe	IRP_MJ_READ	Serial1	SUCCESS	Length 1: 0	
29478	0.00000196	ntvdm.exe	IRP_MJ_READ	Serial1	SUCCESS	Length 1: 0	
29483	0.00000196	ntvdm.exe	IRP_MJ_READ	Serial1	SUCCESS	Length 1: ,	
29488	0.00000223	ntvdm.exe	IRP_MJ_READ	Serial1	SUCCESS	Length 1: 0	
29493	0.00000223	ntvdm.exe	IRP_MJ_READ	Serial1	SUCCESS	Length 1: 0	
29498	0.00000196	ntvdm.exe	IRP_MJ_READ	Serial1	SUCCESS	Length 1: 0	
29503	0.00000196	ntvdm.exe	IRP_MJ_READ	Serial1	SUCCESS	Length 1: 0	
29511	0.00000279	ntvdm.exe	IRP_MJ_READ	Serial1	SUCCESS	Length 1: 0	
29518	0.00000196	ntvdm.exe	IRP_MJ_READ	Serial1	SUCCESS	Length 1: E	
29523	0.00000223	ntvdm.exe	IRP_MJ_READ	Serial1	SUCCESS	Length 1: +	
29528	0.00000196	ntvdm.exe	IRP_MJ_READ	Serial1	SUCCESS	Length 1: 0	
29533	0.00000223	ntvdm.exe	IRP_MJ_READ	Serial1	SUCCESS	Length 1: 0	
29538	0.00000223	ntvdm.exe	IRP_MJ_READ	Serial1	SUCCESS	Length 1: ,	
29543	0.00000196	ntvdm.exe	IRP_MJ_READ	Serial1	SUCCESS	Length 1: 0	
29548	0.00000223	ntvdm.exe	IRP_MJ_READ	Serial1	SUCCESS	Length 1: 0	
29553	0.00000223	ntvdm.exe	IRP_MJ_READ	Serial1	SUCCESS	Length 1: 2	
29561	0.00000279	ntvdm.exe	IRP_MJ_READ	Serial1	SUCCESS	Length 1: 0	
29571	0.00000223	ntvdm.exe	IRP_MJ_READ	Serial1	SUCCESS	Length 1: 0	
29576	0.00000223	ntvdm.exe	IRP_MJ_READ	Serial1	SUCCESS	Length 1: E	
29581	0.00000223	ntvdm.exe	IRP_MJ_READ	Serial1	SUCCESS	Length 1: -	
29586	0.00000196	ntvdm.exe	IRP_MJ_READ	Serial1	SUCCESS	Length 1: 0	
29591	0.00000223	ntvdm.exe	IRP_MJ_READ	Serial1	SUCCESS	Length 1: 3	
29596	0.00000223	ntvdm.exe	IRP_MJ_READ	Serial1	SUCCESS	Length 1: ,	
29601	0.00000223	ntvdm.exe	IRP_MJ_READ	Serial1	SUCCESS	Length 1: 0	
29606	0.00000196	ntvdm.exe	IRP_MJ_READ	Serial1	SUCCESS	Length 1: 0	
29611	0.00000223	ntvdm.exe	IRP_MJ_READ	Serial1	SUCCESS	Length 1: 2	
29616	0.00000223	ntvdm.exe	IRP_MJ_READ	Serial1	SUCCESS	Length 1: 0	
29621	0.00000223	ntvdm.exe	IRP_MJ_READ	Serial1	SUCCESS	Length 1: 0	
29626	0.00000223	ntvdm.exe	IRP_MJ_READ	Serial1	SUCCESS	Length 1: E	
29631	0.00000196	ntvdm.exe	IRP_MJ_READ	Serial1	SUCCESS	Length 1: -	
29636	0.00000196	ntvdm.exe	IRP_MJ_READ	Serial1	SUCCESS	Length 1: 0	
29641	0.00000196	ntvdm.exe	IRP_MJ_READ	Serial1	SUCCESS	Length 1: 7	
29646	0.00000223	ntvdm.exe	IRP_MJ_READ	Serial1	SUCCESS	Length 1: ,	
29651	0.00000223	ntvdm.exe	IRP_MJ_READ	Serial1	SUCCESS	Length 1: 2	
29657	0.00000223	ntvdm.exe	IRP_MJ_READ	Serial1	SUCCESS	Length 1: 5	
29662	0.00000196	ntvdm.exe	IRP_MJ_READ	Serial1	SUCCESS	Length 1: 5	
29667	0.00000196	ntvdm.exe	IRP_MJ_READ	Serial1	SUCCESS	Length 1: ,	
29672	0.00000223	ntvdm.exe	IRP_MJ_READ	Serial1	SUCCESS	Length 1: 5	
29677	0.00000196	ntvdm.exe	IRP_MJ_READ	Serial1	SUCCESS	Length 1: 1	
29682	0.00000196	ntvdm.exe	IRP_MJ_READ	Serial1	SUCCESS	Length 1: 2	
29687	0.00000196	ntvdm.exe	IRP_MJ_READ	Serial1	SUCCESS	Length 1: ,	
31322	0.00000475	ntvdm.exe	IRP_MJ_READ	Serial1	SUCCESS	Length 513: .................................................................................................................................................................................................................................................................................................................................................................................................................................................................................................................................	
31332	0.00002933	ntvdm.exe	IRP_MJ_WRITE	Serial1	SUCCESS	Length 7: QW 106.	
31343	0.00000391	ntvdm.exe	IRP_MJ_READ	Serial1	SUCCESS	Length 2: 2.	
31357	0.00002766	ntvdm.exe	IRP_MJ_WRITE	Serial1	SUCCESS	Length 7: QW 107.	
31368	0.00000391	ntvdm.exe	IRP_MJ_READ	Serial1	SUCCESS	Length 2: 2.	
31377	0.00002961	ntvdm.exe	IRP_MJ_WRITE	Serial1	SUCCESS	Length 7: QW 108.	
31388	0.00000363	ntvdm.exe	IRP_MJ_READ	Serial1	SUCCESS	Length 2: 2.	
31397	0.00002877	ntvdm.exe	IRP_MJ_WRITE	Serial1	SUCCESS	Length 7: QW 109.	
31408	0.00000391	ntvdm.exe	IRP_MJ_READ	Serial1	SUCCESS	Length 2: 2.	
31422	0.00002877	ntvdm.exe	IRP_MJ_WRITE	Serial1	SUCCESS	Length 7: QW 110.	
31433	0.00000363	ntvdm.exe	IRP_MJ_READ	Serial1	SUCCESS	Length 2: 2.	
31442	0.00002850	ntvdm.exe	IRP_MJ_WRITE	Serial1	SUCCESS	Length 7: QW 111.	
31453	0.00000363	ntvdm.exe	IRP_MJ_READ	Serial1	SUCCESS	Length 2: 2.	
