3	0.00003045	ntvdm.exe	IRP_MJ_WRITE	Serial1	SUCCESS	Length 7: 51 57 20 31 30 31 0D 	
14	0.00000363	ntvdm.exe	IRP_MJ_READ	Serial1	SUCCESS	Length 2: 30 0D 	
21	0.00000223	ntvdm.exe	IRP_MJ_READ	Serial1	SUCCESS	Length 1: 43 	
26	0.00000223	ntvdm.exe	IRP_MJ_READ	Serial1	SUCCESS	Length 1: 68 	
36	0.00000223	ntvdm.exe	IRP_MJ_READ	Serial1	SUCCESS	Length 1: 61 	
41	0.00000196	ntvdm.exe	IRP_MJ_READ	Serial1	SUCCESS	Length 1: 6E 	
46	0.00000196	ntvdm.exe	IRP_MJ_READ	Serial1	SUCCESS	Length 1: 6E 	
51	0.00000196	ntvdm.exe	IRP_MJ_READ	Serial1	SUCCESS	Length 1: 65 	
56	0.00000196	ntvdm.exe	IRP_MJ_READ	Serial1	SUCCESS	Length 1: 6C 	
61	0.00000196	ntvdm.exe	IRP_MJ_READ	Serial1	SUCCESS	Length 1: 20 	
66	0.00000196	ntvdm.exe	IRP_MJ_READ	Serial1	SUCCESS	Length 1: 41 	
71	0.00000223	ntvdm.exe	IRP_MJ_READ	Serial1	SUCCESS	Length 1: 2C 	
76	0.00000196	ntvdm.exe	IRP_MJ_READ	Serial1	SUCCESS	Length 1: 56 	
82	0.00000196	ntvdm.exe	IRP_MJ_READ	Serial1	SUCCESS	Length 1: 2C 	
839	0.00000223	ntvdm.exe	IRP_MJ_READ	Serial1	SUCCESS	Length 1: 73 	
846	0.00000223	ntvdm.exe	IRP_MJ_READ	Serial1	SUCCESS	Length 1: 2C 	
851	0.00000196	ntvdm.exe	IRP_MJ_READ	Serial1	SUCCESS	Length 1: 30 	
861	0.00000223	ntvdm.exe	IRP_MJ_READ	Serial1	SUCCESS	Length 1: 30 	
866	0.00000223	ntvdm.exe	IRP_MJ_READ	Serial1	SUCCESS	Length 1: 30 	
871	0.00000196	ntvdm.exe	IRP_MJ_READ	Serial1	SUCCESS	Length 1: 30 	
876	0.00000196	ntvdm.exe	IRP_MJ_READ	Serial1	SUCCESS	Length 1: 30 	
881	0.00000196	ntvdm.exe	IRP_MJ_READ	Serial1	SUCCESS	Length 1: 45 	
886	0.00000196	ntvdm.exe	IRP_MJ_READ	Serial1	SUCCESS	Length 1: 2B 	
891	0.00000196	ntvdm.exe	IRP_MJ_READ	Serial1	SUCCESS	Length 1: 30 	
896	0.00000223	ntvdm.exe	IRP_MJ_READ	Serial1	SUCCESS	Length 1: 30 	
901	0.00000223	ntvdm.exe	IRP_MJ_READ	Serial1	SUCCESS	Length 1: 2C 	
907	0.00000223	ntvdm.exe	IRP_MJ_READ	Serial1	SUCCESS	Length 1: 30 	
912	0.00000223	ntvdm.exe	IRP_MJ_READ	Serial1	SUCCESS	Length 1: 30 	
1782	0.00000251	ntvdm.exe	IRP_MJ_READ	Serial1	SUCCESS	Length 1: 30 	
1789	0.00000223	ntvdm.exe	IRP_MJ_READ	Serial1	SUCCESS	Length 1: 30 	
1794	0.00000196	ntvdm.exe	IRP_MJ_READ	Serial1	SUCCESS	Length 1: 30 	
1804	0.00000223	ntvdm.exe	IRP_MJ_READ	Serial1	SUCCESS	Length 1: 45 	
1809	0.00000196	ntvdm.exe	IRP_MJ_READ	Serial1	SUCCESS	Length 1: 2B 	
1814	0.00000196	ntvdm.exe	IRP_MJ_READ	Serial1	SUCCESS	Length 1: 30 	
1819	0.00000223	ntvdm.exe	IRP_MJ_READ	Serial1	SUCCESS	Length 1: 30 	
1824	0.00000223	ntvdm.exe	IRP_MJ_READ	Serial1	SUCCESS	Length 1: 2C 	
1829	0.00000223	ntvdm.exe	IRP_MJ_READ	Serial1	SUCCESS	Length 1: 30 	
1834	0.00000223	ntvdm.exe	IRP_MJ_READ	Serial1	SUCCESS	Length 1: 30 	
1839	0.00000223	ntvdm.exe	IRP_MJ_READ	Serial1	SUCCESS	Length 1: 32 	
1844	0.00000223	ntvdm.exe	IRP_MJ_READ	Serial1	SUCCESS	Length 1: 30 	
1850	0.00000223	ntvdm.exe	IRP_MJ_READ	Serial1	SUCCESS	Length 1: 30 	
1855	0.00000196	ntvdm.exe	IRP_MJ_READ	Serial1	SUCCESS	Length 1: 45 	
2720	0.00000251	ntvdm.exe	IRP_MJ_READ	Serial1	SUCCESS	Length 1: 2D 	
2725	0.00000196	ntvdm.exe	IRP_MJ_READ	Serial1	SUCCESS	Length 1: 30 	
2730	0.00000196	ntvdm.exe	IRP_MJ_READ	Serial1	SUCCESS	Length 1: 33 	
2740	0.00000223	ntvdm.exe	IRP_MJ_READ	Serial1	SUCCESS	Length 1: 2C 	
2745	0.00000223	ntvdm.exe	IRP_MJ_READ	Serial1	SUCCESS	Length 1: 30 	
2750	0.00000223	ntvdm.exe	IRP_MJ_READ	Serial1	SUCCESS	Length 1: 30 	
2755	0.00000223	ntvdm.exe	IRP_MJ_READ	Serial1	SUCCESS	Length 1: 32 	
2760	0.00000196	ntvdm.exe	IRP_MJ_READ	Serial1	SUCCESS	Length 1: 30 	
2765	0.00000196	ntvdm.exe	IRP_MJ_READ	Serial1	SUCCESS	Length 1: 30 	
2770	0.00000223	ntvdm.exe	IRP_MJ_READ	Serial1	SUCCESS	Length 1: 45 	
2775	0.00000223	ntvdm.exe	IRP_MJ_READ	Serial1	SUCCESS	Length 1: 2D 	
2780	0.00000196	ntvdm.exe	IRP_MJ_READ	Serial1	SUCCESS	Length 1: 30 	
2786	0.00000196	ntvdm.exe	IRP_MJ_READ	Serial1	SUCCESS	Length 1: 37 	
2791	0.00000196	ntvdm.exe	IRP_MJ_READ	Serial1	SUCCESS	Length 1: 2C 	
3426	0.00000391	ntvdm.exe	IRP_MJ_READ	Serial1	SUCCESS	Length 1: 32 	
3431	0.00000223	ntvdm.exe	IRP_MJ_READ	Serial1	SUCCESS	Length 1: 35 	
3436	0.00000223	ntvdm.exe	IRP_MJ_READ	Serial1	SUCCESS	Length 1: 35 	
3441	0.00000196	ntvdm.exe	IRP_MJ_READ	Serial1	SUCCESS	Length 1: 2C 	
3451	0.00000419	ntvdm.exe	IRP_MJ_READ	Serial1	SUCCESS	Length 1: 35 	
3456	0.00000196	ntvdm.exe	IRP_MJ_READ	Serial1	SUCCESS	Length 1: 31 	
3461	0.00000223	ntvdm.exe	IRP_MJ_READ	Serial1	SUCCESS	Length 1: 32 	
3466	0.00000196	ntvdm.exe	IRP_MJ_READ	Serial1	SUCCESS	Length 1: 2C 	
16066	0.00000447	ntvdm.exe	IRP_MJ_READ	Serial1	SUCCESS	Length 513: 81 81 80 81 80 7F 80 81 80 80 80 80 81 7F 80 80 80 80 80 80 80 80 80 80 80 80 80 81 81 80 80 80 80 81 80 80 80 80 80 81 80 80 80 80 81 80 80 80 80 80 80 80 81 80 81 80 80 7F 80 80 80 81 81 80 7F 81 80 80 80 7F 7F 80 80 80 80 80 80 81 80 7E 80 80 80 80 80 7F 80 7F 80 80 80 7F 7F 7F 81 80 80 80 80 80 7E 80 7F 80 80 80 7F 80 7F 81 7F 80 7F 80 80 80 7F 80 81 80 7F 80 80 80 80 81 80 7F 80 80 80 80 80 80 80 80 80 80 7F 80 80 80 7F 81 80 80 80 7E 80 80 80 7F 7F 81 80 80 81 80 81 80 80 80 80 80 80 7F 80 80 7F 80 80 80 80 80 80 80 7F 80 80 80 81 80 80 80 80 80 80 7F 80 80 80 80 80 7F 80 80 80 80 80 80 80 80 7F 7F 80 80 80 7F 80 80 7F 81 7F 80 7F 80 7F 7F 80 80 80 7F 80 80 80 80 80 80 7F 7F 80 80 80 80 80 80 80 7F 81 80 80 7F 7F 80 7F 80 80 80 7E 7F 7F 80 7F 80 80 80 80 80 80 80 7F 80 80 80 7F 7F 80 80 80 80 80 80 80 81 80 81 80 80 7F 80 80 80 80 80 80 80 81 80 7F 80 7F 80 7F 80 80 80 7F 80 80 80 80 80 80 80 80 80 81 80 80 80 80 80 80 80 7F 80 81 81 81 80 80 80 80 80 80 7F 80 7F 80 80 81 7F 80 7F 80 80 7F 80 81 80 80 80 80 80 80 80 80 80 7F 80 80 80 80 81 80 80 80 80 80 81 81 81 80 80 81 80 80 7F 80 7F 80 80 81 80 80 80 80 80 80 81 81 7F 80 80 81 80 80 81 80 7F 80 80 80 80 7E 80 80 80 80 80 80 80 81 81 80 81 80 80 7F 80 80 81 81 80 81 80 81 80 80 80 80 80 80 80 80 80 80 81 81 81 80 80 80 80 80 80 82 81 80 81 80 80 80 80 80 80 81 81 81 81 81 80 81 81 81 80 81 81 80 80 80 80 80 80 81 81 80 81 81 80 81 80 81 80 80 81 81 80 80 80 80 80 81 81 81 80 80 80 82 80 81 81 80 80 81 81 80 81 80 81 81 80 80 81 80 81 82 81 81 81 81 81 17 	
16076	0.00002961	ntvdm.exe	IRP_MJ_WRITE	Serial1	SUCCESS	Length 7: 51 57 20 31 30 32 0D 	
16087	0.00000391	ntvdm.exe	IRP_MJ_READ	Serial1	SUCCESS	Length 2: 30 0D 	
16094	0.00000251	ntvdm.exe	IRP_MJ_READ	Serial1	SUCCESS	Length 1: 43 	
16099	0.00000223	ntvdm.exe	IRP_MJ_READ	Serial1	SUCCESS	Length 1: 68 	
16109	0.00000223	ntvdm.exe	IRP_MJ_READ	Serial1	SUCCESS	Length 1: 61 	
16114	0.00000196	ntvdm.exe	IRP_MJ_READ	Serial1	SUCCESS	Length 1: 6E 	
16119	0.00000223	ntvdm.exe	IRP_MJ_READ	Serial1	SUCCESS	Length 1: 6E 	
16124	0.00000223	ntvdm.exe	IRP_MJ_READ	Serial1	SUCCESS	Length 1: 65 	
16129	0.00000196	ntvdm.exe	IRP_MJ_READ	Serial1	SUCCESS	Length 1: 6C 	
16134	0.00000196	ntvdm.exe	IRP_MJ_READ	Serial1	SUCCESS	Length 1: 20 	
16139	0.00000223	ntvdm.exe	IRP_MJ_READ	Serial1	SUCCESS	Length 1: 42 	
16144	0.00000223	ntvdm.exe	IRP_MJ_READ	Serial1	SUCCESS	Length 1: 2C 	
16149	0.00000196	ntvdm.exe	IRP_MJ_READ	Serial1	SUCCESS	Length 1: 56 	
16155	0.00000223	ntvdm.exe	IRP_MJ_READ	Serial1	SUCCESS	Length 1: 2C 	
17015	0.00000223	ntvdm.exe	IRP_MJ_READ	Serial1	SUCCESS	Length 1: 73 	
17020	0.00000223	ntvdm.exe	IRP_MJ_READ	Serial1	SUCCESS	Length 1: 2C 	
17025	0.00000223	ntvdm.exe	IRP_MJ_READ	Serial1	SUCCESS	Length 1: 30 	
17035	0.00000223	ntvdm.exe	IRP_MJ_READ	Serial1	SUCCESS	Length 1: 30 	
17040	0.00000196	ntvdm.exe	IRP_MJ_READ	Serial1	SUCCESS	Length 1: 30 	
17045	0.00000223	ntvdm.exe	IRP_MJ_READ	Serial1	SUCCESS	Length 1: 30 	
17050	0.00000223	ntvdm.exe	IRP_MJ_READ	Serial1	SUCCESS	Length 1: 30 	
17055	0.00000223	ntvdm.exe	IRP_MJ_READ	Serial1	SUCCESS	Length 1: 45 	
17060	0.00000196	ntvdm.exe	IRP_MJ_READ	Serial1	SUCCESS	Length 1: 2B 	
17065	0.00000196	ntvdm.exe	IRP_MJ_READ	Serial1	SUCCESS	Length 1: 30 	
17070	0.00000223	ntvdm.exe	IRP_MJ_READ	Serial1	SUCCESS	Length 1: 30 	
17075	0.00000196	ntvdm.exe	IRP_MJ_READ	Serial1	SUCCESS	Length 1: 2C 	
17081	0.00000223	ntvdm.exe	IRP_MJ_READ	Serial1	SUCCESS	Length 1: 30 	
17086	0.00000196	ntvdm.exe	IRP_MJ_READ	Serial1	SUCCESS	Length 1: 30 	
17499	0.00000251	ntvdm.exe	IRP_MJ_READ	Serial1	SUCCESS	Length 1: 30 	
17506	0.00000251	ntvdm.exe	IRP_MJ_READ	Serial1	SUCCESS	Length 1: 30 	
17511	0.00000223	ntvdm.exe	IRP_MJ_READ	Serial1	SUCCESS	Length 1: 30 	
17521	0.00000251	ntvdm.exe	IRP_MJ_READ	Serial1	SUCCESS	Length 1: 45 	
21520	0.00000363	ntvdm.exe	IRP_MJ_READ	Serial1	SUCCESS	Length 1: 2B 	
21527	0.00000251	ntvdm.exe	IRP_MJ_READ	Serial1	SUCCESS	Length 1: 30 	
21532	0.00000223	ntvdm.exe	IRP_MJ_READ	Serial1	SUCCESS	Length 1: 30 	
21542	0.00000223	ntvdm.exe	IRP_MJ_READ	Serial1	SUCCESS	Length 1: 2C 	
21547	0.00000196	ntvdm.exe	IRP_MJ_READ	Serial1	SUCCESS	Length 1: 30 	
21552	0.00000223	ntvdm.exe	IRP_MJ_READ	Serial1	SUCCESS	Length 1: 30 	
21557	0.00000223	ntvdm.exe	IRP_MJ_READ	Serial1	SUCCESS	Length 1: 32 	
21562	0.00000223	ntvdm.exe	IRP_MJ_READ	Serial1	SUCCESS	Length 1: 30 	
21567	0.00000223	ntvdm.exe	IRP_MJ_READ	Serial1	SUCCESS	Length 1: 30 	
21572	0.00000223	ntvdm.exe	IRP_MJ_READ	Serial1	SUCCESS	Length 1: 45 	
21577	0.00000223	ntvdm.exe	IRP_MJ_READ	Serial1	SUCCESS	Length 1: 2D 	
21582	0.00000223	ntvdm.exe	IRP_MJ_READ	Serial1	SUCCESS	Length 1: 30 	
21588	0.00000223	ntvdm.exe	IRP_MJ_READ	Serial1	SUCCESS	Length 1: 33 	
21593	0.00000196	ntvdm.exe	IRP_MJ_READ	Serial1	SUCCESS	Length 1: 2C 	
22449	0.00000223	ntvdm.exe	IRP_MJ_READ	Serial1	SUCCESS	Length 1: 30 	
22456	0.00000251	ntvdm.exe	IRP_MJ_READ	Serial1	SUCCESS	Length 1: 30 	
22461	0.00000196	ntvdm.exe	IRP_MJ_READ	Serial1	SUCCESS	Length 1: 32 	
22471	0.00000251	ntvdm.exe	IRP_MJ_READ	Serial1	SUCCESS	Length 1: 30 	
22476	0.00000223	ntvdm.exe	IRP_MJ_READ	Serial1	SUCCESS	Length 1: 30 	
22481	0.00000196	ntvdm.exe	IRP_MJ_READ	Serial1	SUCCESS	Length 1: 45 	
22486	0.00000196	ntvdm.exe	IRP_MJ_READ	Serial1	SUCCESS	Length 1: 2D 	
22491	0.00000196	ntvdm.exe	IRP_MJ_READ	Serial1	SUCCESS	Length 1: 30 	
22496	0.00000223	ntvdm.exe	IRP_MJ_READ	Serial1	SUCCESS	Length 1: 37 	
22501	0.00000196	ntvdm.exe	IRP_MJ_READ	Serial1	SUCCESS	Length 1: 2C 	
22506	0.00000196	ntvdm.exe	IRP_MJ_READ	Serial1	SUCCESS	Length 1: 32 	
22511	0.00000223	ntvdm.exe	IRP_MJ_READ	Serial1	SUCCESS	Length 1: 35 	
22517	0.00000223	ntvdm.exe	IRP_MJ_READ	Serial1	SUCCESS	Length 1: 35 	
22522	0.00000223	ntvdm.exe	IRP_MJ_READ	Serial1	SUCCESS	Length 1: 2C 	
23289	0.00000279	ntvdm.exe	IRP_MJ_READ	Serial1	SUCCESS	Length 1: 35 	
23294	0.00000223	ntvdm.exe	IRP_MJ_READ	Serial1	SUCCESS	Length 1: 31 	
23299	0.00000223	ntvdm.exe	IRP_MJ_READ	Serial1	SUCCESS	Length 1: 32 	
23309	0.00000223	ntvdm.exe	IRP_MJ_READ	Serial1	SUCCESS	Length 1: 2C 	
35272	0.00000419	ntvdm.exe	IRP_MJ_READ	Serial1	SUCCESS	Length 513: 81 80 80 80 81 80 80 80 80 80 80 81 80 81 80 81 81 7F 81 80 81 81 81 82 80 81 7F 80 80 80 80 80 80 80 81 7F 80 80 81 80 80 80 80 81 80 80 81 80 80 7F 80 80 80 81 80 80 81 80 80 81 80 7F 80 81 80 80 80 7F 80 80 80 80 81 80 80 7F 80 7F 80 81 80 7F 81 80 80 7F 80 81 80 7F 80 7F 80 80 80 80 7F 80 80 80 80 80 81 7F 80 81 7F 7F 81 80 80 80 80 80 80 80 80 80 80 7F 80 7F 7F 80 80 7F 80 80 80 80 7F 80 7F 7F 80 80 80 80 7F 80 81 80 80 80 7F 81 80 80 80 7F 81 80 80 80 80 80 80 80 7F 7F 81 80 81 7F 80 80 81 80 81 80 80 80 7F 80 80 80 81 80 80 80 80 81 80 80 80 80 80 80 81 80 80 80 7F 80 80 80 7F 80 80 81 80 80 80 80 80 7F 7F 80 80 80 80 80 80 7F 80 81 80 80 7F 80 80 7F 80 7F 80 80 80 80 80 81 80 80 80 81 81 80 81 80 80 7F 80 7F 80 80 80 80 7F 81 80 80 80 80 80 80 80 80 7F 80 80 80 80 80 80 7F 81 80 80 80 80 81 80 80 80 80 7F 7F 80 80 81 80 7F 80 7F 80 81 7F 80 7F 81 80 7F 80 80 7F 81 7F 80 7F 80 80 81 80 80 81 80 81 81 80 80 80 80 80 80 81 80 80 80 80 80 80 80 81 80 81 80 80 81 7F 81 7F 80 80 80 80 80 80 80 81 7F 80 80 81 80 80 80 80 81 80 81 80 80 81 80 80 81 81 7F 80 7F 80 80 7F 80 80 80 7F 80 81 80 81 80 7F 80 81 80 80 80 80 80 7F 80 80 80 81 81 81 80 80 80 80 81 80 80 80 81 81 81 80 81 80 81 80 81 7F 7F 80 80 81 80 80 80 80 81 80 80 81 81 80 80 80 80 80 80 81 80 80 80 80 81 80 81 80 81 81 81 81 7F 80 80 80 80 80 81 7F 81 80 81 81 80 80 81 80 80 80 82 80 81 80 81 82 80 80 81 80 80 81 80 80 81 81 81 81 80 82 81 81 80 80 81 81 81 80 81 81 81 81 81 81 82 80 81 81 81 82 81 81 81 80 82 81 80 81 81 81 81 80 81 81 81 80 81 81 4D 	
35279	0.00002989	ntvdm.exe	IRP_MJ_WRITE	Serial1	SUCCESS	Length 7: 51 57 20 31 30 33 0D 	
35290	0.00000391	ntvdm.exe	IRP_MJ_READ	Serial1	SUCCESS	Length 2: 32 0D 	
35304	0.00003101	ntvdm.exe	IRP_MJ_WRITE	Serial1	SUCCESS	Length 7: 51 57 20 31 30 34 0D 	
35315	0.00000419	ntvdm.exe	IRP_MJ_READ	Serial1	SUCCESS	Length 2: 30 0D 	
35322	0.00000223	ntvdm.exe	IRP_MJ_READ	Serial1	SUCCESS	Length 1: 54 	
35327	0.00000196	ntvdm.exe	IRP_MJ_READ	Serial1	SUCCESS	Length 1: 65 	
35337	0.00000251	ntvdm.exe	IRP_MJ_READ	Serial1	SUCCESS	Length 1: 6D 	
35342	0.00000223	ntvdm.exe	IRP_MJ_READ	Serial1	SUCCESS	Length 1: 70 	
35347	0.00000223	ntvdm.exe	IRP_MJ_READ	Serial1	SUCCESS	Length 1: 2E 	
35352	0.00000196	ntvdm.exe	IRP_MJ_READ	Serial1	SUCCESS	Length 1: 20 	
35357	0.00000196	ntvdm.exe	IRP_MJ_READ	Serial1	SUCCESS	Length 1: 31 	
35362	0.00000223	ntvdm.exe	IRP_MJ_READ	Serial1	SUCCESS	Length 1: 2C 	
35367	0.00000223	ntvdm.exe	IRP_MJ_READ	Serial1	SUCCESS	Length 1: 56 	
35372	0.00000196	ntvdm.exe	IRP_MJ_READ	Serial1	SUCCESS	Length 1: 2C 	
35377	0.00000196	ntvdm.exe	IRP_MJ_READ	Serial1	SUCCESS	Length 1: 73 	
35387	0.00000251	ntvdm.exe	IRP_MJ_READ	Serial1	SUCCESS	Length 1: 2C 	
35392	0.00000196	ntvdm.exe	IRP_MJ_READ	Serial1	SUCCESS	Length 1: 30 	
35397	0.00000223	ntvdm.exe	IRP_MJ_READ	Serial1	SUCCESS	Length 1: 30 	
35402	0.00000196	ntvdm.exe	IRP_MJ_READ	Serial1	SUCCESS	Length 1: 30 	
35407	0.00000223	ntvdm.exe	IRP_MJ_READ	Serial1	SUCCESS	Length 1: 30 	
35412	0.00000196	ntvdm.exe	IRP_MJ_READ	Serial1	SUCCESS	Length 1: 30 	
35417	0.00000223	ntvdm.exe	IRP_MJ_READ	Serial1	SUCCESS	Length 1: 45 	
35422	0.00000223	ntvdm.exe	IRP_MJ_READ	Serial1	SUCCESS	Length 1: 2B 	
35427	0.00000223	ntvdm.exe	IRP_MJ_READ	Serial1	SUCCESS	Length 1: 30 	
35440	0.00000251	ntvdm.exe	IRP_MJ_READ	Serial1	SUCCESS	Length 1: 30 	
35445	0.00000223	ntvdm.exe	IRP_MJ_READ	Serial1	SUCCESS	Length 1: 2C 	
35450	0.00000223	ntvdm.exe	IRP_MJ_READ	Serial1	SUCCESS	Length 1: 30 	
35455	0.00000196	ntvdm.exe	IRP_MJ_READ	Serial1	SUCCESS	Length 1: 30 	
35460	0.00000223	ntvdm.exe	IRP_MJ_READ	Serial1	SUCCESS	Length 1: 30 	
35465	0.00000223	ntvdm.exe	IRP_MJ_READ	Serial1	SUCCESS	Length 1: 30 	
35470	0.00000223	ntvdm.exe	IRP_MJ_READ	Serial1	SUCCESS	Length 1: 30 	
35475	0.00000196	ntvdm.exe	IRP_MJ_READ	Serial1	SUCCESS	Length 1: 45 	
35480	0.00000223	ntvdm.exe	IRP_MJ_READ	Serial1	SUCCESS	Length 1: 2B 	
35485	0.00000223	ntvdm.exe	IRP_MJ_READ	Serial1	SUCCESS	Length 1: 30 	
35490	0.00000223	ntvdm.exe	IRP_MJ_READ	Serial1	SUCCESS	Length 1: 30 	
35495	0.00000223	ntvdm.exe	IRP_MJ_READ	Serial1	SUCCESS	Length 1: 2C 	
35500	0.00000196	ntvdm.exe	IRP_MJ_READ	Serial1	SUCCESS	Length 1: 30 	
35505	0.00000196	ntvdm.exe	IRP_MJ_READ	Serial1	SUCCESS	Length 1: 30 	
35510	0.00000196	ntvdm.exe	IRP_MJ_READ	Serial1	SUCCESS	Length 1: 32 	
35515	0.00000196	ntvdm.exe	IRP_MJ_READ	Serial1	SUCCESS	Length 1: 30 	
35520	0.00000196	ntvdm.exe	IRP_MJ_READ	Serial1	SUCCESS	Length 1: 30 	
35528	0.00000223	ntvdm.exe	IRP_MJ_READ	Serial1	SUCCESS	Length 1: 45 	
35535	0.00000196	ntvdm.exe	IRP_MJ_READ	Serial1	SUCCESS	Length 1: 2D 	
35540	0.00000196	ntvdm.exe	IRP_MJ_READ	Serial1	SUCCESS	Length 1: 30 	
35545	0.00000196	ntvdm.exe	IRP_MJ_READ	Serial1	SUCCESS	Length 1: 33 	
35550	0.00000196	ntvdm.exe	IRP_MJ_READ	Serial1	SUCCESS	Length 1: 2C 	
35555	0.00000223	ntvdm.exe	IRP_MJ_READ	Serial1	SUCCESS	Length 1: 30 	
35560	0.00000196	ntvdm.exe	IRP_MJ_READ	Serial1	SUCCESS	Length 1: 30 	
35565	0.00000196	ntvdm.exe	IRP_MJ_READ	Serial1	SUCCESS	Length 1: 32 	
35570	0.00000196	ntvdm.exe	IRP_MJ_READ	Serial1	SUCCESS	Length 1: 30 	
35578	0.00000251	ntvdm.exe	IRP_MJ_READ	Serial1	SUCCESS	Length 1: 30 	
35585	0.00000196	ntvdm.exe	IRP_MJ_READ	Serial1	SUCCESS	Length 1: 45 	
35590	0.00000223	ntvdm.exe	IRP_MJ_READ	Serial1	SUCCESS	Length 1: 2D 	
35595	0.00000223	ntvdm.exe	IRP_MJ_READ	Serial1	SUCCESS	Length 1: 30 	
35600	0.00000196	ntvdm.exe	IRP_MJ_READ	Serial1	SUCCESS	Length 1: 37 	
35605	0.00000196	ntvdm.exe	IRP_MJ_READ	Serial1	SUCCESS	Length 1: 2C 	
35610	0.00000196	ntvdm.exe	IRP_MJ_READ	Serial1	SUCCESS	Length 1: 32 	
35615	0.00000223	ntvdm.exe	IRP_MJ_READ	Serial1	SUCCESS	Length 1: 35 	
35620	0.00000196	ntvdm.exe	IRP_MJ_READ	Serial1	SUCCESS	Length 1: 35 	
35628	0.00000251	ntvdm.exe	IRP_MJ_READ	Serial1	SUCCESS	Length 1: 2C 	
35635	0.00000223	ntvdm.exe	IRP_MJ_READ	Serial1	SUCCESS	Length 1: 35 	
35640	0.00000196	ntvdm.exe	IRP_MJ_READ	Serial1	SUCCESS	Length 1: 31 	
35645	0.00000196	ntvdm.exe	IRP_MJ_READ	Serial1	SUCCESS	Length 1: 32 	
35650	0.00000196	ntvdm.exe	IRP_MJ_READ	Serial1	SUCCESS	Length 1: 2C 	
45433	0.00000447	ntvdm.exe	IRP_MJ_READ	Serial1	SUCCESS	Length 513: 80 80 80 7F 80 7F 80 7F 7F 7F 80 7E 80 7F 80 7F 80 7F 80 7F 80 80 80 80 80 7F 80 7F 80 7F 80 7F 80 80 80 7F 80 7F 80 7F 81 80 81 7F 80 7F 7F 7E 80 80 80 80 80 80 80 7F 80 7E 80 80 81 80 81 7F 80 7F 80 80 7F 7F 80 80 80 80 80 7E 80 80 80 80 7F 7F 80 7F 80 80 80 7F 80 7F 80 80 80 80 81 80 80 80 7F 7F 80 80 80 80 80 80 7F 7F 80 7F 80 80 81 7F 80 7F 80 7F 7F 7F 80 80 80 80 80 80 80 80 80 80 80 80 80 80 80 80 80 80 80 7F 81 80 80 80 80 80 80 80 80 7E 81 80 80 7F 7F 7F 80 7F 80 80 80 80 80 7F 80 7E 80 80 80 7F 7F 7F 80 7F 80 7F 80 80 80 80 80 80 80 80 81 80 7F 7E 80 80 80 80 81 80 81 7F 81 80 81 80 80 80 80 7F 80 7F 80 80 80 80 80 80 80 7E 80 80 80 80 80 80 80 7F 80 80 80 80 80 7F 80 7F 81 7F 80 7F 80 7F 80 7F 80 80 80 80 80 80 80 80 80 7F 80 7E 80 80 81 80 80 80 81 80 80 80 7F 7F 80 80 81 80 81 80 80 7F 80 80 80 80 80 80 80 80 80 80 81 80 81 80 80 80 81 80 81 80 80 80 81 80 80 80 81 81 80 80 81 80 81 80 80 80 81 81 81 80 81 80 80 80 80 80 81 80 80 80 80 80 80 80 80 80 80 80 81 80 80 80 81 80 80 7F 81 80 81 80 80 80 81 80 81 80 80 80 81 80 81 80 81 80 81 80 81 80 80 80 81 81 80 80 80 80 81 80 81 80 81 80 80 80 81 80 81 80 80 80 81 81 81 81 81 80 81 80 81 80 80 80 81 81 81 81 81 80 81 80 81 80 81 80 81 80 82 81 81 80 80 80 81 80 81 81 82 81 80 80 81 80 81 80 81 80 82 80 80 80 82 80 81 80 81 80 81 81 81 81 81 80 81 80 81 80 81 81 82 81 81 7F 82 81 81 81 82 81 81 80 81 80 80 80 80 80 81 80 81 81 81 80 81 81 81 80 81 80 81 81 81 81 81 80 81 80 81 81 80 80 81 80 81 81 80 80 81 81 81 81 81 81 81 80 80 80 80 80 81 80 80 80 32 	
45440	0.00002542	ntvdm.exe	IRP_MJ_WRITE	Serial1	SUCCESS	Length 7: 51 57 20 31 30 35 0D 	
45451	0.00000363	ntvdm.exe	IRP_MJ_READ	Serial1	SUCCESS	Length 2: 30 0D 	
45458	0.00000223	ntvdm.exe	IRP_MJ_READ	Serial1	SUCCESS	Length 1: 54 	
45463	0.00000196	ntvdm.exe	IRP_MJ_READ	Serial1	SUCCESS	Length 1: 65 	
45468	0.00000196	ntvdm.exe	IRP_MJ_READ	Serial1	SUCCESS	Length 1: 6D 	
45473	0.00000223	ntvdm.exe	IRP_MJ_READ	Serial1	SUCCESS	Length 1: 70 	
45478	0.00000223	ntvdm.exe	IRP_MJ_READ	Serial1	SUCCESS	Length 1: 2E 	
45483	0.00000196	ntvdm.exe	IRP_MJ_READ	Serial1	SUCCESS	Length 1: 20 	
45488	0.00000223	ntvdm.exe	IRP_MJ_READ	Serial1	SUCCESS	Length 1: 32 	
45493	0.00000196	ntvdm.exe	IRP_MJ_READ	Serial1	SUCCESS	Length 1: 2C 	
45501	0.00000279	ntvdm.exe	IRP_MJ_READ	Serial1	SUCCESS	Length 1: 56 	
45508	0.00000223	ntvdm.exe	IRP_MJ_READ	Serial1	SUCCESS	Length 1: 2C 	
45513	0.00000196	ntvdm.exe	IRP_MJ_READ	Serial1	SUCCESS	Length 1: 73 	
45518	0.00000196	ntvdm.exe	IRP_MJ_READ	Serial1	SUCCESS	Length 1: 2C 	
45523	0.00000223	ntvdm.exe	IRP_MJ_READ	Serial1	SUCCESS	Length 1: 30 	
45528	0.00000196	ntvdm.exe	IRP_MJ_READ	Serial1	SUCCESS	Length 1: 30 	
45533	0.00000196	ntvdm.exe	IRP_MJ_READ	Serial1	SUCCESS	Length 1: 30 	
45538	0.00000223	ntvdm.exe	IRP_MJ_READ	Serial1	SUCCESS	Length 1: 30 	
45543	0.00000196	ntvdm.exe	IRP_MJ_READ	Serial1	SUCCESS	Length 1: 30 	
45548	0.00000223	ntvdm.exe	IRP_MJ_READ	Serial1	SUCCESS	Length 1: 45 	
45553	0.00000223	ntvdm.exe	IRP_MJ_READ	Serial1	SUCCESS	Length 1: 2B 	
45558	0.00000196	ntvdm.exe	IRP_MJ_READ	Serial1	SUCCESS	Length 1: 30 	
45563	0.00000223	ntvdm.exe	IRP_MJ_READ	Serial1	SUCCESS	Length 1: 30 	
45568	0.00000196	ntvdm.exe	IRP_MJ_READ	Serial1	SUCCESS	Length 1: 2C 	
45573	0.00000196	ntvdm.exe	IRP_MJ_READ	Serial1	SUCCESS	Length 1: 30 	
45578	0.00000223	ntvdm.exe	IRP_MJ_READ	Serial1	SUCCESS	Length 1: 30 	
45583	0.00000196	ntvdm.exe	IRP_MJ_READ	Serial1	SUCCESS	Length 1: 30 	
45588	0.00000559	ntvdm.exe	IRP_MJ_READ	Serial1	SUCCESS	Length 1: 30 	
45593	0.00000196	ntvdm.exe	IRP_MJ_READ	Serial1	SUCCESS	Length 1: 30 	
45598	0.00000196	ntvdm.exe	IRP_MJ_READ	Serial1	SUCCESS	Length 1: 45 	
45603	0.00000196	ntvdm.exe	IRP_MJ_READ	Serial1	SUCCESS	Length 1: 2B 	
45608	0.00000196	ntvdm.exe	IRP_MJ_READ	Serial1	SUCCESS	Length 1: 30 	
45613	0.00000196	ntvdm.exe	IRP_MJ_READ	Serial1	SUCCESS	Length 1: 30 	
45618	0.00000223	ntvdm.exe	IRP_MJ_READ	Serial1	SUCCESS	Length 1: 2C 	
45623	0.00000223	ntvdm.exe	IRP_MJ_READ	Serial1	SUCCESS	Length 1: 30 	
45628	0.00000223	ntvdm.exe	IRP_MJ_READ	Serial1	SUCCESS	Length 1: 30 	
45636	0.00000307	ntvdm.exe	IRP_MJ_READ	Serial1	SUCCESS	Length 1: 32 	
45643	0.00000223	ntvdm.exe	IRP_MJ_READ	Serial1	SUCCESS	Length 1: 30 	
45648	0.00000196	ntvdm.exe	IRP_MJ_READ	Serial1	SUCCESS	Length 1: 30 	
45653	0.00000223	ntvdm.exe	IRP_MJ_READ	Serial1	SUCCESS	Length 1: 45 	
45658	0.00000223	ntvdm.exe	IRP_MJ_READ	Serial1	SUCCESS	Length 1: 2D 	
45663	0.00000223	ntvdm.exe	IRP_MJ_READ	Serial1	SUCCESS	Length 1: 30 	
45668	0.00000196	ntvdm.exe	IRP_MJ_READ	Serial1	SUCCESS	Length 1: 33 	
45673	0.00000223	ntvdm.exe	IRP_MJ_READ	Serial1	SUCCESS	Length 1: 2C 	
45678	0.00000196	ntvdm.exe	IRP_MJ_READ	Serial1	SUCCESS	Length 1: 30 	
45686	0.00000307	ntvdm.exe	IRP_MJ_READ	Serial1	SUCCESS	Length 1: 30 	
45693	0.00000196	ntvdm.exe	IRP_MJ_READ	Serial1	SUCCESS	Length 1: 32 	
45698	0.00000223	ntvdm.exe	IRP_MJ_READ	Serial1	SUCCESS	Length 1: 30 	
45703	0.00000223	ntvdm.exe	IRP_MJ_READ	Serial1	SUCCESS	Length 1: 30 	
45708	0.00000223	ntvdm.exe	IRP_MJ_READ	Serial1	SUCCESS	Length 1: 45 	
45713	0.00000196	ntvdm.exe	IRP_MJ_READ	Serial1	SUCCESS	Length 1: 2D 	
45718	0.00000196	ntvdm.exe	IRP_MJ_READ	Serial1	SUCCESS	Length 1: 30 	
45723	0.00000196	ntvdm.exe	IRP_MJ_READ	Serial1	SUCCESS	Length 1: 37 	
45728	0.00000196	ntvdm.exe	IRP_MJ_READ	Serial1	SUCCESS	Length 1: 2C 	
45736	0.00000279	ntvdm.exe	IRP_MJ_READ	Serial1	SUCCESS	Length 1: 32 	
45743	0.00000196	ntvdm.exe	IRP_MJ_READ	Serial1	SUCCESS	Length 1: 35 	
45748	0.00000223	ntvdm.exe	IRP_MJ_READ	Serial1	SUCCESS	Length 1: 35 	
45753	0.00000223	ntvdm.exe	IRP_MJ_READ	Serial1	SUCCESS	Length 1: 2C 	
45758	0.00000196	ntvdm.exe	IRP_MJ_READ	Serial1	SUCCESS	Length 1: 35 	
45763	0.00000223	ntvdm.exe	IRP_MJ_READ	Serial1	SUCCESS	Length 1: 31 	
45768	0.00000223	ntvdm.exe	IRP_MJ_READ	Serial1	SUCCESS	Length 1: 32 	
45773	0.00000223	ntvdm.exe	IRP_MJ_READ	Serial1	SUCCESS	Length 1: 2C 	
47499	0.00000419	ntvdm.exe	IRP_MJ_READ	Serial1	SUCCESS	Length 513: 80 7F 81 80 82 7F 81 7F 81 80 81 7F 80 80 80 80 80 80 81 80 80 80 81 80 81 80 80 80 81 80 81 80 80 80 81 80 80 7F 80 80 80 80 81 7F 80 7F 81 81 80 80 80 80 80 7F 80 80 80 80 80 7F 80 80 80 80 81 81 81 7F 80 7F 80 80 81 80 80 80 80 80 80 80 80 7F 81 80 81 80 81 80 80 80 81 80 80 80 80 80 81 80 80 80 80 80 81 7F 80 7F 80 80 80 80 80 80 80 80 81 80 81 80 80 80 80 80 80 80 81 80 80 80 80 7F 80 7F 80 7F 80 80 80 80 80 80 80 80 80 7F 80 80 80 7F 81 7F 81 81 80 80 80 7F 80 7F 80 7F 80 80 80 80 81 80 81 80 80 80 80 80 80 80 80 80 81 7F 80 80 80 80 80 80 80 80 81 80 80 80 80 80 80 80 80 7F 80 7F 81 81 81 80 82 80 81 81 81 80 80 80 80 80 80 80 80 80 80 80 80 80 81 80 80 80 81 80 80 80 81 81 81 80 80 80 81 80 80 80 80 80 81 80 81 80 80 80 81 81 80 7F 81 7F 80 80 81 80 80 80 81 80 81 81 81 81 81 7F 81 80 80 80 81 7F 80 80 80 7F 81 81 81 80 80 80 81 80 81 81 80 80 81 81 81 81 81 81 81 80 81 80 81 80 81 80 81 80 81 81 81 81 80 80 81 80 81 81 81 80 81 80 81 80 81 80 80 80 80 7F 80 80 81 80 80 80 81 81 81 80 81 81 80 80 80 80 81 80 81 80 80 80 81 81 80 80 81 81 81 7F 81 80 80 80 81 81 81 80 81 80 81 80 81 81 81 80 80 80 81 80 82 81 81 80 82 81 81 80 81 80 81 81 81 80 82 80 82 81 81 7F 81 80 81 80 81 80 81 81 81 81 81 80 80 7F 81 81 81 80 81 80 81 81 82 81 81 81 81 81 81 80 82 80 81 81 81 80 81 81 81 80 81 80 81 81 81 80 81 80 80 80 81 80 81 81 81 80 81 81 81 80 81 81 80 80 80 80 81 81 81 80 81 80 81 81 81 80 82 81 81 80 81 80 81 80 80 80 81 80 81 80 81 81 81 80 81 80 81 80 81 81 81 81 81 81 81 80 81 80 81 80 81 80 81 81 81 81 AF 	
47506	0.00002933	ntvdm.exe	IRP_MJ_WRITE	Serial1	SUCCESS	Length 7: 51 57 20 31 30 36 0D 	
47517	0.00000363	ntvdm.exe	IRP_MJ_READ	Serial1	SUCCESS	Length 2: 32 0D 	
47531	0.00002850	ntvdm.exe	IRP_MJ_WRITE	Serial1	SUCCESS	Length 7: 51 57 20 31 30 37 0D 	
47542	0.00000391	ntvdm.exe	IRP_MJ_READ	Serial1	SUCCESS	Length 2: 32 0D 	
47556	0.00002794	ntvdm.exe	IRP_MJ_WRITE	Serial1	SUCCESS	Length 7: 51 57 20 31 30 38 0D 	
47567	0.00000335	ntvdm.exe	IRP_MJ_READ	Serial1	SUCCESS	Length 2: 32 0D 	
47576	0.00002877	ntvdm.exe	IRP_MJ_WRITE	Serial1	SUCCESS	Length 7: 51 57 20 31 30 39 0D 	
47587	0.00000391	ntvdm.exe	IRP_MJ_READ	Serial1	SUCCESS	Length 2: 32 0D 	
47601	0.00002905	ntvdm.exe	IRP_MJ_WRITE	Serial1	SUCCESS	Length 7: 51 57 20 31 31 30 0D 	
47612	0.00000391	ntvdm.exe	IRP_MJ_READ	Serial1	SUCCESS	Length 2: 32 0D 	
47626	0.00002766	ntvdm.exe	IRP_MJ_WRITE	Serial1	SUCCESS	Length 7: 51 57 20 31 31 31 0D 	
47637	0.00000391	ntvdm.exe	IRP_MJ_READ	Serial1	SUCCESS	Length 2: 32 0D 	
