3	0.00002486	ntvdm.exe	IRP_MJ_WRITE	Serial1	SUCCESS	Length 3: 51 53 0D 	
14	0.00000335	ntvdm.exe	IRP_MJ_READ	Serial1	SUCCESS	Length 2: 30 0D 	
25	0.00000223	ntvdm.exe	IRP_MJ_READ	Serial1	SUCCESS	Length 1: 31 	
30	0.00000196	ntvdm.exe	IRP_MJ_READ	Serial1	SUCCESS	Length 1: 2C 	
36	0.00000223	ntvdm.exe	IRP_MJ_READ	Serial1	SUCCESS	Length 1: 46 	
41	0.00000223	ntvdm.exe	IRP_MJ_READ	Serial1	SUCCESS	Length 1: 46 	
46	0.00000223	ntvdm.exe	IRP_MJ_READ	Serial1	SUCCESS	Length 1: 33 	
51	0.00000223	ntvdm.exe	IRP_MJ_READ	Serial1	SUCCESS	Length 1: 41 	
56	0.00000223	ntvdm.exe	IRP_MJ_READ	Serial1	SUCCESS	Length 1: 32 	
61	0.00000196	ntvdm.exe	IRP_MJ_READ	Serial1	SUCCESS	Length 1: 32 	
66	0.00000223	ntvdm.exe	IRP_MJ_READ	Serial1	SUCCESS	Length 1: 35 	
71	0.00000196	ntvdm.exe	IRP_MJ_READ	Serial1	SUCCESS	Length 1: 46 	
76	0.00000196	ntvdm.exe	IRP_MJ_READ	Serial1	SUCCESS	Length 1: 30 	
81	0.00000196	ntvdm.exe	IRP_MJ_READ	Serial1	SUCCESS	Length 1: 30 	
92	0.00000251	ntvdm.exe	IRP_MJ_READ	Serial1	SUCCESS	Length 1: 43 	
97	0.00000223	ntvdm.exe	IRP_MJ_READ	Serial1	SUCCESS	Length 1: 46 	
105	0.00000223	ntvdm.exe	IRP_MJ_READ	Serial1	SUCCESS	Length 1: 33 	
110	0.00000196	ntvdm.exe	IRP_MJ_READ	Serial1	SUCCESS	Length 1: 45 	
115	0.00000223	ntvdm.exe	IRP_MJ_READ	Serial1	SUCCESS	Length 1: 31 	
120	0.00000196	ntvdm.exe	IRP_MJ_READ	Serial1	SUCCESS	Length 1: 30 	
125	0.00000223	ntvdm.exe	IRP_MJ_READ	Serial1	SUCCESS	Length 1: 30 	
130	0.00000196	ntvdm.exe	IRP_MJ_READ	Serial1	SUCCESS	Length 1: 30 	
135	0.00000196	ntvdm.exe	IRP_MJ_READ	Serial1	SUCCESS	Length 1: 30 	
140	0.00000223	ntvdm.exe	IRP_MJ_READ	Serial1	SUCCESS	Length 1: 43 	
145	0.00000223	ntvdm.exe	IRP_MJ_READ	Serial1	SUCCESS	Length 1: 30 	
151	0.00000196	ntvdm.exe	IRP_MJ_READ	Serial1	SUCCESS	Length 1: 34 	
156	0.00000196	ntvdm.exe	IRP_MJ_READ	Serial1	SUCCESS	Length 1: 35 	
161	0.00000196	ntvdm.exe	IRP_MJ_READ	Serial1	SUCCESS	Length 1: 33 	
172	0.00000251	ntvdm.exe	IRP_MJ_READ	Serial1	SUCCESS	Length 1: 30 	
177	0.00000223	ntvdm.exe	IRP_MJ_READ	Serial1	SUCCESS	Length 1: 31 	
182	0.00000223	ntvdm.exe	IRP_MJ_READ	Serial1	SUCCESS	Length 1: 31 	
190	0.00000196	ntvdm.exe	IRP_MJ_READ	Serial1	SUCCESS	Length 1: 30 	
195	0.00000223	ntvdm.exe	IRP_MJ_READ	Serial1	SUCCESS	Length 1: 30 	
200	0.00000196	ntvdm.exe	IRP_MJ_READ	Serial1	SUCCESS	Length 1: 33 	
205	0.00000223	ntvdm.exe	IRP_MJ_READ	Serial1	SUCCESS	Length 1: 30 	
210	0.00000223	ntvdm.exe	IRP_MJ_READ	Serial1	SUCCESS	Length 1: 30 	
215	0.00000223	ntvdm.exe	IRP_MJ_READ	Serial1	SUCCESS	Length 1: 30 	
220	0.00000196	ntvdm.exe	IRP_MJ_READ	Serial1	SUCCESS	Length 1: 41 	
225	0.00000223	ntvdm.exe	IRP_MJ_READ	Serial1	SUCCESS	Length 1: 30 	
230	0.00000196	ntvdm.exe	IRP_MJ_READ	Serial1	SUCCESS	Length 1: 32 	
236	0.00000196	ntvdm.exe	IRP_MJ_READ	Serial1	SUCCESS	Length 1: 30 	
241	0.00000223	ntvdm.exe	IRP_MJ_READ	Serial1	SUCCESS	Length 1: 30 	
252	0.00000251	ntvdm.exe	IRP_MJ_READ	Serial1	SUCCESS	Length 1: 38 	
257	0.00000196	ntvdm.exe	IRP_MJ_READ	Serial1	SUCCESS	Length 1: 32 	
265	0.00000223	ntvdm.exe	IRP_MJ_READ	Serial1	SUCCESS	Length 1: 30 	
270	0.00000196	ntvdm.exe	IRP_MJ_READ	Serial1	SUCCESS	Length 1: 30 	
275	0.00000196	ntvdm.exe	IRP_MJ_READ	Serial1	SUCCESS	Length 1: 30 	
280	0.00000196	ntvdm.exe	IRP_MJ_READ	Serial1	SUCCESS	Length 1: 30 	
285	0.00000196	ntvdm.exe	IRP_MJ_READ	Serial1	SUCCESS	Length 1: 30 	
290	0.00000196	ntvdm.exe	IRP_MJ_READ	Serial1	SUCCESS	Length 1: 30 	
295	0.00000196	ntvdm.exe	IRP_MJ_READ	Serial1	SUCCESS	Length 1: 38 	
300	0.00000196	ntvdm.exe	IRP_MJ_READ	Serial1	SUCCESS	Length 1: 41 	
305	0.00000223	ntvdm.exe	IRP_MJ_READ	Serial1	SUCCESS	Length 1: 30 	
311	0.00000196	ntvdm.exe	IRP_MJ_READ	Serial1	SUCCESS	Length 1: 30 	
316	0.00000196	ntvdm.exe	IRP_MJ_READ	Serial1	SUCCESS	Length 1: 30 	
321	0.00000196	ntvdm.exe	IRP_MJ_READ	Serial1	SUCCESS	Length 1: 30 	
332	0.00000251	ntvdm.exe	IRP_MJ_READ	Serial1	SUCCESS	Length 1: 32 	
337	0.00000223	ntvdm.exe	IRP_MJ_READ	Serial1	SUCCESS	Length 1: 31 	
342	0.00000223	ntvdm.exe	IRP_MJ_READ	Serial1	SUCCESS	Length 1: 30 	
350	0.00000223	ntvdm.exe	IRP_MJ_READ	Serial1	SUCCESS	Length 1: 30 	
355	0.00000223	ntvdm.exe	IRP_MJ_READ	Serial1	SUCCESS	Length 1: 30 	
360	0.00000196	ntvdm.exe	IRP_MJ_READ	Serial1	SUCCESS	Length 1: 32 	
365	0.00000196	ntvdm.exe	IRP_MJ_READ	Serial1	SUCCESS	Length 1: 37 	
370	0.00000223	ntvdm.exe	IRP_MJ_READ	Serial1	SUCCESS	Length 1: 34 	
375	0.00000196	ntvdm.exe	IRP_MJ_READ	Serial1	SUCCESS	Length 1: 30 	
380	0.00000223	ntvdm.exe	IRP_MJ_READ	Serial1	SUCCESS	Length 1: 30 	
385	0.00000196	ntvdm.exe	IRP_MJ_READ	Serial1	SUCCESS	Length 1: 32 	
390	0.00000196	ntvdm.exe	IRP_MJ_READ	Serial1	SUCCESS	Length 1: 32 	
396	0.00000223	ntvdm.exe	IRP_MJ_READ	Serial1	SUCCESS	Length 1: 32 	
401	0.00000196	ntvdm.exe	IRP_MJ_READ	Serial1	SUCCESS	Length 1: 31 	
412	0.00000223	ntvdm.exe	IRP_MJ_READ	Serial1	SUCCESS	Length 1: 33 	
417	0.00000196	ntvdm.exe	IRP_MJ_READ	Serial1	SUCCESS	Length 1: 37 	
425	0.00000223	ntvdm.exe	IRP_MJ_READ	Serial1	SUCCESS	Length 1: 38 	
430	0.00000223	ntvdm.exe	IRP_MJ_READ	Serial1	SUCCESS	Length 1: 38 	
435	0.00000196	ntvdm.exe	IRP_MJ_READ	Serial1	SUCCESS	Length 1: 31 	
440	0.00000196	ntvdm.exe	IRP_MJ_READ	Serial1	SUCCESS	Length 1: 31 	
445	0.00000196	ntvdm.exe	IRP_MJ_READ	Serial1	SUCCESS	Length 1: 30 	
450	0.00000196	ntvdm.exe	IRP_MJ_READ	Serial1	SUCCESS	Length 1: 32 	
455	0.00000196	ntvdm.exe	IRP_MJ_READ	Serial1	SUCCESS	Length 1: 31 	
460	0.00000223	ntvdm.exe	IRP_MJ_READ	Serial1	SUCCESS	Length 1: 43 	
466	0.00000223	ntvdm.exe	IRP_MJ_READ	Serial1	SUCCESS	Length 1: 30 	
471	0.00000223	ntvdm.exe	IRP_MJ_READ	Serial1	SUCCESS	Length 1: 30 	
476	0.00000223	ntvdm.exe	IRP_MJ_READ	Serial1	SUCCESS	Length 1: 31 	
481	0.00000196	ntvdm.exe	IRP_MJ_READ	Serial1	SUCCESS	Length 1: 32 	
492	0.00000223	ntvdm.exe	IRP_MJ_READ	Serial1	SUCCESS	Length 1: 38 	
497	0.00000196	ntvdm.exe	IRP_MJ_READ	Serial1	SUCCESS	Length 1: 30 	
505	0.00000223	ntvdm.exe	IRP_MJ_READ	Serial1	SUCCESS	Length 1: 38 	
510	0.00000196	ntvdm.exe	IRP_MJ_READ	Serial1	SUCCESS	Length 1: 30 	
515	0.00000223	ntvdm.exe	IRP_MJ_READ	Serial1	SUCCESS	Length 1: 38 	
520	0.00000196	ntvdm.exe	IRP_MJ_READ	Serial1	SUCCESS	Length 1: 30 	
525	0.00000196	ntvdm.exe	IRP_MJ_READ	Serial1	SUCCESS	Length 1: 38 	
530	0.00000196	ntvdm.exe	IRP_MJ_READ	Serial1	SUCCESS	Length 1: 30 	
535	0.00000223	ntvdm.exe	IRP_MJ_READ	Serial1	SUCCESS	Length 1: 38 	
540	0.00000196	ntvdm.exe	IRP_MJ_READ	Serial1	SUCCESS	Length 1: 30 	
545	0.00000196	ntvdm.exe	IRP_MJ_READ	Serial1	SUCCESS	Length 1: 38 	
551	0.00000223	ntvdm.exe	IRP_MJ_READ	Serial1	SUCCESS	Length 1: 30 	
556	0.00000223	ntvdm.exe	IRP_MJ_READ	Serial1	SUCCESS	Length 1: 38 	
561	0.00000196	ntvdm.exe	IRP_MJ_READ	Serial1	SUCCESS	Length 1: 30 	
572	0.00000251	ntvdm.exe	IRP_MJ_READ	Serial1	SUCCESS	Length 1: 38 	
577	0.00000196	ntvdm.exe	IRP_MJ_READ	Serial1	SUCCESS	Length 1: 30 	
585	0.00000223	ntvdm.exe	IRP_MJ_READ	Serial1	SUCCESS	Length 1: 38 	
590	0.00000196	ntvdm.exe	IRP_MJ_READ	Serial1	SUCCESS	Length 1: 30 	
595	0.00000223	ntvdm.exe	IRP_MJ_READ	Serial1	SUCCESS	Length 1: 38 	
600	0.00000196	ntvdm.exe	IRP_MJ_READ	Serial1	SUCCESS	Length 1: 30 	
605	0.00000223	ntvdm.exe	IRP_MJ_READ	Serial1	SUCCESS	Length 1: 38 	
610	0.00000196	ntvdm.exe	IRP_MJ_READ	Serial1	SUCCESS	Length 1: 30 	
615	0.00000196	ntvdm.exe	IRP_MJ_READ	Serial1	SUCCESS	Length 1: 38 	
620	0.00000196	ntvdm.exe	IRP_MJ_READ	Serial1	SUCCESS	Length 1: 30 	
625	0.00000196	ntvdm.exe	IRP_MJ_READ	Serial1	SUCCESS	Length 1: 30 	
631	0.00000223	ntvdm.exe	IRP_MJ_READ	Serial1	SUCCESS	Length 1: 46 	
636	0.00000223	ntvdm.exe	IRP_MJ_READ	Serial1	SUCCESS	Length 1: 42 	
641	0.00000196	ntvdm.exe	IRP_MJ_READ	Serial1	SUCCESS	Length 1: 37 	
652	0.00000251	ntvdm.exe	IRP_MJ_READ	Serial1	SUCCESS	Length 1: 30 	
657	0.00000223	ntvdm.exe	IRP_MJ_READ	Serial1	SUCCESS	Length 1: 30 	
662	0.00000223	ntvdm.exe	IRP_MJ_READ	Serial1	SUCCESS	Length 1: 30 	
670	0.00000223	ntvdm.exe	IRP_MJ_READ	Serial1	SUCCESS	Length 1: 31 	
675	0.00000223	ntvdm.exe	IRP_MJ_READ	Serial1	SUCCESS	Length 1: 30 	
680	0.00000223	ntvdm.exe	IRP_MJ_READ	Serial1	SUCCESS	Length 1: 43 	
685	0.00000223	ntvdm.exe	IRP_MJ_READ	Serial1	SUCCESS	Length 1: 31 	
690	0.00000196	ntvdm.exe	IRP_MJ_READ	Serial1	SUCCESS	Length 1: 46 	
695	0.00000196	ntvdm.exe	IRP_MJ_READ	Serial1	SUCCESS	Length 1: 32 	
700	0.00000223	ntvdm.exe	IRP_MJ_READ	Serial1	SUCCESS	Length 1: 31 	
706	0.00000251	ntvdm.exe	IRP_MJ_READ	Serial1	SUCCESS	Length 1: 30 	
711	0.00000196	ntvdm.exe	IRP_MJ_READ	Serial1	SUCCESS	Length 1: 30 	
716	0.00000223	ntvdm.exe	IRP_MJ_READ	Serial1	SUCCESS	Length 1: 30 	
721	0.00000196	ntvdm.exe	IRP_MJ_READ	Serial1	SUCCESS	Length 1: 30 	
732	0.00000223	ntvdm.exe	IRP_MJ_READ	Serial1	SUCCESS	Length 1: 30 	
737	0.00000196	ntvdm.exe	IRP_MJ_READ	Serial1	SUCCESS	Length 1: 30 	
742	0.00000223	ntvdm.exe	IRP_MJ_READ	Serial1	SUCCESS	Length 1: 30 	
747	0.00000196	ntvdm.exe	IRP_MJ_READ	Serial1	SUCCESS	Length 1: 31 	
755	0.00000223	ntvdm.exe	IRP_MJ_READ	Serial1	SUCCESS	Length 1: 30 	
760	0.00000223	ntvdm.exe	IRP_MJ_READ	Serial1	SUCCESS	Length 1: 30 	
765	0.00000196	ntvdm.exe	IRP_MJ_READ	Serial1	SUCCESS	Length 1: 30 	
770	0.00000196	ntvdm.exe	IRP_MJ_READ	Serial1	SUCCESS	Length 1: 30 	
775	0.00000223	ntvdm.exe	IRP_MJ_READ	Serial1	SUCCESS	Length 1: 30 	
780	0.00000223	ntvdm.exe	IRP_MJ_READ	Serial1	SUCCESS	Length 1: 32 	
785	0.00000196	ntvdm.exe	IRP_MJ_READ	Serial1	SUCCESS	Length 1: 30 	
790	0.00000196	ntvdm.exe	IRP_MJ_READ	Serial1	SUCCESS	Length 1: 30 	
795	0.00000223	ntvdm.exe	IRP_MJ_READ	Serial1	SUCCESS	Length 1: 30 	
801	0.00000196	ntvdm.exe	IRP_MJ_READ	Serial1	SUCCESS	Length 1: 32 	
812	0.00000223	ntvdm.exe	IRP_MJ_READ	Serial1	SUCCESS	Length 1: 30 	
817	0.00000196	ntvdm.exe	IRP_MJ_READ	Serial1	SUCCESS	Length 1: 30 	
822	0.00000196	ntvdm.exe	IRP_MJ_READ	Serial1	SUCCESS	Length 1: 30 	
830	0.00000196	ntvdm.exe	IRP_MJ_READ	Serial1	SUCCESS	Length 1: 30 	
835	0.00000196	ntvdm.exe	IRP_MJ_READ	Serial1	SUCCESS	Length 1: 30 	
840	0.00000223	ntvdm.exe	IRP_MJ_READ	Serial1	SUCCESS	Length 1: 30 	
845	0.00000196	ntvdm.exe	IRP_MJ_READ	Serial1	SUCCESS	Length 1: 30 	
850	0.00000196	ntvdm.exe	IRP_MJ_READ	Serial1	SUCCESS	Length 1: 30 	
855	0.00000223	ntvdm.exe	IRP_MJ_READ	Serial1	SUCCESS	Length 1: 30 	
860	0.00000196	ntvdm.exe	IRP_MJ_READ	Serial1	SUCCESS	Length 1: 30 	
865	0.00000223	ntvdm.exe	IRP_MJ_READ	Serial1	SUCCESS	Length 1: 30 	
870	0.00000196	ntvdm.exe	IRP_MJ_READ	Serial1	SUCCESS	Length 1: 30 	
876	0.00000196	ntvdm.exe	IRP_MJ_READ	Serial1	SUCCESS	Length 1: 30 	
881	0.00000196	ntvdm.exe	IRP_MJ_READ	Serial1	SUCCESS	Length 1: 30 	
892	0.00000251	ntvdm.exe	IRP_MJ_READ	Serial1	SUCCESS	Length 1: 30 	
897	0.00000196	ntvdm.exe	IRP_MJ_READ	Serial1	SUCCESS	Length 1: 30 	
905	0.00000223	ntvdm.exe	IRP_MJ_READ	Serial1	SUCCESS	Length 1: 30 	
910	0.00000196	ntvdm.exe	IRP_MJ_READ	Serial1	SUCCESS	Length 1: 30 	
915	0.00000196	ntvdm.exe	IRP_MJ_READ	Serial1	SUCCESS	Length 1: 30 	
920	0.00000223	ntvdm.exe	IRP_MJ_READ	Serial1	SUCCESS	Length 1: 30 	
925	0.00000223	ntvdm.exe	IRP_MJ_READ	Serial1	SUCCESS	Length 1: 30 	
930	0.00000223	ntvdm.exe	IRP_MJ_READ	Serial1	SUCCESS	Length 1: 30 	
935	0.00000223	ntvdm.exe	IRP_MJ_READ	Serial1	SUCCESS	Length 1: 30 	
940	0.00000196	ntvdm.exe	IRP_MJ_READ	Serial1	SUCCESS	Length 1: 30 	
945	0.00000223	ntvdm.exe	IRP_MJ_READ	Serial1	SUCCESS	Length 1: 30 	
951	0.00000196	ntvdm.exe	IRP_MJ_READ	Serial1	SUCCESS	Length 1: 30 	
956	0.00000196	ntvdm.exe	IRP_MJ_READ	Serial1	SUCCESS	Length 1: 30 	
961	0.00000196	ntvdm.exe	IRP_MJ_READ	Serial1	SUCCESS	Length 1: 30 	
972	0.00000223	ntvdm.exe	IRP_MJ_READ	Serial1	SUCCESS	Length 1: 30 	
977	0.00000223	ntvdm.exe	IRP_MJ_READ	Serial1	SUCCESS	Length 1: 30 	
982	0.00000196	ntvdm.exe	IRP_MJ_READ	Serial1	SUCCESS	Length 1: 30 	
990	0.00000196	ntvdm.exe	IRP_MJ_READ	Serial1	SUCCESS	Length 1: 30 	
995	0.00000223	ntvdm.exe	IRP_MJ_READ	Serial1	SUCCESS	Length 1: 30 	
1000	0.00000223	ntvdm.exe	IRP_MJ_READ	Serial1	SUCCESS	Length 1: 30 	
1005	0.00000223	ntvdm.exe	IRP_MJ_READ	Serial1	SUCCESS	Length 1: 30 	
1010	0.00000223	ntvdm.exe	IRP_MJ_READ	Serial1	SUCCESS	Length 1: 30 	
1015	0.00000196	ntvdm.exe	IRP_MJ_READ	Serial1	SUCCESS	Length 1: 30 	
1020	0.00000196	ntvdm.exe	IRP_MJ_READ	Serial1	SUCCESS	Length 1: 30 	
1025	0.00000223	ntvdm.exe	IRP_MJ_READ	Serial1	SUCCESS	Length 1: 30 	
1030	0.00000196	ntvdm.exe	IRP_MJ_READ	Serial1	SUCCESS	Length 1: 30 	
1036	0.00000223	ntvdm.exe	IRP_MJ_READ	Serial1	SUCCESS	Length 1: 30 	
1041	0.00000196	ntvdm.exe	IRP_MJ_READ	Serial1	SUCCESS	Length 1: 30 	
1052	0.00000447	ntvdm.exe	IRP_MJ_READ	Serial1	SUCCESS	Length 1: 30 	
1057	0.00000223	ntvdm.exe	IRP_MJ_READ	Serial1	SUCCESS	Length 1: 30 	
1062	0.00000223	ntvdm.exe	IRP_MJ_READ	Serial1	SUCCESS	Length 1: 30 	
1070	0.00000251	ntvdm.exe	IRP_MJ_READ	Serial1	SUCCESS	Length 1: 30 	
1075	0.00000223	ntvdm.exe	IRP_MJ_READ	Serial1	SUCCESS	Length 1: 30 	
1080	0.00000223	ntvdm.exe	IRP_MJ_READ	Serial1	SUCCESS	Length 1: 30 	
1085	0.00000223	ntvdm.exe	IRP_MJ_READ	Serial1	SUCCESS	Length 1: 30 	
1090	0.00000223	ntvdm.exe	IRP_MJ_READ	Serial1	SUCCESS	Length 1: 30 	
1095	0.00000223	ntvdm.exe	IRP_MJ_READ	Serial1	SUCCESS	Length 1: 30 	
1100	0.00000223	ntvdm.exe	IRP_MJ_READ	Serial1	SUCCESS	Length 1: 30 	
1105	0.00000223	ntvdm.exe	IRP_MJ_READ	Serial1	SUCCESS	Length 1: 30 	
1110	0.00000223	ntvdm.exe	IRP_MJ_READ	Serial1	SUCCESS	Length 1: 30 	
1116	0.00000335	ntvdm.exe	IRP_MJ_READ	Serial1	SUCCESS	Length 1: 30 	
1121	0.00000223	ntvdm.exe	IRP_MJ_READ	Serial1	SUCCESS	Length 1: 32 	
1126	0.00000223	ntvdm.exe	IRP_MJ_READ	Serial1	SUCCESS	Length 1: 46 	
1131	0.00000196	ntvdm.exe	IRP_MJ_READ	Serial1	SUCCESS	Length 1: 46 	
1136	0.00000223	ntvdm.exe	IRP_MJ_READ	Serial1	SUCCESS	Length 1: 32 	
1141	0.00000196	ntvdm.exe	IRP_MJ_READ	Serial1	SUCCESS	Length 1: 46 	
1146	0.00000223	ntvdm.exe	IRP_MJ_READ	Serial1	SUCCESS	Length 1: 32 	
1151	0.00000196	ntvdm.exe	IRP_MJ_READ	Serial1	SUCCESS	Length 1: 35 	
1156	0.00000223	ntvdm.exe	IRP_MJ_READ	Serial1	SUCCESS	Length 1: 32 	
1161	0.00000307	ntvdm.exe	IRP_MJ_READ	Serial1	SUCCESS	Length 1: 46 	
1166	0.00000196	ntvdm.exe	IRP_MJ_READ	Serial1	SUCCESS	Length 1: 30 	
1171	0.00000223	ntvdm.exe	IRP_MJ_READ	Serial1	SUCCESS	Length 1: 30 	
1176	0.00000196	ntvdm.exe	IRP_MJ_READ	Serial1	SUCCESS	Length 1: 30 	
1181	0.00000223	ntvdm.exe	IRP_MJ_READ	Serial1	SUCCESS	Length 1: 30 	
1186	0.00000196	ntvdm.exe	IRP_MJ_READ	Serial1	SUCCESS	Length 1: 30 	
1191	0.00000196	ntvdm.exe	IRP_MJ_READ	Serial1	SUCCESS	Length 1: 30 	
1196	0.00000223	ntvdm.exe	IRP_MJ_READ	Serial1	SUCCESS	Length 1: 30 	
1201	0.00000196	ntvdm.exe	IRP_MJ_READ	Serial1	SUCCESS	Length 1: 35 	
1206	0.00000307	ntvdm.exe	IRP_MJ_READ	Serial1	SUCCESS	Length 1: 43 	
1211	0.00000223	ntvdm.exe	IRP_MJ_READ	Serial1	SUCCESS	Length 1: 42 	
1216	0.00000196	ntvdm.exe	IRP_MJ_READ	Serial1	SUCCESS	Length 1: 30 	
1221	0.00000196	ntvdm.exe	IRP_MJ_READ	Serial1	SUCCESS	Length 1: 43 	
1226	0.00000223	ntvdm.exe	IRP_MJ_READ	Serial1	SUCCESS	Length 1: 46 	
1231	0.00000223	ntvdm.exe	IRP_MJ_READ	Serial1	SUCCESS	Length 1: 44 	
1236	0.00000223	ntvdm.exe	IRP_MJ_READ	Serial1	SUCCESS	Length 1: 30 	
1241	0.00000223	ntvdm.exe	IRP_MJ_READ	Serial1	SUCCESS	Length 1: 30 	
1246	0.00000279	ntvdm.exe	IRP_MJ_READ	Serial1	SUCCESS	Length 1: 45 	
1251	0.00000223	ntvdm.exe	IRP_MJ_READ	Serial1	SUCCESS	Length 1: 38 	
1256	0.00000223	ntvdm.exe	IRP_MJ_READ	Serial1	SUCCESS	Length 1: 30 	
1261	0.00000223	ntvdm.exe	IRP_MJ_READ	Serial1	SUCCESS	Length 1: 33 	
1266	0.00000196	ntvdm.exe	IRP_MJ_READ	Serial1	SUCCESS	Length 1: 46 	
1271	0.00000196	ntvdm.exe	IRP_MJ_READ	Serial1	SUCCESS	Length 1: 39 	
1276	0.00000196	ntvdm.exe	IRP_MJ_READ	Serial1	SUCCESS	Length 1: 30 	
1281	0.00000196	ntvdm.exe	IRP_MJ_READ	Serial1	SUCCESS	Length 1: 32 	
1286	0.00000223	ntvdm.exe	IRP_MJ_READ	Serial1	SUCCESS	Length 1: 42 	
1291	0.00000251	ntvdm.exe	IRP_MJ_READ	Serial1	SUCCESS	Length 1: 46 	
1296	0.00000223	ntvdm.exe	IRP_MJ_READ	Serial1	SUCCESS	Length 1: 31 	
1301	0.00000196	ntvdm.exe	IRP_MJ_READ	Serial1	SUCCESS	Length 1: 44 	
1306	0.00000196	ntvdm.exe	IRP_MJ_READ	Serial1	SUCCESS	Length 1: 46 	
1311	0.00000223	ntvdm.exe	IRP_MJ_READ	Serial1	SUCCESS	Length 1: 42 	
1316	0.00000223	ntvdm.exe	IRP_MJ_READ	Serial1	SUCCESS	Length 1: 30 	
1321	0.00000223	ntvdm.exe	IRP_MJ_READ	Serial1	SUCCESS	Length 1: 31 	
1326	0.00000223	ntvdm.exe	IRP_MJ_READ	Serial1	SUCCESS	Length 1: 0D 	
