0	0.00006202	ntvdm.exe	IRP_MJ_CREATE	Serial1	SUCCESS	Options: Open 	
1	0.00000559	ntvdm.exe	IOCTL_SERIAL_SET_QUEUE_SIZE	Serial1	SUCCESS	InSize: 12288 OutSize: 512	
2	0.00000196	ntvdm.exe	IOCTL_SERIAL_SET_TIMEOUTS	Serial1	SUCCESS	RI:-1 RM:0 RC:0 WM:0 WC:65000	
3	0.00000168	ntvdm.exe	IOCTL_SERIAL_GET_BAUD_RATE	Serial1	SUCCESS		
4	0.00000140	ntvdm.exe	IOCTL_SERIAL_GET_LINE_CONTROL	Serial1	SUCCESS		
5	0.00000168	ntvdm.exe	IOCTL_SERIAL_GET_CHARS	Serial1	SUCCESS		
6	0.00000140	ntvdm.exe	IOCTL_SERIAL_GET_HANDFLOW	Serial1	SUCCESS		
7	0.00000894	ntvdm.exe	IOCTL_SERIAL_SET_BAUD_RATE	Serial1	SUCCESS	Rate: 9600	
8	0.00000168	ntvdm.exe	IOCTL_SERIAL_SET_RTS	Serial1	INVALID PARAMETER		
9	0.00000447	ntvdm.exe	IOCTL_SERIAL_SET_DTR	Serial1	SUCCESS		
10	0.00000307	ntvdm.exe	IOCTL_SERIAL_SET_LINE_CONTROL	Serial1	SUCCESS	StopBits: 1 Parity: EVEN WordLength: 7	
11	0.00000168	ntvdm.exe	IOCTL_SERIAL_SET_CHAR	Serial1	SUCCESS	EOF:0 ERR:0 BRK:0 EVT:0 XON:11 XOFF:13	
12	0.00000587	ntvdm.exe	IOCTL_SERIAL_SET_HANDFLOW	Serial1	SUCCESS	Shake:1 Replace:40 XonLimit:10 XoffLimit:10	
13	0.00000168	ntvdm.exe	IOCTL_SERIAL_PURGE	Serial1	SUCCESS	Purge: TXCLEAR 	
14	0.00000168	ntvdm.exe	IOCTL_SERIAL_PURGE	Serial1	SUCCESS	Purge: RXCLEAR	
15	0.00000140	ntvdm.exe	IOCTL_SERIAL_GET_BAUD_RATE	Serial1	SUCCESS		
16	0.00000140	ntvdm.exe	IOCTL_SERIAL_GET_LINE_CONTROL	Serial1	SUCCESS		
17	0.00000140	ntvdm.exe	IOCTL_SERIAL_GET_CHARS	Serial1	SUCCESS		
18	0.00000140	ntvdm.exe	IOCTL_SERIAL_GET_HANDFLOW	Serial1	SUCCESS		
19	0.00000894	ntvdm.exe	IOCTL_SERIAL_SET_BAUD_RATE	Serial1	SUCCESS	Rate: 1200	
20	0.00000419	ntvdm.exe	IOCTL_SERIAL_SET_DTR	Serial1	SUCCESS		
21	0.00000307	ntvdm.exe	IOCTL_SERIAL_SET_LINE_CONTROL	Serial1	SUCCESS	StopBits: 1 Parity: NONE WordLength: 8	
22	0.00000140	ntvdm.exe	IOCTL_SERIAL_SET_CHAR	Serial1	SUCCESS	EOF:1a ERR:ff BRK:ff EVT:0 XON:11 XOFF:13	
23	0.00000587	ntvdm.exe	IOCTL_SERIAL_SET_HANDFLOW	Serial1	SUCCESS	Shake:1 Replace:80 XonLimit:0 XoffLimit:9216	
24	0.00000279	ntvdm.exe	IOCTL_SERIAL_GET_MODEMSTATUS	Serial1	SUCCESS		
25	0.00000223	ntvdm.exe	IOCTL_SERIAL_SET_WAIT_MASK	Serial1	SUCCESS	Mask: RXCHAR RXFLAG TXEMPTY CTS DSR RLSD BRK ERR RING 	
26	0.00000307	ntvdm.exe	IOCTL_SERIAL_GET_MODEMSTATUS	Serial1	SUCCESS		
27	0.10168359	ntvdm.exe	IOCTL_SERIAL_WAIT_ON_MASK	Serial1	SUCCESS		
28	0.00000531	ntvdm.exe	IOCTL_SERIAL_GET_MODEMSTATUS	Serial1	SUCCESS		
29	0.00000168	ntvdm.exe	IOCTL_SERIAL_GET_COMMSTATUS	Serial1	SUCCESS		
30	0.00000223	ntvdm.exe	IOCTL_SERIAL_GET_COMMSTATUS	Serial1	SUCCESS		
31	0.00000168	ntvdm.exe	IOCTL_SERIAL_GET_COMMSTATUS	Serial1	SUCCESS		
32	0.00000503	ntvdm.exe	IOCTL_SERIAL_WAIT_ON_MASK	Serial1	SUCCESS		
33	0.00000307	ntvdm.exe	IOCTL_SERIAL_GET_MODEMSTATUS	Serial1	SUCCESS		
34	0.00000168	ntvdm.exe	IOCTL_SERIAL_GET_COMMSTATUS	Serial1	SUCCESS		
35	0.00000196	ntvdm.exe	IOCTL_SERIAL_GET_COMMSTATUS	Serial1	SUCCESS		
36	0.00000140	ntvdm.exe	IOCTL_SERIAL_GET_COMMSTATUS	Serial1	SUCCESS		
37	0.14503212	ntvdm.exe	IOCTL_SERIAL_WAIT_ON_MASK	Serial1	SUCCESS		
38	0.00000531	ntvdm.exe	IOCTL_SERIAL_PURGE	Serial1	SUCCESS	Purge: RXCLEAR	
39	0.00000223	ntvdm.exe	IOCTL_SERIAL_GET_COMMSTATUS	Serial1	SUCCESS

		
40	0.00002123	ntvdm.exe	IRP_MJ_WRITE	Serial1	SUCCESS	Length 1: .	
41	0.00000419	ntvdm.exe	IOCTL_SERIAL_GET_MODEMSTATUS	Serial1	SUCCESS		
42	0.00000140	ntvdm.exe	IOCTL_SERIAL_GET_COMMSTATUS	Serial1	SUCCESS		
43	0.00000196	ntvdm.exe	IOCTL_SERIAL_GET_COMMSTATUS	Serial1	SUCCESS		
44	0.00000196	ntvdm.exe	IOCTL_SERIAL_GET_COMMSTATUS	Serial1	SUCCESS		
45	0.00000168	ntvdm.exe	IOCTL_SERIAL_GET_COMMSTATUS	Serial1	SUCCESS		
46	0.12156014	ntvdm.exe	IOCTL_SERIAL_WAIT_ON_MASK	Serial1	SUCCESS		
47	0.00000587	ntvdm.exe	IOCTL_SERIAL_GET_MODEMSTATUS	Serial1	SUCCESS		
48	0.00000168	ntvdm.exe	IOCTL_SERIAL_GET_COMMSTATUS	Serial1	SUCCESS		
49	0.00000726	ntvdm.exe	IOCTL_SERIAL_GET_COMMSTATUS	Serial1	SUCCESS		
50	0.00000168	ntvdm.exe	IOCTL_SERIAL_GET_COMMSTATUS	Serial1	SUCCESS		


51	0.00000391	ntvdm.exe	IRP_MJ_READ	Serial1	SUCCESS	Length 1: 0	
52	0.00000168	ntvdm.exe	IOCTL_SERIAL_GET_COMMSTATUS	Serial1	SUCCESS		
53	0.00000391	ntvdm.exe	IOCTL_SERIAL_WAIT_ON_MASK	Serial1	SUCCESS		
54	0.00000335	ntvdm.exe	IOCTL_SERIAL_GET_MODEMSTATUS	Serial1	SUCCESS		
55	0.00000168	ntvdm.exe	IOCTL_SERIAL_GET_COMMSTATUS	Serial1	SUCCESS		
56	0.00000196	ntvdm.exe	IOCTL_SERIAL_GET_COMMSTATUS	Serial1	SUCCESS		
57	0.00000196	ntvdm.exe	IOCTL_SERIAL_GET_COMMSTATUS	Serial1	SUCCESS		
58	0.00000140	ntvdm.exe	IOCTL_SERIAL_GET_COMMSTATUS	Serial1	SUCCESS		
59	0.00000168	ntvdm.exe	IOCTL_SERIAL_GET_COMMSTATUS	Serial1	SUCCESS		
60	0.12360202	ntvdm.exe	IOCTL_SERIAL_WAIT_ON_MASK	Serial1	SUCCESS		
61	0.00000587	ntvdm.exe	IOCTL_SERIAL_GET_COMMSTATUS	Serial1	SUCCESS		
62	0.00000251	ntvdm.exe	IOCTL_SERIAL_PURGE	Serial1	SUCCESS	Purge: RXCLEAR	
63	0.00000140	ntvdm.exe	IOCTL_SERIAL_GET_COMMSTATUS	Serial1	SUCCESS		
64	0.00000168	ntvdm.exe	IOCTL_SERIAL_GET_COMMSTATUS	Serial1	SUCCESS		
65	0.00000196	ntvdm.exe	IOCTL_SERIAL_PURGE	Serial1	SUCCESS	Purge: TXABORT TXCLEAR 	
66	0.00000140	ntvdm.exe	IOCTL_SERIAL_GET_COMMSTATUS	Serial1	SUCCESS		


67	0.00002151	ntvdm.exe	IRP_MJ_WRITE	Serial1	SUCCESS	Length 1: .	
68	0.00013857	ntvdm.exe	IOCTL_SERIAL_GET_MODEMSTATUS	Serial1	SUCCESS		
69	0.00000196	ntvdm.exe	IOCTL_SERIAL_GET_COMMSTATUS	Serial1	SUCCESS		
70	0.00000196	ntvdm.exe	IOCTL_SERIAL_GET_COMMSTATUS	Serial1	SUCCESS		
71	0.00000223	ntvdm.exe	IOCTL_SERIAL_GET_COMMSTATUS	Serial1	SUCCESS		
72	0.00000168	ntvdm.exe	IOCTL_SERIAL_GET_COMMSTATUS	Serial1	SUCCESS		
73	0.10851044	ntvdm.exe	IOCTL_SERIAL_WAIT_ON_MASK	Serial1	SUCCESS		
74	0.00000643	ntvdm.exe	IOCTL_SERIAL_GET_MODEMSTATUS	Serial1	SUCCESS		
75	0.00000196	ntvdm.exe	IOCTL_SERIAL_GET_COMMSTATUS	Serial1	SUCCESS		
76	0.00000196	ntvdm.exe	IOCTL_SERIAL_GET_COMMSTATUS	Serial1	SUCCESS		
77	0.00000196	ntvdm.exe	IOCTL_SERIAL_GET_COMMSTATUS	Serial1	SUCCESS		
78	0.00000447	ntvdm.exe	IRP_MJ_READ	Serial1	SUCCESS	Length 2: 0.	


79	0.00000168	ntvdm.exe	IOCTL_SERIAL_GET_COMMSTATUS	Serial1	SUCCESS		
80	0.00000140	ntvdm.exe	IOCTL_SERIAL_GET_COMMSTATUS	Serial1	SUCCESS		
81	0.00000168	ntvdm.exe	IOCTL_SERIAL_GET_COMMSTATUS	Serial1	SUCCESS		
82	0.00000168	ntvdm.exe	IOCTL_SERIAL_GET_COMMSTATUS	Serial1	SUCCESS		
83	0.00000223	ntvdm.exe	IOCTL_SERIAL_GET_COMMSTATUS	Serial1	SUCCESS		
84	0.00000196	ntvdm.exe	IOCTL_SERIAL_PURGE	Serial1	SUCCESS	Purge: TXABORT TXCLEAR 	

85	0.00000140	ntvdm.exe	IOCTL_SERIAL_GET_COMMSTATUS	Serial1	SUCCESS		
86	0.00002375	ntvdm.exe	IRP_MJ_WRITE	Serial1	SUCCESS	Length 3: ID.	

87	0.00000196	ntvdm.exe	IOCTL_SERIAL_GET_COMMSTATUS	Serial1	SUCCESS		
88	0.00000307	ntvdm.exe	IOCTL_SERIAL_WAIT_ON_MASK	Serial1	SUCCESS		
89	0.00000307	ntvdm.exe	IOCTL_SERIAL_GET_MODEMSTATUS	Serial1	SUCCESS		
90	0.00000196	ntvdm.exe	IOCTL_SERIAL_GET_COMMSTATUS	Serial1	SUCCESS		
91	0.00000196	ntvdm.exe	IOCTL_SERIAL_GET_COMMSTATUS	Serial1	SUCCESS		
92	0.00000168	ntvdm.exe	IOCTL_SERIAL_GET_COMMSTATUS	Serial1	SUCCESS		
93	0.17139525	ntvdm.exe	IOCTL_SERIAL_WAIT_ON_MASK	Serial1	SUCCESS		
94	0.00000587	ntvdm.exe	IOCTL_SERIAL_GET_MODEMSTATUS	Serial1	SUCCESS		
95	0.00000196	ntvdm.exe	IOCTL_SERIAL_GET_COMMSTATUS	Serial1	SUCCESS		
96	0.00000223	ntvdm.exe	IOCTL_SERIAL_GET_COMMSTATUS	Serial1	SUCCESS		
97	0.00000196	ntvdm.exe	IOCTL_SERIAL_GET_COMMSTATUS	Serial1	SUCCESS		

98	0.00000419	ntvdm.exe	IRP_MJ_READ	Serial1	SUCCESS	Length 2: 0.	

99	0.00000196	ntvdm.exe	IOCTL_SERIAL_GET_COMMSTATUS	Serial1	SUCCESS		
100	0.00000140	ntvdm.exe	IOCTL_SERIAL_GET_COMMSTATUS	Serial1	SUCCESS		
101	0.00000223	ntvdm.exe	IOCTL_SERIAL_GET_COMMSTATUS	Serial1	SUCCESS		
102	0.00000140	ntvdm.exe	IOCTL_SERIAL_GET_COMMSTATUS	Serial1	SUCCESS		
103	0.00000363	ntvdm.exe	IOCTL_SERIAL_WAIT_ON_MASK	Serial1	SUCCESS		
104	0.00000335	ntvdm.exe	IOCTL_SERIAL_GET_MODEMSTATUS	Serial1	SUCCESS		
105	0.00000168	ntvdm.exe	IOCTL_SERIAL_GET_COMMSTATUS	Serial1	SUCCESS		
106	0.00000196	ntvdm.exe	IOCTL_SERIAL_GET_COMMSTATUS	Serial1	SUCCESS		
107	0.00000196	ntvdm.exe	IOCTL_SERIAL_GET_COMMSTATUS	Serial1	SUCCESS		
108	0.00000168	ntvdm.exe	IOCTL_SERIAL_GET_COMMSTATUS	Serial1	SUCCESS	
	
109	0.00000726	ntvdm.exe	IRP_MJ_READ	Serial1	SUCCESS	Length 1: S	
110	0.00000168	ntvdm.exe	IOCTL_SERIAL_GET_COMMSTATUS	Serial1	SUCCESS		
111	0.00000168	ntvdm.exe	IOCTL_SERIAL_GET_COMMSTATUS	Serial1	SUCCESS		
112	0.00000140	ntvdm.exe	IOCTL_SERIAL_GET_COMMSTATUS	Serial1	SUCCESS		
113	0.00000168	ntvdm.exe	IOCTL_SERIAL_GET_COMMSTATUS	Serial1	SUCCESS		
114	0.00000196	ntvdm.exe	IRP_MJ_READ	Serial1	SUCCESS	Length 1: c	
115	0.00000168	ntvdm.exe	IOCTL_SERIAL_GET_COMMSTATUS	Serial1	SUCCESS		
116	0.00000168	ntvdm.exe	IOCTL_SERIAL_GET_COMMSTATUS	Serial1	SUCCESS		
117	0.00000140	ntvdm.exe	IOCTL_SERIAL_GET_COMMSTATUS	Serial1	SUCCESS		
118	0.00000168	ntvdm.exe	IOCTL_SERIAL_GET_COMMSTATUS	Serial1	SUCCESS		
119	0.11562950	ntvdm.exe	IOCTL_SERIAL_WAIT_ON_MASK	Serial1	SUCCESS		
120	0.00000251	ntvdm.exe	IRP_MJ_READ	Serial1	SUCCESS	Length 1: o	
121	0.00000196	ntvdm.exe	IOCTL_SERIAL_GET_COMMSTATUS	Serial1	SUCCESS		
122	0.00000168	ntvdm.exe	IOCTL_SERIAL_GET_COMMSTATUS	Serial1	SUCCESS		
123	0.00000168	ntvdm.exe	IOCTL_SERIAL_GET_COMMSTATUS	Serial1	SUCCESS		
124	0.00000168	ntvdm.exe	IOCTL_SERIAL_GET_COMMSTATUS	Serial1	SUCCESS		
125	0.00000196	ntvdm.exe	IRP_MJ_READ	Serial1	SUCCESS	Length 1: p	
126	0.00000168	ntvdm.exe	IOCTL_SERIAL_GET_COMMSTATUS	Serial1	SUCCESS		
127	0.00000168	ntvdm.exe	IOCTL_SERIAL_GET_COMMSTATUS	Serial1	SUCCESS		
128	0.00000196	ntvdm.exe	IOCTL_SERIAL_GET_COMMSTATUS	Serial1	SUCCESS		
129	0.00000168	ntvdm.exe	IOCTL_SERIAL_GET_COMMSTATUS	Serial1	SUCCESS		
130	0.00000223	ntvdm.exe	IRP_MJ_READ	Serial1	SUCCESS	Length 1: e	
131	0.00000168	ntvdm.exe	IOCTL_SERIAL_GET_COMMSTATUS	Serial1	SUCCESS		
132	0.00000168	ntvdm.exe	IOCTL_SERIAL_GET_COMMSTATUS	Serial1	SUCCESS		
133	0.00000196	ntvdm.exe	IOCTL_SERIAL_GET_COMMSTATUS	Serial1	SUCCESS		
134	0.00000196	ntvdm.exe	IOCTL_SERIAL_GET_COMMSTATUS	Serial1	SUCCESS		
135	0.00000196	ntvdm.exe	IRP_MJ_READ	Serial1	SUCCESS	Length 1: M	
136	0.00000140	ntvdm.exe	IOCTL_SERIAL_GET_COMMSTATUS	Serial1	SUCCESS		
137	0.00000140	ntvdm.exe	IOCTL_SERIAL_GET_COMMSTATUS	Serial1	SUCCESS		
138	0.00000168	ntvdm.exe	IOCTL_SERIAL_GET_COMMSTATUS	Serial1	SUCCESS		
139	0.00000168	ntvdm.exe	IOCTL_SERIAL_GET_COMMSTATUS	Serial1	SUCCESS		
140	0.00000223	ntvdm.exe	IRP_MJ_READ	Serial1	SUCCESS	Length 1: e	
141	0.00000196	ntvdm.exe	IOCTL_SERIAL_GET_COMMSTATUS	Serial1	SUCCESS		
142	0.00000168	ntvdm.exe	IOCTL_SERIAL_GET_COMMSTATUS	Serial1	SUCCESS		
143	0.00000196	ntvdm.exe	IOCTL_SERIAL_GET_COMMSTATUS	Serial1	SUCCESS		
144	0.00000168	ntvdm.exe	IOCTL_SERIAL_GET_COMMSTATUS	Serial1	SUCCESS		
145	0.00000223	ntvdm.exe	IRP_MJ_READ	Serial1	SUCCESS	Length 1: t	
146	0.00000168	ntvdm.exe	IOCTL_SERIAL_GET_COMMSTATUS	Serial1	SUCCESS		
147	0.00000140	ntvdm.exe	IOCTL_SERIAL_GET_COMMSTATUS	Serial1	SUCCESS		
148	0.00000196	ntvdm.exe	IOCTL_SERIAL_GET_COMMSTATUS	Serial1	SUCCESS		
149	0.00000223	ntvdm.exe	IOCTL_SERIAL_GET_COMMSTATUS	Serial1	SUCCESS		
150	0.00000251	ntvdm.exe	IRP_MJ_READ	Serial1	SUCCESS	Length 1: e	
151	0.00000168	ntvdm.exe	IOCTL_SERIAL_GET_COMMSTATUS	Serial1	SUCCESS		
152	0.00000140	ntvdm.exe	IOCTL_SERIAL_GET_COMMSTATUS	Serial1	SUCCESS		
153	0.00000140	ntvdm.exe	IOCTL_SERIAL_GET_COMMSTATUS	Serial1	SUCCESS		
154	0.00000140	ntvdm.exe	IOCTL_SERIAL_GET_COMMSTATUS	Serial1	SUCCESS		
155	0.00000223	ntvdm.exe	IRP_MJ_READ	Serial1	SUCCESS	Length 1: r	
156	0.00000168	ntvdm.exe	IOCTL_SERIAL_GET_COMMSTATUS	Serial1	SUCCESS		
157	0.00000168	ntvdm.exe	IOCTL_SERIAL_GET_COMMSTATUS	Serial1	SUCCESS		
158	0.00000168	ntvdm.exe	IOCTL_SERIAL_GET_COMMSTATUS	Serial1	SUCCESS		
159	0.00000168	ntvdm.exe	IOCTL_SERIAL_GET_COMMSTATUS	Serial1	SUCCESS		
160	0.00000223	ntvdm.exe	IRP_MJ_READ	Serial1	SUCCESS	Length 1:  	
161	0.00000140	ntvdm.exe	IOCTL_SERIAL_GET_COMMSTATUS	Serial1	SUCCESS		
162	0.00000140	ntvdm.exe	IOCTL_SERIAL_GET_COMMSTATUS	Serial1	SUCCESS		
163	0.00000168	ntvdm.exe	IOCTL_SERIAL_GET_COMMSTATUS	Serial1	SUCCESS		
164	0.00000168	ntvdm.exe	IOCTL_SERIAL_GET_COMMSTATUS	Serial1	SUCCESS		
165	0.00000196	ntvdm.exe	IRP_MJ_READ	Serial1	SUCCESS	Length 1: m	
166	0.00000140	ntvdm.exe	IOCTL_SERIAL_GET_COMMSTATUS	Serial1	SUCCESS		
167	0.00000168	ntvdm.exe	IOCTL_SERIAL_GET_COMMSTATUS	Serial1	SUCCESS		
168	0.00000168	ntvdm.exe	IOCTL_SERIAL_GET_COMMSTATUS	Serial1	SUCCESS		
169	0.00000196	ntvdm.exe	IOCTL_SERIAL_GET_COMMSTATUS	Serial1	SUCCESS		
170	0.00000168	ntvdm.exe	IOCTL_SERIAL_GET_COMMSTATUS	Serial1	SUCCESS		
171	0.00000559	ntvdm.exe	IOCTL_SERIAL_GET_MODEMSTATUS	Serial1	SUCCESS		
172	0.00000196	ntvdm.exe	IOCTL_SERIAL_GET_COMMSTATUS	Serial1	SUCCESS		
173	0.00000196	ntvdm.exe	IOCTL_SERIAL_GET_COMMSTATUS	Serial1	SUCCESS		
174	0.00000196	ntvdm.exe	IOCTL_SERIAL_GET_COMMSTATUS	Serial1	SUCCESS		
175	0.00000196	ntvdm.exe	IOCTL_SERIAL_GET_COMMSTATUS	Serial1	SUCCESS		
176	0.00000391	ntvdm.exe	IRP_MJ_READ	Serial1	SUCCESS	Length 1: o	
177	0.00000168	ntvdm.exe	IOCTL_SERIAL_GET_COMMSTATUS	Serial1	SUCCESS		
178	0.00000168	ntvdm.exe	IOCTL_SERIAL_GET_COMMSTATUS	Serial1	SUCCESS		
179	0.00000168	ntvdm.exe	IOCTL_SERIAL_GET_COMMSTATUS	Serial1	SUCCESS		
180	0.00000196	ntvdm.exe	IOCTL_SERIAL_GET_COMMSTATUS	Serial1	SUCCESS		
181	0.00000363	ntvdm.exe	IOCTL_SERIAL_WAIT_ON_MASK	Serial1	SUCCESS		
182	0.00000335	ntvdm.exe	IOCTL_SERIAL_GET_MODEMSTATUS	Serial1	SUCCESS		
183	0.00000168	ntvdm.exe	IOCTL_SERIAL_GET_COMMSTATUS	Serial1	SUCCESS		
184	0.00000223	ntvdm.exe	IRP_MJ_READ	Serial1	SUCCESS	Length 1: d	
185	0.00000168	ntvdm.exe	IOCTL_SERIAL_GET_COMMSTATUS	Serial1	SUCCESS		
186	0.00000196	ntvdm.exe	IOCTL_SERIAL_GET_COMMSTATUS	Serial1	SUCCESS		
187	0.00000168	ntvdm.exe	IOCTL_SERIAL_GET_COMMSTATUS	Serial1	SUCCESS		
188	0.00000168	ntvdm.exe	IOCTL_SERIAL_GET_COMMSTATUS	Serial1	SUCCESS		
189	0.00000223	ntvdm.exe	IRP_MJ_READ	Serial1	SUCCESS	Length 1: e	
190	0.00000168	ntvdm.exe	IOCTL_SERIAL_GET_COMMSTATUS	Serial1	SUCCESS		
191	0.00000140	ntvdm.exe	IOCTL_SERIAL_GET_COMMSTATUS	Serial1	SUCCESS		
192	0.00000196	ntvdm.exe	IOCTL_SERIAL_GET_COMMSTATUS	Serial1	SUCCESS		
193	0.00000168	ntvdm.exe	IOCTL_SERIAL_GET_COMMSTATUS	Serial1	SUCCESS		
194	0.00000223	ntvdm.exe	IRP_MJ_READ	Serial1	SUCCESS	Length 1: l	
195	0.00000168	ntvdm.exe	IOCTL_SERIAL_GET_COMMSTATUS	Serial1	SUCCESS		
196	0.00000196	ntvdm.exe	IOCTL_SERIAL_GET_COMMSTATUS	Serial1	SUCCESS		
197	0.00000196	ntvdm.exe	IOCTL_SERIAL_GET_COMMSTATUS	Serial1	SUCCESS		
198	0.00000196	ntvdm.exe	IOCTL_SERIAL_GET_COMMSTATUS	Serial1	SUCCESS		
199	0.00000223	ntvdm.exe	IRP_MJ_READ	Serial1	SUCCESS	Length 1:  	
200	0.00000168	ntvdm.exe	IOCTL_SERIAL_GET_COMMSTATUS	Serial1	SUCCESS		
201	0.00000168	ntvdm.exe	IOCTL_SERIAL_GET_COMMSTATUS	Serial1	SUCCESS		
202	0.00000196	ntvdm.exe	IOCTL_SERIAL_GET_COMMSTATUS	Serial1	SUCCESS		
203	0.00000670	ntvdm.exe	IOCTL_SERIAL_GET_COMMSTATUS	Serial1	SUCCESS		
204	0.00000223	ntvdm.exe	IRP_MJ_READ	Serial1	SUCCESS	Length 1: 9	
205	0.00000168	ntvdm.exe	IOCTL_SERIAL_GET_COMMSTATUS	Serial1	SUCCESS		
206	0.00000196	ntvdm.exe	IOCTL_SERIAL_GET_COMMSTATUS	Serial1	SUCCESS		
207	0.00000168	ntvdm.exe	IOCTL_SERIAL_GET_COMMSTATUS	Serial1	SUCCESS		
208	0.00000168	ntvdm.exe	IOCTL_SERIAL_GET_COMMSTATUS	Serial1	SUCCESS		
209	0.00000196	ntvdm.exe	IRP_MJ_READ	Serial1	SUCCESS	Length 1: 7	

ScopeMeter model 97

210	0.00000168	ntvdm.exe	IOCTL_SERIAL_GET_COMMSTATUS	Serial1	SUCCESS		
211	0.00000140	ntvdm.exe	IOCTL_SERIAL_GET_COMMSTATUS	Serial1	SUCCESS		
212	0.00000196	ntvdm.exe	IOCTL_SERIAL_GET_COMMSTATUS	Serial1	SUCCESS		
213	0.00000168	ntvdm.exe	IOCTL_SERIAL_GET_COMMSTATUS	Serial1	SUCCESS		
214	0.00000196	ntvdm.exe	IRP_MJ_READ	Serial1	SUCCESS	Length 1:  	
215	0.00000168	ntvdm.exe	IOCTL_SERIAL_GET_COMMSTATUS	Serial1	SUCCESS		
216	0.00000168	ntvdm.exe	IOCTL_SERIAL_GET_COMMSTATUS	Serial1	SUCCESS		
217	0.00000168	ntvdm.exe	IOCTL_SERIAL_GET_COMMSTATUS	Serial1	SUCCESS		
218	0.00000168	ntvdm.exe	IOCTL_SERIAL_GET_COMMSTATUS	Serial1	SUCCESS		
219	0.00000223	ntvdm.exe	IRP_MJ_READ	Serial1	SUCCESS	Length 1: ;	
220	0.00000168	ntvdm.exe	IOCTL_SERIAL_GET_COMMSTATUS	Serial1	SUCCESS		
221	0.00000168	ntvdm.exe	IOCTL_SERIAL_GET_COMMSTATUS	Serial1	SUCCESS		
222	0.00000168	ntvdm.exe	IOCTL_SERIAL_GET_COMMSTATUS	Serial1	SUCCESS		
223	0.00000196	ntvdm.exe	IOCTL_SERIAL_GET_COMMSTATUS	Serial1	SUCCESS		
224	0.00000223	ntvdm.exe	IRP_MJ_READ	Serial1	SUCCESS	Length 1:  	
225	0.00000168	ntvdm.exe	IOCTL_SERIAL_GET_COMMSTATUS	Serial1	SUCCESS		
226	0.00000168	ntvdm.exe	IOCTL_SERIAL_GET_COMMSTATUS	Serial1	SUCCESS		
227	0.00000196	ntvdm.exe	IOCTL_SERIAL_GET_COMMSTATUS	Serial1	SUCCESS		
228	0.00000168	ntvdm.exe	IOCTL_SERIAL_GET_COMMSTATUS	Serial1	SUCCESS		
229	0.11559095	ntvdm.exe	IOCTL_SERIAL_WAIT_ON_MASK	Serial1	SUCCESS		
230	0.00000196	ntvdm.exe	IRP_MJ_READ	Serial1	SUCCESS	Length 1:  	
231	0.00000168	ntvdm.exe	IOCTL_SERIAL_GET_COMMSTATUS	Serial1	SUCCESS		
232	0.00000168	ntvdm.exe	IOCTL_SERIAL_GET_COMMSTATUS	Serial1	SUCCESS		
233	0.00000196	ntvdm.exe	IOCTL_SERIAL_GET_COMMSTATUS	Serial1	SUCCESS		
234	0.00000168	ntvdm.exe	IOCTL_SERIAL_GET_COMMSTATUS	Serial1	SUCCESS		
235	0.00000223	ntvdm.exe	IRP_MJ_READ	Serial1	SUCCESS	Length 1:  	
236	0.00000196	ntvdm.exe	IOCTL_SERIAL_GET_COMMSTATUS	Serial1	SUCCESS		
237	0.00000196	ntvdm.exe	IOCTL_SERIAL_GET_COMMSTATUS	Serial1	SUCCESS		
238	0.00000196	ntvdm.exe	IOCTL_SERIAL_GET_COMMSTATUS	Serial1	SUCCESS		
239	0.00000168	ntvdm.exe	IOCTL_SERIAL_GET_COMMSTATUS	Serial1	SUCCESS		
240	0.00000223	ntvdm.exe	IRP_MJ_READ	Serial1	SUCCESS	Length 1: V	
241	0.00000196	ntvdm.exe	IOCTL_SERIAL_GET_COMMSTATUS	Serial1	SUCCESS		
242	0.00000196	ntvdm.exe	IOCTL_SERIAL_GET_COMMSTATUS	Serial1	SUCCESS		
243	0.00000168	ntvdm.exe	IOCTL_SERIAL_GET_COMMSTATUS	Serial1	SUCCESS		
244	0.00000168	ntvdm.exe	IOCTL_SERIAL_GET_COMMSTATUS	Serial1	SUCCESS		
245	0.00000223	ntvdm.exe	IRP_MJ_READ	Serial1	SUCCESS	Length 1: 4	
246	0.00000196	ntvdm.exe	IOCTL_SERIAL_GET_COMMSTATUS	Serial1	SUCCESS		
247	0.00000168	ntvdm.exe	IOCTL_SERIAL_GET_COMMSTATUS	Serial1	SUCCESS		
248	0.00000168	ntvdm.exe	IOCTL_SERIAL_GET_COMMSTATUS	Serial1	SUCCESS		
249	0.00000196	ntvdm.exe	IOCTL_SERIAL_GET_COMMSTATUS	Serial1	SUCCESS		
250	0.00000140	ntvdm.exe	IOCTL_SERIAL_GET_COMMSTATUS	Serial1	SUCCESS		
251	0.00000587	ntvdm.exe	IOCTL_SERIAL_GET_MODEMSTATUS	Serial1	SUCCESS		
252	0.00000196	ntvdm.exe	IOCTL_SERIAL_GET_COMMSTATUS	Serial1	SUCCESS		
253	0.00000223	ntvdm.exe	IOCTL_SERIAL_GET_COMMSTATUS	Serial1	SUCCESS		
254	0.00000168	ntvdm.exe	IOCTL_SERIAL_GET_COMMSTATUS	Serial1	SUCCESS		
255	0.00000168	ntvdm.exe	IOCTL_SERIAL_GET_COMMSTATUS	Serial1	SUCCESS		
256	0.00000391	ntvdm.exe	IRP_MJ_READ	Serial1	SUCCESS	Length 1: .	
257	0.00000140	ntvdm.exe	IOCTL_SERIAL_GET_COMMSTATUS	Serial1	SUCCESS		
258	0.00000140	ntvdm.exe	IOCTL_SERIAL_GET_COMMSTATUS	Serial1	SUCCESS		
259	0.00000196	ntvdm.exe	IOCTL_SERIAL_GET_COMMSTATUS	Serial1	SUCCESS		
260	0.00000168	ntvdm.exe	IOCTL_SERIAL_GET_COMMSTATUS	Serial1	SUCCESS		
261	0.00000223	ntvdm.exe	IRP_MJ_READ	Serial1	SUCCESS	Length 1: 0	
262	0.00000140	ntvdm.exe	IOCTL_SERIAL_GET_COMMSTATUS	Serial1	SUCCESS		
263	0.00000168	ntvdm.exe	IOCTL_SERIAL_GET_COMMSTATUS	Serial1	SUCCESS		
264	0.00000140	ntvdm.exe	IOCTL_SERIAL_GET_COMMSTATUS	Serial1	SUCCESS		
265	0.00000168	ntvdm.exe	IOCTL_SERIAL_GET_COMMSTATUS	Serial1	SUCCESS		
266	0.00000223	ntvdm.exe	IRP_MJ_READ	Serial1	SUCCESS	Length 1: 5	
267	0.00000168	ntvdm.exe	IOCTL_SERIAL_GET_COMMSTATUS	Serial1	SUCCESS		
268	0.00000140	ntvdm.exe	IOCTL_SERIAL_GET_COMMSTATUS	Serial1	SUCCESS		
269	0.00000335	ntvdm.exe	IOCTL_SERIAL_WAIT_ON_MASK	Serial1	SUCCESS		
270	0.00000279	ntvdm.exe	IOCTL_SERIAL_GET_MODEMSTATUS	Serial1	SUCCESS		
271	0.00000140	ntvdm.exe	IOCTL_SERIAL_GET_COMMSTATUS	Serial1	SUCCESS		
272	0.00000168	ntvdm.exe	IOCTL_SERIAL_GET_COMMSTATUS	Serial1	SUCCESS		
273	0.00000140	ntvdm.exe	IOCTL_SERIAL_GET_COMMSTATUS	Serial1	SUCCESS		
274	0.00000223	ntvdm.exe	IRP_MJ_READ	Serial1	SUCCESS	Length 1:  	
275	0.00000140	ntvdm.exe	IOCTL_SERIAL_GET_COMMSTATUS	Serial1	SUCCESS		
276	0.00000168	ntvdm.exe	IOCTL_SERIAL_GET_COMMSTATUS	Serial1	SUCCESS		
277	0.00000168	ntvdm.exe	IOCTL_SERIAL_GET_COMMSTATUS	Serial1	SUCCESS		
278	0.00000168	ntvdm.exe	IOCTL_SERIAL_GET_COMMSTATUS	Serial1	SUCCESS		
279	0.00000223	ntvdm.exe	IRP_MJ_READ	Serial1	SUCCESS	Length 1: ;	
280	0.00000140	ntvdm.exe	IOCTL_SERIAL_GET_COMMSTATUS	Serial1	SUCCESS		
281	0.00000140	ntvdm.exe	IOCTL_SERIAL_GET_COMMSTATUS	Serial1	SUCCESS		
282	0.00000168	ntvdm.exe	IOCTL_SERIAL_GET_COMMSTATUS	Serial1	SUCCESS		
283	0.00000168	ntvdm.exe	IOCTL_SERIAL_GET_COMMSTATUS	Serial1	SUCCESS		
284	0.00000196	ntvdm.exe	IRP_MJ_READ	Serial1	SUCCESS	Length 1:  	
285	0.00000140	ntvdm.exe	IOCTL_SERIAL_GET_COMMSTATUS	Serial1	SUCCESS		
286	0.00000140	ntvdm.exe	IOCTL_SERIAL_GET_COMMSTATUS	Serial1	SUCCESS		
287	0.00000140	ntvdm.exe	IOCTL_SERIAL_GET_COMMSTATUS	Serial1	SUCCESS		
288	0.00000140	ntvdm.exe	IOCTL_SERIAL_GET_COMMSTATUS	Serial1	SUCCESS		
289	0.00000223	ntvdm.exe	IRP_MJ_READ	Serial1	SUCCESS	Length 1: 9	
290	0.00000140	ntvdm.exe	IOCTL_SERIAL_GET_COMMSTATUS	Serial1	SUCCESS		
291	0.00000140	ntvdm.exe	IOCTL_SERIAL_GET_COMMSTATUS	Serial1	SUCCESS		
292	0.00000168	ntvdm.exe	IOCTL_SERIAL_GET_COMMSTATUS	Serial1	SUCCESS		
293	0.00000168	ntvdm.exe	IOCTL_SERIAL_GET_COMMSTATUS	Serial1	SUCCESS		
294	0.00000223	ntvdm.exe	IRP_MJ_READ	Serial1	SUCCESS	Length 1: 3	
295	0.00000140	ntvdm.exe	IOCTL_SERIAL_GET_COMMSTATUS	Serial1	SUCCESS		
296	0.00000168	ntvdm.exe	IOCTL_SERIAL_GET_COMMSTATUS	Serial1	SUCCESS		
297	0.00000196	ntvdm.exe	IOCTL_SERIAL_GET_COMMSTATUS	Serial1	SUCCESS		
298	0.00000168	ntvdm.exe	IOCTL_SERIAL_GET_COMMSTATUS	Serial1	SUCCESS		
299	0.00000223	ntvdm.exe	IRP_MJ_READ	Serial1	SUCCESS	Length 1: -	
300	0.00000140	ntvdm.exe	IOCTL_SERIAL_GET_COMMSTATUS	Serial1	SUCCESS		
301	0.00000168	ntvdm.exe	IOCTL_SERIAL_GET_COMMSTATUS	Serial1	SUCCESS		
302	0.00000196	ntvdm.exe	IOCTL_SERIAL_GET_COMMSTATUS	Serial1	SUCCESS		
303	0.00000168	ntvdm.exe	IOCTL_SERIAL_GET_COMMSTATUS	Serial1	SUCCESS		
304	0.00000196	ntvdm.exe	IRP_MJ_READ	Serial1	SUCCESS	Length 1: 0	
305	0.00000168	ntvdm.exe	IOCTL_SERIAL_GET_COMMSTATUS	Serial1	SUCCESS		
306	0.00000140	ntvdm.exe	IOCTL_SERIAL_GET_COMMSTATUS	Serial1	SUCCESS		
307	0.00000168	ntvdm.exe	IOCTL_SERIAL_GET_COMMSTATUS	Serial1	SUCCESS		
308	0.00000168	ntvdm.exe	IOCTL_SERIAL_GET_COMMSTATUS	Serial1	SUCCESS		
309	0.00000223	ntvdm.exe	IRP_MJ_READ	Serial1	SUCCESS	Length 1: 5	
310	0.00000168	ntvdm.exe	IOCTL_SERIAL_GET_COMMSTATUS	Serial1	SUCCESS		
311	0.00000168	ntvdm.exe	IOCTL_SERIAL_GET_COMMSTATUS	Serial1	SUCCESS		
312	0.00000168	ntvdm.exe	IOCTL_SERIAL_GET_COMMSTATUS	Serial1	SUCCESS		
313	0.00000168	ntvdm.exe	IOCTL_SERIAL_GET_COMMSTATUS	Serial1	SUCCESS		
314	0.00000223	ntvdm.exe	IRP_MJ_READ	Serial1	SUCCESS	Length 1: -	
315	0.00000168	ntvdm.exe	IOCTL_SERIAL_GET_COMMSTATUS	Serial1	SUCCESS		
316	0.00000140	ntvdm.exe	IOCTL_SERIAL_GET_COMMSTATUS	Serial1	SUCCESS		
317	0.04078228	ntvdm.exe	IOCTL_SERIAL_WAIT_ON_MASK	Serial1	SUCCESS		
318	0.00000196	ntvdm.exe	IOCTL_SERIAL_GET_COMMSTATUS	Serial1	SUCCESS		
319	0.00000168	ntvdm.exe	IOCTL_SERIAL_GET_COMMSTATUS	Serial1	SUCCESS		
320	0.00000223	ntvdm.exe	IRP_MJ_READ	Serial1	SUCCESS	Length 1: 2	
321	0.00000168	ntvdm.exe	IOCTL_SERIAL_GET_COMMSTATUS	Serial1	SUCCESS		
322	0.00000168	ntvdm.exe	IOCTL_SERIAL_GET_COMMSTATUS	Serial1	SUCCESS		
323	0.00000168	ntvdm.exe	IOCTL_SERIAL_GET_COMMSTATUS	Serial1	SUCCESS		
324	0.00000168	ntvdm.exe	IOCTL_SERIAL_GET_COMMSTATUS	Serial1	SUCCESS		
325	0.00000223	ntvdm.exe	IRP_MJ_READ	Serial1	SUCCESS	Length 1: 4	
326	0.00000168	ntvdm.exe	IOCTL_SERIAL_GET_COMMSTATUS	Serial1	SUCCESS		
327	0.00000140	ntvdm.exe	IOCTL_SERIAL_GET_COMMSTATUS	Serial1	SUCCESS		
328	0.00000168	ntvdm.exe	IOCTL_SERIAL_GET_COMMSTATUS	Serial1	SUCCESS		
329	0.00000196	ntvdm.exe	IOCTL_SERIAL_GET_COMMSTATUS	Serial1	SUCCESS		
330	0.00000140	ntvdm.exe	IOCTL_SERIAL_GET_COMMSTATUS	Serial1	SUCCESS		
331	0.00000559	ntvdm.exe	IOCTL_SERIAL_GET_MODEMSTATUS	Serial1	SUCCESS		
332	0.00000196	ntvdm.exe	IOCTL_SERIAL_GET_COMMSTATUS	Serial1	SUCCESS		
333	0.00000196	ntvdm.exe	IOCTL_SERIAL_GET_COMMSTATUS	Serial1	SUCCESS		
334	0.00000196	ntvdm.exe	IOCTL_SERIAL_GET_COMMSTATUS	Serial1	SUCCESS		
335	0.00000168	ntvdm.exe	IOCTL_SERIAL_GET_COMMSTATUS	Serial1	SUCCESS		
336	0.00000391	ntvdm.exe	IRP_MJ_READ	Serial1	SUCCESS	Length 1: .	
337	0.00000140	ntvdm.exe	IOCTL_SERIAL_GET_COMMSTATUS	Serial1	SUCCESS		
338	0.00000168	ntvdm.exe	IOCTL_SERIAL_GET_COMMSTATUS	Serial1	SUCCESS		
339	0.00000168	ntvdm.exe	IOCTL_SERIAL_GET_COMMSTATUS	Serial1	SUCCESS		
340	0.00000168	ntvdm.exe	IOCTL_SERIAL_GET_COMMSTATUS	Serial1	SUCCESS		
341	0.00000140	ntvdm.exe	IOCTL_SERIAL_GET_COMMSTATUS	Serial1	SUCCESS		
342	0.17547258	ntvdm.exe	IOCTL_SERIAL_WAIT_ON_MASK	Serial1	SUCCESS		
343	0.00000587	ntvdm.exe	IOCTL_SERIAL_GET_COMMSTATUS	Serial1	SUCCESS	

	
344	0.00000251	ntvdm.exe	IOCTL_SERIAL_PURGE	Serial1	SUCCESS	Purge: TXABORT TXCLEAR 	
345	0.00000140	ntvdm.exe	IOCTL_SERIAL_GET_COMMSTATUS	Serial1	SUCCESS		
346	0.12634539	ntvdm.exe	IRP_MJ_WRITE	Serial1	SUCCESS	Length 22: PC 9600,N,8,1,XONXOFF.	


347	0.00000196	ntvdm.exe	IOCTL_SERIAL_GET_COMMSTATUS	Serial1	SUCCESS		
348	0.00000559	ntvdm.exe	IOCTL_SERIAL_GET_MODEMSTATUS	Serial1	SUCCESS		
349	0.00000196	ntvdm.exe	IOCTL_SERIAL_GET_COMMSTATUS	Serial1	SUCCESS		
350	0.00000279	ntvdm.exe	IOCTL_SERIAL_GET_COMMSTATUS	Serial1	SUCCESS		
351	0.00000168	ntvdm.exe	IOCTL_SERIAL_GET_COMMSTATUS	Serial1	SUCCESS		
352	0.21217920	ntvdm.exe	IOCTL_SERIAL_WAIT_ON_MASK	Serial1	SUCCESS		
353	0.00000615	ntvdm.exe	IOCTL_SERIAL_GET_MODEMSTATUS	Serial1	SUCCESS		
354	0.00000196	ntvdm.exe	IOCTL_SERIAL_GET_COMMSTATUS	Serial1	SUCCESS		
355	0.00000196	ntvdm.exe	IOCTL_SERIAL_GET_COMMSTATUS	Serial1	SUCCESS		
356	0.00000196	ntvdm.exe	IOCTL_SERIAL_GET_COMMSTATUS	Serial1	SUCCESS		

357	0.00000391	ntvdm.exe	IRP_MJ_READ	Serial1	SUCCESS	Length 2: 0.	

358	0.00000196	ntvdm.exe	IOCTL_SERIAL_GET_COMMSTATUS	Serial1	SUCCESS		
359	0.00000168	ntvdm.exe	IOCTL_SERIAL_GET_COMMSTATUS	Serial1	SUCCESS		
360	0.00000223	ntvdm.exe	IOCTL_SERIAL_GET_COMMSTATUS	Serial1	SUCCESS		
361	0.00000196	ntvdm.exe	IOCTL_SERIAL_GET_COMMSTATUS	Serial1	SUCCESS		
362	0.00000168	ntvdm.exe	IOCTL_SERIAL_GET_BAUD_RATE	Serial1	SUCCESS		
363	0.00000168	ntvdm.exe	IOCTL_SERIAL_GET_LINE_CONTROL	Serial1	SUCCESS		
364	0.00000140	ntvdm.exe	IOCTL_SERIAL_GET_CHARS	Serial1	SUCCESS		
365	0.00000140	ntvdm.exe	IOCTL_SERIAL_GET_HANDFLOW	Serial1	SUCCESS		
366	0.00000950	ntvdm.exe	IOCTL_SERIAL_SET_BAUD_RATE	Serial1	SUCCESS	Rate: 9600	
367	0.00000922	ntvdm.exe	IOCTL_SERIAL_SET_DTR	Serial1	SUCCESS		
368	0.00000307	ntvdm.exe	IOCTL_SERIAL_SET_LINE_CONTROL	Serial1	SUCCESS	StopBits: 1 Parity: NONE WordLength: 8	
369	0.00000168	ntvdm.exe	IOCTL_SERIAL_SET_CHAR	Serial1	SUCCESS	EOF:1a ERR:ff BRK:ff EVT:0 XON:11 XOFF:13	
370	0.00000335	ntvdm.exe	IOCTL_SERIAL_SET_HANDFLOW	Serial1	SUCCESS	Shake:1 Replace:80 XonLimit:0 XoffLimit:9216	
371	0.00000279	ntvdm.exe	IOCTL_SERIAL_GET_MODEMSTATUS	Serial1	SUCCESS		
372	0.00000838	ntvdm.exe	IOCTL_SERIAL_WAIT_ON_MASK	Serial1	SUCCESS		
373	0.00000419	ntvdm.exe	IOCTL_SERIAL_GET_MODEMSTATUS	Serial1	SUCCESS		
374	0.00000196	ntvdm.exe	IOCTL_SERIAL_GET_COMMSTATUS	Serial1	SUCCESS		
375	0.00000559	ntvdm.exe	IOCTL_SERIAL_GET_COMMSTATUS	Serial1	SUCCESS		
376	0.00000168	ntvdm.exe	IOCTL_SERIAL_GET_COMMSTATUS	Serial1	SUCCESS		
377	0.00000000	ntvdm.exe	IOCTL_SERIAL_WAIT_ON_MASK	Serial1			
