0	0.00000531	ntvdm.exe	IOCTL_SERIAL_GET_COMMSTATUS	Serial1	SUCCESS		
1	0.00000196	ntvdm.exe	IOCTL_SERIAL_GET_COMMSTATUS	Serial1	SUCCESS		
2	0.00000223	ntvdm.exe	IOCTL_SERIAL_PURGE	Serial1	SUCCESS	Purge: TXABORT TXCLEAR 	
3	0.00000140	ntvdm.exe	IOCTL_SERIAL_GET_COMMSTATUS	Serial1	SUCCESS		
4	0.00002403	ntvdm.exe	IRP_MJ_WRITE	Serial1	SUCCESS	Length 3: QP.	
5	0.00000391	ntvdm.exe	IOCTL_SERIAL_GET_MODEMSTATUS	Serial1	SUCCESS		
6	0.00000168	ntvdm.exe	IOCTL_SERIAL_GET_COMMSTATUS	Serial1	SUCCESS		
7	0.00000196	ntvdm.exe	IOCTL_SERIAL_GET_COMMSTATUS	Serial1	SUCCESS		
8	0.00000419	ntvdm.exe	IOCTL_SERIAL_GET_COMMSTATUS	Serial1	SUCCESS		
9	0.00000196	ntvdm.exe	IOCTL_SERIAL_GET_COMMSTATUS	Serial1	SUCCESS		
10	0.06718535	ntvdm.exe	IOCTL_SERIAL_WAIT_ON_MASK	Serial1	SUCCESS		
11	0.00000587	ntvdm.exe	IOCTL_SERIAL_GET_MODEMSTATUS	Serial1	SUCCESS		
12	0.00000223	ntvdm.exe	IOCTL_SERIAL_GET_COMMSTATUS	Serial1	SUCCESS		
13	0.00000223	ntvdm.exe	IOCTL_SERIAL_GET_COMMSTATUS	Serial1	SUCCESS		
14	0.00000196	ntvdm.exe	IOCTL_SERIAL_GET_COMMSTATUS	Serial1	SUCCESS		
15	0.00000391	ntvdm.exe	IRP_MJ_READ	Serial1	SUCCESS	Length 2: 0.	
16	0.00000168	ntvdm.exe	IOCTL_SERIAL_GET_COMMSTATUS	Serial1	SUCCESS		
17	0.00000140	ntvdm.exe	IOCTL_SERIAL_GET_COMMSTATUS	Serial1	SUCCESS		
18	0.00000196	ntvdm.exe	IOCTL_SERIAL_GET_COMMSTATUS	Serial1	SUCCESS		
19	0.00000140	ntvdm.exe	IOCTL_SERIAL_GET_COMMSTATUS	Serial1	SUCCESS		
20	0.00000168	ntvdm.exe	IOCTL_SERIAL_GET_COMMSTATUS	Serial1	SUCCESS		
21	0.00000168	ntvdm.exe	IOCTL_SERIAL_GET_COMMSTATUS	Serial1	SUCCESS		
22	0.00000251	ntvdm.exe	IRP_MJ_READ	Serial1	SUCCESS	Length 1: 7	
23	0.00000140	ntvdm.exe	IOCTL_SERIAL_GET_COMMSTATUS	Serial1	SUCCESS		
24	0.00000140	ntvdm.exe	IOCTL_SERIAL_GET_COMMSTATUS	Serial1	SUCCESS		
25	0.00000196	ntvdm.exe	IOCTL_SERIAL_GET_COMMSTATUS	Serial1	SUCCESS		
26	0.00000196	ntvdm.exe	IOCTL_SERIAL_GET_COMMSTATUS	Serial1	SUCCESS		
27	0.00000196	ntvdm.exe	IRP_MJ_READ	Serial1	SUCCESS	Length 1: 4	
28	0.00000168	ntvdm.exe	IOCTL_SERIAL_GET_COMMSTATUS	Serial1	SUCCESS		
29	0.00000140	ntvdm.exe	IOCTL_SERIAL_GET_COMMSTATUS	Serial1	SUCCESS		
30	0.00000335	ntvdm.exe	IOCTL_SERIAL_WAIT_ON_MASK	Serial1	SUCCESS		
31	0.00000335	ntvdm.exe	IOCTL_SERIAL_GET_MODEMSTATUS	Serial1	SUCCESS		
32	0.00000168	ntvdm.exe	IOCTL_SERIAL_GET_COMMSTATUS	Serial1	SUCCESS		
33	0.00000196	ntvdm.exe	IOCTL_SERIAL_GET_COMMSTATUS	Serial1	SUCCESS		
34	0.00000168	ntvdm.exe	IOCTL_SERIAL_GET_COMMSTATUS	Serial1	SUCCESS		
35	0.00000223	ntvdm.exe	IRP_MJ_READ	Serial1	SUCCESS	Length 1: 4	
36	0.00000196	ntvdm.exe	IOCTL_SERIAL_GET_COMMSTATUS	Serial1	SUCCESS		
37	0.00000140	ntvdm.exe	IOCTL_SERIAL_GET_COMMSTATUS	Serial1	SUCCESS		
38	0.00000196	ntvdm.exe	IOCTL_SERIAL_GET_COMMSTATUS	Serial1	SUCCESS		
39	0.00000168	ntvdm.exe	IOCTL_SERIAL_GET_COMMSTATUS	Serial1	SUCCESS		
40	0.00000223	ntvdm.exe	IRP_MJ_READ	Serial1	SUCCESS	Length 1: 5	
41	0.00000168	ntvdm.exe	IOCTL_SERIAL_GET_COMMSTATUS	Serial1	SUCCESS		
42	0.00000168	ntvdm.exe	IOCTL_SERIAL_GET_COMMSTATUS	Serial1	SUCCESS		
43	0.00000168	ntvdm.exe	IOCTL_SERIAL_GET_COMMSTATUS	Serial1	SUCCESS		
44	0.00000168	ntvdm.exe	IOCTL_SERIAL_GET_COMMSTATUS	Serial1	SUCCESS		
45	0.00000223	ntvdm.exe	IRP_MJ_READ	Serial1	SUCCESS	Length 1: ,	
46	0.00000168	ntvdm.exe	IOCTL_SERIAL_GET_COMMSTATUS	Serial1	SUCCESS		
47	0.00000140	ntvdm.exe	IOCTL_SERIAL_GET_COMMSTATUS	Serial1	SUCCESS		
48	0.00000168	ntvdm.exe	IOCTL_SERIAL_GET_COMMSTATUS	Serial1	SUCCESS		
49	0.00000196	ntvdm.exe	IOCTL_SERIAL_GET_COMMSTATUS	Serial1	SUCCESS		
50	0.00000168	ntvdm.exe	IOCTL_SERIAL_GET_COMMSTATUS	Serial1	SUCCESS		
51	0.00000196	ntvdm.exe	IOCTL_SERIAL_GET_COMMSTATUS	Serial1	SUCCESS		
52	0.00000168	ntvdm.exe	IOCTL_SERIAL_GET_COMMSTATUS	Serial1	SUCCESS		
53	0.00000168	ntvdm.exe	IOCTL_SERIAL_GET_COMMSTATUS	Serial1	SUCCESS		
54	0.00000168	ntvdm.exe	IOCTL_SERIAL_GET_COMMSTATUS	Serial1	SUCCESS		
55	0.00000168	ntvdm.exe	IOCTL_SERIAL_GET_COMMSTATUS	Serial1	SUCCESS		
56	0.00000168	ntvdm.exe	IOCTL_SERIAL_GET_COMMSTATUS	Serial1	SUCCESS		
57	0.00000168	ntvdm.exe	IOCTL_SERIAL_GET_COMMSTATUS	Serial1	SUCCESS		
58	0.00000168	ntvdm.exe	IOCTL_SERIAL_GET_COMMSTATUS	Serial1	SUCCESS		
59	0.00000168	ntvdm.exe	IOCTL_SERIAL_GET_COMMSTATUS	Serial1	SUCCESS		
60	0.00000168	ntvdm.exe	IOCTL_SERIAL_GET_COMMSTATUS	Serial1	SUCCESS		
61	0.00000168	ntvdm.exe	IOCTL_SERIAL_GET_COMMSTATUS	Serial1	SUCCESS		
62	0.00000168	ntvdm.exe	IOCTL_SERIAL_GET_COMMSTATUS	Serial1	SUCCESS		
63	0.00000140	ntvdm.exe	IOCTL_SERIAL_GET_COMMSTATUS	Serial1	SUCCESS		
64	0.00000140	ntvdm.exe	IOCTL_SERIAL_GET_COMMSTATUS	Serial1	SUCCESS		
65	0.00000168	ntvdm.exe	IOCTL_SERIAL_GET_COMMSTATUS	Serial1	SUCCESS		
66	0.00000168	ntvdm.exe	IOCTL_SERIAL_GET_COMMSTATUS	Serial1	SUCCESS		
67	0.00000168	ntvdm.exe	IOCTL_SERIAL_GET_COMMSTATUS	Serial1	SUCCESS		
68	0.00000140	ntvdm.exe	IOCTL_SERIAL_GET_COMMSTATUS	Serial1	SUCCESS		
69	0.00000168	ntvdm.exe	IOCTL_SERIAL_GET_COMMSTATUS	Serial1	SUCCESS		
70	0.00000140	ntvdm.exe	IOCTL_SERIAL_GET_COMMSTATUS	Serial1	SUCCESS		
71	0.00000168	ntvdm.exe	IOCTL_SERIAL_GET_COMMSTATUS	Serial1	SUCCESS		
72	0.00000168	ntvdm.exe	IOCTL_SERIAL_GET_COMMSTATUS	Serial1	SUCCESS		
73	0.00000168	ntvdm.exe	IOCTL_SERIAL_GET_COMMSTATUS	Serial1	SUCCESS		
74	0.00000168	ntvdm.exe	IOCTL_SERIAL_GET_COMMSTATUS	Serial1	SUCCESS		
75	0.00000168	ntvdm.exe	IOCTL_SERIAL_GET_COMMSTATUS	Serial1	SUCCESS		
76	0.00000168	ntvdm.exe	IOCTL_SERIAL_GET_COMMSTATUS	Serial1	SUCCESS		
77	0.00000140	ntvdm.exe	IOCTL_SERIAL_GET_COMMSTATUS	Serial1	SUCCESS		
78	0.00000168	ntvdm.exe	IOCTL_SERIAL_GET_COMMSTATUS	Serial1	SUCCESS		
79	0.00000168	ntvdm.exe	IOCTL_SERIAL_GET_COMMSTATUS	Serial1	SUCCESS		
80	0.00000168	ntvdm.exe	IOCTL_SERIAL_GET_COMMSTATUS	Serial1	SUCCESS		
81	0.00000168	ntvdm.exe	IOCTL_SERIAL_GET_COMMSTATUS	Serial1	SUCCESS		
82	0.00000168	ntvdm.exe	IOCTL_SERIAL_GET_COMMSTATUS	Serial1	SUCCESS		
83	0.00000168	ntvdm.exe	IOCTL_SERIAL_GET_COMMSTATUS	Serial1	SUCCESS		
84	0.00000140	ntvdm.exe	IOCTL_SERIAL_GET_COMMSTATUS	Serial1	SUCCESS		
85	0.00000168	ntvdm.exe	IOCTL_SERIAL_GET_COMMSTATUS	Serial1	SUCCESS		
86	0.00000168	ntvdm.exe	IOCTL_SERIAL_GET_COMMSTATUS	Serial1	SUCCESS		
87	0.00000196	ntvdm.exe	IOCTL_SERIAL_GET_COMMSTATUS	Serial1	SUCCESS		
88	0.00000168	ntvdm.exe	IOCTL_SERIAL_GET_COMMSTATUS	Serial1	SUCCESS		
89	0.00000140	ntvdm.exe	IOCTL_SERIAL_GET_COMMSTATUS	Serial1	SUCCESS		
90	0.00000168	ntvdm.exe	IOCTL_SERIAL_GET_COMMSTATUS	Serial1	SUCCESS		
91	0.00000140	ntvdm.exe	IOCTL_SERIAL_GET_COMMSTATUS	Serial1	SUCCESS		
92	0.00000168	ntvdm.exe	IOCTL_SERIAL_GET_COMMSTATUS	Serial1	SUCCESS		
93	0.00000168	ntvdm.exe	IOCTL_SERIAL_GET_COMMSTATUS	Serial1	SUCCESS		
94	0.00000168	ntvdm.exe	IOCTL_SERIAL_GET_COMMSTATUS	Serial1	SUCCESS		
95	0.00000168	ntvdm.exe	IOCTL_SERIAL_GET_COMMSTATUS	Serial1	SUCCESS		
96	0.00000168	ntvdm.exe	IOCTL_SERIAL_GET_COMMSTATUS	Serial1	SUCCESS		
97	0.00000168	ntvdm.exe	IOCTL_SERIAL_GET_COMMSTATUS	Serial1	SUCCESS		
98	0.00000140	ntvdm.exe	IOCTL_SERIAL_GET_COMMSTATUS	Serial1	SUCCESS		
99	0.00000140	ntvdm.exe	IOCTL_SERIAL_GET_COMMSTATUS	Serial1	SUCCESS		
100	0.00000168	ntvdm.exe	IOCTL_SERIAL_GET_COMMSTATUS	Serial1	SUCCESS		
101	0.00000140	ntvdm.exe	IOCTL_SERIAL_GET_COMMSTATUS	Serial1	SUCCESS		
102	0.00000168	ntvdm.exe	IOCTL_SERIAL_GET_COMMSTATUS	Serial1	SUCCESS		
103	0.00000223	ntvdm.exe	IOCTL_SERIAL_GET_COMMSTATUS	Serial1	SUCCESS		
104	0.00000168	ntvdm.exe	IOCTL_SERIAL_GET_COMMSTATUS	Serial1	SUCCESS		
105	0.00000168	ntvdm.exe	IOCTL_SERIAL_GET_COMMSTATUS	Serial1	SUCCESS		
106	0.00000168	ntvdm.exe	IOCTL_SERIAL_GET_COMMSTATUS	Serial1	SUCCESS		
107	0.00000168	ntvdm.exe	IOCTL_SERIAL_GET_COMMSTATUS	Serial1	SUCCESS		
108	0.00000168	ntvdm.exe	IOCTL_SERIAL_GET_COMMSTATUS	Serial1	SUCCESS		
109	0.00000168	ntvdm.exe	IOCTL_SERIAL_GET_COMMSTATUS	Serial1	SUCCESS		
110	0.00000168	ntvdm.exe	IOCTL_SERIAL_GET_COMMSTATUS	Serial1	SUCCESS		
111	0.00000140	ntvdm.exe	IOCTL_SERIAL_GET_COMMSTATUS	Serial1	SUCCESS		
112	0.00000168	ntvdm.exe	IOCTL_SERIAL_GET_COMMSTATUS	Serial1	SUCCESS		
113	0.00000168	ntvdm.exe	IOCTL_SERIAL_GET_COMMSTATUS	Serial1	SUCCESS		
114	0.00000168	ntvdm.exe	IOCTL_SERIAL_GET_COMMSTATUS	Serial1	SUCCESS		
115	0.00000168	ntvdm.exe	IOCTL_SERIAL_GET_COMMSTATUS	Serial1	SUCCESS		
116	0.00000168	ntvdm.exe	IOCTL_SERIAL_GET_COMMSTATUS	Serial1	SUCCESS		
117	0.00000168	ntvdm.exe	IOCTL_SERIAL_GET_COMMSTATUS	Serial1	SUCCESS		
118	0.00000168	ntvdm.exe	IOCTL_SERIAL_GET_COMMSTATUS	Serial1	SUCCESS		
119	0.00000168	ntvdm.exe	IOCTL_SERIAL_GET_COMMSTATUS	Serial1	SUCCESS		
120	0.00000168	ntvdm.exe	IOCTL_SERIAL_GET_COMMSTATUS	Serial1	SUCCESS		
121	0.00000168	ntvdm.exe	IOCTL_SERIAL_GET_COMMSTATUS	Serial1	SUCCESS		
122	0.00000168	ntvdm.exe	IOCTL_SERIAL_GET_COMMSTATUS	Serial1	SUCCESS		
123	0.00000168	ntvdm.exe	IOCTL_SERIAL_GET_COMMSTATUS	Serial1	SUCCESS		
124	0.00000168	ntvdm.exe	IOCTL_SERIAL_GET_COMMSTATUS	Serial1	SUCCESS		
125	0.00000140	ntvdm.exe	IOCTL_SERIAL_GET_COMMSTATUS	Serial1	SUCCESS		
126	0.00000168	ntvdm.exe	IOCTL_SERIAL_GET_COMMSTATUS	Serial1	SUCCESS		
127	0.00000168	ntvdm.exe	IOCTL_SERIAL_GET_COMMSTATUS	Serial1	SUCCESS		
128	0.00000168	ntvdm.exe	IOCTL_SERIAL_GET_COMMSTATUS	Serial1	SUCCESS		
129	0.00000168	ntvdm.exe	IOCTL_SERIAL_GET_COMMSTATUS	Serial1	SUCCESS		
130	0.00000140	ntvdm.exe	IOCTL_SERIAL_GET_COMMSTATUS	Serial1	SUCCESS		
131	0.00000168	ntvdm.exe	IOCTL_SERIAL_GET_COMMSTATUS	Serial1	SUCCESS		
132	0.00000168	ntvdm.exe	IOCTL_SERIAL_GET_COMMSTATUS	Serial1	SUCCESS		
133	0.00000168	ntvdm.exe	IOCTL_SERIAL_GET_COMMSTATUS	Serial1	SUCCESS		
134	0.00000168	ntvdm.exe	IOCTL_SERIAL_GET_COMMSTATUS	Serial1	SUCCESS		
135	0.00000168	ntvdm.exe	IOCTL_SERIAL_GET_COMMSTATUS	Serial1	SUCCESS		
136	0.00000168	ntvdm.exe	IOCTL_SERIAL_GET_COMMSTATUS	Serial1	SUCCESS		
137	0.00000168	ntvdm.exe	IOCTL_SERIAL_GET_COMMSTATUS	Serial1	SUCCESS		
138	0.00000168	ntvdm.exe	IOCTL_SERIAL_GET_COMMSTATUS	Serial1	SUCCESS		
139	0.00000168	ntvdm.exe	IOCTL_SERIAL_GET_COMMSTATUS	Serial1	SUCCESS		
140	0.00000140	ntvdm.exe	IOCTL_SERIAL_GET_COMMSTATUS	Serial1	SUCCESS		
141	0.00000168	ntvdm.exe	IOCTL_SERIAL_GET_COMMSTATUS	Serial1	SUCCESS		
142	0.00000168	ntvdm.exe	IOCTL_SERIAL_GET_COMMSTATUS	Serial1	SUCCESS		
143	0.00000168	ntvdm.exe	IOCTL_SERIAL_GET_COMMSTATUS	Serial1	SUCCESS		
144	0.00000168	ntvdm.exe	IOCTL_SERIAL_GET_COMMSTATUS	Serial1	SUCCESS		
145	0.00000168	ntvdm.exe	IOCTL_SERIAL_GET_COMMSTATUS	Serial1	SUCCESS		
146	0.00000168	ntvdm.exe	IOCTL_SERIAL_GET_COMMSTATUS	Serial1	SUCCESS		
147	0.12952177	ntvdm.exe	IOCTL_SERIAL_WAIT_ON_MASK	Serial1	SUCCESS		
148	0.00000196	ntvdm.exe	IOCTL_SERIAL_GET_COMMSTATUS	Serial1	SUCCESS		
149	0.00000168	ntvdm.exe	IOCTL_SERIAL_GET_COMMSTATUS	Serial1	SUCCESS		
150	0.00000168	ntvdm.exe	IOCTL_SERIAL_GET_COMMSTATUS	Serial1	SUCCESS		
151	0.00000168	ntvdm.exe	IOCTL_SERIAL_GET_COMMSTATUS	Serial1	SUCCESS		
152	0.00000168	ntvdm.exe	IOCTL_SERIAL_GET_COMMSTATUS	Serial1	SUCCESS		
153	0.00000168	ntvdm.exe	IOCTL_SERIAL_GET_COMMSTATUS	Serial1	SUCCESS		
154	0.00000168	ntvdm.exe	IOCTL_SERIAL_GET_COMMSTATUS	Serial1	SUCCESS		
155	0.00000168	ntvdm.exe	IOCTL_SERIAL_GET_COMMSTATUS	Serial1	SUCCESS		
156	0.00000168	ntvdm.exe	IOCTL_SERIAL_GET_COMMSTATUS	Serial1	SUCCESS		
157	0.00000168	ntvdm.exe	IOCTL_SERIAL_GET_COMMSTATUS	Serial1	SUCCESS		
158	0.00000168	ntvdm.exe	IOCTL_SERIAL_GET_COMMSTATUS	Serial1	SUCCESS		
159	0.00000168	ntvdm.exe	IOCTL_SERIAL_GET_COMMSTATUS	Serial1	SUCCESS		
160	0.00000168	ntvdm.exe	IOCTL_SERIAL_GET_COMMSTATUS	Serial1	SUCCESS		
161	0.00000168	ntvdm.exe	IOCTL_SERIAL_GET_COMMSTATUS	Serial1	SUCCESS		
162	0.00000168	ntvdm.exe	IOCTL_SERIAL_GET_COMMSTATUS	Serial1	SUCCESS		
163	0.00000168	ntvdm.exe	IOCTL_SERIAL_GET_COMMSTATUS	Serial1	SUCCESS		
164	0.00000168	ntvdm.exe	IOCTL_SERIAL_GET_COMMSTATUS	Serial1	SUCCESS		
165	0.00000168	ntvdm.exe	IOCTL_SERIAL_GET_COMMSTATUS	Serial1	SUCCESS		
166	0.00000168	ntvdm.exe	IOCTL_SERIAL_GET_COMMSTATUS	Serial1	SUCCESS		
167	0.00000168	ntvdm.exe	IOCTL_SERIAL_GET_COMMSTATUS	Serial1	SUCCESS		
168	0.00000168	ntvdm.exe	IOCTL_SERIAL_GET_COMMSTATUS	Serial1	SUCCESS		
169	0.00000168	ntvdm.exe	IOCTL_SERIAL_GET_COMMSTATUS	Serial1	SUCCESS		
170	0.00000168	ntvdm.exe	IOCTL_SERIAL_GET_COMMSTATUS	Serial1	SUCCESS		
171	0.00000168	ntvdm.exe	IOCTL_SERIAL_GET_COMMSTATUS	Serial1	SUCCESS		
172	0.00000168	ntvdm.exe	IOCTL_SERIAL_GET_COMMSTATUS	Serial1	SUCCESS		
173	0.00000168	ntvdm.exe	IOCTL_SERIAL_GET_COMMSTATUS	Serial1	SUCCESS		
174	0.00000168	ntvdm.exe	IOCTL_SERIAL_GET_COMMSTATUS	Serial1	SUCCESS		
175	0.00000168	ntvdm.exe	IOCTL_SERIAL_GET_COMMSTATUS	Serial1	SUCCESS		
176	0.00000168	ntvdm.exe	IOCTL_SERIAL_GET_COMMSTATUS	Serial1	SUCCESS		
177	0.00000168	ntvdm.exe	IOCTL_SERIAL_GET_COMMSTATUS	Serial1	SUCCESS		
178	0.00000168	ntvdm.exe	IOCTL_SERIAL_GET_COMMSTATUS	Serial1	SUCCESS		
179	0.00000168	ntvdm.exe	IOCTL_SERIAL_GET_COMMSTATUS	Serial1	SUCCESS		
180	0.00000168	ntvdm.exe	IOCTL_SERIAL_GET_COMMSTATUS	Serial1	SUCCESS		
181	0.00000168	ntvdm.exe	IOCTL_SERIAL_GET_COMMSTATUS	Serial1	SUCCESS		
182	0.00000168	ntvdm.exe	IOCTL_SERIAL_GET_COMMSTATUS	Serial1	SUCCESS		
183	0.00000140	ntvdm.exe	IOCTL_SERIAL_GET_COMMSTATUS	Serial1	SUCCESS		
184	0.00000168	ntvdm.exe	IOCTL_SERIAL_GET_COMMSTATUS	Serial1	SUCCESS		
185	0.00000168	ntvdm.exe	IOCTL_SERIAL_GET_COMMSTATUS	Serial1	SUCCESS		
186	0.00000168	ntvdm.exe	IOCTL_SERIAL_GET_COMMSTATUS	Serial1	SUCCESS		
187	0.00000140	ntvdm.exe	IOCTL_SERIAL_GET_COMMSTATUS	Serial1	SUCCESS		
188	0.00000196	ntvdm.exe	IOCTL_SERIAL_GET_COMMSTATUS	Serial1	SUCCESS		
189	0.00000168	ntvdm.exe	IOCTL_SERIAL_GET_COMMSTATUS	Serial1	SUCCESS		
190	0.00000168	ntvdm.exe	IOCTL_SERIAL_GET_COMMSTATUS	Serial1	SUCCESS		
191	0.00000168	ntvdm.exe	IOCTL_SERIAL_GET_COMMSTATUS	Serial1	SUCCESS		
192	0.00000168	ntvdm.exe	IOCTL_SERIAL_GET_COMMSTATUS	Serial1	SUCCESS		
193	0.00000168	ntvdm.exe	IOCTL_SERIAL_GET_COMMSTATUS	Serial1	SUCCESS		
194	0.00000168	ntvdm.exe	IOCTL_SERIAL_GET_COMMSTATUS	Serial1	SUCCESS		
195	0.00000168	ntvdm.exe	IOCTL_SERIAL_GET_COMMSTATUS	Serial1	SUCCESS		
196	0.00000168	ntvdm.exe	IOCTL_SERIAL_GET_COMMSTATUS	Serial1	SUCCESS		
197	0.00000168	ntvdm.exe	IOCTL_SERIAL_GET_COMMSTATUS	Serial1	SUCCESS		
198	0.00000168	ntvdm.exe	IOCTL_SERIAL_GET_COMMSTATUS	Serial1	SUCCESS		
199	0.00000168	ntvdm.exe	IOCTL_SERIAL_GET_COMMSTATUS	Serial1	SUCCESS		
200	0.00000168	ntvdm.exe	IOCTL_SERIAL_GET_COMMSTATUS	Serial1	SUCCESS		
201	0.00000168	ntvdm.exe	IOCTL_SERIAL_GET_COMMSTATUS	Serial1	SUCCESS		
202	0.00000168	ntvdm.exe	IOCTL_SERIAL_GET_COMMSTATUS	Serial1	SUCCESS		
203	0.00000168	ntvdm.exe	IOCTL_SERIAL_GET_COMMSTATUS	Serial1	SUCCESS		
204	0.00000168	ntvdm.exe	IOCTL_SERIAL_GET_COMMSTATUS	Serial1	SUCCESS		
205	0.00000140	ntvdm.exe	IOCTL_SERIAL_GET_COMMSTATUS	Serial1	SUCCESS		
206	0.00000168	ntvdm.exe	IOCTL_SERIAL_GET_COMMSTATUS	Serial1	SUCCESS		
207	0.00000168	ntvdm.exe	IOCTL_SERIAL_GET_COMMSTATUS	Serial1	SUCCESS		
208	0.00000140	ntvdm.exe	IOCTL_SERIAL_GET_COMMSTATUS	Serial1	SUCCESS		
209	0.00000168	ntvdm.exe	IOCTL_SERIAL_GET_COMMSTATUS	Serial1	SUCCESS		
210	0.00000168	ntvdm.exe	IOCTL_SERIAL_GET_COMMSTATUS	Serial1	SUCCESS		
211	0.00000140	ntvdm.exe	IOCTL_SERIAL_GET_COMMSTATUS	Serial1	SUCCESS		
212	0.00000168	ntvdm.exe	IOCTL_SERIAL_GET_COMMSTATUS	Serial1	SUCCESS		
213	0.00000168	ntvdm.exe	IOCTL_SERIAL_GET_COMMSTATUS	Serial1	SUCCESS		
214	0.00000168	ntvdm.exe	IOCTL_SERIAL_GET_COMMSTATUS	Serial1	SUCCESS		
215	0.00000168	ntvdm.exe	IOCTL_SERIAL_GET_COMMSTATUS	Serial1	SUCCESS		
216	0.00000168	ntvdm.exe	IOCTL_SERIAL_GET_COMMSTATUS	Serial1	SUCCESS		
217	0.00000168	ntvdm.exe	IOCTL_SERIAL_GET_COMMSTATUS	Serial1	SUCCESS		
218	0.00000196	ntvdm.exe	IOCTL_SERIAL_GET_COMMSTATUS	Serial1	SUCCESS		
219	0.00000168	ntvdm.exe	IOCTL_SERIAL_GET_COMMSTATUS	Serial1	SUCCESS		
220	0.00000168	ntvdm.exe	IOCTL_SERIAL_GET_COMMSTATUS	Serial1	SUCCESS		
221	0.00000168	ntvdm.exe	IOCTL_SERIAL_GET_COMMSTATUS	Serial1	SUCCESS		
222	0.00000168	ntvdm.exe	IOCTL_SERIAL_GET_COMMSTATUS	Serial1	SUCCESS		
223	0.00000168	ntvdm.exe	IOCTL_SERIAL_GET_COMMSTATUS	Serial1	SUCCESS		
224	0.00000168	ntvdm.exe	IOCTL_SERIAL_GET_COMMSTATUS	Serial1	SUCCESS		
225	0.00000168	ntvdm.exe	IOCTL_SERIAL_GET_COMMSTATUS	Serial1	SUCCESS		
226	0.00000168	ntvdm.exe	IOCTL_SERIAL_GET_COMMSTATUS	Serial1	SUCCESS		
227	0.00000140	ntvdm.exe	IOCTL_SERIAL_GET_COMMSTATUS	Serial1	SUCCESS		
228	0.00000196	ntvdm.exe	IOCTL_SERIAL_GET_COMMSTATUS	Serial1	SUCCESS		
229	0.00000168	ntvdm.exe	IOCTL_SERIAL_GET_COMMSTATUS	Serial1	SUCCESS		
230	0.00000168	ntvdm.exe	IOCTL_SERIAL_GET_COMMSTATUS	Serial1	SUCCESS		
231	0.00000168	ntvdm.exe	IOCTL_SERIAL_GET_COMMSTATUS	Serial1	SUCCESS		
232	0.00000168	ntvdm.exe	IOCTL_SERIAL_GET_COMMSTATUS	Serial1	SUCCESS		
233	0.00000670	ntvdm.exe	IOCTL_SERIAL_GET_COMMSTATUS	Serial1	SUCCESS		
234	0.00000168	ntvdm.exe	IOCTL_SERIAL_GET_COMMSTATUS	Serial1	SUCCESS		
235	0.00000140	ntvdm.exe	IOCTL_SERIAL_GET_COMMSTATUS	Serial1	SUCCESS		
236	0.00000168	ntvdm.exe	IOCTL_SERIAL_GET_COMMSTATUS	Serial1	SUCCESS		
237	0.00000168	ntvdm.exe	IOCTL_SERIAL_GET_COMMSTATUS	Serial1	SUCCESS		
238	0.00000168	ntvdm.exe	IOCTL_SERIAL_GET_COMMSTATUS	Serial1	SUCCESS		
239	0.00000168	ntvdm.exe	IOCTL_SERIAL_GET_COMMSTATUS	Serial1	SUCCESS		
240	0.00000196	ntvdm.exe	IOCTL_SERIAL_GET_COMMSTATUS	Serial1	SUCCESS		
241	0.00000168	ntvdm.exe	IOCTL_SERIAL_GET_COMMSTATUS	Serial1	SUCCESS		
242	0.00000168	ntvdm.exe	IOCTL_SERIAL_GET_COMMSTATUS	Serial1	SUCCESS		
243	0.00000168	ntvdm.exe	IOCTL_SERIAL_GET_COMMSTATUS	Serial1	SUCCESS		
244	0.00000168	ntvdm.exe	IOCTL_SERIAL_GET_COMMSTATUS	Serial1	SUCCESS		
245	0.00000168	ntvdm.exe	IOCTL_SERIAL_GET_COMMSTATUS	Serial1	SUCCESS		
246	0.00000168	ntvdm.exe	IOCTL_SERIAL_GET_COMMSTATUS	Serial1	SUCCESS		
247	0.00000168	ntvdm.exe	IOCTL_SERIAL_GET_COMMSTATUS	Serial1	SUCCESS		
248	0.00000168	ntvdm.exe	IOCTL_SERIAL_GET_COMMSTATUS	Serial1	SUCCESS		
249	0.00000168	ntvdm.exe	IOCTL_SERIAL_GET_COMMSTATUS	Serial1	SUCCESS		
250	0.00000196	ntvdm.exe	IOCTL_SERIAL_GET_COMMSTATUS	Serial1	SUCCESS		
251	0.00000168	ntvdm.exe	IOCTL_SERIAL_GET_COMMSTATUS	Serial1	SUCCESS		
252	0.00000168	ntvdm.exe	IOCTL_SERIAL_GET_COMMSTATUS	Serial1	SUCCESS		
253	0.00000168	ntvdm.exe	IOCTL_SERIAL_GET_COMMSTATUS	Serial1	SUCCESS		
254	0.00000168	ntvdm.exe	IOCTL_SERIAL_GET_COMMSTATUS	Serial1	SUCCESS		
255	0.00000168	ntvdm.exe	IOCTL_SERIAL_GET_COMMSTATUS	Serial1	SUCCESS		
256	0.00000168	ntvdm.exe	IOCTL_SERIAL_GET_COMMSTATUS	Serial1	SUCCESS		
257	0.00000168	ntvdm.exe	IOCTL_SERIAL_GET_COMMSTATUS	Serial1	SUCCESS		
258	0.00000168	ntvdm.exe	IOCTL_SERIAL_GET_COMMSTATUS	Serial1	SUCCESS		
259	0.00000168	ntvdm.exe	IOCTL_SERIAL_GET_COMMSTATUS	Serial1	SUCCESS		
260	0.00000168	ntvdm.exe	IOCTL_SERIAL_GET_COMMSTATUS	Serial1	SUCCESS		
261	0.00000196	ntvdm.exe	IOCTL_SERIAL_GET_COMMSTATUS	Serial1	SUCCESS		
262	0.00000196	ntvdm.exe	IOCTL_SERIAL_GET_COMMSTATUS	Serial1	SUCCESS		
263	0.00000168	ntvdm.exe	IOCTL_SERIAL_GET_COMMSTATUS	Serial1	SUCCESS		
264	0.00000168	ntvdm.exe	IOCTL_SERIAL_GET_COMMSTATUS	Serial1	SUCCESS		
265	0.00000168	ntvdm.exe	IOCTL_SERIAL_GET_COMMSTATUS	Serial1	SUCCESS		
266	0.00000168	ntvdm.exe	IOCTL_SERIAL_GET_COMMSTATUS	Serial1	SUCCESS		
267	0.00000168	ntvdm.exe	IOCTL_SERIAL_GET_COMMSTATUS	Serial1	SUCCESS		
268	0.00000168	ntvdm.exe	IOCTL_SERIAL_GET_COMMSTATUS	Serial1	SUCCESS		
269	0.00000168	ntvdm.exe	IOCTL_SERIAL_GET_COMMSTATUS	Serial1	SUCCESS		
270	0.00000168	ntvdm.exe	IOCTL_SERIAL_GET_COMMSTATUS	Serial1	SUCCESS		
271	0.00000140	ntvdm.exe	IOCTL_SERIAL_GET_COMMSTATUS	Serial1	SUCCESS		
272	0.00000168	ntvdm.exe	IOCTL_SERIAL_GET_COMMSTATUS	Serial1	SUCCESS		
273	0.00000168	ntvdm.exe	IOCTL_SERIAL_GET_COMMSTATUS	Serial1	SUCCESS		
274	0.00000168	ntvdm.exe	IOCTL_SERIAL_GET_COMMSTATUS	Serial1	SUCCESS		
275	0.00000140	ntvdm.exe	IOCTL_SERIAL_GET_COMMSTATUS	Serial1	SUCCESS		
276	0.00000168	ntvdm.exe	IOCTL_SERIAL_GET_COMMSTATUS	Serial1	SUCCESS		
277	0.00000168	ntvdm.exe	IOCTL_SERIAL_GET_COMMSTATUS	Serial1	SUCCESS		
278	0.00000196	ntvdm.exe	IOCTL_SERIAL_GET_COMMSTATUS	Serial1	SUCCESS		
279	0.00000168	ntvdm.exe	IOCTL_SERIAL_GET_COMMSTATUS	Serial1	SUCCESS		
280	0.00000168	ntvdm.exe	IOCTL_SERIAL_GET_COMMSTATUS	Serial1	SUCCESS		
281	0.00000168	ntvdm.exe	IOCTL_SERIAL_GET_COMMSTATUS	Serial1	SUCCESS		
282	0.00000168	ntvdm.exe	IOCTL_SERIAL_GET_COMMSTATUS	Serial1	SUCCESS		
283	0.00000168	ntvdm.exe	IOCTL_SERIAL_GET_COMMSTATUS	Serial1	SUCCESS		
284	0.00000168	ntvdm.exe	IOCTL_SERIAL_GET_COMMSTATUS	Serial1	SUCCESS		
285	0.00000168	ntvdm.exe	IOCTL_SERIAL_GET_COMMSTATUS	Serial1	SUCCESS		
286	0.00000168	ntvdm.exe	IOCTL_SERIAL_GET_COMMSTATUS	Serial1	SUCCESS		
287	0.00000168	ntvdm.exe	IOCTL_SERIAL_GET_COMMSTATUS	Serial1	SUCCESS		
288	0.00000168	ntvdm.exe	IOCTL_SERIAL_GET_COMMSTATUS	Serial1	SUCCESS		
289	0.00000140	ntvdm.exe	IOCTL_SERIAL_GET_COMMSTATUS	Serial1	SUCCESS		
290	0.00000168	ntvdm.exe	IOCTL_SERIAL_GET_COMMSTATUS	Serial1	SUCCESS		
291	0.00000168	ntvdm.exe	IOCTL_SERIAL_GET_COMMSTATUS	Serial1	SUCCESS		
292	0.00000168	ntvdm.exe	IOCTL_SERIAL_GET_COMMSTATUS	Serial1	SUCCESS		
293	0.00000168	ntvdm.exe	IOCTL_SERIAL_GET_COMMSTATUS	Serial1	SUCCESS		
294	0.00000168	ntvdm.exe	IOCTL_SERIAL_GET_COMMSTATUS	Serial1	SUCCESS		
295	0.00000168	ntvdm.exe	IOCTL_SERIAL_GET_COMMSTATUS	Serial1	SUCCESS		
296	0.00000168	ntvdm.exe	IOCTL_SERIAL_GET_COMMSTATUS	Serial1	SUCCESS		
297	0.00000168	ntvdm.exe	IOCTL_SERIAL_GET_COMMSTATUS	Serial1	SUCCESS		
298	0.00000168	ntvdm.exe	IOCTL_SERIAL_GET_COMMSTATUS	Serial1	SUCCESS		
299	0.00000168	ntvdm.exe	IOCTL_SERIAL_GET_COMMSTATUS	Serial1	SUCCESS		
300	0.00000168	ntvdm.exe	IOCTL_SERIAL_GET_COMMSTATUS	Serial1	SUCCESS		
301	0.00000168	ntvdm.exe	IOCTL_SERIAL_GET_COMMSTATUS	Serial1	SUCCESS		
302	0.00000168	ntvdm.exe	IOCTL_SERIAL_GET_COMMSTATUS	Serial1	SUCCESS		
303	0.00000168	ntvdm.exe	IOCTL_SERIAL_GET_COMMSTATUS	Serial1	SUCCESS		
304	0.00000168	ntvdm.exe	IOCTL_SERIAL_GET_COMMSTATUS	Serial1	SUCCESS		
305	0.00000168	ntvdm.exe	IOCTL_SERIAL_GET_COMMSTATUS	Serial1	SUCCESS		
306	0.00000168	ntvdm.exe	IOCTL_SERIAL_GET_COMMSTATUS	Serial1	SUCCESS		
307	0.00000168	ntvdm.exe	IOCTL_SERIAL_GET_COMMSTATUS	Serial1	SUCCESS		
308	0.00000168	ntvdm.exe	IOCTL_SERIAL_GET_COMMSTATUS	Serial1	SUCCESS		
309	0.00000168	ntvdm.exe	IOCTL_SERIAL_GET_COMMSTATUS	Serial1	SUCCESS		
310	0.00000168	ntvdm.exe	IOCTL_SERIAL_GET_COMMSTATUS	Serial1	SUCCESS		
311	0.00000168	ntvdm.exe	IOCTL_SERIAL_GET_COMMSTATUS	Serial1	SUCCESS		
312	0.00000168	ntvdm.exe	IOCTL_SERIAL_GET_COMMSTATUS	Serial1	SUCCESS		
313	0.00000168	ntvdm.exe	IOCTL_SERIAL_GET_COMMSTATUS	Serial1	SUCCESS		
314	0.00000168	ntvdm.exe	IOCTL_SERIAL_GET_COMMSTATUS	Serial1	SUCCESS		
315	0.00000168	ntvdm.exe	IOCTL_SERIAL_GET_COMMSTATUS	Serial1	SUCCESS		
316	0.00000168	ntvdm.exe	IOCTL_SERIAL_GET_COMMSTATUS	Serial1	SUCCESS		
317	0.00000140	ntvdm.exe	IOCTL_SERIAL_GET_COMMSTATUS	Serial1	SUCCESS		
318	0.00000168	ntvdm.exe	IOCTL_SERIAL_GET_COMMSTATUS	Serial1	SUCCESS		
319	0.00000168	ntvdm.exe	IOCTL_SERIAL_GET_COMMSTATUS	Serial1	SUCCESS		
320	0.00000168	ntvdm.exe	IOCTL_SERIAL_GET_COMMSTATUS	Serial1	SUCCESS		
321	0.00000140	ntvdm.exe	IOCTL_SERIAL_GET_COMMSTATUS	Serial1	SUCCESS		
322	0.00000168	ntvdm.exe	IOCTL_SERIAL_GET_COMMSTATUS	Serial1	SUCCESS		
323	0.00000168	ntvdm.exe	IOCTL_SERIAL_GET_COMMSTATUS	Serial1	SUCCESS		
324	0.00000168	ntvdm.exe	IOCTL_SERIAL_GET_COMMSTATUS	Serial1	SUCCESS		
325	0.00000168	ntvdm.exe	IOCTL_SERIAL_GET_COMMSTATUS	Serial1	SUCCESS		
326	0.00000168	ntvdm.exe	IOCTL_SERIAL_GET_COMMSTATUS	Serial1	SUCCESS		
327	0.00000168	ntvdm.exe	IOCTL_SERIAL_GET_COMMSTATUS	Serial1	SUCCESS		
328	0.00000196	ntvdm.exe	IOCTL_SERIAL_GET_COMMSTATUS	Serial1	SUCCESS		
329	0.00000168	ntvdm.exe	IOCTL_SERIAL_GET_COMMSTATUS	Serial1	SUCCESS		
330	0.00000168	ntvdm.exe	IOCTL_SERIAL_GET_COMMSTATUS	Serial1	SUCCESS		
331	0.00000168	ntvdm.exe	IOCTL_SERIAL_GET_COMMSTATUS	Serial1	SUCCESS		
332	0.00000168	ntvdm.exe	IOCTL_SERIAL_GET_COMMSTATUS	Serial1	SUCCESS		
333	0.00000168	ntvdm.exe	IOCTL_SERIAL_GET_COMMSTATUS	Serial1	SUCCESS		
334	0.00000140	ntvdm.exe	IOCTL_SERIAL_GET_COMMSTATUS	Serial1	SUCCESS		
335	0.00000168	ntvdm.exe	IOCTL_SERIAL_GET_COMMSTATUS	Serial1	SUCCESS		
336	0.00000168	ntvdm.exe	IOCTL_SERIAL_GET_COMMSTATUS	Serial1	SUCCESS		
337	0.00000168	ntvdm.exe	IOCTL_SERIAL_GET_COMMSTATUS	Serial1	SUCCESS		
338	0.00000168	ntvdm.exe	IOCTL_SERIAL_GET_COMMSTATUS	Serial1	SUCCESS		
339	0.00000168	ntvdm.exe	IOCTL_SERIAL_GET_COMMSTATUS	Serial1	SUCCESS		
340	0.00000140	ntvdm.exe	IOCTL_SERIAL_GET_COMMSTATUS	Serial1	SUCCESS		
341	0.00000140	ntvdm.exe	IOCTL_SERIAL_GET_COMMSTATUS	Serial1	SUCCESS		
342	0.00000168	ntvdm.exe	IOCTL_SERIAL_GET_COMMSTATUS	Serial1	SUCCESS		
343	0.00000168	ntvdm.exe	IOCTL_SERIAL_GET_COMMSTATUS	Serial1	SUCCESS		
344	0.00000168	ntvdm.exe	IOCTL_SERIAL_GET_COMMSTATUS	Serial1	SUCCESS		
345	0.00000168	ntvdm.exe	IOCTL_SERIAL_GET_COMMSTATUS	Serial1	SUCCESS		
346	0.00000168	ntvdm.exe	IOCTL_SERIAL_GET_COMMSTATUS	Serial1	SUCCESS		
347	0.00000168	ntvdm.exe	IOCTL_SERIAL_GET_COMMSTATUS	Serial1	SUCCESS		
348	0.00000168	ntvdm.exe	IOCTL_SERIAL_GET_COMMSTATUS	Serial1	SUCCESS		
349	0.00000168	ntvdm.exe	IOCTL_SERIAL_GET_COMMSTATUS	Serial1	SUCCESS		
350	0.00000140	ntvdm.exe	IOCTL_SERIAL_GET_COMMSTATUS	Serial1	SUCCESS		
351	0.00000168	ntvdm.exe	IOCTL_SERIAL_GET_COMMSTATUS	Serial1	SUCCESS		
352	0.00000168	ntvdm.exe	IOCTL_SERIAL_GET_COMMSTATUS	Serial1	SUCCESS		
353	0.00000140	ntvdm.exe	IOCTL_SERIAL_GET_COMMSTATUS	Serial1	SUCCESS		
354	0.00000140	ntvdm.exe	IOCTL_SERIAL_GET_COMMSTATUS	Serial1	SUCCESS		
355	0.00000168	ntvdm.exe	IOCTL_SERIAL_GET_COMMSTATUS	Serial1	SUCCESS		
356	0.00000168	ntvdm.exe	IOCTL_SERIAL_GET_COMMSTATUS	Serial1	SUCCESS		
357	0.00000168	ntvdm.exe	IOCTL_SERIAL_GET_COMMSTATUS	Serial1	SUCCESS		
358	0.00000168	ntvdm.exe	IOCTL_SERIAL_GET_COMMSTATUS	Serial1	SUCCESS		
359	0.00000168	ntvdm.exe	IOCTL_SERIAL_GET_COMMSTATUS	Serial1	SUCCESS		
360	0.00000168	ntvdm.exe	IOCTL_SERIAL_GET_COMMSTATUS	Serial1	SUCCESS		
361	0.00000168	ntvdm.exe	IOCTL_SERIAL_GET_COMMSTATUS	Serial1	SUCCESS		
362	0.00000168	ntvdm.exe	IOCTL_SERIAL_GET_COMMSTATUS	Serial1	SUCCESS		
363	0.00000168	ntvdm.exe	IOCTL_SERIAL_GET_COMMSTATUS	Serial1	SUCCESS		
364	0.00000140	ntvdm.exe	IOCTL_SERIAL_GET_COMMSTATUS	Serial1	SUCCESS		
365	0.00000168	ntvdm.exe	IOCTL_SERIAL_GET_COMMSTATUS	Serial1	SUCCESS		
366	0.00000168	ntvdm.exe	IOCTL_SERIAL_GET_COMMSTATUS	Serial1	SUCCESS		
367	0.00000168	ntvdm.exe	IOCTL_SERIAL_GET_COMMSTATUS	Serial1	SUCCESS		
368	0.00000168	ntvdm.exe	IOCTL_SERIAL_GET_COMMSTATUS	Serial1	SUCCESS		
369	0.00000168	ntvdm.exe	IOCTL_SERIAL_GET_COMMSTATUS	Serial1	SUCCESS		
370	0.00000168	ntvdm.exe	IOCTL_SERIAL_GET_COMMSTATUS	Serial1	SUCCESS		
371	0.00000168	ntvdm.exe	IOCTL_SERIAL_GET_COMMSTATUS	Serial1	SUCCESS		
372	0.00000168	ntvdm.exe	IOCTL_SERIAL_GET_COMMSTATUS	Serial1	SUCCESS		
373	0.00000168	ntvdm.exe	IOCTL_SERIAL_GET_COMMSTATUS	Serial1	SUCCESS		
374	0.00000168	ntvdm.exe	IOCTL_SERIAL_GET_COMMSTATUS	Serial1	SUCCESS		
375	0.00000168	ntvdm.exe	IOCTL_SERIAL_GET_COMMSTATUS	Serial1	SUCCESS		
376	0.00000168	ntvdm.exe	IOCTL_SERIAL_GET_COMMSTATUS	Serial1	SUCCESS		
377	0.00000168	ntvdm.exe	IOCTL_SERIAL_GET_COMMSTATUS	Serial1	SUCCESS		
378	0.00000168	ntvdm.exe	IOCTL_SERIAL_GET_COMMSTATUS	Serial1	SUCCESS		
379	0.00000168	ntvdm.exe	IOCTL_SERIAL_GET_COMMSTATUS	Serial1	SUCCESS		
380	0.00000140	ntvdm.exe	IOCTL_SERIAL_GET_COMMSTATUS	Serial1	SUCCESS		
381	0.00000168	ntvdm.exe	IOCTL_SERIAL_GET_COMMSTATUS	Serial1	SUCCESS		
382	0.00000196	ntvdm.exe	IOCTL_SERIAL_GET_COMMSTATUS	Serial1	SUCCESS		
383	0.00000168	ntvdm.exe	IOCTL_SERIAL_GET_COMMSTATUS	Serial1	SUCCESS		
384	0.00000168	ntvdm.exe	IOCTL_SERIAL_GET_COMMSTATUS	Serial1	SUCCESS		
385	0.00000168	ntvdm.exe	IOCTL_SERIAL_GET_COMMSTATUS	Serial1	SUCCESS		
386	0.00000168	ntvdm.exe	IOCTL_SERIAL_GET_COMMSTATUS	Serial1	SUCCESS		
387	0.00000168	ntvdm.exe	IOCTL_SERIAL_GET_COMMSTATUS	Serial1	SUCCESS		
388	0.00000168	ntvdm.exe	IOCTL_SERIAL_GET_COMMSTATUS	Serial1	SUCCESS		
389	0.00000168	ntvdm.exe	IOCTL_SERIAL_GET_COMMSTATUS	Serial1	SUCCESS		
390	0.00000168	ntvdm.exe	IOCTL_SERIAL_GET_COMMSTATUS	Serial1	SUCCESS		
391	0.00000168	ntvdm.exe	IOCTL_SERIAL_GET_COMMSTATUS	Serial1	SUCCESS		
392	0.00000168	ntvdm.exe	IOCTL_SERIAL_GET_COMMSTATUS	Serial1	SUCCESS		
393	0.00000168	ntvdm.exe	IOCTL_SERIAL_GET_COMMSTATUS	Serial1	SUCCESS		
394	0.00000168	ntvdm.exe	IOCTL_SERIAL_GET_COMMSTATUS	Serial1	SUCCESS		
395	0.00000168	ntvdm.exe	IOCTL_SERIAL_GET_COMMSTATUS	Serial1	SUCCESS		
396	0.00000168	ntvdm.exe	IOCTL_SERIAL_GET_COMMSTATUS	Serial1	SUCCESS		
397	0.00000168	ntvdm.exe	IOCTL_SERIAL_GET_COMMSTATUS	Serial1	SUCCESS		
398	0.00000140	ntvdm.exe	IOCTL_SERIAL_GET_COMMSTATUS	Serial1	SUCCESS		
399	0.00000168	ntvdm.exe	IOCTL_SERIAL_GET_COMMSTATUS	Serial1	SUCCESS		
400	0.00000140	ntvdm.exe	IOCTL_SERIAL_GET_COMMSTATUS	Serial1	SUCCESS		
401	0.00000168	ntvdm.exe	IOCTL_SERIAL_GET_COMMSTATUS	Serial1	SUCCESS		
402	0.00000168	ntvdm.exe	IOCTL_SERIAL_GET_COMMSTATUS	Serial1	SUCCESS		
403	0.00000168	ntvdm.exe	IOCTL_SERIAL_GET_COMMSTATUS	Serial1	SUCCESS		
404	0.00000168	ntvdm.exe	IOCTL_SERIAL_GET_COMMSTATUS	Serial1	SUCCESS		
405	0.00000168	ntvdm.exe	IOCTL_SERIAL_GET_COMMSTATUS	Serial1	SUCCESS		
406	0.00000168	ntvdm.exe	IOCTL_SERIAL_GET_COMMSTATUS	Serial1	SUCCESS		
407	0.00000168	ntvdm.exe	IOCTL_SERIAL_GET_COMMSTATUS	Serial1	SUCCESS		
408	0.00000168	ntvdm.exe	IOCTL_SERIAL_GET_COMMSTATUS	Serial1	SUCCESS		
409	0.00000168	ntvdm.exe	IOCTL_SERIAL_GET_COMMSTATUS	Serial1	SUCCESS		
410	0.00000168	ntvdm.exe	IOCTL_SERIAL_GET_COMMSTATUS	Serial1	SUCCESS		
411	0.00000168	ntvdm.exe	IOCTL_SERIAL_GET_COMMSTATUS	Serial1	SUCCESS		
412	0.00000168	ntvdm.exe	IOCTL_SERIAL_GET_COMMSTATUS	Serial1	SUCCESS		
413	0.00000168	ntvdm.exe	IOCTL_SERIAL_GET_COMMSTATUS	Serial1	SUCCESS		
414	0.00000168	ntvdm.exe	IOCTL_SERIAL_GET_COMMSTATUS	Serial1	SUCCESS		
415	0.00000168	ntvdm.exe	IOCTL_SERIAL_GET_COMMSTATUS	Serial1	SUCCESS		
416	0.00000140	ntvdm.exe	IOCTL_SERIAL_GET_COMMSTATUS	Serial1	SUCCESS		
417	0.00000168	ntvdm.exe	IOCTL_SERIAL_GET_COMMSTATUS	Serial1	SUCCESS		
418	0.00000168	ntvdm.exe	IOCTL_SERIAL_GET_COMMSTATUS	Serial1	SUCCESS		
419	0.00000140	ntvdm.exe	IOCTL_SERIAL_GET_COMMSTATUS	Serial1	SUCCESS		
420	0.00000168	ntvdm.exe	IOCTL_SERIAL_GET_COMMSTATUS	Serial1	SUCCESS		
421	0.00000168	ntvdm.exe	IOCTL_SERIAL_GET_COMMSTATUS	Serial1	SUCCESS		
422	0.00000168	ntvdm.exe	IOCTL_SERIAL_GET_COMMSTATUS	Serial1	SUCCESS		
423	0.00000168	ntvdm.exe	IOCTL_SERIAL_GET_COMMSTATUS	Serial1	SUCCESS		
424	0.00000168	ntvdm.exe	IOCTL_SERIAL_GET_COMMSTATUS	Serial1	SUCCESS		
425	0.00000168	ntvdm.exe	IOCTL_SERIAL_GET_COMMSTATUS	Serial1	SUCCESS		
426	0.00000168	ntvdm.exe	IOCTL_SERIAL_GET_COMMSTATUS	Serial1	SUCCESS		
427	0.00000168	ntvdm.exe	IOCTL_SERIAL_GET_COMMSTATUS	Serial1	SUCCESS		
428	0.00000168	ntvdm.exe	IOCTL_SERIAL_GET_COMMSTATUS	Serial1	SUCCESS		
429	0.00000168	ntvdm.exe	IOCTL_SERIAL_GET_COMMSTATUS	Serial1	SUCCESS		
430	0.00000168	ntvdm.exe	IOCTL_SERIAL_GET_COMMSTATUS	Serial1	SUCCESS		
431	0.00000168	ntvdm.exe	IOCTL_SERIAL_GET_COMMSTATUS	Serial1	SUCCESS		
432	0.00000168	ntvdm.exe	IOCTL_SERIAL_GET_COMMSTATUS	Serial1	SUCCESS		
433	0.00000168	ntvdm.exe	IOCTL_SERIAL_GET_COMMSTATUS	Serial1	SUCCESS		
434	0.00000168	ntvdm.exe	IOCTL_SERIAL_GET_COMMSTATUS	Serial1	SUCCESS		
435	0.00000168	ntvdm.exe	IOCTL_SERIAL_GET_COMMSTATUS	Serial1	SUCCESS		
436	0.00000168	ntvdm.exe	IOCTL_SERIAL_GET_COMMSTATUS	Serial1	SUCCESS		
437	0.00000168	ntvdm.exe	IOCTL_SERIAL_GET_COMMSTATUS	Serial1	SUCCESS		
438	0.00000168	ntvdm.exe	IOCTL_SERIAL_GET_COMMSTATUS	Serial1	SUCCESS		
439	0.00000168	ntvdm.exe	IOCTL_SERIAL_GET_COMMSTATUS	Serial1	SUCCESS		
440	0.00000168	ntvdm.exe	IOCTL_SERIAL_GET_COMMSTATUS	Serial1	SUCCESS		
441	0.00000168	ntvdm.exe	IOCTL_SERIAL_GET_COMMSTATUS	Serial1	SUCCESS		
442	0.00000168	ntvdm.exe	IOCTL_SERIAL_GET_COMMSTATUS	Serial1	SUCCESS		
443	0.00000168	ntvdm.exe	IOCTL_SERIAL_GET_COMMSTATUS	Serial1	SUCCESS		
444	0.00000168	ntvdm.exe	IOCTL_SERIAL_GET_COMMSTATUS	Serial1	SUCCESS		
445	0.00000168	ntvdm.exe	IOCTL_SERIAL_GET_COMMSTATUS	Serial1	SUCCESS		
446	0.00000168	ntvdm.exe	IOCTL_SERIAL_GET_COMMSTATUS	Serial1	SUCCESS		
447	0.00000168	ntvdm.exe	IOCTL_SERIAL_GET_COMMSTATUS	Serial1	SUCCESS		
448	0.00000168	ntvdm.exe	IOCTL_SERIAL_GET_COMMSTATUS	Serial1	SUCCESS		
449	0.00000168	ntvdm.exe	IOCTL_SERIAL_GET_COMMSTATUS	Serial1	SUCCESS		
450	0.00000168	ntvdm.exe	IOCTL_SERIAL_GET_COMMSTATUS	Serial1	SUCCESS		
451	0.00000168	ntvdm.exe	IOCTL_SERIAL_GET_COMMSTATUS	Serial1	SUCCESS		
452	0.00000670	ntvdm.exe	IOCTL_SERIAL_GET_COMMSTATUS	Serial1	SUCCESS		
453	0.00000168	ntvdm.exe	IOCTL_SERIAL_GET_COMMSTATUS	Serial1	SUCCESS		
454	0.00000168	ntvdm.exe	IOCTL_SERIAL_GET_COMMSTATUS	Serial1	SUCCESS		
455	0.00000168	ntvdm.exe	IOCTL_SERIAL_GET_COMMSTATUS	Serial1	SUCCESS		
456	0.00000168	ntvdm.exe	IOCTL_SERIAL_GET_COMMSTATUS	Serial1	SUCCESS		
457	0.00000168	ntvdm.exe	IOCTL_SERIAL_GET_COMMSTATUS	Serial1	SUCCESS		
458	0.00000168	ntvdm.exe	IOCTL_SERIAL_GET_COMMSTATUS	Serial1	SUCCESS		
459	0.00000168	ntvdm.exe	IOCTL_SERIAL_GET_COMMSTATUS	Serial1	SUCCESS		
460	0.00000168	ntvdm.exe	IOCTL_SERIAL_GET_COMMSTATUS	Serial1	SUCCESS		
461	0.00000168	ntvdm.exe	IOCTL_SERIAL_GET_COMMSTATUS	Serial1	SUCCESS		
462	0.00000168	ntvdm.exe	IOCTL_SERIAL_GET_COMMSTATUS	Serial1	SUCCESS		
463	0.00000168	ntvdm.exe	IOCTL_SERIAL_GET_COMMSTATUS	Serial1	SUCCESS		
464	0.00000168	ntvdm.exe	IOCTL_SERIAL_GET_COMMSTATUS	Serial1	SUCCESS		
465	0.00000196	ntvdm.exe	IOCTL_SERIAL_GET_COMMSTATUS	Serial1	SUCCESS		
466	0.00000168	ntvdm.exe	IOCTL_SERIAL_GET_COMMSTATUS	Serial1	SUCCESS		
467	0.00000168	ntvdm.exe	IOCTL_SERIAL_GET_COMMSTATUS	Serial1	SUCCESS		
468	0.00000168	ntvdm.exe	IOCTL_SERIAL_GET_COMMSTATUS	Serial1	SUCCESS		
469	0.00000168	ntvdm.exe	IOCTL_SERIAL_GET_COMMSTATUS	Serial1	SUCCESS		
470	0.00000168	ntvdm.exe	IOCTL_SERIAL_GET_COMMSTATUS	Serial1	SUCCESS		
471	0.00000168	ntvdm.exe	IOCTL_SERIAL_GET_COMMSTATUS	Serial1	SUCCESS		
472	0.00000168	ntvdm.exe	IOCTL_SERIAL_GET_COMMSTATUS	Serial1	SUCCESS		
473	0.00000168	ntvdm.exe	IOCTL_SERIAL_GET_COMMSTATUS	Serial1	SUCCESS		
474	0.00000168	ntvdm.exe	IOCTL_SERIAL_GET_COMMSTATUS	Serial1	SUCCESS		
475	0.00000168	ntvdm.exe	IOCTL_SERIAL_GET_COMMSTATUS	Serial1	SUCCESS		
476	0.00000587	ntvdm.exe	IOCTL_SERIAL_GET_COMMSTATUS	Serial1	SUCCESS		
477	0.00000168	ntvdm.exe	IOCTL_SERIAL_GET_COMMSTATUS	Serial1	SUCCESS		
478	0.00000168	ntvdm.exe	IOCTL_SERIAL_GET_COMMSTATUS	Serial1	SUCCESS		
479	0.00000168	ntvdm.exe	IOCTL_SERIAL_GET_COMMSTATUS	Serial1	SUCCESS		
480	0.00000168	ntvdm.exe	IOCTL_SERIAL_GET_COMMSTATUS	Serial1	SUCCESS		
481	0.00000168	ntvdm.exe	IOCTL_SERIAL_GET_COMMSTATUS	Serial1	SUCCESS		
482	0.00000168	ntvdm.exe	IOCTL_SERIAL_GET_COMMSTATUS	Serial1	SUCCESS		
483	0.00000168	ntvdm.exe	IOCTL_SERIAL_GET_COMMSTATUS	Serial1	SUCCESS		
484	0.00000168	ntvdm.exe	IOCTL_SERIAL_GET_COMMSTATUS	Serial1	SUCCESS		
485	0.00000168	ntvdm.exe	IOCTL_SERIAL_GET_COMMSTATUS	Serial1	SUCCESS		
486	0.00000168	ntvdm.exe	IOCTL_SERIAL_GET_COMMSTATUS	Serial1	SUCCESS		
487	0.00000168	ntvdm.exe	IOCTL_SERIAL_GET_COMMSTATUS	Serial1	SUCCESS		
488	0.00000168	ntvdm.exe	IOCTL_SERIAL_GET_COMMSTATUS	Serial1	SUCCESS		
489	0.00000168	ntvdm.exe	IOCTL_SERIAL_GET_COMMSTATUS	Serial1	SUCCESS		
490	0.00000168	ntvdm.exe	IOCTL_SERIAL_GET_COMMSTATUS	Serial1	SUCCESS		
491	0.00000168	ntvdm.exe	IOCTL_SERIAL_GET_COMMSTATUS	Serial1	SUCCESS		
492	0.00000168	ntvdm.exe	IOCTL_SERIAL_GET_COMMSTATUS	Serial1	SUCCESS		
493	0.00000168	ntvdm.exe	IOCTL_SERIAL_GET_COMMSTATUS	Serial1	SUCCESS		
494	0.00000168	ntvdm.exe	IOCTL_SERIAL_GET_COMMSTATUS	Serial1	SUCCESS		
495	0.00000168	ntvdm.exe	IOCTL_SERIAL_GET_COMMSTATUS	Serial1	SUCCESS		
496	0.00000168	ntvdm.exe	IOCTL_SERIAL_GET_COMMSTATUS	Serial1	SUCCESS		
497	0.00000168	ntvdm.exe	IOCTL_SERIAL_GET_COMMSTATUS	Serial1	SUCCESS		
498	0.00000168	ntvdm.exe	IOCTL_SERIAL_GET_COMMSTATUS	Serial1	SUCCESS		
499	0.00000168	ntvdm.exe	IOCTL_SERIAL_GET_COMMSTATUS	Serial1	SUCCESS		
500	0.00000168	ntvdm.exe	IOCTL_SERIAL_GET_COMMSTATUS	Serial1	SUCCESS		
501	0.00000168	ntvdm.exe	IOCTL_SERIAL_GET_COMMSTATUS	Serial1	SUCCESS		
502	0.00000168	ntvdm.exe	IOCTL_SERIAL_GET_COMMSTATUS	Serial1	SUCCESS		
503	0.00000168	ntvdm.exe	IOCTL_SERIAL_GET_COMMSTATUS	Serial1	SUCCESS		
504	0.00000168	ntvdm.exe	IOCTL_SERIAL_GET_COMMSTATUS	Serial1	SUCCESS		
505	0.00000168	ntvdm.exe	IOCTL_SERIAL_GET_COMMSTATUS	Serial1	SUCCESS		
506	0.00000168	ntvdm.exe	IOCTL_SERIAL_GET_COMMSTATUS	Serial1	SUCCESS		
507	0.00000168	ntvdm.exe	IOCTL_SERIAL_GET_COMMSTATUS	Serial1	SUCCESS		
508	0.00000168	ntvdm.exe	IOCTL_SERIAL_GET_COMMSTATUS	Serial1	SUCCESS		
509	0.00000168	ntvdm.exe	IOCTL_SERIAL_GET_COMMSTATUS	Serial1	SUCCESS		
510	0.00000168	ntvdm.exe	IOCTL_SERIAL_GET_COMMSTATUS	Serial1	SUCCESS		
511	0.00000168	ntvdm.exe	IOCTL_SERIAL_GET_COMMSTATUS	Serial1	SUCCESS		
512	0.00000168	ntvdm.exe	IOCTL_SERIAL_GET_COMMSTATUS	Serial1	SUCCESS		
513	0.00000168	ntvdm.exe	IOCTL_SERIAL_GET_COMMSTATUS	Serial1	SUCCESS		
514	0.00000168	ntvdm.exe	IOCTL_SERIAL_GET_COMMSTATUS	Serial1	SUCCESS		
515	0.00000168	ntvdm.exe	IOCTL_SERIAL_GET_COMMSTATUS	Serial1	SUCCESS		
516	0.00000168	ntvdm.exe	IOCTL_SERIAL_GET_COMMSTATUS	Serial1	SUCCESS		
517	0.00000168	ntvdm.exe	IOCTL_SERIAL_GET_COMMSTATUS	Serial1	SUCCESS		
518	0.00000168	ntvdm.exe	IOCTL_SERIAL_GET_COMMSTATUS	Serial1	SUCCESS		
519	0.00000168	ntvdm.exe	IOCTL_SERIAL_GET_COMMSTATUS	Serial1	SUCCESS		
520	0.00000168	ntvdm.exe	IOCTL_SERIAL_GET_COMMSTATUS	Serial1	SUCCESS		
521	0.00000168	ntvdm.exe	IOCTL_SERIAL_GET_COMMSTATUS	Serial1	SUCCESS		
522	0.00000168	ntvdm.exe	IOCTL_SERIAL_GET_COMMSTATUS	Serial1	SUCCESS		
523	0.00000168	ntvdm.exe	IOCTL_SERIAL_GET_COMMSTATUS	Serial1	SUCCESS		
524	0.00000168	ntvdm.exe	IOCTL_SERIAL_GET_COMMSTATUS	Serial1	SUCCESS		
525	0.00000168	ntvdm.exe	IOCTL_SERIAL_GET_COMMSTATUS	Serial1	SUCCESS		
526	0.00000168	ntvdm.exe	IOCTL_SERIAL_GET_COMMSTATUS	Serial1	SUCCESS		
527	0.00000168	ntvdm.exe	IOCTL_SERIAL_GET_COMMSTATUS	Serial1	SUCCESS		
528	0.00000168	ntvdm.exe	IOCTL_SERIAL_GET_COMMSTATUS	Serial1	SUCCESS		
529	0.00000168	ntvdm.exe	IOCTL_SERIAL_GET_COMMSTATUS	Serial1	SUCCESS		
530	0.00000168	ntvdm.exe	IOCTL_SERIAL_GET_COMMSTATUS	Serial1	SUCCESS		
531	0.00000168	ntvdm.exe	IOCTL_SERIAL_GET_COMMSTATUS	Serial1	SUCCESS		
532	0.00000140	ntvdm.exe	IOCTL_SERIAL_GET_COMMSTATUS	Serial1	SUCCESS		
533	0.00000168	ntvdm.exe	IOCTL_SERIAL_GET_COMMSTATUS	Serial1	SUCCESS		
534	0.00000196	ntvdm.exe	IOCTL_SERIAL_GET_COMMSTATUS	Serial1	SUCCESS		
535	0.00000168	ntvdm.exe	IOCTL_SERIAL_GET_COMMSTATUS	Serial1	SUCCESS		
536	0.00000168	ntvdm.exe	IOCTL_SERIAL_GET_COMMSTATUS	Serial1	SUCCESS		
537	0.00000168	ntvdm.exe	IOCTL_SERIAL_GET_COMMSTATUS	Serial1	SUCCESS		
538	0.00000168	ntvdm.exe	IOCTL_SERIAL_GET_COMMSTATUS	Serial1	SUCCESS		
539	0.00000196	ntvdm.exe	IOCTL_SERIAL_GET_COMMSTATUS	Serial1	SUCCESS		
540	0.00000168	ntvdm.exe	IOCTL_SERIAL_GET_COMMSTATUS	Serial1	SUCCESS		
541	0.00000168	ntvdm.exe	IOCTL_SERIAL_GET_COMMSTATUS	Serial1	SUCCESS		
542	0.00000168	ntvdm.exe	IOCTL_SERIAL_GET_COMMSTATUS	Serial1	SUCCESS		
543	0.00000168	ntvdm.exe	IOCTL_SERIAL_GET_COMMSTATUS	Serial1	SUCCESS		
544	0.00000140	ntvdm.exe	IOCTL_SERIAL_GET_COMMSTATUS	Serial1	SUCCESS		
545	0.00000140	ntvdm.exe	IOCTL_SERIAL_GET_COMMSTATUS	Serial1	SUCCESS		
546	0.00000168	ntvdm.exe	IOCTL_SERIAL_GET_COMMSTATUS	Serial1	SUCCESS		
547	0.00000168	ntvdm.exe	IOCTL_SERIAL_GET_COMMSTATUS	Serial1	SUCCESS		
548	0.00000168	ntvdm.exe	IOCTL_SERIAL_GET_COMMSTATUS	Serial1	SUCCESS		
549	0.00000168	ntvdm.exe	IOCTL_SERIAL_GET_COMMSTATUS	Serial1	SUCCESS		
550	0.00000168	ntvdm.exe	IOCTL_SERIAL_GET_COMMSTATUS	Serial1	SUCCESS		
551	0.00000168	ntvdm.exe	IOCTL_SERIAL_GET_COMMSTATUS	Serial1	SUCCESS		
552	0.00000168	ntvdm.exe	IOCTL_SERIAL_GET_COMMSTATUS	Serial1	SUCCESS		
553	0.00000168	ntvdm.exe	IOCTL_SERIAL_GET_COMMSTATUS	Serial1	SUCCESS		
554	0.00000196	ntvdm.exe	IOCTL_SERIAL_GET_COMMSTATUS	Serial1	SUCCESS		
555	0.00000168	ntvdm.exe	IOCTL_SERIAL_GET_COMMSTATUS	Serial1	SUCCESS		
556	0.00000168	ntvdm.exe	IOCTL_SERIAL_GET_COMMSTATUS	Serial1	SUCCESS		
557	0.00000168	ntvdm.exe	IOCTL_SERIAL_GET_COMMSTATUS	Serial1	SUCCESS		
558	0.00000168	ntvdm.exe	IOCTL_SERIAL_GET_COMMSTATUS	Serial1	SUCCESS		
559	0.00000168	ntvdm.exe	IOCTL_SERIAL_GET_COMMSTATUS	Serial1	SUCCESS		
560	0.00000168	ntvdm.exe	IOCTL_SERIAL_GET_COMMSTATUS	Serial1	SUCCESS		
561	0.00000168	ntvdm.exe	IOCTL_SERIAL_GET_COMMSTATUS	Serial1	SUCCESS		
562	0.00000140	ntvdm.exe	IOCTL_SERIAL_GET_COMMSTATUS	Serial1	SUCCESS		
563	0.00000196	ntvdm.exe	IOCTL_SERIAL_GET_COMMSTATUS	Serial1	SUCCESS		
564	0.00000168	ntvdm.exe	IOCTL_SERIAL_GET_COMMSTATUS	Serial1	SUCCESS		
565	0.00000168	ntvdm.exe	IOCTL_SERIAL_GET_COMMSTATUS	Serial1	SUCCESS		
566	0.00000168	ntvdm.exe	IOCTL_SERIAL_GET_COMMSTATUS	Serial1	SUCCESS		
567	0.00000168	ntvdm.exe	IOCTL_SERIAL_GET_COMMSTATUS	Serial1	SUCCESS		
568	0.00000168	ntvdm.exe	IOCTL_SERIAL_GET_COMMSTATUS	Serial1	SUCCESS		
569	0.00000168	ntvdm.exe	IOCTL_SERIAL_GET_COMMSTATUS	Serial1	SUCCESS		
570	0.00000168	ntvdm.exe	IOCTL_SERIAL_GET_COMMSTATUS	Serial1	SUCCESS		
571	0.00000168	ntvdm.exe	IOCTL_SERIAL_GET_COMMSTATUS	Serial1	SUCCESS		
572	0.00000168	ntvdm.exe	IOCTL_SERIAL_GET_COMMSTATUS	Serial1	SUCCESS		
573	0.00000168	ntvdm.exe	IOCTL_SERIAL_GET_COMMSTATUS	Serial1	SUCCESS		
574	0.00000168	ntvdm.exe	IOCTL_SERIAL_GET_COMMSTATUS	Serial1	SUCCESS		
575	0.00000168	ntvdm.exe	IOCTL_SERIAL_GET_COMMSTATUS	Serial1	SUCCESS		
576	0.00000140	ntvdm.exe	IOCTL_SERIAL_GET_COMMSTATUS	Serial1	SUCCESS		
577	0.00000168	ntvdm.exe	IOCTL_SERIAL_GET_COMMSTATUS	Serial1	SUCCESS		
578	0.00000196	ntvdm.exe	IOCTL_SERIAL_GET_COMMSTATUS	Serial1	SUCCESS		
579	0.00000168	ntvdm.exe	IOCTL_SERIAL_GET_COMMSTATUS	Serial1	SUCCESS		
580	0.00000168	ntvdm.exe	IOCTL_SERIAL_GET_COMMSTATUS	Serial1	SUCCESS		
581	0.00000168	ntvdm.exe	IOCTL_SERIAL_GET_COMMSTATUS	Serial1	SUCCESS		
582	0.00000140	ntvdm.exe	IOCTL_SERIAL_GET_COMMSTATUS	Serial1	SUCCESS		
583	0.00000168	ntvdm.exe	IOCTL_SERIAL_GET_COMMSTATUS	Serial1	SUCCESS		
584	0.00000140	ntvdm.exe	IOCTL_SERIAL_GET_COMMSTATUS	Serial1	SUCCESS		
585	0.00000168	ntvdm.exe	IOCTL_SERIAL_GET_COMMSTATUS	Serial1	SUCCESS		
586	0.00000168	ntvdm.exe	IOCTL_SERIAL_GET_COMMSTATUS	Serial1	SUCCESS		
587	0.00000168	ntvdm.exe	IOCTL_SERIAL_GET_COMMSTATUS	Serial1	SUCCESS		
588	0.00000168	ntvdm.exe	IOCTL_SERIAL_GET_COMMSTATUS	Serial1	SUCCESS		
589	0.00000168	ntvdm.exe	IOCTL_SERIAL_GET_COMMSTATUS	Serial1	SUCCESS		
590	0.00000168	ntvdm.exe	IOCTL_SERIAL_GET_COMMSTATUS	Serial1	SUCCESS		
591	0.00000168	ntvdm.exe	IOCTL_SERIAL_GET_COMMSTATUS	Serial1	SUCCESS		
592	0.00000168	ntvdm.exe	IOCTL_SERIAL_GET_COMMSTATUS	Serial1	SUCCESS		
593	0.00000168	ntvdm.exe	IOCTL_SERIAL_GET_COMMSTATUS	Serial1	SUCCESS		
594	0.00000168	ntvdm.exe	IOCTL_SERIAL_GET_COMMSTATUS	Serial1	SUCCESS		
595	0.00000168	ntvdm.exe	IOCTL_SERIAL_GET_COMMSTATUS	Serial1	SUCCESS		
596	0.00000168	ntvdm.exe	IOCTL_SERIAL_GET_COMMSTATUS	Serial1	SUCCESS		
597	0.00000140	ntvdm.exe	IOCTL_SERIAL_GET_COMMSTATUS	Serial1	SUCCESS		
598	0.00000168	ntvdm.exe	IOCTL_SERIAL_GET_COMMSTATUS	Serial1	SUCCESS		
599	0.00000168	ntvdm.exe	IOCTL_SERIAL_GET_COMMSTATUS	Serial1	SUCCESS		
600	0.00000168	ntvdm.exe	IOCTL_SERIAL_GET_COMMSTATUS	Serial1	SUCCESS		
601	0.00000168	ntvdm.exe	IOCTL_SERIAL_GET_COMMSTATUS	Serial1	SUCCESS		
602	0.00000168	ntvdm.exe	IOCTL_SERIAL_GET_COMMSTATUS	Serial1	SUCCESS		
603	0.00000168	ntvdm.exe	IOCTL_SERIAL_GET_COMMSTATUS	Serial1	SUCCESS		
604	0.00000168	ntvdm.exe	IOCTL_SERIAL_GET_COMMSTATUS	Serial1	SUCCESS		
605	0.00000168	ntvdm.exe	IOCTL_SERIAL_GET_COMMSTATUS	Serial1	SUCCESS		
606	0.00000168	ntvdm.exe	IOCTL_SERIAL_GET_COMMSTATUS	Serial1	SUCCESS		
607	0.00000168	ntvdm.exe	IOCTL_SERIAL_GET_COMMSTATUS	Serial1	SUCCESS		
608	0.00000140	ntvdm.exe	IOCTL_SERIAL_GET_COMMSTATUS	Serial1	SUCCESS		
609	0.00000168	ntvdm.exe	IOCTL_SERIAL_GET_COMMSTATUS	Serial1	SUCCESS		
610	0.00000168	ntvdm.exe	IOCTL_SERIAL_GET_COMMSTATUS	Serial1	SUCCESS		
611	0.00000140	ntvdm.exe	IOCTL_SERIAL_GET_COMMSTATUS	Serial1	SUCCESS		
612	0.00000168	ntvdm.exe	IOCTL_SERIAL_GET_COMMSTATUS	Serial1	SUCCESS		
613	0.00000168	ntvdm.exe	IOCTL_SERIAL_GET_COMMSTATUS	Serial1	SUCCESS		
614	0.00000140	ntvdm.exe	IOCTL_SERIAL_GET_COMMSTATUS	Serial1	SUCCESS		
615	0.00000168	ntvdm.exe	IOCTL_SERIAL_GET_COMMSTATUS	Serial1	SUCCESS		
616	0.00000168	ntvdm.exe	IOCTL_SERIAL_GET_COMMSTATUS	Serial1	SUCCESS		
617	0.00000168	ntvdm.exe	IOCTL_SERIAL_GET_COMMSTATUS	Serial1	SUCCESS		
618	0.00000168	ntvdm.exe	IOCTL_SERIAL_GET_COMMSTATUS	Serial1	SUCCESS		
619	0.00000168	ntvdm.exe	IOCTL_SERIAL_GET_COMMSTATUS	Serial1	SUCCESS		
620	0.00000140	ntvdm.exe	IOCTL_SERIAL_GET_COMMSTATUS	Serial1	SUCCESS		
621	0.00000168	ntvdm.exe	IOCTL_SERIAL_GET_COMMSTATUS	Serial1	SUCCESS		
622	0.00000168	ntvdm.exe	IOCTL_SERIAL_GET_COMMSTATUS	Serial1	SUCCESS		
623	0.00000168	ntvdm.exe	IOCTL_SERIAL_GET_COMMSTATUS	Serial1	SUCCESS		
624	0.00000168	ntvdm.exe	IOCTL_SERIAL_GET_COMMSTATUS	Serial1	SUCCESS		
625	0.00000168	ntvdm.exe	IOCTL_SERIAL_GET_COMMSTATUS	Serial1	SUCCESS		
626	0.00000168	ntvdm.exe	IOCTL_SERIAL_GET_COMMSTATUS	Serial1	SUCCESS		
627	0.00000168	ntvdm.exe	IOCTL_SERIAL_GET_COMMSTATUS	Serial1	SUCCESS		
628	0.00000168	ntvdm.exe	IOCTL_SERIAL_GET_COMMSTATUS	Serial1	SUCCESS		
629	0.00000168	ntvdm.exe	IOCTL_SERIAL_GET_COMMSTATUS	Serial1	SUCCESS		
630	0.00000140	ntvdm.exe	IOCTL_SERIAL_GET_COMMSTATUS	Serial1	SUCCESS		
631	0.00000168	ntvdm.exe	IOCTL_SERIAL_GET_COMMSTATUS	Serial1	SUCCESS		
632	0.00000168	ntvdm.exe	IOCTL_SERIAL_GET_COMMSTATUS	Serial1	SUCCESS		
633	0.00000168	ntvdm.exe	IOCTL_SERIAL_GET_COMMSTATUS	Serial1	SUCCESS		
634	0.00000168	ntvdm.exe	IOCTL_SERIAL_GET_COMMSTATUS	Serial1	SUCCESS		
635	0.00000168	ntvdm.exe	IOCTL_SERIAL_GET_COMMSTATUS	Serial1	SUCCESS		
636	0.00000168	ntvdm.exe	IOCTL_SERIAL_GET_COMMSTATUS	Serial1	SUCCESS		
637	0.00000168	ntvdm.exe	IOCTL_SERIAL_GET_COMMSTATUS	Serial1	SUCCESS		
638	0.00000140	ntvdm.exe	IOCTL_SERIAL_GET_COMMSTATUS	Serial1	SUCCESS		
639	0.00000168	ntvdm.exe	IOCTL_SERIAL_GET_COMMSTATUS	Serial1	SUCCESS		
640	0.00000168	ntvdm.exe	IOCTL_SERIAL_GET_COMMSTATUS	Serial1	SUCCESS		
641	0.00000140	ntvdm.exe	IOCTL_SERIAL_GET_COMMSTATUS	Serial1	SUCCESS		
642	0.00000168	ntvdm.exe	IOCTL_SERIAL_GET_COMMSTATUS	Serial1	SUCCESS		
643	0.00000168	ntvdm.exe	IOCTL_SERIAL_GET_COMMSTATUS	Serial1	SUCCESS		
644	0.00000168	ntvdm.exe	IOCTL_SERIAL_GET_COMMSTATUS	Serial1	SUCCESS		
645	0.00000559	ntvdm.exe	IOCTL_SERIAL_GET_COMMSTATUS	Serial1	SUCCESS		
646	0.00000168	ntvdm.exe	IOCTL_SERIAL_GET_COMMSTATUS	Serial1	SUCCESS		
647	0.00000168	ntvdm.exe	IOCTL_SERIAL_GET_COMMSTATUS	Serial1	SUCCESS		
648	0.00000168	ntvdm.exe	IOCTL_SERIAL_GET_COMMSTATUS	Serial1	SUCCESS		
649	0.00000168	ntvdm.exe	IOCTL_SERIAL_GET_COMMSTATUS	Serial1	SUCCESS		
650	0.00000168	ntvdm.exe	IOCTL_SERIAL_GET_COMMSTATUS	Serial1	SUCCESS		
651	0.00000168	ntvdm.exe	IOCTL_SERIAL_GET_COMMSTATUS	Serial1	SUCCESS		
652	0.00000140	ntvdm.exe	IOCTL_SERIAL_GET_COMMSTATUS	Serial1	SUCCESS		
653	0.00000168	ntvdm.exe	IOCTL_SERIAL_GET_COMMSTATUS	Serial1	SUCCESS		
654	0.00000168	ntvdm.exe	IOCTL_SERIAL_GET_COMMSTATUS	Serial1	SUCCESS		
655	0.00000168	ntvdm.exe	IOCTL_SERIAL_GET_COMMSTATUS	Serial1	SUCCESS		
656	0.00000140	ntvdm.exe	IOCTL_SERIAL_GET_COMMSTATUS	Serial1	SUCCESS		
657	0.00000168	ntvdm.exe	IOCTL_SERIAL_GET_COMMSTATUS	Serial1	SUCCESS		
658	0.00000168	ntvdm.exe	IOCTL_SERIAL_GET_COMMSTATUS	Serial1	SUCCESS		
659	0.00000168	ntvdm.exe	IOCTL_SERIAL_GET_COMMSTATUS	Serial1	SUCCESS		
660	0.00000168	ntvdm.exe	IOCTL_SERIAL_GET_COMMSTATUS	Serial1	SUCCESS		
661	0.00000168	ntvdm.exe	IOCTL_SERIAL_GET_COMMSTATUS	Serial1	SUCCESS		
662	0.00000168	ntvdm.exe	IOCTL_SERIAL_GET_COMMSTATUS	Serial1	SUCCESS		
663	0.00000168	ntvdm.exe	IOCTL_SERIAL_GET_COMMSTATUS	Serial1	SUCCESS		
664	0.00000168	ntvdm.exe	IOCTL_SERIAL_GET_COMMSTATUS	Serial1	SUCCESS		
665	0.00000168	ntvdm.exe	IOCTL_SERIAL_GET_COMMSTATUS	Serial1	SUCCESS		
666	0.00000168	ntvdm.exe	IOCTL_SERIAL_GET_COMMSTATUS	Serial1	SUCCESS		
667	0.00000168	ntvdm.exe	IOCTL_SERIAL_GET_COMMSTATUS	Serial1	SUCCESS		
668	0.00000168	ntvdm.exe	IOCTL_SERIAL_GET_COMMSTATUS	Serial1	SUCCESS		
669	0.00000168	ntvdm.exe	IOCTL_SERIAL_GET_COMMSTATUS	Serial1	SUCCESS		
670	0.00000168	ntvdm.exe	IOCTL_SERIAL_GET_COMMSTATUS	Serial1	SUCCESS		
671	0.00000168	ntvdm.exe	IOCTL_SERIAL_GET_COMMSTATUS	Serial1	SUCCESS		
672	0.00000168	ntvdm.exe	IOCTL_SERIAL_GET_COMMSTATUS	Serial1	SUCCESS		
673	0.00000168	ntvdm.exe	IOCTL_SERIAL_GET_COMMSTATUS	Serial1	SUCCESS		
674	0.00000168	ntvdm.exe	IOCTL_SERIAL_GET_COMMSTATUS	Serial1	SUCCESS		
675	0.00000168	ntvdm.exe	IOCTL_SERIAL_GET_COMMSTATUS	Serial1	SUCCESS		
676	0.00000168	ntvdm.exe	IOCTL_SERIAL_GET_COMMSTATUS	Serial1	SUCCESS		
677	0.00000168	ntvdm.exe	IOCTL_SERIAL_GET_COMMSTATUS	Serial1	SUCCESS		
678	0.00000168	ntvdm.exe	IOCTL_SERIAL_GET_COMMSTATUS	Serial1	SUCCESS		
679	0.00000168	ntvdm.exe	IOCTL_SERIAL_GET_COMMSTATUS	Serial1	SUCCESS		
680	0.00000168	ntvdm.exe	IOCTL_SERIAL_GET_COMMSTATUS	Serial1	SUCCESS		
681	0.00000168	ntvdm.exe	IOCTL_SERIAL_GET_COMMSTATUS	Serial1	SUCCESS		
682	0.00000168	ntvdm.exe	IOCTL_SERIAL_GET_COMMSTATUS	Serial1	SUCCESS		
683	0.00000168	ntvdm.exe	IOCTL_SERIAL_GET_COMMSTATUS	Serial1	SUCCESS		
684	0.00000168	ntvdm.exe	IOCTL_SERIAL_GET_COMMSTATUS	Serial1	SUCCESS		
685	0.00000196	ntvdm.exe	IOCTL_SERIAL_GET_COMMSTATUS	Serial1	SUCCESS		
...long wait...
168567	0.00000168	ntvdm.exe	IOCTL_SERIAL_GET_COMMSTATUS	Serial1	SUCCESS		
168568	0.00000168	ntvdm.exe	IOCTL_SERIAL_GET_COMMSTATUS	Serial1	SUCCESS		
168569	0.00000140	ntvdm.exe	IOCTL_SERIAL_GET_COMMSTATUS	Serial1	SUCCESS		
173351	0.00000615	ntvdm.exe	IOCTL_SERIAL_GET_COMMSTATUS	Serial1	SUCCESS		
173352	0.00000223	ntvdm.exe	IOCTL_SERIAL_GET_COMMSTATUS	Serial1	SUCCESS		
173353	0.00002011	ntvdm.exe	IRP_MJ_READ	Serial1	SUCCESS	Length 7446: .@.M.k. ScopeMeter 97.....A..*.....$D$................rQQQN.p...	
173354	0.00000168	ntvdm.exe	IOCTL_SERIAL_GET_COMMSTATUS	Serial1	SUCCESS		
173355	0.00000196	ntvdm.exe	IOCTL_SERIAL_GET_COMMSTATUS	Serial1	SUCCESS		
173356	0.00000503	ntvdm.exe	IOCTL_SERIAL_WAIT_ON_MASK	Serial1	SUCCESS		
173357	0.00000363	ntvdm.exe	IOCTL_SERIAL_GET_MODEMSTATUS	Serial1	SUCCESS		
173358	0.00000168	ntvdm.exe	IOCTL_SERIAL_GET_COMMSTATUS	Serial1	SUCCESS		
173359	0.00000000	ntvdm.exe	IOCTL_SERIAL_WAIT_ON_MASK	Serial1			
173360	0.00000559	ntvdm.exe	IOCTL_SERIAL_GET_COMMSTATUS	Serial1	SUCCESS		
173361	0.00000168	ntvdm.exe	IOCTL_SERIAL_GET_COMMSTATUS	Serial1	SUCCESS		
