0	0.00000531	ntvdm.exe	IOCTL_SERIAL_GET_COMMSTATUS	Serial1	SUCCESS		
1	0.00000196	ntvdm.exe	IOCTL_SERIAL_GET_COMMSTATUS	Serial1	SUCCESS		
2	0.00000223	ntvdm.exe	IOCTL_SERIAL_PURGE	Serial1	SUCCESS	Purge: TXABORT TXCLEAR 	
3	0.00000140	ntvdm.exe	IOCTL_SERIAL_GET_COMMSTATUS	Serial1	SUCCESS		
4	0.00002403	ntvdm.exe	IRP_MJ_WRITE	Serial1	SUCCESS	Length 3: QP.	
5	0.00000391	ntvdm.exe	IOCTL_SERIAL_GET_MODEMSTATUS	Serial1	SUCCESS		
6	0.00000168	ntvdm.exe	IOCTL_SERIAL_GET_COMMSTATUS	Serial1	SUCCESS		
7	0.00000196	ntvdm.exe	IOCTL_SERIAL_GET_COMMSTATUS	Serial1	SUCCESS		
8	0.00000419	ntvdm.exe	IOCTL_SERIAL_GET_COMMSTATUS	Serial1	SUCCESS		
9	0.00000196	ntvdm.exe	IOCTL_SERIAL_GET_COMMSTATUS	Serial1	SUCCESS		
10	0.06718535	ntvdm.exe	IOCTL_SERIAL_WAIT_ON_MASK	Serial1	SUCCESS		
11	0.00000587	ntvdm.exe	IOCTL_SERIAL_GET_MODEMSTATUS	Serial1	SUCCESS		
12	0.00000223	ntvdm.exe	IOCTL_SERIAL_GET_COMMSTATUS	Serial1	SUCCESS		
13	0.00000223	ntvdm.exe	IOCTL_SERIAL_GET_COMMSTATUS	Serial1	SUCCESS		
14	0.00000196	ntvdm.exe	IOCTL_SERIAL_GET_COMMSTATUS	Serial1	SUCCESS		
15	0.00000391	ntvdm.exe	IRP_MJ_READ	Serial1	SUCCESS	Length 2: 0.	
16	0.00000168	ntvdm.exe	IOCTL_SERIAL_GET_COMMSTATUS	Serial1	SUCCESS		
17	0.00000140	ntvdm.exe	IOCTL_SERIAL_GET_COMMSTATUS	Serial1	SUCCESS		
18	0.00000196	ntvdm.exe	IOCTL_SERIAL_GET_COMMSTATUS	Serial1	SUCCESS		
19	0.00000140	ntvdm.exe	IOCTL_SERIAL_GET_COMMSTATUS	Serial1	SUCCESS		
20	0.00000168	ntvdm.exe	IOCTL_SERIAL_GET_COMMSTATUS	Serial1	SUCCESS		
21	0.00000168	ntvdm.exe	IOCTL_SERIAL_GET_COMMSTATUS	Serial1	SUCCESS		
22	0.00000251	ntvdm.exe	IRP_MJ_READ	Serial1	SUCCESS	Length 1: 7	
23	0.00000140	ntvdm.exe	IOCTL_SERIAL_GET_COMMSTATUS	Serial1	SUCCESS		
24	0.00000140	ntvdm.exe	IOCTL_SERIAL_GET_COMMSTATUS	Serial1	SUCCESS		
25	0.00000196	ntvdm.exe	IOCTL_SERIAL_GET_COMMSTATUS	Serial1	SUCCESS		
26	0.00000196	ntvdm.exe	IOCTL_SERIAL_GET_COMMSTATUS	Serial1	SUCCESS		
27	0.00000196	ntvdm.exe	IRP_MJ_READ	Serial1	SUCCESS	Length 1: 4	
28	0.00000168	ntvdm.exe	IOCTL_SERIAL_GET_COMMSTATUS	Serial1	SUCCESS		
29	0.00000140	ntvdm.exe	IOCTL_SERIAL_GET_COMMSTATUS	Serial1	SUCCESS		
30	0.00000335	ntvdm.exe	IOCTL_SERIAL_WAIT_ON_MASK	Serial1	SUCCESS		
31	0.00000335	ntvdm.exe	IOCTL_SERIAL_GET_MODEMSTATUS	Serial1	SUCCESS		
32	0.00000168	ntvdm.exe	IOCTL_SERIAL_GET_COMMSTATUS	Serial1	SUCCESS		
33	0.00000196	ntvdm.exe	IOCTL_SERIAL_GET_COMMSTATUS	Serial1	SUCCESS		
34	0.00000168	ntvdm.exe	IOCTL_SERIAL_GET_COMMSTATUS	Serial1	SUCCESS		
35	0.00000223	ntvdm.exe	IRP_MJ_READ	Serial1	SUCCESS	Length 1: 4	
36	0.00000196	ntvdm.exe	IOCTL_SERIAL_GET_COMMSTATUS	Serial1	SUCCESS		
37	0.00000140	ntvdm.exe	IOCTL_SERIAL_GET_COMMSTATUS	Serial1	SUCCESS		
38	0.00000196	ntvdm.exe	IOCTL_SERIAL_GET_COMMSTATUS	Serial1	SUCCESS		
39	0.00000168	ntvdm.exe	IOCTL_SERIAL_GET_COMMSTATUS	Serial1	SUCCESS		
40	0.00000223	ntvdm.exe	IRP_MJ_READ	Serial1	SUCCESS	Length 1: 5	
41	0.00000168	ntvdm.exe	IOCTL_SERIAL_GET_COMMSTATUS	Serial1	SUCCESS		
42	0.00000168	ntvdm.exe	IOCTL_SERIAL_GET_COMMSTATUS	Serial1	SUCCESS		
43	0.00000168	ntvdm.exe	IOCTL_SERIAL_GET_COMMSTATUS	Serial1	SUCCESS		
44	0.00000168	ntvdm.exe	IOCTL_SERIAL_GET_COMMSTATUS	Serial1	SUCCESS		
45	0.00000223	ntvdm.exe	IRP_MJ_READ	Serial1	SUCCESS	Length 1: ,	
46	0.00000168	ntvdm.exe	IOCTL_SERIAL_GET_COMMSTATUS	Serial1	SUCCESS		
47	0.00000140	ntvdm.exe	IOCTL_SERIAL_GET_COMMSTATUS	Serial1	SUCCESS		
48	0.00000168	ntvdm.exe	IOCTL_SERIAL_GET_COMMSTATUS	Serial1	SUCCESS		
49	0.00000196	ntvdm.exe	IOCTL_SERIAL_GET_COMMSTATUS	Serial1	SUCCESS		
50	0.00000168	ntvdm.exe	IOCTL_SERIAL_GET_COMMSTATUS	Serial1	SUCCESS		
nothing
	
173352	0.00000223	ntvdm.exe	IOCTL_SERIAL_GET_COMMSTATUS	Serial1	SUCCESS		
173353	0.00002011	ntvdm.exe	IRP_MJ_READ	Serial1	SUCCESS	Length 7446: .@.M.k. ScopeMeter 97.....A..*.....$D$................rQQQN.p...	
173354	0.00000168	ntvdm.exe	IOCTL_SERIAL_GET_COMMSTATUS	Serial1	SUCCESS		
173355	0.00000196	ntvdm.exe	IOCTL_SERIAL_GET_COMMSTATUS	Serial1	SUCCESS		
173356	0.00000503	ntvdm.exe	IOCTL_SERIAL_WAIT_ON_MASK	Serial1	SUCCESS		
173357	0.00000363	ntvdm.exe	IOCTL_SERIAL_GET_MODEMSTATUS	Serial1	SUCCESS		
173358	0.00000168	ntvdm.exe	IOCTL_SERIAL_GET_COMMSTATUS	Serial1	SUCCESS		
173359	0.00000000	ntvdm.exe	IOCTL_SERIAL_WAIT_ON_MASK	Serial1			
173360	0.00000559	ntvdm.exe	IOCTL_SERIAL_GET_COMMSTATUS	Serial1	SUCCESS		
173361	0.00000168	ntvdm.exe	IOCTL_SERIAL_GET_COMMSTATUS	Serial1	SUCCESS		
