3	0.00002375	ntvdm.exe	IRP_MJ_WRITE	Serial1	SUCCESS	Length 3: QS.	
14	0.00000363	ntvdm.exe	IRP_MJ_READ	Serial1	SUCCESS	Length 2: 0.	
25	0.00000223	ntvdm.exe	IRP_MJ_READ	Serial1	SUCCESS	Length 1: 1	
30	0.00000196	ntvdm.exe	IRP_MJ_READ	Serial1	SUCCESS	Length 1: ,	
36	0.00000223	ntvdm.exe	IRP_MJ_READ	Serial1	SUCCESS	Length 1: F	
41	0.00000196	ntvdm.exe	IRP_MJ_READ	Serial1	SUCCESS	Length 1: F	
46	0.00000223	ntvdm.exe	IRP_MJ_READ	Serial1	SUCCESS	Length 1: 1	
51	0.00000223	ntvdm.exe	IRP_MJ_READ	Serial1	SUCCESS	Length 1: 7	
56	0.00000196	ntvdm.exe	IRP_MJ_READ	Serial1	SUCCESS	Length 1: 2	
61	0.00000196	ntvdm.exe	IRP_MJ_READ	Serial1	SUCCESS	Length 1: 2	
66	0.00000223	ntvdm.exe	IRP_MJ_READ	Serial1	SUCCESS	Length 1: 5	
71	0.00000196	ntvdm.exe	IRP_MJ_READ	Serial1	SUCCESS	Length 1: F	
76	0.00000196	ntvdm.exe	IRP_MJ_READ	Serial1	SUCCESS	Length 1: 0	
81	0.00000196	ntvdm.exe	IRP_MJ_READ	Serial1	SUCCESS	Length 1: 0	
92	0.00000419	ntvdm.exe	IRP_MJ_READ	Serial1	SUCCESS	Length 1: C	
97	0.00000196	ntvdm.exe	IRP_MJ_READ	Serial1	SUCCESS	Length 1: F	
102	0.00000196	ntvdm.exe	IRP_MJ_READ	Serial1	SUCCESS	Length 1: 3	
110	0.00000196	ntvdm.exe	IRP_MJ_READ	Serial1	SUCCESS	Length 1: E	
115	0.00000223	ntvdm.exe	IRP_MJ_READ	Serial1	SUCCESS	Length 1: 1	
120	0.00000196	ntvdm.exe	IRP_MJ_READ	Serial1	SUCCESS	Length 1: 0	
125	0.00000223	ntvdm.exe	IRP_MJ_READ	Serial1	SUCCESS	Length 1: 0	
130	0.00000223	ntvdm.exe	IRP_MJ_READ	Serial1	SUCCESS	Length 1: 0	
135	0.00000196	ntvdm.exe	IRP_MJ_READ	Serial1	SUCCESS	Length 1: 0	
140	0.00000196	ntvdm.exe	IRP_MJ_READ	Serial1	SUCCESS	Length 1: C	
145	0.00000223	ntvdm.exe	IRP_MJ_READ	Serial1	SUCCESS	Length 1: 0	
150	0.00000223	ntvdm.exe	IRP_MJ_READ	Serial1	SUCCESS	Length 1: 4	
156	0.00000223	ntvdm.exe	IRP_MJ_READ	Serial1	SUCCESS	Length 1: 5	
161	0.00000223	ntvdm.exe	IRP_MJ_READ	Serial1	SUCCESS	Length 1: 3	
172	0.00000363	ntvdm.exe	IRP_MJ_READ	Serial1	SUCCESS	Length 1: 0	
177	0.00000196	ntvdm.exe	IRP_MJ_READ	Serial1	SUCCESS	Length 1: 1	
185	0.00000223	ntvdm.exe	IRP_MJ_READ	Serial1	SUCCESS	Length 1: 1	
190	0.00000223	ntvdm.exe	IRP_MJ_READ	Serial1	SUCCESS	Length 1: 0	
195	0.00000196	ntvdm.exe	IRP_MJ_READ	Serial1	SUCCESS	Length 1: 0	
200	0.00000196	ntvdm.exe	IRP_MJ_READ	Serial1	SUCCESS	Length 1: 3	
205	0.00000196	ntvdm.exe	IRP_MJ_READ	Serial1	SUCCESS	Length 1: 0	
210	0.00000196	ntvdm.exe	IRP_MJ_READ	Serial1	SUCCESS	Length 1: 0	
215	0.00000223	ntvdm.exe	IRP_MJ_READ	Serial1	SUCCESS	Length 1: 0	
220	0.00000223	ntvdm.exe	IRP_MJ_READ	Serial1	SUCCESS	Length 1: A	
225	0.00000196	ntvdm.exe	IRP_MJ_READ	Serial1	SUCCESS	Length 1: 0	
231	0.00000196	ntvdm.exe	IRP_MJ_READ	Serial1	SUCCESS	Length 1: 2	
236	0.00000196	ntvdm.exe	IRP_MJ_READ	Serial1	SUCCESS	Length 1: 0	
241	0.00000196	ntvdm.exe	IRP_MJ_READ	Serial1	SUCCESS	Length 1: 0	
252	0.00000419	ntvdm.exe	IRP_MJ_READ	Serial1	SUCCESS	Length 1: 8	
257	0.00000223	ntvdm.exe	IRP_MJ_READ	Serial1	SUCCESS	Length 1: 2	
262	0.00000196	ntvdm.exe	IRP_MJ_READ	Serial1	SUCCESS	Length 1: 0	
270	0.00000223	ntvdm.exe	IRP_MJ_READ	Serial1	SUCCESS	Length 1: 0	
275	0.00000223	ntvdm.exe	IRP_MJ_READ	Serial1	SUCCESS	Length 1: 0	
280	0.00000223	ntvdm.exe	IRP_MJ_READ	Serial1	SUCCESS	Length 1: 0	
285	0.00000196	ntvdm.exe	IRP_MJ_READ	Serial1	SUCCESS	Length 1: 0	
290	0.00000223	ntvdm.exe	IRP_MJ_READ	Serial1	SUCCESS	Length 1: 0	
295	0.00000223	ntvdm.exe	IRP_MJ_READ	Serial1	SUCCESS	Length 1: 8	
300	0.00000223	ntvdm.exe	IRP_MJ_READ	Serial1	SUCCESS	Length 1: A	
305	0.00000223	ntvdm.exe	IRP_MJ_READ	Serial1	SUCCESS	Length 1: 0	
310	0.00000223	ntvdm.exe	IRP_MJ_READ	Serial1	SUCCESS	Length 1: 0	
316	0.00000223	ntvdm.exe	IRP_MJ_READ	Serial1	SUCCESS	Length 1: 0	
321	0.00000223	ntvdm.exe	IRP_MJ_READ	Serial1	SUCCESS	Length 1: 0	
332	0.00000419	ntvdm.exe	IRP_MJ_READ	Serial1	SUCCESS	Length 1: 2	
337	0.00000196	ntvdm.exe	IRP_MJ_READ	Serial1	SUCCESS	Length 1: 1	
342	0.00000196	ntvdm.exe	IRP_MJ_READ	Serial1	SUCCESS	Length 1: 0	
350	0.00000196	ntvdm.exe	IRP_MJ_READ	Serial1	SUCCESS	Length 1: 0	
355	0.00000196	ntvdm.exe	IRP_MJ_READ	Serial1	SUCCESS	Length 1: 0	
360	0.00000223	ntvdm.exe	IRP_MJ_READ	Serial1	SUCCESS	Length 1: 2	
365	0.00000223	ntvdm.exe	IRP_MJ_READ	Serial1	SUCCESS	Length 1: 7	
370	0.00000196	ntvdm.exe	IRP_MJ_READ	Serial1	SUCCESS	Length 1: 4	
375	0.00000223	ntvdm.exe	IRP_MJ_READ	Serial1	SUCCESS	Length 1: 0	
380	0.00000196	ntvdm.exe	IRP_MJ_READ	Serial1	SUCCESS	Length 1: 0	
385	0.00000223	ntvdm.exe	IRP_MJ_READ	Serial1	SUCCESS	Length 1: 2	
390	0.00000196	ntvdm.exe	IRP_MJ_READ	Serial1	SUCCESS	Length 1: 2	
396	0.00000196	ntvdm.exe	IRP_MJ_READ	Serial1	SUCCESS	Length 1: 2	
401	0.00000223	ntvdm.exe	IRP_MJ_READ	Serial1	SUCCESS	Length 1: 1	
412	0.00000419	ntvdm.exe	IRP_MJ_READ	Serial1	SUCCESS	Length 1: 3	
417	0.00000196	ntvdm.exe	IRP_MJ_READ	Serial1	SUCCESS	Length 1: 7	
422	0.00000196	ntvdm.exe	IRP_MJ_READ	Serial1	SUCCESS	Length 1: 8	
430	0.00000196	ntvdm.exe	IRP_MJ_READ	Serial1	SUCCESS	Length 1: 8	
435	0.00000223	ntvdm.exe	IRP_MJ_READ	Serial1	SUCCESS	Length 1: 1	
440	0.00000196	ntvdm.exe	IRP_MJ_READ	Serial1	SUCCESS	Length 1: 1	
445	0.00000196	ntvdm.exe	IRP_MJ_READ	Serial1	SUCCESS	Length 1: 0	
450	0.00000196	ntvdm.exe	IRP_MJ_READ	Serial1	SUCCESS	Length 1: 2	
455	0.00000223	ntvdm.exe	IRP_MJ_READ	Serial1	SUCCESS	Length 1: 1	
460	0.00000223	ntvdm.exe	IRP_MJ_READ	Serial1	SUCCESS	Length 1: C	
465	0.00000223	ntvdm.exe	IRP_MJ_READ	Serial1	SUCCESS	Length 1: 0	
470	0.00000223	ntvdm.exe	IRP_MJ_READ	Serial1	SUCCESS	Length 1: 0	
476	0.00000223	ntvdm.exe	IRP_MJ_READ	Serial1	SUCCESS	Length 1: 1	
481	0.00000223	ntvdm.exe	IRP_MJ_READ	Serial1	SUCCESS	Length 1: 2	
492	0.00000391	ntvdm.exe	IRP_MJ_READ	Serial1	SUCCESS	Length 1: 8	
497	0.00000196	ntvdm.exe	IRP_MJ_READ	Serial1	SUCCESS	Length 1: 0	
505	0.00000223	ntvdm.exe	IRP_MJ_READ	Serial1	SUCCESS	Length 1: 8	
510	0.00000196	ntvdm.exe	IRP_MJ_READ	Serial1	SUCCESS	Length 1: 0	
515	0.00000223	ntvdm.exe	IRP_MJ_READ	Serial1	SUCCESS	Length 1: 8	
520	0.00000196	ntvdm.exe	IRP_MJ_READ	Serial1	SUCCESS	Length 1: 0	
525	0.00000223	ntvdm.exe	IRP_MJ_READ	Serial1	SUCCESS	Length 1: 8	
530	0.00000196	ntvdm.exe	IRP_MJ_READ	Serial1	SUCCESS	Length 1: 0	
535	0.00000196	ntvdm.exe	IRP_MJ_READ	Serial1	SUCCESS	Length 1: 8	
540	0.00000196	ntvdm.exe	IRP_MJ_READ	Serial1	SUCCESS	Length 1: 0	
545	0.00000223	ntvdm.exe	IRP_MJ_READ	Serial1	SUCCESS	Length 1: 8	
551	0.00000196	ntvdm.exe	IRP_MJ_READ	Serial1	SUCCESS	Length 1: 0	
556	0.00000196	ntvdm.exe	IRP_MJ_READ	Serial1	SUCCESS	Length 1: 8	
561	0.00000196	ntvdm.exe	IRP_MJ_READ	Serial1	SUCCESS	Length 1: 0	
572	0.00000391	ntvdm.exe	IRP_MJ_READ	Serial1	SUCCESS	Length 1: 8	
577	0.00000223	ntvdm.exe	IRP_MJ_READ	Serial1	SUCCESS	Length 1: 0	
585	0.00000223	ntvdm.exe	IRP_MJ_READ	Serial1	SUCCESS	Length 1: 8	
590	0.00000223	ntvdm.exe	IRP_MJ_READ	Serial1	SUCCESS	Length 1: 0	
595	0.00000196	ntvdm.exe	IRP_MJ_READ	Serial1	SUCCESS	Length 1: 8	
600	0.00000196	ntvdm.exe	IRP_MJ_READ	Serial1	SUCCESS	Length 1: 0	
605	0.00000223	ntvdm.exe	IRP_MJ_READ	Serial1	SUCCESS	Length 1: 8	
610	0.00000223	ntvdm.exe	IRP_MJ_READ	Serial1	SUCCESS	Length 1: 0	
615	0.00000223	ntvdm.exe	IRP_MJ_READ	Serial1	SUCCESS	Length 1: 8	
620	0.00000223	ntvdm.exe	IRP_MJ_READ	Serial1	SUCCESS	Length 1: 0	
625	0.00000196	ntvdm.exe	IRP_MJ_READ	Serial1	SUCCESS	Length 1: 0	
631	0.00000196	ntvdm.exe	IRP_MJ_READ	Serial1	SUCCESS	Length 1: F	
636	0.00000223	ntvdm.exe	IRP_MJ_READ	Serial1	SUCCESS	Length 1: B	
641	0.00000223	ntvdm.exe	IRP_MJ_READ	Serial1	SUCCESS	Length 1: 7	
652	0.00000391	ntvdm.exe	IRP_MJ_READ	Serial1	SUCCESS	Length 1: 0	
657	0.00000223	ntvdm.exe	IRP_MJ_READ	Serial1	SUCCESS	Length 1: 0	
662	0.00000223	ntvdm.exe	IRP_MJ_READ	Serial1	SUCCESS	Length 1: 0	
670	0.00000223	ntvdm.exe	IRP_MJ_READ	Serial1	SUCCESS	Length 1: 1	
675	0.00000223	ntvdm.exe	IRP_MJ_READ	Serial1	SUCCESS	Length 1: 0	
680	0.00000223	ntvdm.exe	IRP_MJ_READ	Serial1	SUCCESS	Length 1: C	
685	0.00000223	ntvdm.exe	IRP_MJ_READ	Serial1	SUCCESS	Length 1: 1	
690	0.00000223	ntvdm.exe	IRP_MJ_READ	Serial1	SUCCESS	Length 1: F	
695	0.00000223	ntvdm.exe	IRP_MJ_READ	Serial1	SUCCESS	Length 1: 1	
700	0.00000223	ntvdm.exe	IRP_MJ_READ	Serial1	SUCCESS	Length 1: 9	
705	0.00000223	ntvdm.exe	IRP_MJ_READ	Serial1	SUCCESS	Length 1: 0	
710	0.00000196	ntvdm.exe	IRP_MJ_READ	Serial1	SUCCESS	Length 1: 0	
716	0.00000223	ntvdm.exe	IRP_MJ_READ	Serial1	SUCCESS	Length 1: 0	
721	0.00000196	ntvdm.exe	IRP_MJ_READ	Serial1	SUCCESS	Length 1: 0	
732	0.00000419	ntvdm.exe	IRP_MJ_READ	Serial1	SUCCESS	Length 1: 0	
737	0.00000223	ntvdm.exe	IRP_MJ_READ	Serial1	SUCCESS	Length 1: 0	
742	0.00000196	ntvdm.exe	IRP_MJ_READ	Serial1	SUCCESS	Length 1: 0	
750	0.00000223	ntvdm.exe	IRP_MJ_READ	Serial1	SUCCESS	Length 1: 1	
755	0.00000223	ntvdm.exe	IRP_MJ_READ	Serial1	SUCCESS	Length 1: 0	
760	0.00000223	ntvdm.exe	IRP_MJ_READ	Serial1	SUCCESS	Length 1: 0	
765	0.00000223	ntvdm.exe	IRP_MJ_READ	Serial1	SUCCESS	Length 1: 0	
770	0.00000196	ntvdm.exe	IRP_MJ_READ	Serial1	SUCCESS	Length 1: 0	
775	0.00000223	ntvdm.exe	IRP_MJ_READ	Serial1	SUCCESS	Length 1: 0	
780	0.00000196	ntvdm.exe	IRP_MJ_READ	Serial1	SUCCESS	Length 1: 2	
785	0.00000196	ntvdm.exe	IRP_MJ_READ	Serial1	SUCCESS	Length 1: 0	
790	0.00000223	ntvdm.exe	IRP_MJ_READ	Serial1	SUCCESS	Length 1: 0	
796	0.00000196	ntvdm.exe	IRP_MJ_READ	Serial1	SUCCESS	Length 1: 0	
801	0.00000223	ntvdm.exe	IRP_MJ_READ	Serial1	SUCCESS	Length 1: 2	
812	0.00000391	ntvdm.exe	IRP_MJ_READ	Serial1	SUCCESS	Length 1: 0	
817	0.00000223	ntvdm.exe	IRP_MJ_READ	Serial1	SUCCESS	Length 1: 0	
822	0.00000223	ntvdm.exe	IRP_MJ_READ	Serial1	SUCCESS	Length 1: 0	
830	0.00000223	ntvdm.exe	IRP_MJ_READ	Serial1	SUCCESS	Length 1: 0	
835	0.00000196	ntvdm.exe	IRP_MJ_READ	Serial1	SUCCESS	Length 1: 0	
840	0.00000223	ntvdm.exe	IRP_MJ_READ	Serial1	SUCCESS	Length 1: 0	
845	0.00000223	ntvdm.exe	IRP_MJ_READ	Serial1	SUCCESS	Length 1: 0	
850	0.00000196	ntvdm.exe	IRP_MJ_READ	Serial1	SUCCESS	Length 1: 0	
855	0.00000196	ntvdm.exe	IRP_MJ_READ	Serial1	SUCCESS	Length 1: 0	
860	0.00000223	ntvdm.exe	IRP_MJ_READ	Serial1	SUCCESS	Length 1: 0	
865	0.00000196	ntvdm.exe	IRP_MJ_READ	Serial1	SUCCESS	Length 1: 0	
870	0.00000223	ntvdm.exe	IRP_MJ_READ	Serial1	SUCCESS	Length 1: 0	
876	0.00000223	ntvdm.exe	IRP_MJ_READ	Serial1	SUCCESS	Length 1: 0	
881	0.00000196	ntvdm.exe	IRP_MJ_READ	Serial1	SUCCESS	Length 1: 0	
892	0.00000447	ntvdm.exe	IRP_MJ_READ	Serial1	SUCCESS	Length 1: 0	
897	0.00000223	ntvdm.exe	IRP_MJ_READ	Serial1	SUCCESS	Length 1: 0	
902	0.00000196	ntvdm.exe	IRP_MJ_READ	Serial1	SUCCESS	Length 1: 0	
910	0.00000196	ntvdm.exe	IRP_MJ_READ	Serial1	SUCCESS	Length 1: 0	
915	0.00000223	ntvdm.exe	IRP_MJ_READ	Serial1	SUCCESS	Length 1: 0	
920	0.00000223	ntvdm.exe	IRP_MJ_READ	Serial1	SUCCESS	Length 1: 0	
925	0.00000196	ntvdm.exe	IRP_MJ_READ	Serial1	SUCCESS	Length 1: 0	
930	0.00000196	ntvdm.exe	IRP_MJ_READ	Serial1	SUCCESS	Length 1: 0	
935	0.00000196	ntvdm.exe	IRP_MJ_READ	Serial1	SUCCESS	Length 1: 0	
940	0.00000196	ntvdm.exe	IRP_MJ_READ	Serial1	SUCCESS	Length 1: 0	
945	0.00000223	ntvdm.exe	IRP_MJ_READ	Serial1	SUCCESS	Length 1: 0	
950	0.00000196	ntvdm.exe	IRP_MJ_READ	Serial1	SUCCESS	Length 1: 0	
956	0.00000223	ntvdm.exe	IRP_MJ_READ	Serial1	SUCCESS	Length 1: 0	
961	0.00000223	ntvdm.exe	IRP_MJ_READ	Serial1	SUCCESS	Length 1: 0	
972	0.00000391	ntvdm.exe	IRP_MJ_READ	Serial1	SUCCESS	Length 1: 0	
977	0.00000223	ntvdm.exe	IRP_MJ_READ	Serial1	SUCCESS	Length 1: 0	
982	0.00000223	ntvdm.exe	IRP_MJ_READ	Serial1	SUCCESS	Length 1: 0	
990	0.00000196	ntvdm.exe	IRP_MJ_READ	Serial1	SUCCESS	Length 1: 0	
995	0.00000223	ntvdm.exe	IRP_MJ_READ	Serial1	SUCCESS	Length 1: 0	
1000	0.00000196	ntvdm.exe	IRP_MJ_READ	Serial1	SUCCESS	Length 1: 0	
1005	0.00000223	ntvdm.exe	IRP_MJ_READ	Serial1	SUCCESS	Length 1: 0	
1010	0.00000196	ntvdm.exe	IRP_MJ_READ	Serial1	SUCCESS	Length 1: 0	
1015	0.00000196	ntvdm.exe	IRP_MJ_READ	Serial1	SUCCESS	Length 1: 0	
1020	0.00000196	ntvdm.exe	IRP_MJ_READ	Serial1	SUCCESS	Length 1: 0	
1025	0.00000223	ntvdm.exe	IRP_MJ_READ	Serial1	SUCCESS	Length 1: 0	
1030	0.00000196	ntvdm.exe	IRP_MJ_READ	Serial1	SUCCESS	Length 1: 0	
1036	0.00000223	ntvdm.exe	IRP_MJ_READ	Serial1	SUCCESS	Length 1: 0	
1041	0.00000196	ntvdm.exe	IRP_MJ_READ	Serial1	SUCCESS	Length 1: 0	
1052	0.00000251	ntvdm.exe	IRP_MJ_READ	Serial1	SUCCESS	Length 1: 0	
1057	0.00000223	ntvdm.exe	IRP_MJ_READ	Serial1	SUCCESS	Length 1: 0	
1062	0.00000196	ntvdm.exe	IRP_MJ_READ	Serial1	SUCCESS	Length 1: 0	
1070	0.00000196	ntvdm.exe	IRP_MJ_READ	Serial1	SUCCESS	Length 1: 0	
1075	0.00000223	ntvdm.exe	IRP_MJ_READ	Serial1	SUCCESS	Length 1: 0	
1080	0.00000196	ntvdm.exe	IRP_MJ_READ	Serial1	SUCCESS	Length 1: 0	
1085	0.00000223	ntvdm.exe	IRP_MJ_READ	Serial1	SUCCESS	Length 1: 0	
1090	0.00000223	ntvdm.exe	IRP_MJ_READ	Serial1	SUCCESS	Length 1: 0	
1095	0.00000196	ntvdm.exe	IRP_MJ_READ	Serial1	SUCCESS	Length 1: 0	
1100	0.00000223	ntvdm.exe	IRP_MJ_READ	Serial1	SUCCESS	Length 1: 0	
1105	0.00000223	ntvdm.exe	IRP_MJ_READ	Serial1	SUCCESS	Length 1: 0	
1110	0.00000196	ntvdm.exe	IRP_MJ_READ	Serial1	SUCCESS	Length 1: 0	
1116	0.00000196	ntvdm.exe	IRP_MJ_READ	Serial1	SUCCESS	Length 1: 0	
1121	0.00000196	ntvdm.exe	IRP_MJ_READ	Serial1	SUCCESS	Length 1: 2	
1132	0.00000391	ntvdm.exe	IRP_MJ_READ	Serial1	SUCCESS	Length 1: F	
1137	0.00000223	ntvdm.exe	IRP_MJ_READ	Serial1	SUCCESS	Length 1: F	
1142	0.00000196	ntvdm.exe	IRP_MJ_READ	Serial1	SUCCESS	Length 1: 2	
1150	0.00000223	ntvdm.exe	IRP_MJ_READ	Serial1	SUCCESS	Length 1: F	
1155	0.00000223	ntvdm.exe	IRP_MJ_READ	Serial1	SUCCESS	Length 1: 2	
1160	0.00000196	ntvdm.exe	IRP_MJ_READ	Serial1	SUCCESS	Length 1: 5	
1165	0.00000223	ntvdm.exe	IRP_MJ_READ	Serial1	SUCCESS	Length 1: 2	
1170	0.00000223	ntvdm.exe	IRP_MJ_READ	Serial1	SUCCESS	Length 1: F	
1175	0.00000196	ntvdm.exe	IRP_MJ_READ	Serial1	SUCCESS	Length 1: 0	
1180	0.00000196	ntvdm.exe	IRP_MJ_READ	Serial1	SUCCESS	Length 1: 0	
1185	0.00000223	ntvdm.exe	IRP_MJ_READ	Serial1	SUCCESS	Length 1: 0	
1190	0.00000196	ntvdm.exe	IRP_MJ_READ	Serial1	SUCCESS	Length 1: 0	
1196	0.00000196	ntvdm.exe	IRP_MJ_READ	Serial1	SUCCESS	Length 1: 0	
1201	0.00000196	ntvdm.exe	IRP_MJ_READ	Serial1	SUCCESS	Length 1: 0	
1212	0.00000279	ntvdm.exe	IRP_MJ_READ	Serial1	SUCCESS	Length 1: 0	
1217	0.00000196	ntvdm.exe	IRP_MJ_READ	Serial1	SUCCESS	Length 1: 5	
1225	0.00000196	ntvdm.exe	IRP_MJ_READ	Serial1	SUCCESS	Length 1: A	
1230	0.00000196	ntvdm.exe	IRP_MJ_READ	Serial1	SUCCESS	Length 1: 0	
1235	0.00000223	ntvdm.exe	IRP_MJ_READ	Serial1	SUCCESS	Length 1: 1	
1240	0.00000223	ntvdm.exe	IRP_MJ_READ	Serial1	SUCCESS	Length 1: E	
1245	0.00000223	ntvdm.exe	IRP_MJ_READ	Serial1	SUCCESS	Length 1: F	
1250	0.00000196	ntvdm.exe	IRP_MJ_READ	Serial1	SUCCESS	Length 1: C	
1255	0.00000223	ntvdm.exe	IRP_MJ_READ	Serial1	SUCCESS	Length 1: 0	
1260	0.00000196	ntvdm.exe	IRP_MJ_READ	Serial1	SUCCESS	Length 1: 0	
1265	0.00000196	ntvdm.exe	IRP_MJ_READ	Serial1	SUCCESS	Length 1: E	
1271	0.00000196	ntvdm.exe	IRP_MJ_READ	Serial1	SUCCESS	Length 1: 8	
1276	0.00000196	ntvdm.exe	IRP_MJ_READ	Serial1	SUCCESS	Length 1: 0	
1281	0.00000196	ntvdm.exe	IRP_MJ_READ	Serial1	SUCCESS	Length 1: 3	
1292	0.00000391	ntvdm.exe	IRP_MJ_READ	Serial1	SUCCESS	Length 1: F	
1297	0.00000223	ntvdm.exe	IRP_MJ_READ	Serial1	SUCCESS	Length 1: 9	
1302	0.00000223	ntvdm.exe	IRP_MJ_READ	Serial1	SUCCESS	Length 1: 0	
1310	0.00000223	ntvdm.exe	IRP_MJ_READ	Serial1	SUCCESS	Length 1: 2	
1315	0.00000196	ntvdm.exe	IRP_MJ_READ	Serial1	SUCCESS	Length 1: B	
1320	0.00000223	ntvdm.exe	IRP_MJ_READ	Serial1	SUCCESS	Length 1: E	
1325	0.00000223	ntvdm.exe	IRP_MJ_READ	Serial1	SUCCESS	Length 1: 1	
1330	0.00000223	ntvdm.exe	IRP_MJ_READ	Serial1	SUCCESS	Length 1: D	
1335	0.00000196	ntvdm.exe	IRP_MJ_READ	Serial1	SUCCESS	Length 1: F	
1340	0.00000223	ntvdm.exe	IRP_MJ_READ	Serial1	SUCCESS	Length 1: B	
1345	0.00000196	ntvdm.exe	IRP_MJ_READ	Serial1	SUCCESS	Length 1: 0	
1350	0.00000223	ntvdm.exe	IRP_MJ_READ	Serial1	SUCCESS	Length 1: 1	
1356	0.00000196	ntvdm.exe	IRP_MJ_READ	Serial1	SUCCESS	Length 1: .	
1365	0.00002598	ntvdm.exe	IRP_MJ_WRITE	Serial1	SUCCESS	Length 4: QM1.	
1376	0.00000419	ntvdm.exe	IRP_MJ_READ	Serial1	SUCCESS	Length 2: 0.	
1387	0.00000223	ntvdm.exe	IRP_MJ_READ	Serial1	SUCCESS	Length 1: D	
1392	0.00000223	ntvdm.exe	IRP_MJ_READ	Serial1	SUCCESS	Length 1: C	
1398	0.00000223	ntvdm.exe	IRP_MJ_READ	Serial1	SUCCESS	Length 1: ,	
1403	0.00000196	ntvdm.exe	IRP_MJ_READ	Serial1	SUCCESS	Length 1: 0	
1408	0.00000223	ntvdm.exe	IRP_MJ_READ	Serial1	SUCCESS	Length 1: 1	
1413	0.00000196	ntvdm.exe	IRP_MJ_READ	Serial1	SUCCESS	Length 1: 0	
1418	0.00000223	ntvdm.exe	IRP_MJ_READ	Serial1	SUCCESS	Length 1: 0	
1423	0.00000196	ntvdm.exe	IRP_MJ_READ	Serial1	SUCCESS	Length 1: 0	
1428	0.00000196	ntvdm.exe	IRP_MJ_READ	Serial1	SUCCESS	Length 1: E	
1433	0.00000196	ntvdm.exe	IRP_MJ_READ	Serial1	SUCCESS	Length 1: -	
1438	0.00000196	ntvdm.exe	IRP_MJ_READ	Serial1	SUCCESS	Length 1: 0	
1443	0.00000223	ntvdm.exe	IRP_MJ_READ	Serial1	SUCCESS	Length 1: 6	
1454	0.00000223	ntvdm.exe	IRP_MJ_READ	Serial1	SUCCESS	Length 1: ,	
1459	0.00000251	ntvdm.exe	IRP_MJ_READ	Serial1	SUCCESS	Length 1: V	
1464	0.00000196	ntvdm.exe	IRP_MJ_READ	Serial1	SUCCESS	Length 1: .	
1479	0.00002570	ntvdm.exe	IRP_MJ_WRITE	Serial1	SUCCESS	Length 4: QM2.	
1493	0.00000363	ntvdm.exe	IRP_MJ_READ	Serial1	SUCCESS	Length 2: 0.	
1505	0.00002430	ntvdm.exe	IRP_MJ_WRITE	Serial1	SUCCESS	Length 4: QM3.	
1516	0.00000363	ntvdm.exe	IRP_MJ_READ	Serial1	SUCCESS	Length 2: 2.	
1524	0.00002151	ntvdm.exe	IRP_MJ_WRITE	Serial1	SUCCESS	Length 4: QM4.	
1536	0.00000363	ntvdm.exe	IRP_MJ_READ	Serial1	SUCCESS	Length 2: 2.	
1544	0.00002151	ntvdm.exe	IRP_MJ_WRITE	Serial1	SUCCESS	Length 4: QM5.	
1556	0.00000447	ntvdm.exe	IRP_MJ_READ	Serial1	SUCCESS	Length 2: 2.	
1564	0.00002319	ntvdm.exe	IRP_MJ_WRITE	Serial1	SUCCESS	Length 4: QM6.	
1576	0.00000419	ntvdm.exe	IRP_MJ_READ	Serial1	SUCCESS	Length 2: 2.	
1584	0.00002207	ntvdm.exe	IRP_MJ_WRITE	Serial1	SUCCESS	Length 4: QM7.	
1596	0.00000447	ntvdm.exe	IRP_MJ_READ	Serial1	SUCCESS	Length 2: 2.	
1604	0.00002458	ntvdm.exe	IRP_MJ_WRITE	Serial1	SUCCESS	Length 4: QM8.	
1616	0.00000391	ntvdm.exe	IRP_MJ_READ	Serial1	SUCCESS	Length 2: 2.	
1624	0.00002179	ntvdm.exe	IRP_MJ_WRITE	Serial1	SUCCESS	Length 4: QM9.	
1636	0.00000391	ntvdm.exe	IRP_MJ_READ	Serial1	SUCCESS	Length 2: 2.	
1644	0.00002347	ntvdm.exe	IRP_MJ_WRITE	Serial1	SUCCESS	Length 5: QM10.	
1656	0.00000391	ntvdm.exe	IRP_MJ_READ	Serial1	SUCCESS	Length 2: 0.	
1667	0.00000251	ntvdm.exe	IRP_MJ_READ	Serial1	SUCCESS	Length 1: D	
1672	0.00000223	ntvdm.exe	IRP_MJ_READ	Serial1	SUCCESS	Length 1: C	
1678	0.00000196	ntvdm.exe	IRP_MJ_READ	Serial1	SUCCESS	Length 1: ,	
1683	0.00000196	ntvdm.exe	IRP_MJ_READ	Serial1	SUCCESS	Length 1: 9	
1688	0.00000196	ntvdm.exe	IRP_MJ_READ	Serial1	SUCCESS	Length 1: 9	
1693	0.00000223	ntvdm.exe	IRP_MJ_READ	Serial1	SUCCESS	Length 1: 9	
1698	0.00000196	ntvdm.exe	IRP_MJ_READ	Serial1	SUCCESS	Length 1: 9	
1703	0.00000223	ntvdm.exe	IRP_MJ_READ	Serial1	SUCCESS	Length 1: 9	
1708	0.00000196	ntvdm.exe	IRP_MJ_READ	Serial1	SUCCESS	Length 1: E	
1713	0.00000196	ntvdm.exe	IRP_MJ_READ	Serial1	SUCCESS	Length 1: +	
1718	0.00000196	ntvdm.exe	IRP_MJ_READ	Serial1	SUCCESS	Length 1: 3	
1723	0.00000196	ntvdm.exe	IRP_MJ_READ	Serial1	SUCCESS	Length 1: 3	
1734	0.00000279	ntvdm.exe	IRP_MJ_READ	Serial1	SUCCESS	Length 1: ,	
1739	0.00000223	ntvdm.exe	IRP_MJ_READ	Serial1	SUCCESS	Length 1: D	
1744	0.00000223	ntvdm.exe	IRP_MJ_READ	Serial1	SUCCESS	Length 1: %	
1752	0.00000196	ntvdm.exe	IRP_MJ_READ	Serial1	SUCCESS	Length 1: +	
1757	0.00000223	ntvdm.exe	IRP_MJ_READ	Serial1	SUCCESS	Length 1: .	
